[2021-09-02 15:13:02,665] {processor.py:162} INFO - Started process (PID=183) to work on /usr/local/airflow/dags/helloworld.py
[2021-09-02 15:13:02,666] {processor.py:613} INFO - Processing file /usr/local/airflow/dags/helloworld.py for tasks to queue
[2021-09-02 15:13:02,666] {logging_mixin.py:109} INFO - [2021-09-02 15:13:02,666] {dagbag.py:496} INFO - Filling up the DagBag from /usr/local/airflow/dags/helloworld.py
[2021-09-02 15:13:02,684] {processor.py:623} INFO - DAG(s) dict_keys(['hello_world']) retrieved from /usr/local/airflow/dags/helloworld.py
[2021-09-02 15:13:02,699] {logging_mixin.py:109} INFO - [2021-09-02 15:13:02,698] {dag.py:1833} INFO - Sync 1 DAGs
[2021-09-02 15:13:02,709] {logging_mixin.py:109} INFO - [2021-09-02 15:13:02,709] {dag.py:2306} INFO - Setting next_dagrun for hello_world to None
[2021-09-02 15:13:02,716] {processor.py:170} INFO - Processing /usr/local/airflow/dags/helloworld.py took 0.053 seconds
[2021-09-02 15:13:32,829] {processor.py:162} INFO - Started process (PID=256) to work on /usr/local/airflow/dags/helloworld.py
[2021-09-02 15:13:32,830] {processor.py:613} INFO - Processing file /usr/local/airflow/dags/helloworld.py for tasks to queue
[2021-09-02 15:13:32,831] {logging_mixin.py:109} INFO - [2021-09-02 15:13:32,831] {dagbag.py:496} INFO - Filling up the DagBag from /usr/local/airflow/dags/helloworld.py
[2021-09-02 15:13:32,858] {processor.py:623} INFO - DAG(s) dict_keys(['hello_world']) retrieved from /usr/local/airflow/dags/helloworld.py
[2021-09-02 15:13:32,878] {logging_mixin.py:109} INFO - [2021-09-02 15:13:32,878] {dag.py:1833} INFO - Sync 1 DAGs
[2021-09-02 15:13:32,895] {logging_mixin.py:109} INFO - [2021-09-02 15:13:32,895] {dag.py:2306} INFO - Setting next_dagrun for hello_world to None
[2021-09-02 15:13:32,904] {processor.py:170} INFO - Processing /usr/local/airflow/dags/helloworld.py took 0.079 seconds
[2021-09-02 15:14:03,025] {processor.py:162} INFO - Started process (PID=277) to work on /usr/local/airflow/dags/helloworld.py
[2021-09-02 15:14:03,027] {processor.py:613} INFO - Processing file /usr/local/airflow/dags/helloworld.py for tasks to queue
[2021-09-02 15:14:03,027] {logging_mixin.py:109} INFO - [2021-09-02 15:14:03,027] {dagbag.py:496} INFO - Filling up the DagBag from /usr/local/airflow/dags/helloworld.py
[2021-09-02 15:14:03,054] {processor.py:623} INFO - DAG(s) dict_keys(['hello_world']) retrieved from /usr/local/airflow/dags/helloworld.py
[2021-09-02 15:14:03,075] {logging_mixin.py:109} INFO - [2021-09-02 15:14:03,075] {dag.py:1833} INFO - Sync 1 DAGs
[2021-09-02 15:14:03,090] {logging_mixin.py:109} INFO - [2021-09-02 15:14:03,090] {dag.py:2306} INFO - Setting next_dagrun for hello_world to None
[2021-09-02 15:14:03,103] {processor.py:170} INFO - Processing /usr/local/airflow/dags/helloworld.py took 0.081 seconds
