[2021-09-02 15:13:02,726] {processor.py:162} INFO - Started process (PID=190) to work on /usr/local/airflow/dags/writefile.py
[2021-09-02 15:13:02,727] {processor.py:613} INFO - Processing file /usr/local/airflow/dags/writefile.py for tasks to queue
[2021-09-02 15:13:02,727] {logging_mixin.py:109} INFO - [2021-09-02 15:13:02,727] {dagbag.py:496} INFO - Filling up the DagBag from /usr/local/airflow/dags/writefile.py
[2021-09-02 15:13:02,737] {processor.py:623} INFO - DAG(s) dict_keys(['name_writefile']) retrieved from /usr/local/airflow/dags/writefile.py
[2021-09-02 15:13:02,751] {logging_mixin.py:109} INFO - [2021-09-02 15:13:02,750] {dag.py:1833} INFO - Sync 1 DAGs
[2021-09-02 15:13:02,761] {logging_mixin.py:109} INFO - [2021-09-02 15:13:02,761] {dag.py:2306} INFO - Setting next_dagrun for name_writefile to None
[2021-09-02 15:13:02,766] {processor.py:170} INFO - Processing /usr/local/airflow/dags/writefile.py took 0.042 seconds
[2021-09-02 15:13:32,916] {processor.py:162} INFO - Started process (PID=263) to work on /usr/local/airflow/dags/writefile.py
[2021-09-02 15:13:32,917] {processor.py:613} INFO - Processing file /usr/local/airflow/dags/writefile.py for tasks to queue
[2021-09-02 15:13:32,918] {logging_mixin.py:109} INFO - [2021-09-02 15:13:32,918] {dagbag.py:496} INFO - Filling up the DagBag from /usr/local/airflow/dags/writefile.py
[2021-09-02 15:13:32,932] {processor.py:623} INFO - DAG(s) dict_keys(['name_writefile']) retrieved from /usr/local/airflow/dags/writefile.py
[2021-09-02 15:13:32,949] {logging_mixin.py:109} INFO - [2021-09-02 15:13:32,949] {dag.py:1833} INFO - Sync 1 DAGs
[2021-09-02 15:13:32,963] {logging_mixin.py:109} INFO - [2021-09-02 15:13:32,963] {dag.py:2306} INFO - Setting next_dagrun for name_writefile to None
[2021-09-02 15:13:32,972] {processor.py:170} INFO - Processing /usr/local/airflow/dags/writefile.py took 0.059 seconds
[2021-09-02 15:14:03,122] {processor.py:162} INFO - Started process (PID=284) to work on /usr/local/airflow/dags/writefile.py
[2021-09-02 15:14:03,123] {processor.py:613} INFO - Processing file /usr/local/airflow/dags/writefile.py for tasks to queue
[2021-09-02 15:14:03,124] {logging_mixin.py:109} INFO - [2021-09-02 15:14:03,124] {dagbag.py:496} INFO - Filling up the DagBag from /usr/local/airflow/dags/writefile.py
[2021-09-02 15:14:03,138] {processor.py:623} INFO - DAG(s) dict_keys(['name_writefile']) retrieved from /usr/local/airflow/dags/writefile.py
[2021-09-02 15:14:03,159] {logging_mixin.py:109} INFO - [2021-09-02 15:14:03,159] {dag.py:1833} INFO - Sync 1 DAGs
[2021-09-02 15:14:03,174] {logging_mixin.py:109} INFO - [2021-09-02 15:14:03,174] {dag.py:2306} INFO - Setting next_dagrun for name_writefile to None
[2021-09-02 15:14:03,182] {processor.py:170} INFO - Processing /usr/local/airflow/dags/writefile.py took 0.063 seconds
