[2021-09-07 10:34:52,605] {processor.py:162} INFO - Started process (PID=196) to work on /usr/local/airflow/dags/airflow-log-cleanup-pwdless-ssh.py
[2021-09-07 10:34:52,605] {processor.py:613} INFO - Processing file /usr/local/airflow/dags/airflow-log-cleanup-pwdless-ssh.py for tasks to queue
[2021-09-07 10:34:52,605] {logging_mixin.py:109} INFO - [2021-09-07 10:34:52,605] {dagbag.py:496} INFO - Filling up the DagBag from /usr/local/airflow/dags/airflow-log-cleanup-pwdless-ssh.py
[2021-09-07 10:34:52,609] {logging_mixin.py:109} INFO - [2021-09-07 10:34:52,609] {configuration.py:365} WARNING - section/key [core/base_log_folder] not found in config
[2021-09-07 10:34:52,649] {logging_mixin.py:109} INFO - [2021-09-07 10:34:52,649] {airflow-log-cleanup-pwdless-ssh.py:49} INFO - ENABLE_DELETE_CHILD_LOG  True
[2021-09-07 10:34:52,653] {processor.py:623} INFO - DAG(s) dict_keys(['airflow-log-cleanup-pwdless-ssh']) retrieved from /usr/local/airflow/dags/airflow-log-cleanup-pwdless-ssh.py
[2021-09-07 10:34:52,656] {logging_mixin.py:109} INFO - [2021-09-07 10:34:52,655] {dag.py:1833} INFO - Sync 1 DAGs
[2021-09-07 10:34:52,664] {logging_mixin.py:109} INFO - [2021-09-07 10:34:52,664] {dag.py:2306} INFO - Setting next_dagrun for airflow-log-cleanup-pwdless-ssh to 2021-09-06 00:00:00+00:00
[2021-09-07 10:34:52,671] {processor.py:170} INFO - Processing /usr/local/airflow/dags/airflow-log-cleanup-pwdless-ssh.py took 0.068 seconds
[2021-09-07 16:42:47,369] {processor.py:162} INFO - Started process (PID=196) to work on /usr/local/airflow/dags/airflow-log-cleanup-pwdless-ssh.py
[2021-09-07 16:42:47,370] {processor.py:613} INFO - Processing file /usr/local/airflow/dags/airflow-log-cleanup-pwdless-ssh.py for tasks to queue
[2021-09-07 16:42:47,370] {logging_mixin.py:109} INFO - [2021-09-07 16:42:47,370] {dagbag.py:496} INFO - Filling up the DagBag from /usr/local/airflow/dags/airflow-log-cleanup-pwdless-ssh.py
[2021-09-07 16:42:47,374] {logging_mixin.py:109} INFO - [2021-09-07 16:42:47,374] {configuration.py:365} WARNING - section/key [core/base_log_folder] not found in config
[2021-09-07 16:42:47,428] {logging_mixin.py:109} INFO - [2021-09-07 16:42:47,428] {airflow-log-cleanup-pwdless-ssh.py:49} INFO - ENABLE_DELETE_CHILD_LOG  True
[2021-09-07 16:42:47,433] {processor.py:623} INFO - DAG(s) dict_keys(['airflow-log-cleanup-pwdless-ssh']) retrieved from /usr/local/airflow/dags/airflow-log-cleanup-pwdless-ssh.py
[2021-09-07 16:42:47,442] {logging_mixin.py:109} INFO - [2021-09-07 16:42:47,441] {dag.py:1833} INFO - Sync 1 DAGs
[2021-09-07 16:42:47,452] {logging_mixin.py:109} INFO - [2021-09-07 16:42:47,452] {dag.py:2306} INFO - Setting next_dagrun for airflow-log-cleanup-pwdless-ssh to 2021-09-06 00:00:00+00:00
[2021-09-07 16:42:47,459] {processor.py:170} INFO - Processing /usr/local/airflow/dags/airflow-log-cleanup-pwdless-ssh.py took 0.094 seconds
[2021-09-07 16:43:18,054] {processor.py:162} INFO - Started process (PID=310) to work on /usr/local/airflow/dags/airflow-log-cleanup-pwdless-ssh.py
[2021-09-07 16:43:18,054] {processor.py:613} INFO - Processing file /usr/local/airflow/dags/airflow-log-cleanup-pwdless-ssh.py for tasks to queue
[2021-09-07 16:43:18,055] {logging_mixin.py:109} INFO - [2021-09-07 16:43:18,055] {dagbag.py:496} INFO - Filling up the DagBag from /usr/local/airflow/dags/airflow-log-cleanup-pwdless-ssh.py
[2021-09-07 16:43:18,058] {logging_mixin.py:109} INFO - [2021-09-07 16:43:18,058] {configuration.py:365} WARNING - section/key [core/base_log_folder] not found in config
[2021-09-07 16:43:18,099] {logging_mixin.py:109} INFO - [2021-09-07 16:43:18,099] {airflow-log-cleanup-pwdless-ssh.py:49} INFO - ENABLE_DELETE_CHILD_LOG  True
[2021-09-07 16:43:18,103] {processor.py:623} INFO - DAG(s) dict_keys(['airflow-log-cleanup-pwdless-ssh']) retrieved from /usr/local/airflow/dags/airflow-log-cleanup-pwdless-ssh.py
[2021-09-07 16:43:18,109] {logging_mixin.py:109} INFO - [2021-09-07 16:43:18,109] {dag.py:1833} INFO - Sync 1 DAGs
[2021-09-07 16:43:18,118] {logging_mixin.py:109} INFO - [2021-09-07 16:43:18,118] {dag.py:2306} INFO - Setting next_dagrun for airflow-log-cleanup-pwdless-ssh to 2021-09-06 00:00:00+00:00
[2021-09-07 16:43:18,124] {processor.py:170} INFO - Processing /usr/local/airflow/dags/airflow-log-cleanup-pwdless-ssh.py took 0.073 seconds
[2021-09-07 16:43:48,667] {processor.py:162} INFO - Started process (PID=378) to work on /usr/local/airflow/dags/airflow-log-cleanup-pwdless-ssh.py
[2021-09-07 16:43:48,667] {processor.py:613} INFO - Processing file /usr/local/airflow/dags/airflow-log-cleanup-pwdless-ssh.py for tasks to queue
[2021-09-07 16:43:48,668] {logging_mixin.py:109} INFO - [2021-09-07 16:43:48,668] {dagbag.py:496} INFO - Filling up the DagBag from /usr/local/airflow/dags/airflow-log-cleanup-pwdless-ssh.py
[2021-09-07 16:43:48,671] {logging_mixin.py:109} INFO - [2021-09-07 16:43:48,671] {configuration.py:365} WARNING - section/key [core/base_log_folder] not found in config
[2021-09-07 16:43:48,717] {logging_mixin.py:109} INFO - [2021-09-07 16:43:48,717] {airflow-log-cleanup-pwdless-ssh.py:49} INFO - ENABLE_DELETE_CHILD_LOG  True
[2021-09-07 16:43:48,722] {processor.py:623} INFO - DAG(s) dict_keys(['airflow-log-cleanup-pwdless-ssh']) retrieved from /usr/local/airflow/dags/airflow-log-cleanup-pwdless-ssh.py
[2021-09-07 16:43:48,728] {logging_mixin.py:109} INFO - [2021-09-07 16:43:48,728] {dag.py:1833} INFO - Sync 1 DAGs
[2021-09-07 16:43:48,736] {logging_mixin.py:109} INFO - [2021-09-07 16:43:48,736] {dag.py:2306} INFO - Setting next_dagrun for airflow-log-cleanup-pwdless-ssh to 2021-09-06 00:00:00+00:00
[2021-09-07 16:43:48,742] {processor.py:170} INFO - Processing /usr/local/airflow/dags/airflow-log-cleanup-pwdless-ssh.py took 0.077 seconds
[2021-09-07 16:44:19,267] {processor.py:162} INFO - Started process (PID=445) to work on /usr/local/airflow/dags/airflow-log-cleanup-pwdless-ssh.py
[2021-09-07 16:44:19,268] {processor.py:613} INFO - Processing file /usr/local/airflow/dags/airflow-log-cleanup-pwdless-ssh.py for tasks to queue
[2021-09-07 16:44:19,268] {logging_mixin.py:109} INFO - [2021-09-07 16:44:19,268] {dagbag.py:496} INFO - Filling up the DagBag from /usr/local/airflow/dags/airflow-log-cleanup-pwdless-ssh.py
[2021-09-07 16:44:19,272] {logging_mixin.py:109} INFO - [2021-09-07 16:44:19,272] {configuration.py:365} WARNING - section/key [core/base_log_folder] not found in config
[2021-09-07 16:44:19,322] {logging_mixin.py:109} INFO - [2021-09-07 16:44:19,321] {airflow-log-cleanup-pwdless-ssh.py:49} INFO - ENABLE_DELETE_CHILD_LOG  True
[2021-09-07 16:44:19,325] {processor.py:623} INFO - DAG(s) dict_keys(['airflow-log-cleanup-pwdless-ssh']) retrieved from /usr/local/airflow/dags/airflow-log-cleanup-pwdless-ssh.py
[2021-09-07 16:44:19,331] {logging_mixin.py:109} INFO - [2021-09-07 16:44:19,331] {dag.py:1833} INFO - Sync 1 DAGs
[2021-09-07 16:44:19,339] {logging_mixin.py:109} INFO - [2021-09-07 16:44:19,339] {dag.py:2306} INFO - Setting next_dagrun for airflow-log-cleanup-pwdless-ssh to 2021-09-06 00:00:00+00:00
[2021-09-07 16:44:19,345] {processor.py:170} INFO - Processing /usr/local/airflow/dags/airflow-log-cleanup-pwdless-ssh.py took 0.080 seconds
[2021-09-07 16:44:49,903] {processor.py:162} INFO - Started process (PID=511) to work on /usr/local/airflow/dags/airflow-log-cleanup-pwdless-ssh.py
[2021-09-07 16:44:49,904] {processor.py:613} INFO - Processing file /usr/local/airflow/dags/airflow-log-cleanup-pwdless-ssh.py for tasks to queue
[2021-09-07 16:44:49,904] {logging_mixin.py:109} INFO - [2021-09-07 16:44:49,904] {dagbag.py:496} INFO - Filling up the DagBag from /usr/local/airflow/dags/airflow-log-cleanup-pwdless-ssh.py
[2021-09-07 16:44:49,908] {logging_mixin.py:109} INFO - [2021-09-07 16:44:49,908] {configuration.py:365} WARNING - section/key [core/base_log_folder] not found in config
[2021-09-07 16:44:49,950] {logging_mixin.py:109} INFO - [2021-09-07 16:44:49,950] {airflow-log-cleanup-pwdless-ssh.py:49} INFO - ENABLE_DELETE_CHILD_LOG  True
[2021-09-07 16:44:49,953] {processor.py:623} INFO - DAG(s) dict_keys(['airflow-log-cleanup-pwdless-ssh']) retrieved from /usr/local/airflow/dags/airflow-log-cleanup-pwdless-ssh.py
[2021-09-07 16:44:49,959] {logging_mixin.py:109} INFO - [2021-09-07 16:44:49,959] {dag.py:1833} INFO - Sync 1 DAGs
[2021-09-07 16:44:49,967] {logging_mixin.py:109} INFO - [2021-09-07 16:44:49,967] {dag.py:2306} INFO - Setting next_dagrun for airflow-log-cleanup-pwdless-ssh to 2021-09-06 00:00:00+00:00
[2021-09-07 16:44:49,973] {processor.py:170} INFO - Processing /usr/local/airflow/dags/airflow-log-cleanup-pwdless-ssh.py took 0.072 seconds
[2021-09-07 16:45:20,529] {processor.py:162} INFO - Started process (PID=576) to work on /usr/local/airflow/dags/airflow-log-cleanup-pwdless-ssh.py
[2021-09-07 16:45:20,530] {processor.py:613} INFO - Processing file /usr/local/airflow/dags/airflow-log-cleanup-pwdless-ssh.py for tasks to queue
[2021-09-07 16:45:20,530] {logging_mixin.py:109} INFO - [2021-09-07 16:45:20,530] {dagbag.py:496} INFO - Filling up the DagBag from /usr/local/airflow/dags/airflow-log-cleanup-pwdless-ssh.py
[2021-09-07 16:45:20,534] {logging_mixin.py:109} INFO - [2021-09-07 16:45:20,534] {configuration.py:365} WARNING - section/key [core/base_log_folder] not found in config
[2021-09-07 16:45:20,579] {logging_mixin.py:109} INFO - [2021-09-07 16:45:20,579] {airflow-log-cleanup-pwdless-ssh.py:49} INFO - ENABLE_DELETE_CHILD_LOG  True
[2021-09-07 16:45:20,584] {processor.py:623} INFO - DAG(s) dict_keys(['airflow-log-cleanup-pwdless-ssh']) retrieved from /usr/local/airflow/dags/airflow-log-cleanup-pwdless-ssh.py
[2021-09-07 16:45:20,593] {logging_mixin.py:109} INFO - [2021-09-07 16:45:20,593] {dag.py:1833} INFO - Sync 1 DAGs
[2021-09-07 16:45:20,604] {logging_mixin.py:109} INFO - [2021-09-07 16:45:20,604] {dag.py:2306} INFO - Setting next_dagrun for airflow-log-cleanup-pwdless-ssh to 2021-09-06 00:00:00+00:00
[2021-09-07 16:45:20,613] {processor.py:170} INFO - Processing /usr/local/airflow/dags/airflow-log-cleanup-pwdless-ssh.py took 0.086 seconds
[2021-09-07 16:45:51,206] {processor.py:162} INFO - Started process (PID=643) to work on /usr/local/airflow/dags/airflow-log-cleanup-pwdless-ssh.py
[2021-09-07 16:45:51,206] {processor.py:613} INFO - Processing file /usr/local/airflow/dags/airflow-log-cleanup-pwdless-ssh.py for tasks to queue
[2021-09-07 16:45:51,207] {logging_mixin.py:109} INFO - [2021-09-07 16:45:51,207] {dagbag.py:496} INFO - Filling up the DagBag from /usr/local/airflow/dags/airflow-log-cleanup-pwdless-ssh.py
[2021-09-07 16:45:51,211] {logging_mixin.py:109} INFO - [2021-09-07 16:45:51,211] {configuration.py:365} WARNING - section/key [core/base_log_folder] not found in config
[2021-09-07 16:45:51,253] {logging_mixin.py:109} INFO - [2021-09-07 16:45:51,253] {airflow-log-cleanup-pwdless-ssh.py:49} INFO - ENABLE_DELETE_CHILD_LOG  True
[2021-09-07 16:45:51,258] {processor.py:623} INFO - DAG(s) dict_keys(['airflow-log-cleanup-pwdless-ssh']) retrieved from /usr/local/airflow/dags/airflow-log-cleanup-pwdless-ssh.py
[2021-09-07 16:45:51,265] {logging_mixin.py:109} INFO - [2021-09-07 16:45:51,264] {dag.py:1833} INFO - Sync 1 DAGs
[2021-09-07 16:45:51,273] {logging_mixin.py:109} INFO - [2021-09-07 16:45:51,273] {dag.py:2306} INFO - Setting next_dagrun for airflow-log-cleanup-pwdless-ssh to 2021-09-06 00:00:00+00:00
[2021-09-07 16:45:51,279] {processor.py:170} INFO - Processing /usr/local/airflow/dags/airflow-log-cleanup-pwdless-ssh.py took 0.076 seconds
[2021-09-07 16:46:22,026] {processor.py:162} INFO - Started process (PID=709) to work on /usr/local/airflow/dags/airflow-log-cleanup-pwdless-ssh.py
[2021-09-07 16:46:22,027] {processor.py:613} INFO - Processing file /usr/local/airflow/dags/airflow-log-cleanup-pwdless-ssh.py for tasks to queue
[2021-09-07 16:46:22,027] {logging_mixin.py:109} INFO - [2021-09-07 16:46:22,027] {dagbag.py:496} INFO - Filling up the DagBag from /usr/local/airflow/dags/airflow-log-cleanup-pwdless-ssh.py
[2021-09-07 16:46:22,033] {logging_mixin.py:109} INFO - [2021-09-07 16:46:22,032] {configuration.py:365} WARNING - section/key [core/base_log_folder] not found in config
[2021-09-07 16:46:22,087] {logging_mixin.py:109} INFO - [2021-09-07 16:46:22,087] {airflow-log-cleanup-pwdless-ssh.py:49} INFO - ENABLE_DELETE_CHILD_LOG  True
[2021-09-07 16:46:22,091] {processor.py:623} INFO - DAG(s) dict_keys(['airflow-log-cleanup-pwdless-ssh']) retrieved from /usr/local/airflow/dags/airflow-log-cleanup-pwdless-ssh.py
[2021-09-07 16:46:22,099] {logging_mixin.py:109} INFO - [2021-09-07 16:46:22,098] {dag.py:1833} INFO - Sync 1 DAGs
[2021-09-07 16:46:22,110] {logging_mixin.py:109} INFO - [2021-09-07 16:46:22,110] {dag.py:2306} INFO - Setting next_dagrun for airflow-log-cleanup-pwdless-ssh to 2021-09-06 00:00:00+00:00
[2021-09-07 16:46:22,124] {processor.py:170} INFO - Processing /usr/local/airflow/dags/airflow-log-cleanup-pwdless-ssh.py took 0.102 seconds
[2021-09-07 16:46:52,816] {processor.py:162} INFO - Started process (PID=775) to work on /usr/local/airflow/dags/airflow-log-cleanup-pwdless-ssh.py
[2021-09-07 16:46:52,817] {processor.py:613} INFO - Processing file /usr/local/airflow/dags/airflow-log-cleanup-pwdless-ssh.py for tasks to queue
[2021-09-07 16:46:52,818] {logging_mixin.py:109} INFO - [2021-09-07 16:46:52,817] {dagbag.py:496} INFO - Filling up the DagBag from /usr/local/airflow/dags/airflow-log-cleanup-pwdless-ssh.py
[2021-09-07 16:46:52,822] {logging_mixin.py:109} INFO - [2021-09-07 16:46:52,822] {configuration.py:365} WARNING - section/key [core/base_log_folder] not found in config
[2021-09-07 16:46:52,862] {logging_mixin.py:109} INFO - [2021-09-07 16:46:52,862] {airflow-log-cleanup-pwdless-ssh.py:49} INFO - ENABLE_DELETE_CHILD_LOG  True
[2021-09-07 16:46:52,866] {processor.py:623} INFO - DAG(s) dict_keys(['airflow-log-cleanup-pwdless-ssh']) retrieved from /usr/local/airflow/dags/airflow-log-cleanup-pwdless-ssh.py
[2021-09-07 16:46:52,873] {logging_mixin.py:109} INFO - [2021-09-07 16:46:52,873] {dag.py:1833} INFO - Sync 1 DAGs
[2021-09-07 16:46:52,882] {logging_mixin.py:109} INFO - [2021-09-07 16:46:52,882] {dag.py:2306} INFO - Setting next_dagrun for airflow-log-cleanup-pwdless-ssh to 2021-09-06 00:00:00+00:00
[2021-09-07 16:46:52,889] {processor.py:170} INFO - Processing /usr/local/airflow/dags/airflow-log-cleanup-pwdless-ssh.py took 0.075 seconds
[2021-09-07 16:47:23,426] {processor.py:162} INFO - Started process (PID=841) to work on /usr/local/airflow/dags/airflow-log-cleanup-pwdless-ssh.py
[2021-09-07 16:47:23,426] {processor.py:613} INFO - Processing file /usr/local/airflow/dags/airflow-log-cleanup-pwdless-ssh.py for tasks to queue
[2021-09-07 16:47:23,427] {logging_mixin.py:109} INFO - [2021-09-07 16:47:23,427] {dagbag.py:496} INFO - Filling up the DagBag from /usr/local/airflow/dags/airflow-log-cleanup-pwdless-ssh.py
[2021-09-07 16:47:23,431] {logging_mixin.py:109} INFO - [2021-09-07 16:47:23,431] {configuration.py:365} WARNING - section/key [core/base_log_folder] not found in config
[2021-09-07 16:47:23,473] {logging_mixin.py:109} INFO - [2021-09-07 16:47:23,473] {airflow-log-cleanup-pwdless-ssh.py:49} INFO - ENABLE_DELETE_CHILD_LOG  True
[2021-09-07 16:47:23,477] {processor.py:623} INFO - DAG(s) dict_keys(['airflow-log-cleanup-pwdless-ssh']) retrieved from /usr/local/airflow/dags/airflow-log-cleanup-pwdless-ssh.py
[2021-09-07 16:47:23,484] {logging_mixin.py:109} INFO - [2021-09-07 16:47:23,484] {dag.py:1833} INFO - Sync 1 DAGs
[2021-09-07 16:47:23,492] {logging_mixin.py:109} INFO - [2021-09-07 16:47:23,492] {dag.py:2306} INFO - Setting next_dagrun for airflow-log-cleanup-pwdless-ssh to 2021-09-06 00:00:00+00:00
[2021-09-07 16:47:23,499] {processor.py:170} INFO - Processing /usr/local/airflow/dags/airflow-log-cleanup-pwdless-ssh.py took 0.075 seconds
[2021-09-07 16:47:54,122] {processor.py:162} INFO - Started process (PID=907) to work on /usr/local/airflow/dags/airflow-log-cleanup-pwdless-ssh.py
[2021-09-07 16:47:54,123] {processor.py:613} INFO - Processing file /usr/local/airflow/dags/airflow-log-cleanup-pwdless-ssh.py for tasks to queue
[2021-09-07 16:47:54,123] {logging_mixin.py:109} INFO - [2021-09-07 16:47:54,123] {dagbag.py:496} INFO - Filling up the DagBag from /usr/local/airflow/dags/airflow-log-cleanup-pwdless-ssh.py
[2021-09-07 16:47:54,127] {logging_mixin.py:109} INFO - [2021-09-07 16:47:54,127] {configuration.py:365} WARNING - section/key [core/base_log_folder] not found in config
[2021-09-07 16:47:54,171] {logging_mixin.py:109} INFO - [2021-09-07 16:47:54,171] {airflow-log-cleanup-pwdless-ssh.py:49} INFO - ENABLE_DELETE_CHILD_LOG  True
[2021-09-07 16:47:54,175] {processor.py:623} INFO - DAG(s) dict_keys(['airflow-log-cleanup-pwdless-ssh']) retrieved from /usr/local/airflow/dags/airflow-log-cleanup-pwdless-ssh.py
[2021-09-07 16:47:54,181] {logging_mixin.py:109} INFO - [2021-09-07 16:47:54,181] {dag.py:1833} INFO - Sync 1 DAGs
[2021-09-07 16:47:54,189] {logging_mixin.py:109} INFO - [2021-09-07 16:47:54,189] {dag.py:2306} INFO - Setting next_dagrun for airflow-log-cleanup-pwdless-ssh to 2021-09-06 00:00:00+00:00
[2021-09-07 16:47:54,196] {processor.py:170} INFO - Processing /usr/local/airflow/dags/airflow-log-cleanup-pwdless-ssh.py took 0.076 seconds
[2021-09-07 16:48:24,745] {processor.py:162} INFO - Started process (PID=975) to work on /usr/local/airflow/dags/airflow-log-cleanup-pwdless-ssh.py
[2021-09-07 16:48:24,745] {processor.py:613} INFO - Processing file /usr/local/airflow/dags/airflow-log-cleanup-pwdless-ssh.py for tasks to queue
[2021-09-07 16:48:24,746] {logging_mixin.py:109} INFO - [2021-09-07 16:48:24,746] {dagbag.py:496} INFO - Filling up the DagBag from /usr/local/airflow/dags/airflow-log-cleanup-pwdless-ssh.py
[2021-09-07 16:48:24,749] {logging_mixin.py:109} INFO - [2021-09-07 16:48:24,749] {configuration.py:365} WARNING - section/key [core/base_log_folder] not found in config
[2021-09-07 16:48:24,788] {logging_mixin.py:109} INFO - [2021-09-07 16:48:24,788] {airflow-log-cleanup-pwdless-ssh.py:49} INFO - ENABLE_DELETE_CHILD_LOG  True
[2021-09-07 16:48:24,792] {processor.py:623} INFO - DAG(s) dict_keys(['airflow-log-cleanup-pwdless-ssh']) retrieved from /usr/local/airflow/dags/airflow-log-cleanup-pwdless-ssh.py
[2021-09-07 16:48:24,798] {logging_mixin.py:109} INFO - [2021-09-07 16:48:24,798] {dag.py:1833} INFO - Sync 1 DAGs
[2021-09-07 16:48:24,806] {logging_mixin.py:109} INFO - [2021-09-07 16:48:24,806] {dag.py:2306} INFO - Setting next_dagrun for airflow-log-cleanup-pwdless-ssh to 2021-09-06 00:00:00+00:00
[2021-09-07 16:48:24,812] {processor.py:170} INFO - Processing /usr/local/airflow/dags/airflow-log-cleanup-pwdless-ssh.py took 0.070 seconds
[2021-09-07 16:48:55,403] {processor.py:162} INFO - Started process (PID=1041) to work on /usr/local/airflow/dags/airflow-log-cleanup-pwdless-ssh.py
[2021-09-07 16:48:55,405] {processor.py:613} INFO - Processing file /usr/local/airflow/dags/airflow-log-cleanup-pwdless-ssh.py for tasks to queue
[2021-09-07 16:48:55,406] {logging_mixin.py:109} INFO - [2021-09-07 16:48:55,405] {dagbag.py:496} INFO - Filling up the DagBag from /usr/local/airflow/dags/airflow-log-cleanup-pwdless-ssh.py
[2021-09-07 16:48:55,411] {logging_mixin.py:109} INFO - [2021-09-07 16:48:55,411] {configuration.py:365} WARNING - section/key [core/base_log_folder] not found in config
[2021-09-07 16:48:55,459] {logging_mixin.py:109} INFO - [2021-09-07 16:48:55,459] {airflow-log-cleanup-pwdless-ssh.py:49} INFO - ENABLE_DELETE_CHILD_LOG  True
[2021-09-07 16:48:55,464] {processor.py:623} INFO - DAG(s) dict_keys(['airflow-log-cleanup-pwdless-ssh']) retrieved from /usr/local/airflow/dags/airflow-log-cleanup-pwdless-ssh.py
[2021-09-07 16:48:55,471] {logging_mixin.py:109} INFO - [2021-09-07 16:48:55,471] {dag.py:1833} INFO - Sync 1 DAGs
[2021-09-07 16:48:55,480] {logging_mixin.py:109} INFO - [2021-09-07 16:48:55,480] {dag.py:2306} INFO - Setting next_dagrun for airflow-log-cleanup-pwdless-ssh to 2021-09-06 00:00:00+00:00
[2021-09-07 16:48:55,486] {processor.py:170} INFO - Processing /usr/local/airflow/dags/airflow-log-cleanup-pwdless-ssh.py took 0.086 seconds
[2021-09-07 16:49:26,043] {processor.py:162} INFO - Started process (PID=1107) to work on /usr/local/airflow/dags/airflow-log-cleanup-pwdless-ssh.py
[2021-09-07 16:49:26,044] {processor.py:613} INFO - Processing file /usr/local/airflow/dags/airflow-log-cleanup-pwdless-ssh.py for tasks to queue
[2021-09-07 16:49:26,044] {logging_mixin.py:109} INFO - [2021-09-07 16:49:26,044] {dagbag.py:496} INFO - Filling up the DagBag from /usr/local/airflow/dags/airflow-log-cleanup-pwdless-ssh.py
[2021-09-07 16:49:26,049] {logging_mixin.py:109} INFO - [2021-09-07 16:49:26,049] {configuration.py:365} WARNING - section/key [core/base_log_folder] not found in config
[2021-09-07 16:49:26,089] {logging_mixin.py:109} INFO - [2021-09-07 16:49:26,089] {airflow-log-cleanup-pwdless-ssh.py:49} INFO - ENABLE_DELETE_CHILD_LOG  True
[2021-09-07 16:49:26,093] {processor.py:623} INFO - DAG(s) dict_keys(['airflow-log-cleanup-pwdless-ssh']) retrieved from /usr/local/airflow/dags/airflow-log-cleanup-pwdless-ssh.py
[2021-09-07 16:49:26,099] {logging_mixin.py:109} INFO - [2021-09-07 16:49:26,099] {dag.py:1833} INFO - Sync 1 DAGs
[2021-09-07 16:49:26,107] {logging_mixin.py:109} INFO - [2021-09-07 16:49:26,107] {dag.py:2306} INFO - Setting next_dagrun for airflow-log-cleanup-pwdless-ssh to 2021-09-06 00:00:00+00:00
[2021-09-07 16:49:26,114] {processor.py:170} INFO - Processing /usr/local/airflow/dags/airflow-log-cleanup-pwdless-ssh.py took 0.073 seconds
[2021-09-07 16:49:56,686] {processor.py:162} INFO - Started process (PID=1171) to work on /usr/local/airflow/dags/airflow-log-cleanup-pwdless-ssh.py
[2021-09-07 16:49:56,687] {processor.py:613} INFO - Processing file /usr/local/airflow/dags/airflow-log-cleanup-pwdless-ssh.py for tasks to queue
[2021-09-07 16:49:56,688] {logging_mixin.py:109} INFO - [2021-09-07 16:49:56,687] {dagbag.py:496} INFO - Filling up the DagBag from /usr/local/airflow/dags/airflow-log-cleanup-pwdless-ssh.py
[2021-09-07 16:49:56,693] {logging_mixin.py:109} INFO - [2021-09-07 16:49:56,693] {configuration.py:365} WARNING - section/key [core/base_log_folder] not found in config
[2021-09-07 16:49:56,734] {logging_mixin.py:109} INFO - [2021-09-07 16:49:56,734] {airflow-log-cleanup-pwdless-ssh.py:49} INFO - ENABLE_DELETE_CHILD_LOG  True
[2021-09-07 16:49:56,738] {processor.py:623} INFO - DAG(s) dict_keys(['airflow-log-cleanup-pwdless-ssh']) retrieved from /usr/local/airflow/dags/airflow-log-cleanup-pwdless-ssh.py
[2021-09-07 16:49:56,744] {logging_mixin.py:109} INFO - [2021-09-07 16:49:56,744] {dag.py:1833} INFO - Sync 1 DAGs
[2021-09-07 16:49:56,753] {logging_mixin.py:109} INFO - [2021-09-07 16:49:56,753] {dag.py:2306} INFO - Setting next_dagrun for airflow-log-cleanup-pwdless-ssh to 2021-09-06 00:00:00+00:00
[2021-09-07 16:49:56,759] {processor.py:170} INFO - Processing /usr/local/airflow/dags/airflow-log-cleanup-pwdless-ssh.py took 0.076 seconds
[2021-09-07 16:50:27,303] {processor.py:162} INFO - Started process (PID=1239) to work on /usr/local/airflow/dags/airflow-log-cleanup-pwdless-ssh.py
[2021-09-07 16:50:27,304] {processor.py:613} INFO - Processing file /usr/local/airflow/dags/airflow-log-cleanup-pwdless-ssh.py for tasks to queue
[2021-09-07 16:50:27,305] {logging_mixin.py:109} INFO - [2021-09-07 16:50:27,305] {dagbag.py:496} INFO - Filling up the DagBag from /usr/local/airflow/dags/airflow-log-cleanup-pwdless-ssh.py
[2021-09-07 16:50:27,308] {logging_mixin.py:109} INFO - [2021-09-07 16:50:27,308] {configuration.py:365} WARNING - section/key [core/base_log_folder] not found in config
[2021-09-07 16:50:27,359] {logging_mixin.py:109} INFO - [2021-09-07 16:50:27,359] {airflow-log-cleanup-pwdless-ssh.py:49} INFO - ENABLE_DELETE_CHILD_LOG  True
[2021-09-07 16:50:27,363] {processor.py:623} INFO - DAG(s) dict_keys(['airflow-log-cleanup-pwdless-ssh']) retrieved from /usr/local/airflow/dags/airflow-log-cleanup-pwdless-ssh.py
[2021-09-07 16:50:27,369] {logging_mixin.py:109} INFO - [2021-09-07 16:50:27,369] {dag.py:1833} INFO - Sync 1 DAGs
[2021-09-07 16:50:27,378] {logging_mixin.py:109} INFO - [2021-09-07 16:50:27,378] {dag.py:2306} INFO - Setting next_dagrun for airflow-log-cleanup-pwdless-ssh to 2021-09-06 00:00:00+00:00
[2021-09-07 16:50:27,384] {processor.py:170} INFO - Processing /usr/local/airflow/dags/airflow-log-cleanup-pwdless-ssh.py took 0.083 seconds
[2021-09-07 16:50:57,965] {processor.py:162} INFO - Started process (PID=1306) to work on /usr/local/airflow/dags/airflow-log-cleanup-pwdless-ssh.py
[2021-09-07 16:50:57,966] {processor.py:613} INFO - Processing file /usr/local/airflow/dags/airflow-log-cleanup-pwdless-ssh.py for tasks to queue
[2021-09-07 16:50:57,966] {logging_mixin.py:109} INFO - [2021-09-07 16:50:57,966] {dagbag.py:496} INFO - Filling up the DagBag from /usr/local/airflow/dags/airflow-log-cleanup-pwdless-ssh.py
[2021-09-07 16:50:57,970] {logging_mixin.py:109} INFO - [2021-09-07 16:50:57,970] {configuration.py:365} WARNING - section/key [core/base_log_folder] not found in config
[2021-09-07 16:50:58,014] {logging_mixin.py:109} INFO - [2021-09-07 16:50:58,014] {airflow-log-cleanup-pwdless-ssh.py:49} INFO - ENABLE_DELETE_CHILD_LOG  True
[2021-09-07 16:50:58,018] {processor.py:623} INFO - DAG(s) dict_keys(['airflow-log-cleanup-pwdless-ssh']) retrieved from /usr/local/airflow/dags/airflow-log-cleanup-pwdless-ssh.py
[2021-09-07 16:50:58,024] {logging_mixin.py:109} INFO - [2021-09-07 16:50:58,024] {dag.py:1833} INFO - Sync 1 DAGs
[2021-09-07 16:50:58,032] {logging_mixin.py:109} INFO - [2021-09-07 16:50:58,032] {dag.py:2306} INFO - Setting next_dagrun for airflow-log-cleanup-pwdless-ssh to 2021-09-06 00:00:00+00:00
[2021-09-07 16:50:58,039] {processor.py:170} INFO - Processing /usr/local/airflow/dags/airflow-log-cleanup-pwdless-ssh.py took 0.075 seconds
[2021-09-07 16:51:28,643] {processor.py:162} INFO - Started process (PID=1371) to work on /usr/local/airflow/dags/airflow-log-cleanup-pwdless-ssh.py
[2021-09-07 16:51:28,644] {processor.py:613} INFO - Processing file /usr/local/airflow/dags/airflow-log-cleanup-pwdless-ssh.py for tasks to queue
[2021-09-07 16:51:28,644] {logging_mixin.py:109} INFO - [2021-09-07 16:51:28,644] {dagbag.py:496} INFO - Filling up the DagBag from /usr/local/airflow/dags/airflow-log-cleanup-pwdless-ssh.py
[2021-09-07 16:51:28,648] {logging_mixin.py:109} INFO - [2021-09-07 16:51:28,648] {configuration.py:365} WARNING - section/key [core/base_log_folder] not found in config
[2021-09-07 16:51:28,693] {logging_mixin.py:109} INFO - [2021-09-07 16:51:28,693] {airflow-log-cleanup-pwdless-ssh.py:49} INFO - ENABLE_DELETE_CHILD_LOG  True
[2021-09-07 16:51:28,697] {processor.py:623} INFO - DAG(s) dict_keys(['airflow-log-cleanup-pwdless-ssh']) retrieved from /usr/local/airflow/dags/airflow-log-cleanup-pwdless-ssh.py
[2021-09-07 16:51:28,704] {logging_mixin.py:109} INFO - [2021-09-07 16:51:28,704] {dag.py:1833} INFO - Sync 1 DAGs
[2021-09-07 16:51:28,713] {logging_mixin.py:109} INFO - [2021-09-07 16:51:28,713] {dag.py:2306} INFO - Setting next_dagrun for airflow-log-cleanup-pwdless-ssh to 2021-09-06 00:00:00+00:00
[2021-09-07 16:51:28,720] {processor.py:170} INFO - Processing /usr/local/airflow/dags/airflow-log-cleanup-pwdless-ssh.py took 0.079 seconds
[2021-09-07 16:51:59,256] {processor.py:162} INFO - Started process (PID=1437) to work on /usr/local/airflow/dags/airflow-log-cleanup-pwdless-ssh.py
[2021-09-07 16:51:59,257] {processor.py:613} INFO - Processing file /usr/local/airflow/dags/airflow-log-cleanup-pwdless-ssh.py for tasks to queue
[2021-09-07 16:51:59,257] {logging_mixin.py:109} INFO - [2021-09-07 16:51:59,257] {dagbag.py:496} INFO - Filling up the DagBag from /usr/local/airflow/dags/airflow-log-cleanup-pwdless-ssh.py
[2021-09-07 16:51:59,261] {logging_mixin.py:109} INFO - [2021-09-07 16:51:59,261] {configuration.py:365} WARNING - section/key [core/base_log_folder] not found in config
[2021-09-07 16:51:59,302] {logging_mixin.py:109} INFO - [2021-09-07 16:51:59,302] {airflow-log-cleanup-pwdless-ssh.py:49} INFO - ENABLE_DELETE_CHILD_LOG  True
[2021-09-07 16:51:59,305] {processor.py:623} INFO - DAG(s) dict_keys(['airflow-log-cleanup-pwdless-ssh']) retrieved from /usr/local/airflow/dags/airflow-log-cleanup-pwdless-ssh.py
[2021-09-07 16:51:59,312] {logging_mixin.py:109} INFO - [2021-09-07 16:51:59,311] {dag.py:1833} INFO - Sync 1 DAGs
[2021-09-07 16:51:59,320] {logging_mixin.py:109} INFO - [2021-09-07 16:51:59,320] {dag.py:2306} INFO - Setting next_dagrun for airflow-log-cleanup-pwdless-ssh to 2021-09-06 00:00:00+00:00
[2021-09-07 16:51:59,326] {processor.py:170} INFO - Processing /usr/local/airflow/dags/airflow-log-cleanup-pwdless-ssh.py took 0.072 seconds
[2021-09-07 16:52:29,875] {processor.py:162} INFO - Started process (PID=1504) to work on /usr/local/airflow/dags/airflow-log-cleanup-pwdless-ssh.py
[2021-09-07 16:52:29,876] {processor.py:613} INFO - Processing file /usr/local/airflow/dags/airflow-log-cleanup-pwdless-ssh.py for tasks to queue
[2021-09-07 16:52:29,877] {logging_mixin.py:109} INFO - [2021-09-07 16:52:29,876] {dagbag.py:496} INFO - Filling up the DagBag from /usr/local/airflow/dags/airflow-log-cleanup-pwdless-ssh.py
[2021-09-07 16:52:29,881] {logging_mixin.py:109} INFO - [2021-09-07 16:52:29,881] {configuration.py:365} WARNING - section/key [core/base_log_folder] not found in config
[2021-09-07 16:52:29,923] {logging_mixin.py:109} INFO - [2021-09-07 16:52:29,923] {airflow-log-cleanup-pwdless-ssh.py:49} INFO - ENABLE_DELETE_CHILD_LOG  True
[2021-09-07 16:52:29,927] {processor.py:623} INFO - DAG(s) dict_keys(['airflow-log-cleanup-pwdless-ssh']) retrieved from /usr/local/airflow/dags/airflow-log-cleanup-pwdless-ssh.py
[2021-09-07 16:52:29,933] {logging_mixin.py:109} INFO - [2021-09-07 16:52:29,933] {dag.py:1833} INFO - Sync 1 DAGs
[2021-09-07 16:52:29,943] {logging_mixin.py:109} INFO - [2021-09-07 16:52:29,943] {dag.py:2306} INFO - Setting next_dagrun for airflow-log-cleanup-pwdless-ssh to 2021-09-06 00:00:00+00:00
[2021-09-07 16:52:29,949] {processor.py:170} INFO - Processing /usr/local/airflow/dags/airflow-log-cleanup-pwdless-ssh.py took 0.076 seconds
[2021-09-07 16:53:00,500] {processor.py:162} INFO - Started process (PID=1570) to work on /usr/local/airflow/dags/airflow-log-cleanup-pwdless-ssh.py
[2021-09-07 16:53:00,501] {processor.py:613} INFO - Processing file /usr/local/airflow/dags/airflow-log-cleanup-pwdless-ssh.py for tasks to queue
[2021-09-07 16:53:00,501] {logging_mixin.py:109} INFO - [2021-09-07 16:53:00,501] {dagbag.py:496} INFO - Filling up the DagBag from /usr/local/airflow/dags/airflow-log-cleanup-pwdless-ssh.py
[2021-09-07 16:53:00,505] {logging_mixin.py:109} INFO - [2021-09-07 16:53:00,505] {configuration.py:365} WARNING - section/key [core/base_log_folder] not found in config
[2021-09-07 16:53:00,554] {logging_mixin.py:109} INFO - [2021-09-07 16:53:00,554] {airflow-log-cleanup-pwdless-ssh.py:49} INFO - ENABLE_DELETE_CHILD_LOG  True
[2021-09-07 16:53:00,558] {processor.py:623} INFO - DAG(s) dict_keys(['airflow-log-cleanup-pwdless-ssh']) retrieved from /usr/local/airflow/dags/airflow-log-cleanup-pwdless-ssh.py
[2021-09-07 16:53:00,565] {logging_mixin.py:109} INFO - [2021-09-07 16:53:00,565] {dag.py:1833} INFO - Sync 1 DAGs
[2021-09-07 16:53:00,574] {logging_mixin.py:109} INFO - [2021-09-07 16:53:00,574] {dag.py:2306} INFO - Setting next_dagrun for airflow-log-cleanup-pwdless-ssh to 2021-09-06 00:00:00+00:00
[2021-09-07 16:53:00,580] {processor.py:170} INFO - Processing /usr/local/airflow/dags/airflow-log-cleanup-pwdless-ssh.py took 0.083 seconds
[2021-09-07 16:53:31,111] {processor.py:162} INFO - Started process (PID=1637) to work on /usr/local/airflow/dags/airflow-log-cleanup-pwdless-ssh.py
[2021-09-07 16:53:31,111] {processor.py:613} INFO - Processing file /usr/local/airflow/dags/airflow-log-cleanup-pwdless-ssh.py for tasks to queue
[2021-09-07 16:53:31,112] {logging_mixin.py:109} INFO - [2021-09-07 16:53:31,112] {dagbag.py:496} INFO - Filling up the DagBag from /usr/local/airflow/dags/airflow-log-cleanup-pwdless-ssh.py
[2021-09-07 16:53:31,116] {logging_mixin.py:109} INFO - [2021-09-07 16:53:31,116] {configuration.py:365} WARNING - section/key [core/base_log_folder] not found in config
[2021-09-07 16:53:31,156] {logging_mixin.py:109} INFO - [2021-09-07 16:53:31,156] {airflow-log-cleanup-pwdless-ssh.py:49} INFO - ENABLE_DELETE_CHILD_LOG  True
[2021-09-07 16:53:31,160] {processor.py:623} INFO - DAG(s) dict_keys(['airflow-log-cleanup-pwdless-ssh']) retrieved from /usr/local/airflow/dags/airflow-log-cleanup-pwdless-ssh.py
[2021-09-07 16:53:31,166] {logging_mixin.py:109} INFO - [2021-09-07 16:53:31,166] {dag.py:1833} INFO - Sync 1 DAGs
[2021-09-07 16:53:31,175] {logging_mixin.py:109} INFO - [2021-09-07 16:53:31,175] {dag.py:2306} INFO - Setting next_dagrun for airflow-log-cleanup-pwdless-ssh to 2021-09-06 00:00:00+00:00
[2021-09-07 16:53:31,181] {processor.py:170} INFO - Processing /usr/local/airflow/dags/airflow-log-cleanup-pwdless-ssh.py took 0.073 seconds
[2021-09-07 16:54:01,717] {processor.py:162} INFO - Started process (PID=1704) to work on /usr/local/airflow/dags/airflow-log-cleanup-pwdless-ssh.py
[2021-09-07 16:54:01,718] {processor.py:613} INFO - Processing file /usr/local/airflow/dags/airflow-log-cleanup-pwdless-ssh.py for tasks to queue
[2021-09-07 16:54:01,718] {logging_mixin.py:109} INFO - [2021-09-07 16:54:01,718] {dagbag.py:496} INFO - Filling up the DagBag from /usr/local/airflow/dags/airflow-log-cleanup-pwdless-ssh.py
[2021-09-07 16:54:01,723] {logging_mixin.py:109} INFO - [2021-09-07 16:54:01,723] {configuration.py:365} WARNING - section/key [core/base_log_folder] not found in config
[2021-09-07 16:54:01,777] {logging_mixin.py:109} INFO - [2021-09-07 16:54:01,777] {airflow-log-cleanup-pwdless-ssh.py:49} INFO - ENABLE_DELETE_CHILD_LOG  True
[2021-09-07 16:54:01,781] {processor.py:623} INFO - DAG(s) dict_keys(['airflow-log-cleanup-pwdless-ssh']) retrieved from /usr/local/airflow/dags/airflow-log-cleanup-pwdless-ssh.py
[2021-09-07 16:54:01,788] {logging_mixin.py:109} INFO - [2021-09-07 16:54:01,787] {dag.py:1833} INFO - Sync 1 DAGs
[2021-09-07 16:54:01,796] {logging_mixin.py:109} INFO - [2021-09-07 16:54:01,795] {dag.py:2306} INFO - Setting next_dagrun for airflow-log-cleanup-pwdless-ssh to 2021-09-06 00:00:00+00:00
[2021-09-07 16:54:01,802] {processor.py:170} INFO - Processing /usr/local/airflow/dags/airflow-log-cleanup-pwdless-ssh.py took 0.087 seconds
[2021-09-07 16:54:32,335] {processor.py:162} INFO - Started process (PID=1772) to work on /usr/local/airflow/dags/airflow-log-cleanup-pwdless-ssh.py
[2021-09-07 16:54:32,335] {processor.py:613} INFO - Processing file /usr/local/airflow/dags/airflow-log-cleanup-pwdless-ssh.py for tasks to queue
[2021-09-07 16:54:32,336] {logging_mixin.py:109} INFO - [2021-09-07 16:54:32,336] {dagbag.py:496} INFO - Filling up the DagBag from /usr/local/airflow/dags/airflow-log-cleanup-pwdless-ssh.py
[2021-09-07 16:54:32,340] {logging_mixin.py:109} INFO - [2021-09-07 16:54:32,340] {configuration.py:365} WARNING - section/key [core/base_log_folder] not found in config
[2021-09-07 16:54:32,381] {logging_mixin.py:109} INFO - [2021-09-07 16:54:32,380] {airflow-log-cleanup-pwdless-ssh.py:49} INFO - ENABLE_DELETE_CHILD_LOG  True
[2021-09-07 16:54:32,385] {processor.py:623} INFO - DAG(s) dict_keys(['airflow-log-cleanup-pwdless-ssh']) retrieved from /usr/local/airflow/dags/airflow-log-cleanup-pwdless-ssh.py
[2021-09-07 16:54:32,391] {logging_mixin.py:109} INFO - [2021-09-07 16:54:32,391] {dag.py:1833} INFO - Sync 1 DAGs
[2021-09-07 16:54:32,400] {logging_mixin.py:109} INFO - [2021-09-07 16:54:32,400] {dag.py:2306} INFO - Setting next_dagrun for airflow-log-cleanup-pwdless-ssh to 2021-09-06 00:00:00+00:00
[2021-09-07 16:54:32,406] {processor.py:170} INFO - Processing /usr/local/airflow/dags/airflow-log-cleanup-pwdless-ssh.py took 0.073 seconds
[2021-09-07 16:55:02,954] {processor.py:162} INFO - Started process (PID=1838) to work on /usr/local/airflow/dags/airflow-log-cleanup-pwdless-ssh.py
[2021-09-07 16:55:02,955] {processor.py:613} INFO - Processing file /usr/local/airflow/dags/airflow-log-cleanup-pwdless-ssh.py for tasks to queue
[2021-09-07 16:55:02,955] {logging_mixin.py:109} INFO - [2021-09-07 16:55:02,955] {dagbag.py:496} INFO - Filling up the DagBag from /usr/local/airflow/dags/airflow-log-cleanup-pwdless-ssh.py
[2021-09-07 16:55:02,959] {logging_mixin.py:109} INFO - [2021-09-07 16:55:02,959] {configuration.py:365} WARNING - section/key [core/base_log_folder] not found in config
[2021-09-07 16:55:02,999] {logging_mixin.py:109} INFO - [2021-09-07 16:55:02,998] {airflow-log-cleanup-pwdless-ssh.py:49} INFO - ENABLE_DELETE_CHILD_LOG  True
[2021-09-07 16:55:03,003] {processor.py:623} INFO - DAG(s) dict_keys(['airflow-log-cleanup-pwdless-ssh']) retrieved from /usr/local/airflow/dags/airflow-log-cleanup-pwdless-ssh.py
[2021-09-07 16:55:03,009] {logging_mixin.py:109} INFO - [2021-09-07 16:55:03,009] {dag.py:1833} INFO - Sync 1 DAGs
[2021-09-07 16:55:03,017] {logging_mixin.py:109} INFO - [2021-09-07 16:55:03,017] {dag.py:2306} INFO - Setting next_dagrun for airflow-log-cleanup-pwdless-ssh to 2021-09-06 00:00:00+00:00
[2021-09-07 16:55:03,023] {processor.py:170} INFO - Processing /usr/local/airflow/dags/airflow-log-cleanup-pwdless-ssh.py took 0.072 seconds
[2021-09-07 16:55:33,623] {processor.py:162} INFO - Started process (PID=1905) to work on /usr/local/airflow/dags/airflow-log-cleanup-pwdless-ssh.py
[2021-09-07 16:55:33,624] {processor.py:613} INFO - Processing file /usr/local/airflow/dags/airflow-log-cleanup-pwdless-ssh.py for tasks to queue
[2021-09-07 16:55:33,625] {logging_mixin.py:109} INFO - [2021-09-07 16:55:33,625] {dagbag.py:496} INFO - Filling up the DagBag from /usr/local/airflow/dags/airflow-log-cleanup-pwdless-ssh.py
[2021-09-07 16:55:33,629] {logging_mixin.py:109} INFO - [2021-09-07 16:55:33,629] {configuration.py:365} WARNING - section/key [core/base_log_folder] not found in config
[2021-09-07 16:55:33,673] {logging_mixin.py:109} INFO - [2021-09-07 16:55:33,673] {airflow-log-cleanup-pwdless-ssh.py:49} INFO - ENABLE_DELETE_CHILD_LOG  True
[2021-09-07 16:55:33,676] {processor.py:623} INFO - DAG(s) dict_keys(['airflow-log-cleanup-pwdless-ssh']) retrieved from /usr/local/airflow/dags/airflow-log-cleanup-pwdless-ssh.py
[2021-09-07 16:55:33,683] {logging_mixin.py:109} INFO - [2021-09-07 16:55:33,683] {dag.py:1833} INFO - Sync 1 DAGs
[2021-09-07 16:55:33,691] {logging_mixin.py:109} INFO - [2021-09-07 16:55:33,691] {dag.py:2306} INFO - Setting next_dagrun for airflow-log-cleanup-pwdless-ssh to 2021-09-06 00:00:00+00:00
[2021-09-07 16:55:33,698] {processor.py:170} INFO - Processing /usr/local/airflow/dags/airflow-log-cleanup-pwdless-ssh.py took 0.078 seconds
[2021-09-07 16:56:04,293] {processor.py:162} INFO - Started process (PID=1969) to work on /usr/local/airflow/dags/airflow-log-cleanup-pwdless-ssh.py
[2021-09-07 16:56:04,294] {processor.py:613} INFO - Processing file /usr/local/airflow/dags/airflow-log-cleanup-pwdless-ssh.py for tasks to queue
[2021-09-07 16:56:04,294] {logging_mixin.py:109} INFO - [2021-09-07 16:56:04,294] {dagbag.py:496} INFO - Filling up the DagBag from /usr/local/airflow/dags/airflow-log-cleanup-pwdless-ssh.py
[2021-09-07 16:56:04,297] {logging_mixin.py:109} INFO - [2021-09-07 16:56:04,297] {configuration.py:365} WARNING - section/key [core/base_log_folder] not found in config
[2021-09-07 16:56:04,338] {logging_mixin.py:109} INFO - [2021-09-07 16:56:04,338] {airflow-log-cleanup-pwdless-ssh.py:49} INFO - ENABLE_DELETE_CHILD_LOG  True
[2021-09-07 16:56:04,342] {processor.py:623} INFO - DAG(s) dict_keys(['airflow-log-cleanup-pwdless-ssh']) retrieved from /usr/local/airflow/dags/airflow-log-cleanup-pwdless-ssh.py
[2021-09-07 16:56:04,348] {logging_mixin.py:109} INFO - [2021-09-07 16:56:04,348] {dag.py:1833} INFO - Sync 1 DAGs
[2021-09-07 16:56:04,356] {logging_mixin.py:109} INFO - [2021-09-07 16:56:04,356] {dag.py:2306} INFO - Setting next_dagrun for airflow-log-cleanup-pwdless-ssh to 2021-09-06 00:00:00+00:00
[2021-09-07 16:56:04,363] {processor.py:170} INFO - Processing /usr/local/airflow/dags/airflow-log-cleanup-pwdless-ssh.py took 0.072 seconds
[2021-09-07 16:56:34,908] {processor.py:162} INFO - Started process (PID=2035) to work on /usr/local/airflow/dags/airflow-log-cleanup-pwdless-ssh.py
[2021-09-07 16:56:34,908] {processor.py:613} INFO - Processing file /usr/local/airflow/dags/airflow-log-cleanup-pwdless-ssh.py for tasks to queue
[2021-09-07 16:56:34,909] {logging_mixin.py:109} INFO - [2021-09-07 16:56:34,909] {dagbag.py:496} INFO - Filling up the DagBag from /usr/local/airflow/dags/airflow-log-cleanup-pwdless-ssh.py
[2021-09-07 16:56:34,913] {logging_mixin.py:109} INFO - [2021-09-07 16:56:34,913] {configuration.py:365} WARNING - section/key [core/base_log_folder] not found in config
[2021-09-07 16:56:34,958] {logging_mixin.py:109} INFO - [2021-09-07 16:56:34,958] {airflow-log-cleanup-pwdless-ssh.py:49} INFO - ENABLE_DELETE_CHILD_LOG  True
[2021-09-07 16:56:34,962] {processor.py:623} INFO - DAG(s) dict_keys(['airflow-log-cleanup-pwdless-ssh']) retrieved from /usr/local/airflow/dags/airflow-log-cleanup-pwdless-ssh.py
[2021-09-07 16:56:34,969] {logging_mixin.py:109} INFO - [2021-09-07 16:56:34,968] {dag.py:1833} INFO - Sync 1 DAGs
[2021-09-07 16:56:34,977] {logging_mixin.py:109} INFO - [2021-09-07 16:56:34,977] {dag.py:2306} INFO - Setting next_dagrun for airflow-log-cleanup-pwdless-ssh to 2021-09-06 00:00:00+00:00
[2021-09-07 16:56:34,984] {processor.py:170} INFO - Processing /usr/local/airflow/dags/airflow-log-cleanup-pwdless-ssh.py took 0.079 seconds
[2021-09-07 16:57:05,535] {processor.py:162} INFO - Started process (PID=2103) to work on /usr/local/airflow/dags/airflow-log-cleanup-pwdless-ssh.py
[2021-09-07 16:57:05,535] {processor.py:613} INFO - Processing file /usr/local/airflow/dags/airflow-log-cleanup-pwdless-ssh.py for tasks to queue
[2021-09-07 16:57:05,536] {logging_mixin.py:109} INFO - [2021-09-07 16:57:05,536] {dagbag.py:496} INFO - Filling up the DagBag from /usr/local/airflow/dags/airflow-log-cleanup-pwdless-ssh.py
[2021-09-07 16:57:05,540] {logging_mixin.py:109} INFO - [2021-09-07 16:57:05,540] {configuration.py:365} WARNING - section/key [core/base_log_folder] not found in config
[2021-09-07 16:57:05,589] {logging_mixin.py:109} INFO - [2021-09-07 16:57:05,589] {airflow-log-cleanup-pwdless-ssh.py:49} INFO - ENABLE_DELETE_CHILD_LOG  True
[2021-09-07 16:57:05,594] {processor.py:623} INFO - DAG(s) dict_keys(['airflow-log-cleanup-pwdless-ssh']) retrieved from /usr/local/airflow/dags/airflow-log-cleanup-pwdless-ssh.py
[2021-09-07 16:57:05,600] {logging_mixin.py:109} INFO - [2021-09-07 16:57:05,600] {dag.py:1833} INFO - Sync 1 DAGs
[2021-09-07 16:57:05,608] {logging_mixin.py:109} INFO - [2021-09-07 16:57:05,608] {dag.py:2306} INFO - Setting next_dagrun for airflow-log-cleanup-pwdless-ssh to 2021-09-06 00:00:00+00:00
[2021-09-07 16:57:05,614] {processor.py:170} INFO - Processing /usr/local/airflow/dags/airflow-log-cleanup-pwdless-ssh.py took 0.082 seconds
[2021-09-07 16:57:36,192] {processor.py:162} INFO - Started process (PID=2167) to work on /usr/local/airflow/dags/airflow-log-cleanup-pwdless-ssh.py
[2021-09-07 16:57:36,192] {processor.py:613} INFO - Processing file /usr/local/airflow/dags/airflow-log-cleanup-pwdless-ssh.py for tasks to queue
[2021-09-07 16:57:36,193] {logging_mixin.py:109} INFO - [2021-09-07 16:57:36,193] {dagbag.py:496} INFO - Filling up the DagBag from /usr/local/airflow/dags/airflow-log-cleanup-pwdless-ssh.py
[2021-09-07 16:57:36,196] {logging_mixin.py:109} INFO - [2021-09-07 16:57:36,196] {configuration.py:365} WARNING - section/key [core/base_log_folder] not found in config
[2021-09-07 16:57:36,246] {logging_mixin.py:109} INFO - [2021-09-07 16:57:36,246] {airflow-log-cleanup-pwdless-ssh.py:49} INFO - ENABLE_DELETE_CHILD_LOG  True
[2021-09-07 16:57:36,250] {processor.py:623} INFO - DAG(s) dict_keys(['airflow-log-cleanup-pwdless-ssh']) retrieved from /usr/local/airflow/dags/airflow-log-cleanup-pwdless-ssh.py
[2021-09-07 16:57:36,257] {logging_mixin.py:109} INFO - [2021-09-07 16:57:36,256] {dag.py:1833} INFO - Sync 1 DAGs
[2021-09-07 16:57:36,265] {logging_mixin.py:109} INFO - [2021-09-07 16:57:36,265] {dag.py:2306} INFO - Setting next_dagrun for airflow-log-cleanup-pwdless-ssh to 2021-09-06 00:00:00+00:00
[2021-09-07 16:57:36,271] {processor.py:170} INFO - Processing /usr/local/airflow/dags/airflow-log-cleanup-pwdless-ssh.py took 0.081 seconds
[2021-09-07 16:58:06,854] {processor.py:162} INFO - Started process (PID=2233) to work on /usr/local/airflow/dags/airflow-log-cleanup-pwdless-ssh.py
[2021-09-07 16:58:06,854] {processor.py:613} INFO - Processing file /usr/local/airflow/dags/airflow-log-cleanup-pwdless-ssh.py for tasks to queue
[2021-09-07 16:58:06,855] {logging_mixin.py:109} INFO - [2021-09-07 16:58:06,854] {dagbag.py:496} INFO - Filling up the DagBag from /usr/local/airflow/dags/airflow-log-cleanup-pwdless-ssh.py
[2021-09-07 16:58:06,858] {logging_mixin.py:109} INFO - [2021-09-07 16:58:06,858] {configuration.py:365} WARNING - section/key [core/base_log_folder] not found in config
[2021-09-07 16:58:06,899] {logging_mixin.py:109} INFO - [2021-09-07 16:58:06,899] {airflow-log-cleanup-pwdless-ssh.py:49} INFO - ENABLE_DELETE_CHILD_LOG  True
[2021-09-07 16:58:06,902] {processor.py:623} INFO - DAG(s) dict_keys(['airflow-log-cleanup-pwdless-ssh']) retrieved from /usr/local/airflow/dags/airflow-log-cleanup-pwdless-ssh.py
[2021-09-07 16:58:06,909] {logging_mixin.py:109} INFO - [2021-09-07 16:58:06,908] {dag.py:1833} INFO - Sync 1 DAGs
[2021-09-07 16:58:06,917] {logging_mixin.py:109} INFO - [2021-09-07 16:58:06,917] {dag.py:2306} INFO - Setting next_dagrun for airflow-log-cleanup-pwdless-ssh to 2021-09-06 00:00:00+00:00
[2021-09-07 16:58:06,923] {processor.py:170} INFO - Processing /usr/local/airflow/dags/airflow-log-cleanup-pwdless-ssh.py took 0.072 seconds
[2021-09-07 16:58:37,605] {processor.py:162} INFO - Started process (PID=2301) to work on /usr/local/airflow/dags/airflow-log-cleanup-pwdless-ssh.py
[2021-09-07 16:58:37,606] {processor.py:613} INFO - Processing file /usr/local/airflow/dags/airflow-log-cleanup-pwdless-ssh.py for tasks to queue
[2021-09-07 16:58:37,607] {logging_mixin.py:109} INFO - [2021-09-07 16:58:37,606] {dagbag.py:496} INFO - Filling up the DagBag from /usr/local/airflow/dags/airflow-log-cleanup-pwdless-ssh.py
[2021-09-07 16:58:37,612] {logging_mixin.py:109} INFO - [2021-09-07 16:58:37,612] {configuration.py:365} WARNING - section/key [core/base_log_folder] not found in config
[2021-09-07 16:58:37,682] {logging_mixin.py:109} INFO - [2021-09-07 16:58:37,682] {airflow-log-cleanup-pwdless-ssh.py:49} INFO - ENABLE_DELETE_CHILD_LOG  True
[2021-09-07 16:58:37,688] {processor.py:623} INFO - DAG(s) dict_keys(['airflow-log-cleanup-pwdless-ssh']) retrieved from /usr/local/airflow/dags/airflow-log-cleanup-pwdless-ssh.py
[2021-09-07 16:58:37,696] {logging_mixin.py:109} INFO - [2021-09-07 16:58:37,696] {dag.py:1833} INFO - Sync 1 DAGs
[2021-09-07 16:58:37,708] {logging_mixin.py:109} INFO - [2021-09-07 16:58:37,707] {dag.py:2306} INFO - Setting next_dagrun for airflow-log-cleanup-pwdless-ssh to 2021-09-06 00:00:00+00:00
[2021-09-07 16:58:37,715] {processor.py:170} INFO - Processing /usr/local/airflow/dags/airflow-log-cleanup-pwdless-ssh.py took 0.113 seconds
[2021-09-07 16:59:08,395] {processor.py:162} INFO - Started process (PID=2365) to work on /usr/local/airflow/dags/airflow-log-cleanup-pwdless-ssh.py
[2021-09-07 16:59:08,396] {processor.py:613} INFO - Processing file /usr/local/airflow/dags/airflow-log-cleanup-pwdless-ssh.py for tasks to queue
[2021-09-07 16:59:08,396] {logging_mixin.py:109} INFO - [2021-09-07 16:59:08,396] {dagbag.py:496} INFO - Filling up the DagBag from /usr/local/airflow/dags/airflow-log-cleanup-pwdless-ssh.py
[2021-09-07 16:59:08,400] {logging_mixin.py:109} INFO - [2021-09-07 16:59:08,400] {configuration.py:365} WARNING - section/key [core/base_log_folder] not found in config
[2021-09-07 16:59:08,441] {logging_mixin.py:109} INFO - [2021-09-07 16:59:08,441] {airflow-log-cleanup-pwdless-ssh.py:49} INFO - ENABLE_DELETE_CHILD_LOG  True
[2021-09-07 16:59:08,444] {processor.py:623} INFO - DAG(s) dict_keys(['airflow-log-cleanup-pwdless-ssh']) retrieved from /usr/local/airflow/dags/airflow-log-cleanup-pwdless-ssh.py
[2021-09-07 16:59:08,451] {logging_mixin.py:109} INFO - [2021-09-07 16:59:08,450] {dag.py:1833} INFO - Sync 1 DAGs
[2021-09-07 16:59:08,459] {logging_mixin.py:109} INFO - [2021-09-07 16:59:08,459] {dag.py:2306} INFO - Setting next_dagrun for airflow-log-cleanup-pwdless-ssh to 2021-09-06 00:00:00+00:00
[2021-09-07 16:59:08,465] {processor.py:170} INFO - Processing /usr/local/airflow/dags/airflow-log-cleanup-pwdless-ssh.py took 0.072 seconds
[2021-09-07 16:59:39,066] {processor.py:162} INFO - Started process (PID=2431) to work on /usr/local/airflow/dags/airflow-log-cleanup-pwdless-ssh.py
[2021-09-07 16:59:39,067] {processor.py:613} INFO - Processing file /usr/local/airflow/dags/airflow-log-cleanup-pwdless-ssh.py for tasks to queue
[2021-09-07 16:59:39,067] {logging_mixin.py:109} INFO - [2021-09-07 16:59:39,067] {dagbag.py:496} INFO - Filling up the DagBag from /usr/local/airflow/dags/airflow-log-cleanup-pwdless-ssh.py
[2021-09-07 16:59:39,073] {logging_mixin.py:109} INFO - [2021-09-07 16:59:39,073] {configuration.py:365} WARNING - section/key [core/base_log_folder] not found in config
[2021-09-07 16:59:39,123] {logging_mixin.py:109} INFO - [2021-09-07 16:59:39,123] {airflow-log-cleanup-pwdless-ssh.py:49} INFO - ENABLE_DELETE_CHILD_LOG  True
[2021-09-07 16:59:39,127] {processor.py:623} INFO - DAG(s) dict_keys(['airflow-log-cleanup-pwdless-ssh']) retrieved from /usr/local/airflow/dags/airflow-log-cleanup-pwdless-ssh.py
[2021-09-07 16:59:39,133] {logging_mixin.py:109} INFO - [2021-09-07 16:59:39,133] {dag.py:1833} INFO - Sync 1 DAGs
[2021-09-07 16:59:39,141] {logging_mixin.py:109} INFO - [2021-09-07 16:59:39,141] {dag.py:2306} INFO - Setting next_dagrun for airflow-log-cleanup-pwdless-ssh to 2021-09-06 00:00:00+00:00
[2021-09-07 16:59:39,148] {processor.py:170} INFO - Processing /usr/local/airflow/dags/airflow-log-cleanup-pwdless-ssh.py took 0.085 seconds
[2021-09-07 17:00:09,727] {processor.py:162} INFO - Started process (PID=2499) to work on /usr/local/airflow/dags/airflow-log-cleanup-pwdless-ssh.py
[2021-09-07 17:00:09,728] {processor.py:613} INFO - Processing file /usr/local/airflow/dags/airflow-log-cleanup-pwdless-ssh.py for tasks to queue
[2021-09-07 17:00:09,729] {logging_mixin.py:109} INFO - [2021-09-07 17:00:09,729] {dagbag.py:496} INFO - Filling up the DagBag from /usr/local/airflow/dags/airflow-log-cleanup-pwdless-ssh.py
[2021-09-07 17:00:09,732] {logging_mixin.py:109} INFO - [2021-09-07 17:00:09,732] {configuration.py:365} WARNING - section/key [core/base_log_folder] not found in config
[2021-09-07 17:00:09,773] {logging_mixin.py:109} INFO - [2021-09-07 17:00:09,773] {airflow-log-cleanup-pwdless-ssh.py:49} INFO - ENABLE_DELETE_CHILD_LOG  True
[2021-09-07 17:00:09,777] {processor.py:623} INFO - DAG(s) dict_keys(['airflow-log-cleanup-pwdless-ssh']) retrieved from /usr/local/airflow/dags/airflow-log-cleanup-pwdless-ssh.py
[2021-09-07 17:00:09,783] {logging_mixin.py:109} INFO - [2021-09-07 17:00:09,783] {dag.py:1833} INFO - Sync 1 DAGs
[2021-09-07 17:00:09,791] {logging_mixin.py:109} INFO - [2021-09-07 17:00:09,791] {dag.py:2306} INFO - Setting next_dagrun for airflow-log-cleanup-pwdless-ssh to 2021-09-06 00:00:00+00:00
[2021-09-07 17:00:09,797] {processor.py:170} INFO - Processing /usr/local/airflow/dags/airflow-log-cleanup-pwdless-ssh.py took 0.072 seconds
[2021-09-07 17:00:40,385] {processor.py:162} INFO - Started process (PID=2565) to work on /usr/local/airflow/dags/airflow-log-cleanup-pwdless-ssh.py
[2021-09-07 17:00:40,386] {processor.py:613} INFO - Processing file /usr/local/airflow/dags/airflow-log-cleanup-pwdless-ssh.py for tasks to queue
[2021-09-07 17:00:40,386] {logging_mixin.py:109} INFO - [2021-09-07 17:00:40,386] {dagbag.py:496} INFO - Filling up the DagBag from /usr/local/airflow/dags/airflow-log-cleanup-pwdless-ssh.py
[2021-09-07 17:00:40,391] {logging_mixin.py:109} INFO - [2021-09-07 17:00:40,391] {configuration.py:365} WARNING - section/key [core/base_log_folder] not found in config
[2021-09-07 17:00:40,446] {logging_mixin.py:109} INFO - [2021-09-07 17:00:40,446] {airflow-log-cleanup-pwdless-ssh.py:49} INFO - ENABLE_DELETE_CHILD_LOG  True
[2021-09-07 17:00:40,450] {processor.py:623} INFO - DAG(s) dict_keys(['airflow-log-cleanup-pwdless-ssh']) retrieved from /usr/local/airflow/dags/airflow-log-cleanup-pwdless-ssh.py
[2021-09-07 17:00:40,456] {logging_mixin.py:109} INFO - [2021-09-07 17:00:40,456] {dag.py:1833} INFO - Sync 1 DAGs
[2021-09-07 17:00:40,465] {logging_mixin.py:109} INFO - [2021-09-07 17:00:40,465] {dag.py:2306} INFO - Setting next_dagrun for airflow-log-cleanup-pwdless-ssh to 2021-09-06 00:00:00+00:00
[2021-09-07 17:00:40,472] {processor.py:170} INFO - Processing /usr/local/airflow/dags/airflow-log-cleanup-pwdless-ssh.py took 0.089 seconds
[2021-09-07 17:01:11,048] {processor.py:162} INFO - Started process (PID=2629) to work on /usr/local/airflow/dags/airflow-log-cleanup-pwdless-ssh.py
[2021-09-07 17:01:11,049] {processor.py:613} INFO - Processing file /usr/local/airflow/dags/airflow-log-cleanup-pwdless-ssh.py for tasks to queue
[2021-09-07 17:01:11,049] {logging_mixin.py:109} INFO - [2021-09-07 17:01:11,049] {dagbag.py:496} INFO - Filling up the DagBag from /usr/local/airflow/dags/airflow-log-cleanup-pwdless-ssh.py
[2021-09-07 17:01:11,053] {logging_mixin.py:109} INFO - [2021-09-07 17:01:11,053] {configuration.py:365} WARNING - section/key [core/base_log_folder] not found in config
[2021-09-07 17:01:11,113] {logging_mixin.py:109} INFO - [2021-09-07 17:01:11,113] {airflow-log-cleanup-pwdless-ssh.py:49} INFO - ENABLE_DELETE_CHILD_LOG  True
[2021-09-07 17:01:11,118] {processor.py:623} INFO - DAG(s) dict_keys(['airflow-log-cleanup-pwdless-ssh']) retrieved from /usr/local/airflow/dags/airflow-log-cleanup-pwdless-ssh.py
[2021-09-07 17:01:11,124] {logging_mixin.py:109} INFO - [2021-09-07 17:01:11,124] {dag.py:1833} INFO - Sync 1 DAGs
[2021-09-07 17:01:11,133] {logging_mixin.py:109} INFO - [2021-09-07 17:01:11,133] {dag.py:2306} INFO - Setting next_dagrun for airflow-log-cleanup-pwdless-ssh to 2021-09-06 00:00:00+00:00
[2021-09-07 17:01:11,140] {processor.py:170} INFO - Processing /usr/local/airflow/dags/airflow-log-cleanup-pwdless-ssh.py took 0.094 seconds
[2021-09-07 17:01:41,712] {processor.py:162} INFO - Started process (PID=2695) to work on /usr/local/airflow/dags/airflow-log-cleanup-pwdless-ssh.py
[2021-09-07 17:01:41,713] {processor.py:613} INFO - Processing file /usr/local/airflow/dags/airflow-log-cleanup-pwdless-ssh.py for tasks to queue
[2021-09-07 17:01:41,713] {logging_mixin.py:109} INFO - [2021-09-07 17:01:41,713] {dagbag.py:496} INFO - Filling up the DagBag from /usr/local/airflow/dags/airflow-log-cleanup-pwdless-ssh.py
[2021-09-07 17:01:41,717] {logging_mixin.py:109} INFO - [2021-09-07 17:01:41,717] {configuration.py:365} WARNING - section/key [core/base_log_folder] not found in config
[2021-09-07 17:01:41,761] {logging_mixin.py:109} INFO - [2021-09-07 17:01:41,761] {airflow-log-cleanup-pwdless-ssh.py:49} INFO - ENABLE_DELETE_CHILD_LOG  True
[2021-09-07 17:01:41,765] {processor.py:623} INFO - DAG(s) dict_keys(['airflow-log-cleanup-pwdless-ssh']) retrieved from /usr/local/airflow/dags/airflow-log-cleanup-pwdless-ssh.py
[2021-09-07 17:01:41,771] {logging_mixin.py:109} INFO - [2021-09-07 17:01:41,771] {dag.py:1833} INFO - Sync 1 DAGs
[2021-09-07 17:01:41,780] {logging_mixin.py:109} INFO - [2021-09-07 17:01:41,780] {dag.py:2306} INFO - Setting next_dagrun for airflow-log-cleanup-pwdless-ssh to 2021-09-06 00:00:00+00:00
[2021-09-07 17:01:41,788] {processor.py:170} INFO - Processing /usr/local/airflow/dags/airflow-log-cleanup-pwdless-ssh.py took 0.078 seconds
[2021-09-07 17:02:12,439] {processor.py:162} INFO - Started process (PID=2761) to work on /usr/local/airflow/dags/airflow-log-cleanup-pwdless-ssh.py
[2021-09-07 17:02:12,439] {processor.py:613} INFO - Processing file /usr/local/airflow/dags/airflow-log-cleanup-pwdless-ssh.py for tasks to queue
[2021-09-07 17:02:12,440] {logging_mixin.py:109} INFO - [2021-09-07 17:02:12,440] {dagbag.py:496} INFO - Filling up the DagBag from /usr/local/airflow/dags/airflow-log-cleanup-pwdless-ssh.py
[2021-09-07 17:02:12,444] {logging_mixin.py:109} INFO - [2021-09-07 17:02:12,444] {configuration.py:365} WARNING - section/key [core/base_log_folder] not found in config
[2021-09-07 17:02:12,485] {logging_mixin.py:109} INFO - [2021-09-07 17:02:12,485] {airflow-log-cleanup-pwdless-ssh.py:49} INFO - ENABLE_DELETE_CHILD_LOG  True
[2021-09-07 17:02:12,489] {processor.py:623} INFO - DAG(s) dict_keys(['airflow-log-cleanup-pwdless-ssh']) retrieved from /usr/local/airflow/dags/airflow-log-cleanup-pwdless-ssh.py
[2021-09-07 17:02:12,495] {logging_mixin.py:109} INFO - [2021-09-07 17:02:12,495] {dag.py:1833} INFO - Sync 1 DAGs
[2021-09-07 17:02:12,503] {logging_mixin.py:109} INFO - [2021-09-07 17:02:12,503] {dag.py:2306} INFO - Setting next_dagrun for airflow-log-cleanup-pwdless-ssh to 2021-09-06 00:00:00+00:00
[2021-09-07 17:02:12,511] {processor.py:170} INFO - Processing /usr/local/airflow/dags/airflow-log-cleanup-pwdless-ssh.py took 0.075 seconds
[2021-09-07 17:02:43,162] {processor.py:162} INFO - Started process (PID=2827) to work on /usr/local/airflow/dags/airflow-log-cleanup-pwdless-ssh.py
[2021-09-07 17:02:43,164] {processor.py:613} INFO - Processing file /usr/local/airflow/dags/airflow-log-cleanup-pwdless-ssh.py for tasks to queue
[2021-09-07 17:02:43,164] {logging_mixin.py:109} INFO - [2021-09-07 17:02:43,164] {dagbag.py:496} INFO - Filling up the DagBag from /usr/local/airflow/dags/airflow-log-cleanup-pwdless-ssh.py
[2021-09-07 17:02:43,173] {logging_mixin.py:109} INFO - [2021-09-07 17:02:43,173] {configuration.py:365} WARNING - section/key [core/base_log_folder] not found in config
[2021-09-07 17:02:43,256] {logging_mixin.py:109} INFO - [2021-09-07 17:02:43,256] {airflow-log-cleanup-pwdless-ssh.py:49} INFO - ENABLE_DELETE_CHILD_LOG  True
[2021-09-07 17:02:43,263] {processor.py:623} INFO - DAG(s) dict_keys(['airflow-log-cleanup-pwdless-ssh']) retrieved from /usr/local/airflow/dags/airflow-log-cleanup-pwdless-ssh.py
[2021-09-07 17:02:43,274] {logging_mixin.py:109} INFO - [2021-09-07 17:02:43,273] {dag.py:1833} INFO - Sync 1 DAGs
[2021-09-07 17:02:43,287] {logging_mixin.py:109} INFO - [2021-09-07 17:02:43,287] {dag.py:2306} INFO - Setting next_dagrun for airflow-log-cleanup-pwdless-ssh to 2021-09-06 00:00:00+00:00
[2021-09-07 17:02:43,297] {processor.py:170} INFO - Processing /usr/local/airflow/dags/airflow-log-cleanup-pwdless-ssh.py took 0.141 seconds
[2021-09-07 17:03:14,115] {processor.py:162} INFO - Started process (PID=2893) to work on /usr/local/airflow/dags/airflow-log-cleanup-pwdless-ssh.py
[2021-09-07 17:03:14,116] {processor.py:613} INFO - Processing file /usr/local/airflow/dags/airflow-log-cleanup-pwdless-ssh.py for tasks to queue
[2021-09-07 17:03:14,117] {logging_mixin.py:109} INFO - [2021-09-07 17:03:14,116] {dagbag.py:496} INFO - Filling up the DagBag from /usr/local/airflow/dags/airflow-log-cleanup-pwdless-ssh.py
[2021-09-07 17:03:14,126] {logging_mixin.py:109} INFO - [2021-09-07 17:03:14,125] {configuration.py:365} WARNING - section/key [core/base_log_folder] not found in config
[2021-09-07 17:03:14,194] {logging_mixin.py:109} INFO - [2021-09-07 17:03:14,194] {airflow-log-cleanup-pwdless-ssh.py:49} INFO - ENABLE_DELETE_CHILD_LOG  True
[2021-09-07 17:03:14,198] {processor.py:623} INFO - DAG(s) dict_keys(['airflow-log-cleanup-pwdless-ssh']) retrieved from /usr/local/airflow/dags/airflow-log-cleanup-pwdless-ssh.py
[2021-09-07 17:03:14,207] {logging_mixin.py:109} INFO - [2021-09-07 17:03:14,207] {dag.py:1833} INFO - Sync 1 DAGs
[2021-09-07 17:03:14,218] {logging_mixin.py:109} INFO - [2021-09-07 17:03:14,218] {dag.py:2306} INFO - Setting next_dagrun for airflow-log-cleanup-pwdless-ssh to 2021-09-06 00:00:00+00:00
[2021-09-07 17:03:14,227] {processor.py:170} INFO - Processing /usr/local/airflow/dags/airflow-log-cleanup-pwdless-ssh.py took 0.115 seconds
[2021-09-07 17:03:44,956] {processor.py:162} INFO - Started process (PID=2959) to work on /usr/local/airflow/dags/airflow-log-cleanup-pwdless-ssh.py
[2021-09-07 17:03:44,957] {processor.py:613} INFO - Processing file /usr/local/airflow/dags/airflow-log-cleanup-pwdless-ssh.py for tasks to queue
[2021-09-07 17:03:44,958] {logging_mixin.py:109} INFO - [2021-09-07 17:03:44,958] {dagbag.py:496} INFO - Filling up the DagBag from /usr/local/airflow/dags/airflow-log-cleanup-pwdless-ssh.py
[2021-09-07 17:03:44,966] {logging_mixin.py:109} INFO - [2021-09-07 17:03:44,966] {configuration.py:365} WARNING - section/key [core/base_log_folder] not found in config
[2021-09-07 17:03:45,029] {logging_mixin.py:109} INFO - [2021-09-07 17:03:45,029] {airflow-log-cleanup-pwdless-ssh.py:49} INFO - ENABLE_DELETE_CHILD_LOG  True
[2021-09-07 17:03:45,036] {processor.py:623} INFO - DAG(s) dict_keys(['airflow-log-cleanup-pwdless-ssh']) retrieved from /usr/local/airflow/dags/airflow-log-cleanup-pwdless-ssh.py
[2021-09-07 17:03:45,047] {logging_mixin.py:109} INFO - [2021-09-07 17:03:45,047] {dag.py:1833} INFO - Sync 1 DAGs
[2021-09-07 17:03:45,059] {logging_mixin.py:109} INFO - [2021-09-07 17:03:45,059] {dag.py:2306} INFO - Setting next_dagrun for airflow-log-cleanup-pwdless-ssh to 2021-09-06 00:00:00+00:00
[2021-09-07 17:03:45,125] {processor.py:170} INFO - Processing /usr/local/airflow/dags/airflow-log-cleanup-pwdless-ssh.py took 0.171 seconds
[2021-09-07 17:04:15,750] {processor.py:162} INFO - Started process (PID=3026) to work on /usr/local/airflow/dags/airflow-log-cleanup-pwdless-ssh.py
[2021-09-07 17:04:15,751] {processor.py:613} INFO - Processing file /usr/local/airflow/dags/airflow-log-cleanup-pwdless-ssh.py for tasks to queue
[2021-09-07 17:04:15,751] {logging_mixin.py:109} INFO - [2021-09-07 17:04:15,751] {dagbag.py:496} INFO - Filling up the DagBag from /usr/local/airflow/dags/airflow-log-cleanup-pwdless-ssh.py
[2021-09-07 17:04:15,756] {logging_mixin.py:109} INFO - [2021-09-07 17:04:15,756] {configuration.py:365} WARNING - section/key [core/base_log_folder] not found in config
[2021-09-07 17:04:15,797] {logging_mixin.py:109} INFO - [2021-09-07 17:04:15,797] {airflow-log-cleanup-pwdless-ssh.py:49} INFO - ENABLE_DELETE_CHILD_LOG  True
[2021-09-07 17:04:15,801] {processor.py:623} INFO - DAG(s) dict_keys(['airflow-log-cleanup-pwdless-ssh']) retrieved from /usr/local/airflow/dags/airflow-log-cleanup-pwdless-ssh.py
[2021-09-07 17:04:15,808] {logging_mixin.py:109} INFO - [2021-09-07 17:04:15,807] {dag.py:1833} INFO - Sync 1 DAGs
[2021-09-07 17:04:15,819] {logging_mixin.py:109} INFO - [2021-09-07 17:04:15,819] {dag.py:2306} INFO - Setting next_dagrun for airflow-log-cleanup-pwdless-ssh to 2021-09-06 00:00:00+00:00
[2021-09-07 17:04:15,863] {processor.py:170} INFO - Processing /usr/local/airflow/dags/airflow-log-cleanup-pwdless-ssh.py took 0.115 seconds
[2021-09-07 17:04:46,493] {processor.py:162} INFO - Started process (PID=3092) to work on /usr/local/airflow/dags/airflow-log-cleanup-pwdless-ssh.py
[2021-09-07 17:04:46,494] {processor.py:613} INFO - Processing file /usr/local/airflow/dags/airflow-log-cleanup-pwdless-ssh.py for tasks to queue
[2021-09-07 17:04:46,494] {logging_mixin.py:109} INFO - [2021-09-07 17:04:46,494] {dagbag.py:496} INFO - Filling up the DagBag from /usr/local/airflow/dags/airflow-log-cleanup-pwdless-ssh.py
[2021-09-07 17:04:46,501] {logging_mixin.py:109} INFO - [2021-09-07 17:04:46,500] {configuration.py:365} WARNING - section/key [core/base_log_folder] not found in config
[2021-09-07 17:04:46,551] {logging_mixin.py:109} INFO - [2021-09-07 17:04:46,551] {airflow-log-cleanup-pwdless-ssh.py:49} INFO - ENABLE_DELETE_CHILD_LOG  True
[2021-09-07 17:04:46,555] {processor.py:623} INFO - DAG(s) dict_keys(['airflow-log-cleanup-pwdless-ssh']) retrieved from /usr/local/airflow/dags/airflow-log-cleanup-pwdless-ssh.py
[2021-09-07 17:04:46,563] {logging_mixin.py:109} INFO - [2021-09-07 17:04:46,562] {dag.py:1833} INFO - Sync 1 DAGs
[2021-09-07 17:04:46,574] {logging_mixin.py:109} INFO - [2021-09-07 17:04:46,574] {dag.py:2306} INFO - Setting next_dagrun for airflow-log-cleanup-pwdless-ssh to 2021-09-06 00:00:00+00:00
[2021-09-07 17:04:46,631] {processor.py:170} INFO - Processing /usr/local/airflow/dags/airflow-log-cleanup-pwdless-ssh.py took 0.140 seconds
[2021-09-07 17:05:17,213] {processor.py:162} INFO - Started process (PID=3159) to work on /usr/local/airflow/dags/airflow-log-cleanup-pwdless-ssh.py
[2021-09-07 17:05:17,214] {processor.py:613} INFO - Processing file /usr/local/airflow/dags/airflow-log-cleanup-pwdless-ssh.py for tasks to queue
[2021-09-07 17:05:17,215] {logging_mixin.py:109} INFO - [2021-09-07 17:05:17,215] {dagbag.py:496} INFO - Filling up the DagBag from /usr/local/airflow/dags/airflow-log-cleanup-pwdless-ssh.py
[2021-09-07 17:05:17,218] {logging_mixin.py:109} INFO - [2021-09-07 17:05:17,218] {configuration.py:365} WARNING - section/key [core/base_log_folder] not found in config
[2021-09-07 17:05:17,272] {logging_mixin.py:109} INFO - [2021-09-07 17:05:17,272] {airflow-log-cleanup-pwdless-ssh.py:49} INFO - ENABLE_DELETE_CHILD_LOG  True
[2021-09-07 17:05:17,276] {processor.py:623} INFO - DAG(s) dict_keys(['airflow-log-cleanup-pwdless-ssh']) retrieved from /usr/local/airflow/dags/airflow-log-cleanup-pwdless-ssh.py
[2021-09-07 17:05:17,283] {logging_mixin.py:109} INFO - [2021-09-07 17:05:17,283] {dag.py:1833} INFO - Sync 1 DAGs
[2021-09-07 17:05:17,326] {logging_mixin.py:109} INFO - [2021-09-07 17:05:17,326] {dag.py:2306} INFO - Setting next_dagrun for airflow-log-cleanup-pwdless-ssh to 2021-09-06 00:00:00+00:00
[2021-09-07 17:05:17,333] {processor.py:170} INFO - Processing /usr/local/airflow/dags/airflow-log-cleanup-pwdless-ssh.py took 0.122 seconds
