[2021-09-07 10:34:52,353] {processor.py:162} INFO - Started process (PID=173) to work on /usr/local/airflow/dags/airflow-log-cleanup.py
[2021-09-07 10:34:52,354] {processor.py:613} INFO - Processing file /usr/local/airflow/dags/airflow-log-cleanup.py for tasks to queue
[2021-09-07 10:34:52,354] {logging_mixin.py:109} INFO - [2021-09-07 10:34:52,354] {dagbag.py:496} INFO - Filling up the DagBag from /usr/local/airflow/dags/airflow-log-cleanup.py
[2021-09-07 10:34:52,359] {logging_mixin.py:109} INFO - [2021-09-07 10:34:52,359] {configuration.py:365} WARNING - section/key [core/base_log_folder] not found in config
[2021-09-07 10:34:52,401] {logging_mixin.py:109} INFO - [2021-09-07 10:34:52,401] {airflow-log-cleanup.py:49} INFO - ENABLE_DELETE_CHILD_LOG  True
[2021-09-07 10:34:52,405] {processor.py:623} INFO - DAG(s) dict_keys(['airflow-log-cleanup']) retrieved from /usr/local/airflow/dags/airflow-log-cleanup.py
[2021-09-07 10:34:52,408] {logging_mixin.py:109} INFO - [2021-09-07 10:34:52,408] {dag.py:1833} INFO - Sync 1 DAGs
[2021-09-07 10:34:52,419] {logging_mixin.py:109} INFO - [2021-09-07 10:34:52,419] {dag.py:2306} INFO - Setting next_dagrun for airflow-log-cleanup to 2021-09-06 00:00:00+00:00
[2021-09-07 10:34:52,426] {processor.py:170} INFO - Processing /usr/local/airflow/dags/airflow-log-cleanup.py took 0.075 seconds
[2021-09-07 16:42:47,118] {processor.py:162} INFO - Started process (PID=173) to work on /usr/local/airflow/dags/airflow-log-cleanup.py
[2021-09-07 16:42:47,119] {processor.py:613} INFO - Processing file /usr/local/airflow/dags/airflow-log-cleanup.py for tasks to queue
[2021-09-07 16:42:47,119] {logging_mixin.py:109} INFO - [2021-09-07 16:42:47,119] {dagbag.py:496} INFO - Filling up the DagBag from /usr/local/airflow/dags/airflow-log-cleanup.py
[2021-09-07 16:42:47,125] {logging_mixin.py:109} INFO - [2021-09-07 16:42:47,124] {configuration.py:365} WARNING - section/key [core/base_log_folder] not found in config
[2021-09-07 16:42:47,171] {logging_mixin.py:109} INFO - [2021-09-07 16:42:47,171] {airflow-log-cleanup.py:49} INFO - ENABLE_DELETE_CHILD_LOG  True
[2021-09-07 16:42:47,175] {processor.py:623} INFO - DAG(s) dict_keys(['airflow-log-cleanup']) retrieved from /usr/local/airflow/dags/airflow-log-cleanup.py
[2021-09-07 16:42:47,181] {logging_mixin.py:109} INFO - [2021-09-07 16:42:47,181] {dag.py:1833} INFO - Sync 1 DAGs
[2021-09-07 16:42:47,192] {logging_mixin.py:109} INFO - [2021-09-07 16:42:47,192] {dag.py:2306} INFO - Setting next_dagrun for airflow-log-cleanup to 2021-09-06 00:00:00+00:00
[2021-09-07 16:42:47,199] {processor.py:170} INFO - Processing /usr/local/airflow/dags/airflow-log-cleanup.py took 0.084 seconds
[2021-09-07 16:43:17,789] {processor.py:162} INFO - Started process (PID=287) to work on /usr/local/airflow/dags/airflow-log-cleanup.py
[2021-09-07 16:43:17,790] {processor.py:613} INFO - Processing file /usr/local/airflow/dags/airflow-log-cleanup.py for tasks to queue
[2021-09-07 16:43:17,791] {logging_mixin.py:109} INFO - [2021-09-07 16:43:17,791] {dagbag.py:496} INFO - Filling up the DagBag from /usr/local/airflow/dags/airflow-log-cleanup.py
[2021-09-07 16:43:17,799] {logging_mixin.py:109} INFO - [2021-09-07 16:43:17,799] {configuration.py:365} WARNING - section/key [core/base_log_folder] not found in config
[2021-09-07 16:43:17,863] {logging_mixin.py:109} INFO - [2021-09-07 16:43:17,863] {airflow-log-cleanup.py:49} INFO - ENABLE_DELETE_CHILD_LOG  True
[2021-09-07 16:43:17,867] {processor.py:623} INFO - DAG(s) dict_keys(['airflow-log-cleanup']) retrieved from /usr/local/airflow/dags/airflow-log-cleanup.py
[2021-09-07 16:43:17,874] {logging_mixin.py:109} INFO - [2021-09-07 16:43:17,874] {dag.py:1833} INFO - Sync 1 DAGs
[2021-09-07 16:43:17,885] {logging_mixin.py:109} INFO - [2021-09-07 16:43:17,885] {dag.py:2306} INFO - Setting next_dagrun for airflow-log-cleanup to 2021-09-06 00:00:00+00:00
[2021-09-07 16:43:17,897] {processor.py:170} INFO - Processing /usr/local/airflow/dags/airflow-log-cleanup.py took 0.112 seconds
[2021-09-07 16:43:48,406] {processor.py:162} INFO - Started process (PID=353) to work on /usr/local/airflow/dags/airflow-log-cleanup.py
[2021-09-07 16:43:48,407] {processor.py:613} INFO - Processing file /usr/local/airflow/dags/airflow-log-cleanup.py for tasks to queue
[2021-09-07 16:43:48,408] {logging_mixin.py:109} INFO - [2021-09-07 16:43:48,408] {dagbag.py:496} INFO - Filling up the DagBag from /usr/local/airflow/dags/airflow-log-cleanup.py
[2021-09-07 16:43:48,414] {logging_mixin.py:109} INFO - [2021-09-07 16:43:48,414] {configuration.py:365} WARNING - section/key [core/base_log_folder] not found in config
[2021-09-07 16:43:48,474] {logging_mixin.py:109} INFO - [2021-09-07 16:43:48,474] {airflow-log-cleanup.py:49} INFO - ENABLE_DELETE_CHILD_LOG  True
[2021-09-07 16:43:48,478] {processor.py:623} INFO - DAG(s) dict_keys(['airflow-log-cleanup']) retrieved from /usr/local/airflow/dags/airflow-log-cleanup.py
[2021-09-07 16:43:48,484] {logging_mixin.py:109} INFO - [2021-09-07 16:43:48,484] {dag.py:1833} INFO - Sync 1 DAGs
[2021-09-07 16:43:48,496] {logging_mixin.py:109} INFO - [2021-09-07 16:43:48,495] {dag.py:2306} INFO - Setting next_dagrun for airflow-log-cleanup to 2021-09-06 00:00:00+00:00
[2021-09-07 16:43:48,507] {processor.py:170} INFO - Processing /usr/local/airflow/dags/airflow-log-cleanup.py took 0.103 seconds
[2021-09-07 16:44:19,016] {processor.py:162} INFO - Started process (PID=420) to work on /usr/local/airflow/dags/airflow-log-cleanup.py
[2021-09-07 16:44:19,017] {processor.py:613} INFO - Processing file /usr/local/airflow/dags/airflow-log-cleanup.py for tasks to queue
[2021-09-07 16:44:19,017] {logging_mixin.py:109} INFO - [2021-09-07 16:44:19,017] {dagbag.py:496} INFO - Filling up the DagBag from /usr/local/airflow/dags/airflow-log-cleanup.py
[2021-09-07 16:44:19,021] {logging_mixin.py:109} INFO - [2021-09-07 16:44:19,021] {configuration.py:365} WARNING - section/key [core/base_log_folder] not found in config
[2021-09-07 16:44:19,077] {logging_mixin.py:109} INFO - [2021-09-07 16:44:19,077] {airflow-log-cleanup.py:49} INFO - ENABLE_DELETE_CHILD_LOG  True
[2021-09-07 16:44:19,081] {processor.py:623} INFO - DAG(s) dict_keys(['airflow-log-cleanup']) retrieved from /usr/local/airflow/dags/airflow-log-cleanup.py
[2021-09-07 16:44:19,088] {logging_mixin.py:109} INFO - [2021-09-07 16:44:19,087] {dag.py:1833} INFO - Sync 1 DAGs
[2021-09-07 16:44:19,099] {logging_mixin.py:109} INFO - [2021-09-07 16:44:19,099] {dag.py:2306} INFO - Setting next_dagrun for airflow-log-cleanup to 2021-09-06 00:00:00+00:00
[2021-09-07 16:44:19,106] {processor.py:170} INFO - Processing /usr/local/airflow/dags/airflow-log-cleanup.py took 0.093 seconds
[2021-09-07 16:44:49,658] {processor.py:162} INFO - Started process (PID=486) to work on /usr/local/airflow/dags/airflow-log-cleanup.py
[2021-09-07 16:44:49,659] {processor.py:613} INFO - Processing file /usr/local/airflow/dags/airflow-log-cleanup.py for tasks to queue
[2021-09-07 16:44:49,659] {logging_mixin.py:109} INFO - [2021-09-07 16:44:49,659] {dagbag.py:496} INFO - Filling up the DagBag from /usr/local/airflow/dags/airflow-log-cleanup.py
[2021-09-07 16:44:49,663] {logging_mixin.py:109} INFO - [2021-09-07 16:44:49,663] {configuration.py:365} WARNING - section/key [core/base_log_folder] not found in config
[2021-09-07 16:44:49,711] {logging_mixin.py:109} INFO - [2021-09-07 16:44:49,711] {airflow-log-cleanup.py:49} INFO - ENABLE_DELETE_CHILD_LOG  True
[2021-09-07 16:44:49,717] {processor.py:623} INFO - DAG(s) dict_keys(['airflow-log-cleanup']) retrieved from /usr/local/airflow/dags/airflow-log-cleanup.py
[2021-09-07 16:44:49,723] {logging_mixin.py:109} INFO - [2021-09-07 16:44:49,723] {dag.py:1833} INFO - Sync 1 DAGs
[2021-09-07 16:44:49,734] {logging_mixin.py:109} INFO - [2021-09-07 16:44:49,734] {dag.py:2306} INFO - Setting next_dagrun for airflow-log-cleanup to 2021-09-06 00:00:00+00:00
[2021-09-07 16:44:49,742] {processor.py:170} INFO - Processing /usr/local/airflow/dags/airflow-log-cleanup.py took 0.086 seconds
[2021-09-07 16:45:20,273] {processor.py:162} INFO - Started process (PID=553) to work on /usr/local/airflow/dags/airflow-log-cleanup.py
[2021-09-07 16:45:20,274] {processor.py:613} INFO - Processing file /usr/local/airflow/dags/airflow-log-cleanup.py for tasks to queue
[2021-09-07 16:45:20,275] {logging_mixin.py:109} INFO - [2021-09-07 16:45:20,275] {dagbag.py:496} INFO - Filling up the DagBag from /usr/local/airflow/dags/airflow-log-cleanup.py
[2021-09-07 16:45:20,278] {logging_mixin.py:109} INFO - [2021-09-07 16:45:20,278] {configuration.py:365} WARNING - section/key [core/base_log_folder] not found in config
[2021-09-07 16:45:20,320] {logging_mixin.py:109} INFO - [2021-09-07 16:45:20,320] {airflow-log-cleanup.py:49} INFO - ENABLE_DELETE_CHILD_LOG  True
[2021-09-07 16:45:20,325] {processor.py:623} INFO - DAG(s) dict_keys(['airflow-log-cleanup']) retrieved from /usr/local/airflow/dags/airflow-log-cleanup.py
[2021-09-07 16:45:20,332] {logging_mixin.py:109} INFO - [2021-09-07 16:45:20,331] {dag.py:1833} INFO - Sync 1 DAGs
[2021-09-07 16:45:20,343] {logging_mixin.py:109} INFO - [2021-09-07 16:45:20,343] {dag.py:2306} INFO - Setting next_dagrun for airflow-log-cleanup to 2021-09-06 00:00:00+00:00
[2021-09-07 16:45:20,354] {processor.py:170} INFO - Processing /usr/local/airflow/dags/airflow-log-cleanup.py took 0.082 seconds
[2021-09-07 16:45:50,902] {processor.py:162} INFO - Started process (PID=620) to work on /usr/local/airflow/dags/airflow-log-cleanup.py
[2021-09-07 16:45:50,903] {processor.py:613} INFO - Processing file /usr/local/airflow/dags/airflow-log-cleanup.py for tasks to queue
[2021-09-07 16:45:50,903] {logging_mixin.py:109} INFO - [2021-09-07 16:45:50,903] {dagbag.py:496} INFO - Filling up the DagBag from /usr/local/airflow/dags/airflow-log-cleanup.py
[2021-09-07 16:45:50,911] {logging_mixin.py:109} INFO - [2021-09-07 16:45:50,911] {configuration.py:365} WARNING - section/key [core/base_log_folder] not found in config
[2021-09-07 16:45:50,971] {logging_mixin.py:109} INFO - [2021-09-07 16:45:50,971] {airflow-log-cleanup.py:49} INFO - ENABLE_DELETE_CHILD_LOG  True
[2021-09-07 16:45:50,979] {processor.py:623} INFO - DAG(s) dict_keys(['airflow-log-cleanup']) retrieved from /usr/local/airflow/dags/airflow-log-cleanup.py
[2021-09-07 16:45:50,987] {logging_mixin.py:109} INFO - [2021-09-07 16:45:50,986] {dag.py:1833} INFO - Sync 1 DAGs
[2021-09-07 16:45:51,003] {logging_mixin.py:109} INFO - [2021-09-07 16:45:51,003] {dag.py:2306} INFO - Setting next_dagrun for airflow-log-cleanup to 2021-09-06 00:00:00+00:00
[2021-09-07 16:45:51,017] {processor.py:170} INFO - Processing /usr/local/airflow/dags/airflow-log-cleanup.py took 0.117 seconds
[2021-09-07 16:46:21,656] {processor.py:162} INFO - Started process (PID=686) to work on /usr/local/airflow/dags/airflow-log-cleanup.py
[2021-09-07 16:46:21,657] {processor.py:613} INFO - Processing file /usr/local/airflow/dags/airflow-log-cleanup.py for tasks to queue
[2021-09-07 16:46:21,658] {logging_mixin.py:109} INFO - [2021-09-07 16:46:21,658] {dagbag.py:496} INFO - Filling up the DagBag from /usr/local/airflow/dags/airflow-log-cleanup.py
[2021-09-07 16:46:21,666] {logging_mixin.py:109} INFO - [2021-09-07 16:46:21,666] {configuration.py:365} WARNING - section/key [core/base_log_folder] not found in config
[2021-09-07 16:46:21,746] {logging_mixin.py:109} INFO - [2021-09-07 16:46:21,745] {airflow-log-cleanup.py:49} INFO - ENABLE_DELETE_CHILD_LOG  True
[2021-09-07 16:46:21,752] {processor.py:623} INFO - DAG(s) dict_keys(['airflow-log-cleanup']) retrieved from /usr/local/airflow/dags/airflow-log-cleanup.py
[2021-09-07 16:46:21,760] {logging_mixin.py:109} INFO - [2021-09-07 16:46:21,760] {dag.py:1833} INFO - Sync 1 DAGs
[2021-09-07 16:46:21,783] {logging_mixin.py:109} INFO - [2021-09-07 16:46:21,783] {dag.py:2306} INFO - Setting next_dagrun for airflow-log-cleanup to 2021-09-06 00:00:00+00:00
[2021-09-07 16:46:21,806] {processor.py:170} INFO - Processing /usr/local/airflow/dags/airflow-log-cleanup.py took 0.155 seconds
[2021-09-07 16:46:52,553] {processor.py:162} INFO - Started process (PID=752) to work on /usr/local/airflow/dags/airflow-log-cleanup.py
[2021-09-07 16:46:52,554] {processor.py:613} INFO - Processing file /usr/local/airflow/dags/airflow-log-cleanup.py for tasks to queue
[2021-09-07 16:46:52,555] {logging_mixin.py:109} INFO - [2021-09-07 16:46:52,555] {dagbag.py:496} INFO - Filling up the DagBag from /usr/local/airflow/dags/airflow-log-cleanup.py
[2021-09-07 16:46:52,562] {logging_mixin.py:109} INFO - [2021-09-07 16:46:52,562] {configuration.py:365} WARNING - section/key [core/base_log_folder] not found in config
[2021-09-07 16:46:52,621] {logging_mixin.py:109} INFO - [2021-09-07 16:46:52,621] {airflow-log-cleanup.py:49} INFO - ENABLE_DELETE_CHILD_LOG  True
[2021-09-07 16:46:52,625] {processor.py:623} INFO - DAG(s) dict_keys(['airflow-log-cleanup']) retrieved from /usr/local/airflow/dags/airflow-log-cleanup.py
[2021-09-07 16:46:52,632] {logging_mixin.py:109} INFO - [2021-09-07 16:46:52,631] {dag.py:1833} INFO - Sync 1 DAGs
[2021-09-07 16:46:52,646] {logging_mixin.py:109} INFO - [2021-09-07 16:46:52,646] {dag.py:2306} INFO - Setting next_dagrun for airflow-log-cleanup to 2021-09-06 00:00:00+00:00
[2021-09-07 16:46:52,655] {processor.py:170} INFO - Processing /usr/local/airflow/dags/airflow-log-cleanup.py took 0.106 seconds
[2021-09-07 16:47:23,168] {processor.py:162} INFO - Started process (PID=818) to work on /usr/local/airflow/dags/airflow-log-cleanup.py
[2021-09-07 16:47:23,169] {processor.py:613} INFO - Processing file /usr/local/airflow/dags/airflow-log-cleanup.py for tasks to queue
[2021-09-07 16:47:23,169] {logging_mixin.py:109} INFO - [2021-09-07 16:47:23,169] {dagbag.py:496} INFO - Filling up the DagBag from /usr/local/airflow/dags/airflow-log-cleanup.py
[2021-09-07 16:47:23,175] {logging_mixin.py:109} INFO - [2021-09-07 16:47:23,175] {configuration.py:365} WARNING - section/key [core/base_log_folder] not found in config
[2021-09-07 16:47:23,228] {logging_mixin.py:109} INFO - [2021-09-07 16:47:23,228] {airflow-log-cleanup.py:49} INFO - ENABLE_DELETE_CHILD_LOG  True
[2021-09-07 16:47:23,232] {processor.py:623} INFO - DAG(s) dict_keys(['airflow-log-cleanup']) retrieved from /usr/local/airflow/dags/airflow-log-cleanup.py
[2021-09-07 16:47:23,239] {logging_mixin.py:109} INFO - [2021-09-07 16:47:23,239] {dag.py:1833} INFO - Sync 1 DAGs
[2021-09-07 16:47:23,250] {logging_mixin.py:109} INFO - [2021-09-07 16:47:23,250] {dag.py:2306} INFO - Setting next_dagrun for airflow-log-cleanup to 2021-09-06 00:00:00+00:00
[2021-09-07 16:47:23,257] {processor.py:170} INFO - Processing /usr/local/airflow/dags/airflow-log-cleanup.py took 0.092 seconds
[2021-09-07 16:47:53,858] {processor.py:162} INFO - Started process (PID=884) to work on /usr/local/airflow/dags/airflow-log-cleanup.py
[2021-09-07 16:47:53,859] {processor.py:613} INFO - Processing file /usr/local/airflow/dags/airflow-log-cleanup.py for tasks to queue
[2021-09-07 16:47:53,859] {logging_mixin.py:109} INFO - [2021-09-07 16:47:53,859] {dagbag.py:496} INFO - Filling up the DagBag from /usr/local/airflow/dags/airflow-log-cleanup.py
[2021-09-07 16:47:53,863] {logging_mixin.py:109} INFO - [2021-09-07 16:47:53,863] {configuration.py:365} WARNING - section/key [core/base_log_folder] not found in config
[2021-09-07 16:47:53,920] {logging_mixin.py:109} INFO - [2021-09-07 16:47:53,919] {airflow-log-cleanup.py:49} INFO - ENABLE_DELETE_CHILD_LOG  True
[2021-09-07 16:47:53,924] {processor.py:623} INFO - DAG(s) dict_keys(['airflow-log-cleanup']) retrieved from /usr/local/airflow/dags/airflow-log-cleanup.py
[2021-09-07 16:47:53,931] {logging_mixin.py:109} INFO - [2021-09-07 16:47:53,931] {dag.py:1833} INFO - Sync 1 DAGs
[2021-09-07 16:47:53,943] {logging_mixin.py:109} INFO - [2021-09-07 16:47:53,943] {dag.py:2306} INFO - Setting next_dagrun for airflow-log-cleanup to 2021-09-06 00:00:00+00:00
[2021-09-07 16:47:53,955] {processor.py:170} INFO - Processing /usr/local/airflow/dags/airflow-log-cleanup.py took 0.099 seconds
[2021-09-07 16:48:24,488] {processor.py:162} INFO - Started process (PID=950) to work on /usr/local/airflow/dags/airflow-log-cleanup.py
[2021-09-07 16:48:24,489] {processor.py:613} INFO - Processing file /usr/local/airflow/dags/airflow-log-cleanup.py for tasks to queue
[2021-09-07 16:48:24,489] {logging_mixin.py:109} INFO - [2021-09-07 16:48:24,489] {dagbag.py:496} INFO - Filling up the DagBag from /usr/local/airflow/dags/airflow-log-cleanup.py
[2021-09-07 16:48:24,494] {logging_mixin.py:109} INFO - [2021-09-07 16:48:24,494] {configuration.py:365} WARNING - section/key [core/base_log_folder] not found in config
[2021-09-07 16:48:24,554] {logging_mixin.py:109} INFO - [2021-09-07 16:48:24,554] {airflow-log-cleanup.py:49} INFO - ENABLE_DELETE_CHILD_LOG  True
[2021-09-07 16:48:24,558] {processor.py:623} INFO - DAG(s) dict_keys(['airflow-log-cleanup']) retrieved from /usr/local/airflow/dags/airflow-log-cleanup.py
[2021-09-07 16:48:24,565] {logging_mixin.py:109} INFO - [2021-09-07 16:48:24,565] {dag.py:1833} INFO - Sync 1 DAGs
[2021-09-07 16:48:24,576] {logging_mixin.py:109} INFO - [2021-09-07 16:48:24,576] {dag.py:2306} INFO - Setting next_dagrun for airflow-log-cleanup to 2021-09-06 00:00:00+00:00
[2021-09-07 16:48:24,584] {processor.py:170} INFO - Processing /usr/local/airflow/dags/airflow-log-cleanup.py took 0.098 seconds
[2021-09-07 16:48:55,138] {processor.py:162} INFO - Started process (PID=1016) to work on /usr/local/airflow/dags/airflow-log-cleanup.py
[2021-09-07 16:48:55,139] {processor.py:613} INFO - Processing file /usr/local/airflow/dags/airflow-log-cleanup.py for tasks to queue
[2021-09-07 16:48:55,139] {logging_mixin.py:109} INFO - [2021-09-07 16:48:55,139] {dagbag.py:496} INFO - Filling up the DagBag from /usr/local/airflow/dags/airflow-log-cleanup.py
[2021-09-07 16:48:55,145] {logging_mixin.py:109} INFO - [2021-09-07 16:48:55,145] {configuration.py:365} WARNING - section/key [core/base_log_folder] not found in config
[2021-09-07 16:48:55,202] {logging_mixin.py:109} INFO - [2021-09-07 16:48:55,202] {airflow-log-cleanup.py:49} INFO - ENABLE_DELETE_CHILD_LOG  True
[2021-09-07 16:48:55,207] {processor.py:623} INFO - DAG(s) dict_keys(['airflow-log-cleanup']) retrieved from /usr/local/airflow/dags/airflow-log-cleanup.py
[2021-09-07 16:48:55,213] {logging_mixin.py:109} INFO - [2021-09-07 16:48:55,213] {dag.py:1833} INFO - Sync 1 DAGs
[2021-09-07 16:48:55,225] {logging_mixin.py:109} INFO - [2021-09-07 16:48:55,225] {dag.py:2306} INFO - Setting next_dagrun for airflow-log-cleanup to 2021-09-06 00:00:00+00:00
[2021-09-07 16:48:55,232] {processor.py:170} INFO - Processing /usr/local/airflow/dags/airflow-log-cleanup.py took 0.098 seconds
[2021-09-07 16:49:25,773] {processor.py:162} INFO - Started process (PID=1082) to work on /usr/local/airflow/dags/airflow-log-cleanup.py
[2021-09-07 16:49:25,774] {processor.py:613} INFO - Processing file /usr/local/airflow/dags/airflow-log-cleanup.py for tasks to queue
[2021-09-07 16:49:25,775] {logging_mixin.py:109} INFO - [2021-09-07 16:49:25,775] {dagbag.py:496} INFO - Filling up the DagBag from /usr/local/airflow/dags/airflow-log-cleanup.py
[2021-09-07 16:49:25,782] {logging_mixin.py:109} INFO - [2021-09-07 16:49:25,782] {configuration.py:365} WARNING - section/key [core/base_log_folder] not found in config
[2021-09-07 16:49:25,843] {logging_mixin.py:109} INFO - [2021-09-07 16:49:25,842] {airflow-log-cleanup.py:49} INFO - ENABLE_DELETE_CHILD_LOG  True
[2021-09-07 16:49:25,849] {processor.py:623} INFO - DAG(s) dict_keys(['airflow-log-cleanup']) retrieved from /usr/local/airflow/dags/airflow-log-cleanup.py
[2021-09-07 16:49:25,856] {logging_mixin.py:109} INFO - [2021-09-07 16:49:25,856] {dag.py:1833} INFO - Sync 1 DAGs
[2021-09-07 16:49:25,868] {logging_mixin.py:109} INFO - [2021-09-07 16:49:25,868] {dag.py:2306} INFO - Setting next_dagrun for airflow-log-cleanup to 2021-09-06 00:00:00+00:00
[2021-09-07 16:49:25,874] {processor.py:170} INFO - Processing /usr/local/airflow/dags/airflow-log-cleanup.py took 0.105 seconds
[2021-09-07 16:49:56,443] {processor.py:162} INFO - Started process (PID=1148) to work on /usr/local/airflow/dags/airflow-log-cleanup.py
[2021-09-07 16:49:56,444] {processor.py:613} INFO - Processing file /usr/local/airflow/dags/airflow-log-cleanup.py for tasks to queue
[2021-09-07 16:49:56,444] {logging_mixin.py:109} INFO - [2021-09-07 16:49:56,444] {dagbag.py:496} INFO - Filling up the DagBag from /usr/local/airflow/dags/airflow-log-cleanup.py
[2021-09-07 16:49:56,452] {logging_mixin.py:109} INFO - [2021-09-07 16:49:56,452] {configuration.py:365} WARNING - section/key [core/base_log_folder] not found in config
[2021-09-07 16:49:56,497] {logging_mixin.py:109} INFO - [2021-09-07 16:49:56,497] {airflow-log-cleanup.py:49} INFO - ENABLE_DELETE_CHILD_LOG  True
[2021-09-07 16:49:56,503] {processor.py:623} INFO - DAG(s) dict_keys(['airflow-log-cleanup']) retrieved from /usr/local/airflow/dags/airflow-log-cleanup.py
[2021-09-07 16:49:56,510] {logging_mixin.py:109} INFO - [2021-09-07 16:49:56,510] {dag.py:1833} INFO - Sync 1 DAGs
[2021-09-07 16:49:56,522] {logging_mixin.py:109} INFO - [2021-09-07 16:49:56,522] {dag.py:2306} INFO - Setting next_dagrun for airflow-log-cleanup to 2021-09-06 00:00:00+00:00
[2021-09-07 16:49:56,530] {processor.py:170} INFO - Processing /usr/local/airflow/dags/airflow-log-cleanup.py took 0.091 seconds
[2021-09-07 16:50:27,042] {processor.py:162} INFO - Started process (PID=1214) to work on /usr/local/airflow/dags/airflow-log-cleanup.py
[2021-09-07 16:50:27,044] {processor.py:613} INFO - Processing file /usr/local/airflow/dags/airflow-log-cleanup.py for tasks to queue
[2021-09-07 16:50:27,045] {logging_mixin.py:109} INFO - [2021-09-07 16:50:27,044] {dagbag.py:496} INFO - Filling up the DagBag from /usr/local/airflow/dags/airflow-log-cleanup.py
[2021-09-07 16:50:27,052] {logging_mixin.py:109} INFO - [2021-09-07 16:50:27,052] {configuration.py:365} WARNING - section/key [core/base_log_folder] not found in config
[2021-09-07 16:50:27,107] {logging_mixin.py:109} INFO - [2021-09-07 16:50:27,107] {airflow-log-cleanup.py:49} INFO - ENABLE_DELETE_CHILD_LOG  True
[2021-09-07 16:50:27,111] {processor.py:623} INFO - DAG(s) dict_keys(['airflow-log-cleanup']) retrieved from /usr/local/airflow/dags/airflow-log-cleanup.py
[2021-09-07 16:50:27,117] {logging_mixin.py:109} INFO - [2021-09-07 16:50:27,117] {dag.py:1833} INFO - Sync 1 DAGs
[2021-09-07 16:50:27,128] {logging_mixin.py:109} INFO - [2021-09-07 16:50:27,128] {dag.py:2306} INFO - Setting next_dagrun for airflow-log-cleanup to 2021-09-06 00:00:00+00:00
[2021-09-07 16:50:27,139] {processor.py:170} INFO - Processing /usr/local/airflow/dags/airflow-log-cleanup.py took 0.101 seconds
[2021-09-07 16:50:57,693] {processor.py:162} INFO - Started process (PID=1281) to work on /usr/local/airflow/dags/airflow-log-cleanup.py
[2021-09-07 16:50:57,694] {processor.py:613} INFO - Processing file /usr/local/airflow/dags/airflow-log-cleanup.py for tasks to queue
[2021-09-07 16:50:57,694] {logging_mixin.py:109} INFO - [2021-09-07 16:50:57,694] {dagbag.py:496} INFO - Filling up the DagBag from /usr/local/airflow/dags/airflow-log-cleanup.py
[2021-09-07 16:50:57,700] {logging_mixin.py:109} INFO - [2021-09-07 16:50:57,700] {configuration.py:365} WARNING - section/key [core/base_log_folder] not found in config
[2021-09-07 16:50:57,758] {logging_mixin.py:109} INFO - [2021-09-07 16:50:57,758] {airflow-log-cleanup.py:49} INFO - ENABLE_DELETE_CHILD_LOG  True
[2021-09-07 16:50:57,763] {processor.py:623} INFO - DAG(s) dict_keys(['airflow-log-cleanup']) retrieved from /usr/local/airflow/dags/airflow-log-cleanup.py
[2021-09-07 16:50:57,771] {logging_mixin.py:109} INFO - [2021-09-07 16:50:57,771] {dag.py:1833} INFO - Sync 1 DAGs
[2021-09-07 16:50:57,783] {logging_mixin.py:109} INFO - [2021-09-07 16:50:57,783] {dag.py:2306} INFO - Setting next_dagrun for airflow-log-cleanup to 2021-09-06 00:00:00+00:00
[2021-09-07 16:50:57,796] {processor.py:170} INFO - Processing /usr/local/airflow/dags/airflow-log-cleanup.py took 0.106 seconds
[2021-09-07 16:51:28,373] {processor.py:162} INFO - Started process (PID=1348) to work on /usr/local/airflow/dags/airflow-log-cleanup.py
[2021-09-07 16:51:28,374] {processor.py:613} INFO - Processing file /usr/local/airflow/dags/airflow-log-cleanup.py for tasks to queue
[2021-09-07 16:51:28,376] {logging_mixin.py:109} INFO - [2021-09-07 16:51:28,375] {dagbag.py:496} INFO - Filling up the DagBag from /usr/local/airflow/dags/airflow-log-cleanup.py
[2021-09-07 16:51:28,382] {logging_mixin.py:109} INFO - [2021-09-07 16:51:28,382] {configuration.py:365} WARNING - section/key [core/base_log_folder] not found in config
[2021-09-07 16:51:28,439] {logging_mixin.py:109} INFO - [2021-09-07 16:51:28,439] {airflow-log-cleanup.py:49} INFO - ENABLE_DELETE_CHILD_LOG  True
[2021-09-07 16:51:28,445] {processor.py:623} INFO - DAG(s) dict_keys(['airflow-log-cleanup']) retrieved from /usr/local/airflow/dags/airflow-log-cleanup.py
[2021-09-07 16:51:28,451] {logging_mixin.py:109} INFO - [2021-09-07 16:51:28,451] {dag.py:1833} INFO - Sync 1 DAGs
[2021-09-07 16:51:28,463] {logging_mixin.py:109} INFO - [2021-09-07 16:51:28,463] {dag.py:2306} INFO - Setting next_dagrun for airflow-log-cleanup to 2021-09-06 00:00:00+00:00
[2021-09-07 16:51:28,471] {processor.py:170} INFO - Processing /usr/local/airflow/dags/airflow-log-cleanup.py took 0.103 seconds
[2021-09-07 16:51:59,000] {processor.py:162} INFO - Started process (PID=1414) to work on /usr/local/airflow/dags/airflow-log-cleanup.py
[2021-09-07 16:51:59,001] {processor.py:613} INFO - Processing file /usr/local/airflow/dags/airflow-log-cleanup.py for tasks to queue
[2021-09-07 16:51:59,002] {logging_mixin.py:109} INFO - [2021-09-07 16:51:59,002] {dagbag.py:496} INFO - Filling up the DagBag from /usr/local/airflow/dags/airflow-log-cleanup.py
[2021-09-07 16:51:59,009] {logging_mixin.py:109} INFO - [2021-09-07 16:51:59,009] {configuration.py:365} WARNING - section/key [core/base_log_folder] not found in config
[2021-09-07 16:51:59,065] {logging_mixin.py:109} INFO - [2021-09-07 16:51:59,065] {airflow-log-cleanup.py:49} INFO - ENABLE_DELETE_CHILD_LOG  True
[2021-09-07 16:51:59,069] {processor.py:623} INFO - DAG(s) dict_keys(['airflow-log-cleanup']) retrieved from /usr/local/airflow/dags/airflow-log-cleanup.py
[2021-09-07 16:51:59,076] {logging_mixin.py:109} INFO - [2021-09-07 16:51:59,076] {dag.py:1833} INFO - Sync 1 DAGs
[2021-09-07 16:51:59,087] {logging_mixin.py:109} INFO - [2021-09-07 16:51:59,087] {dag.py:2306} INFO - Setting next_dagrun for airflow-log-cleanup to 2021-09-06 00:00:00+00:00
[2021-09-07 16:51:59,099] {processor.py:170} INFO - Processing /usr/local/airflow/dags/airflow-log-cleanup.py took 0.102 seconds
[2021-09-07 16:52:29,609] {processor.py:162} INFO - Started process (PID=1481) to work on /usr/local/airflow/dags/airflow-log-cleanup.py
[2021-09-07 16:52:29,610] {processor.py:613} INFO - Processing file /usr/local/airflow/dags/airflow-log-cleanup.py for tasks to queue
[2021-09-07 16:52:29,611] {logging_mixin.py:109} INFO - [2021-09-07 16:52:29,611] {dagbag.py:496} INFO - Filling up the DagBag from /usr/local/airflow/dags/airflow-log-cleanup.py
[2021-09-07 16:52:29,619] {logging_mixin.py:109} INFO - [2021-09-07 16:52:29,619] {configuration.py:365} WARNING - section/key [core/base_log_folder] not found in config
[2021-09-07 16:52:29,677] {logging_mixin.py:109} INFO - [2021-09-07 16:52:29,677] {airflow-log-cleanup.py:49} INFO - ENABLE_DELETE_CHILD_LOG  True
[2021-09-07 16:52:29,681] {processor.py:623} INFO - DAG(s) dict_keys(['airflow-log-cleanup']) retrieved from /usr/local/airflow/dags/airflow-log-cleanup.py
[2021-09-07 16:52:29,688] {logging_mixin.py:109} INFO - [2021-09-07 16:52:29,687] {dag.py:1833} INFO - Sync 1 DAGs
[2021-09-07 16:52:29,699] {logging_mixin.py:109} INFO - [2021-09-07 16:52:29,699] {dag.py:2306} INFO - Setting next_dagrun for airflow-log-cleanup to 2021-09-06 00:00:00+00:00
[2021-09-07 16:52:29,711] {processor.py:170} INFO - Processing /usr/local/airflow/dags/airflow-log-cleanup.py took 0.105 seconds
[2021-09-07 16:53:00,244] {processor.py:162} INFO - Started process (PID=1547) to work on /usr/local/airflow/dags/airflow-log-cleanup.py
[2021-09-07 16:53:00,245] {processor.py:613} INFO - Processing file /usr/local/airflow/dags/airflow-log-cleanup.py for tasks to queue
[2021-09-07 16:53:00,246] {logging_mixin.py:109} INFO - [2021-09-07 16:53:00,246] {dagbag.py:496} INFO - Filling up the DagBag from /usr/local/airflow/dags/airflow-log-cleanup.py
[2021-09-07 16:53:00,251] {logging_mixin.py:109} INFO - [2021-09-07 16:53:00,251] {configuration.py:365} WARNING - section/key [core/base_log_folder] not found in config
[2021-09-07 16:53:00,307] {logging_mixin.py:109} INFO - [2021-09-07 16:53:00,307] {airflow-log-cleanup.py:49} INFO - ENABLE_DELETE_CHILD_LOG  True
[2021-09-07 16:53:00,312] {processor.py:623} INFO - DAG(s) dict_keys(['airflow-log-cleanup']) retrieved from /usr/local/airflow/dags/airflow-log-cleanup.py
[2021-09-07 16:53:00,318] {logging_mixin.py:109} INFO - [2021-09-07 16:53:00,318] {dag.py:1833} INFO - Sync 1 DAGs
[2021-09-07 16:53:00,329] {logging_mixin.py:109} INFO - [2021-09-07 16:53:00,329] {dag.py:2306} INFO - Setting next_dagrun for airflow-log-cleanup to 2021-09-06 00:00:00+00:00
[2021-09-07 16:53:00,337] {processor.py:170} INFO - Processing /usr/local/airflow/dags/airflow-log-cleanup.py took 0.097 seconds
[2021-09-07 16:53:30,851] {processor.py:162} INFO - Started process (PID=1614) to work on /usr/local/airflow/dags/airflow-log-cleanup.py
[2021-09-07 16:53:30,852] {processor.py:613} INFO - Processing file /usr/local/airflow/dags/airflow-log-cleanup.py for tasks to queue
[2021-09-07 16:53:30,853] {logging_mixin.py:109} INFO - [2021-09-07 16:53:30,853] {dagbag.py:496} INFO - Filling up the DagBag from /usr/local/airflow/dags/airflow-log-cleanup.py
[2021-09-07 16:53:30,859] {logging_mixin.py:109} INFO - [2021-09-07 16:53:30,859] {configuration.py:365} WARNING - section/key [core/base_log_folder] not found in config
[2021-09-07 16:53:30,914] {logging_mixin.py:109} INFO - [2021-09-07 16:53:30,914] {airflow-log-cleanup.py:49} INFO - ENABLE_DELETE_CHILD_LOG  True
[2021-09-07 16:53:30,919] {processor.py:623} INFO - DAG(s) dict_keys(['airflow-log-cleanup']) retrieved from /usr/local/airflow/dags/airflow-log-cleanup.py
[2021-09-07 16:53:30,925] {logging_mixin.py:109} INFO - [2021-09-07 16:53:30,925] {dag.py:1833} INFO - Sync 1 DAGs
[2021-09-07 16:53:30,937] {logging_mixin.py:109} INFO - [2021-09-07 16:53:30,937] {dag.py:2306} INFO - Setting next_dagrun for airflow-log-cleanup to 2021-09-06 00:00:00+00:00
[2021-09-07 16:53:30,944] {processor.py:170} INFO - Processing /usr/local/airflow/dags/airflow-log-cleanup.py took 0.096 seconds
[2021-09-07 16:54:01,458] {processor.py:162} INFO - Started process (PID=1681) to work on /usr/local/airflow/dags/airflow-log-cleanup.py
[2021-09-07 16:54:01,459] {processor.py:613} INFO - Processing file /usr/local/airflow/dags/airflow-log-cleanup.py for tasks to queue
[2021-09-07 16:54:01,459] {logging_mixin.py:109} INFO - [2021-09-07 16:54:01,459] {dagbag.py:496} INFO - Filling up the DagBag from /usr/local/airflow/dags/airflow-log-cleanup.py
[2021-09-07 16:54:01,467] {logging_mixin.py:109} INFO - [2021-09-07 16:54:01,467] {configuration.py:365} WARNING - section/key [core/base_log_folder] not found in config
[2021-09-07 16:54:01,525] {logging_mixin.py:109} INFO - [2021-09-07 16:54:01,525] {airflow-log-cleanup.py:49} INFO - ENABLE_DELETE_CHILD_LOG  True
[2021-09-07 16:54:01,529] {processor.py:623} INFO - DAG(s) dict_keys(['airflow-log-cleanup']) retrieved from /usr/local/airflow/dags/airflow-log-cleanup.py
[2021-09-07 16:54:01,537] {logging_mixin.py:109} INFO - [2021-09-07 16:54:01,536] {dag.py:1833} INFO - Sync 1 DAGs
[2021-09-07 16:54:01,550] {logging_mixin.py:109} INFO - [2021-09-07 16:54:01,550] {dag.py:2306} INFO - Setting next_dagrun for airflow-log-cleanup to 2021-09-06 00:00:00+00:00
[2021-09-07 16:54:01,562] {processor.py:170} INFO - Processing /usr/local/airflow/dags/airflow-log-cleanup.py took 0.108 seconds
[2021-09-07 16:54:32,078] {processor.py:162} INFO - Started process (PID=1747) to work on /usr/local/airflow/dags/airflow-log-cleanup.py
[2021-09-07 16:54:32,079] {processor.py:613} INFO - Processing file /usr/local/airflow/dags/airflow-log-cleanup.py for tasks to queue
[2021-09-07 16:54:32,079] {logging_mixin.py:109} INFO - [2021-09-07 16:54:32,079] {dagbag.py:496} INFO - Filling up the DagBag from /usr/local/airflow/dags/airflow-log-cleanup.py
[2021-09-07 16:54:32,086] {logging_mixin.py:109} INFO - [2021-09-07 16:54:32,086] {configuration.py:365} WARNING - section/key [core/base_log_folder] not found in config
[2021-09-07 16:54:32,139] {logging_mixin.py:109} INFO - [2021-09-07 16:54:32,139] {airflow-log-cleanup.py:49} INFO - ENABLE_DELETE_CHILD_LOG  True
[2021-09-07 16:54:32,144] {processor.py:623} INFO - DAG(s) dict_keys(['airflow-log-cleanup']) retrieved from /usr/local/airflow/dags/airflow-log-cleanup.py
[2021-09-07 16:54:32,150] {logging_mixin.py:109} INFO - [2021-09-07 16:54:32,150] {dag.py:1833} INFO - Sync 1 DAGs
[2021-09-07 16:54:32,162] {logging_mixin.py:109} INFO - [2021-09-07 16:54:32,162] {dag.py:2306} INFO - Setting next_dagrun for airflow-log-cleanup to 2021-09-06 00:00:00+00:00
[2021-09-07 16:54:32,170] {processor.py:170} INFO - Processing /usr/local/airflow/dags/airflow-log-cleanup.py took 0.095 seconds
[2021-09-07 16:55:02,689] {processor.py:162} INFO - Started process (PID=1813) to work on /usr/local/airflow/dags/airflow-log-cleanup.py
[2021-09-07 16:55:02,691] {processor.py:613} INFO - Processing file /usr/local/airflow/dags/airflow-log-cleanup.py for tasks to queue
[2021-09-07 16:55:02,691] {logging_mixin.py:109} INFO - [2021-09-07 16:55:02,691] {dagbag.py:496} INFO - Filling up the DagBag from /usr/local/airflow/dags/airflow-log-cleanup.py
[2021-09-07 16:55:02,698] {logging_mixin.py:109} INFO - [2021-09-07 16:55:02,698] {configuration.py:365} WARNING - section/key [core/base_log_folder] not found in config
[2021-09-07 16:55:02,757] {logging_mixin.py:109} INFO - [2021-09-07 16:55:02,757] {airflow-log-cleanup.py:49} INFO - ENABLE_DELETE_CHILD_LOG  True
[2021-09-07 16:55:02,762] {processor.py:623} INFO - DAG(s) dict_keys(['airflow-log-cleanup']) retrieved from /usr/local/airflow/dags/airflow-log-cleanup.py
[2021-09-07 16:55:02,768] {logging_mixin.py:109} INFO - [2021-09-07 16:55:02,768] {dag.py:1833} INFO - Sync 1 DAGs
[2021-09-07 16:55:02,780] {logging_mixin.py:109} INFO - [2021-09-07 16:55:02,779] {dag.py:2306} INFO - Setting next_dagrun for airflow-log-cleanup to 2021-09-06 00:00:00+00:00
[2021-09-07 16:55:02,788] {processor.py:170} INFO - Processing /usr/local/airflow/dags/airflow-log-cleanup.py took 0.103 seconds
[2021-09-07 16:55:33,357] {processor.py:162} INFO - Started process (PID=1880) to work on /usr/local/airflow/dags/airflow-log-cleanup.py
[2021-09-07 16:55:33,358] {processor.py:613} INFO - Processing file /usr/local/airflow/dags/airflow-log-cleanup.py for tasks to queue
[2021-09-07 16:55:33,359] {logging_mixin.py:109} INFO - [2021-09-07 16:55:33,359] {dagbag.py:496} INFO - Filling up the DagBag from /usr/local/airflow/dags/airflow-log-cleanup.py
[2021-09-07 16:55:33,367] {logging_mixin.py:109} INFO - [2021-09-07 16:55:33,367] {configuration.py:365} WARNING - section/key [core/base_log_folder] not found in config
[2021-09-07 16:55:33,428] {logging_mixin.py:109} INFO - [2021-09-07 16:55:33,428] {airflow-log-cleanup.py:49} INFO - ENABLE_DELETE_CHILD_LOG  True
[2021-09-07 16:55:33,433] {processor.py:623} INFO - DAG(s) dict_keys(['airflow-log-cleanup']) retrieved from /usr/local/airflow/dags/airflow-log-cleanup.py
[2021-09-07 16:55:33,439] {logging_mixin.py:109} INFO - [2021-09-07 16:55:33,439] {dag.py:1833} INFO - Sync 1 DAGs
[2021-09-07 16:55:33,450] {logging_mixin.py:109} INFO - [2021-09-07 16:55:33,450] {dag.py:2306} INFO - Setting next_dagrun for airflow-log-cleanup to 2021-09-06 00:00:00+00:00
[2021-09-07 16:55:33,462] {processor.py:170} INFO - Processing /usr/local/airflow/dags/airflow-log-cleanup.py took 0.109 seconds
[2021-09-07 16:56:04,031] {processor.py:162} INFO - Started process (PID=1946) to work on /usr/local/airflow/dags/airflow-log-cleanup.py
[2021-09-07 16:56:04,032] {processor.py:613} INFO - Processing file /usr/local/airflow/dags/airflow-log-cleanup.py for tasks to queue
[2021-09-07 16:56:04,033] {logging_mixin.py:109} INFO - [2021-09-07 16:56:04,033] {dagbag.py:496} INFO - Filling up the DagBag from /usr/local/airflow/dags/airflow-log-cleanup.py
[2021-09-07 16:56:04,042] {logging_mixin.py:109} INFO - [2021-09-07 16:56:04,042] {configuration.py:365} WARNING - section/key [core/base_log_folder] not found in config
[2021-09-07 16:56:04,100] {logging_mixin.py:109} INFO - [2021-09-07 16:56:04,100] {airflow-log-cleanup.py:49} INFO - ENABLE_DELETE_CHILD_LOG  True
[2021-09-07 16:56:04,105] {processor.py:623} INFO - DAG(s) dict_keys(['airflow-log-cleanup']) retrieved from /usr/local/airflow/dags/airflow-log-cleanup.py
[2021-09-07 16:56:04,112] {logging_mixin.py:109} INFO - [2021-09-07 16:56:04,111] {dag.py:1833} INFO - Sync 1 DAGs
[2021-09-07 16:56:04,124] {logging_mixin.py:109} INFO - [2021-09-07 16:56:04,124] {dag.py:2306} INFO - Setting next_dagrun for airflow-log-cleanup to 2021-09-06 00:00:00+00:00
[2021-09-07 16:56:04,131] {processor.py:170} INFO - Processing /usr/local/airflow/dags/airflow-log-cleanup.py took 0.104 seconds
[2021-09-07 16:56:34,650] {processor.py:162} INFO - Started process (PID=2012) to work on /usr/local/airflow/dags/airflow-log-cleanup.py
[2021-09-07 16:56:34,651] {processor.py:613} INFO - Processing file /usr/local/airflow/dags/airflow-log-cleanup.py for tasks to queue
[2021-09-07 16:56:34,652] {logging_mixin.py:109} INFO - [2021-09-07 16:56:34,651] {dagbag.py:496} INFO - Filling up the DagBag from /usr/local/airflow/dags/airflow-log-cleanup.py
[2021-09-07 16:56:34,658] {logging_mixin.py:109} INFO - [2021-09-07 16:56:34,658] {configuration.py:365} WARNING - section/key [core/base_log_folder] not found in config
[2021-09-07 16:56:34,724] {logging_mixin.py:109} INFO - [2021-09-07 16:56:34,724] {airflow-log-cleanup.py:49} INFO - ENABLE_DELETE_CHILD_LOG  True
[2021-09-07 16:56:34,729] {processor.py:623} INFO - DAG(s) dict_keys(['airflow-log-cleanup']) retrieved from /usr/local/airflow/dags/airflow-log-cleanup.py
[2021-09-07 16:56:34,738] {logging_mixin.py:109} INFO - [2021-09-07 16:56:34,738] {dag.py:1833} INFO - Sync 1 DAGs
[2021-09-07 16:56:34,750] {logging_mixin.py:109} INFO - [2021-09-07 16:56:34,750] {dag.py:2306} INFO - Setting next_dagrun for airflow-log-cleanup to 2021-09-06 00:00:00+00:00
[2021-09-07 16:56:34,757] {processor.py:170} INFO - Processing /usr/local/airflow/dags/airflow-log-cleanup.py took 0.112 seconds
[2021-09-07 16:57:05,276] {processor.py:162} INFO - Started process (PID=2078) to work on /usr/local/airflow/dags/airflow-log-cleanup.py
[2021-09-07 16:57:05,277] {processor.py:613} INFO - Processing file /usr/local/airflow/dags/airflow-log-cleanup.py for tasks to queue
[2021-09-07 16:57:05,278] {logging_mixin.py:109} INFO - [2021-09-07 16:57:05,278] {dagbag.py:496} INFO - Filling up the DagBag from /usr/local/airflow/dags/airflow-log-cleanup.py
[2021-09-07 16:57:05,285] {logging_mixin.py:109} INFO - [2021-09-07 16:57:05,285] {configuration.py:365} WARNING - section/key [core/base_log_folder] not found in config
[2021-09-07 16:57:05,342] {logging_mixin.py:109} INFO - [2021-09-07 16:57:05,342] {airflow-log-cleanup.py:49} INFO - ENABLE_DELETE_CHILD_LOG  True
[2021-09-07 16:57:05,347] {processor.py:623} INFO - DAG(s) dict_keys(['airflow-log-cleanup']) retrieved from /usr/local/airflow/dags/airflow-log-cleanup.py
[2021-09-07 16:57:05,353] {logging_mixin.py:109} INFO - [2021-09-07 16:57:05,353] {dag.py:1833} INFO - Sync 1 DAGs
[2021-09-07 16:57:05,365] {logging_mixin.py:109} INFO - [2021-09-07 16:57:05,365] {dag.py:2306} INFO - Setting next_dagrun for airflow-log-cleanup to 2021-09-06 00:00:00+00:00
[2021-09-07 16:57:05,373] {processor.py:170} INFO - Processing /usr/local/airflow/dags/airflow-log-cleanup.py took 0.101 seconds
[2021-09-07 16:57:35,935] {processor.py:162} INFO - Started process (PID=2144) to work on /usr/local/airflow/dags/airflow-log-cleanup.py
[2021-09-07 16:57:35,936] {processor.py:613} INFO - Processing file /usr/local/airflow/dags/airflow-log-cleanup.py for tasks to queue
[2021-09-07 16:57:35,936] {logging_mixin.py:109} INFO - [2021-09-07 16:57:35,936] {dagbag.py:496} INFO - Filling up the DagBag from /usr/local/airflow/dags/airflow-log-cleanup.py
[2021-09-07 16:57:35,942] {logging_mixin.py:109} INFO - [2021-09-07 16:57:35,942] {configuration.py:365} WARNING - section/key [core/base_log_folder] not found in config
[2021-09-07 16:57:35,994] {logging_mixin.py:109} INFO - [2021-09-07 16:57:35,994] {airflow-log-cleanup.py:49} INFO - ENABLE_DELETE_CHILD_LOG  True
[2021-09-07 16:57:35,998] {processor.py:623} INFO - DAG(s) dict_keys(['airflow-log-cleanup']) retrieved from /usr/local/airflow/dags/airflow-log-cleanup.py
[2021-09-07 16:57:36,005] {logging_mixin.py:109} INFO - [2021-09-07 16:57:36,005] {dag.py:1833} INFO - Sync 1 DAGs
[2021-09-07 16:57:36,016] {logging_mixin.py:109} INFO - [2021-09-07 16:57:36,016] {dag.py:2306} INFO - Setting next_dagrun for airflow-log-cleanup to 2021-09-06 00:00:00+00:00
[2021-09-07 16:57:36,024] {processor.py:170} INFO - Processing /usr/local/airflow/dags/airflow-log-cleanup.py took 0.092 seconds
[2021-09-07 16:58:06,595] {processor.py:162} INFO - Started process (PID=2210) to work on /usr/local/airflow/dags/airflow-log-cleanup.py
[2021-09-07 16:58:06,596] {processor.py:613} INFO - Processing file /usr/local/airflow/dags/airflow-log-cleanup.py for tasks to queue
[2021-09-07 16:58:06,597] {logging_mixin.py:109} INFO - [2021-09-07 16:58:06,597] {dagbag.py:496} INFO - Filling up the DagBag from /usr/local/airflow/dags/airflow-log-cleanup.py
[2021-09-07 16:58:06,603] {logging_mixin.py:109} INFO - [2021-09-07 16:58:06,603] {configuration.py:365} WARNING - section/key [core/base_log_folder] not found in config
[2021-09-07 16:58:06,662] {logging_mixin.py:109} INFO - [2021-09-07 16:58:06,662] {airflow-log-cleanup.py:49} INFO - ENABLE_DELETE_CHILD_LOG  True
[2021-09-07 16:58:06,667] {processor.py:623} INFO - DAG(s) dict_keys(['airflow-log-cleanup']) retrieved from /usr/local/airflow/dags/airflow-log-cleanup.py
[2021-09-07 16:58:06,673] {logging_mixin.py:109} INFO - [2021-09-07 16:58:06,673] {dag.py:1833} INFO - Sync 1 DAGs
[2021-09-07 16:58:06,685] {logging_mixin.py:109} INFO - [2021-09-07 16:58:06,685] {dag.py:2306} INFO - Setting next_dagrun for airflow-log-cleanup to 2021-09-06 00:00:00+00:00
[2021-09-07 16:58:06,693] {processor.py:170} INFO - Processing /usr/local/airflow/dags/airflow-log-cleanup.py took 0.101 seconds
[2021-09-07 16:58:37,240] {processor.py:162} INFO - Started process (PID=2276) to work on /usr/local/airflow/dags/airflow-log-cleanup.py
[2021-09-07 16:58:37,241] {processor.py:613} INFO - Processing file /usr/local/airflow/dags/airflow-log-cleanup.py for tasks to queue
[2021-09-07 16:58:37,242] {logging_mixin.py:109} INFO - [2021-09-07 16:58:37,242] {dagbag.py:496} INFO - Filling up the DagBag from /usr/local/airflow/dags/airflow-log-cleanup.py
[2021-09-07 16:58:37,249] {logging_mixin.py:109} INFO - [2021-09-07 16:58:37,249] {configuration.py:365} WARNING - section/key [core/base_log_folder] not found in config
[2021-09-07 16:58:37,315] {logging_mixin.py:109} INFO - [2021-09-07 16:58:37,315] {airflow-log-cleanup.py:49} INFO - ENABLE_DELETE_CHILD_LOG  True
[2021-09-07 16:58:37,321] {processor.py:623} INFO - DAG(s) dict_keys(['airflow-log-cleanup']) retrieved from /usr/local/airflow/dags/airflow-log-cleanup.py
[2021-09-07 16:58:37,330] {logging_mixin.py:109} INFO - [2021-09-07 16:58:37,330] {dag.py:1833} INFO - Sync 1 DAGs
[2021-09-07 16:58:37,346] {logging_mixin.py:109} INFO - [2021-09-07 16:58:37,346] {dag.py:2306} INFO - Setting next_dagrun for airflow-log-cleanup to 2021-09-06 00:00:00+00:00
[2021-09-07 16:58:37,367] {processor.py:170} INFO - Processing /usr/local/airflow/dags/airflow-log-cleanup.py took 0.132 seconds
[2021-09-07 16:59:08,134] {processor.py:162} INFO - Started process (PID=2342) to work on /usr/local/airflow/dags/airflow-log-cleanup.py
[2021-09-07 16:59:08,135] {processor.py:613} INFO - Processing file /usr/local/airflow/dags/airflow-log-cleanup.py for tasks to queue
[2021-09-07 16:59:08,136] {logging_mixin.py:109} INFO - [2021-09-07 16:59:08,136] {dagbag.py:496} INFO - Filling up the DagBag from /usr/local/airflow/dags/airflow-log-cleanup.py
[2021-09-07 16:59:08,143] {logging_mixin.py:109} INFO - [2021-09-07 16:59:08,143] {configuration.py:365} WARNING - section/key [core/base_log_folder] not found in config
[2021-09-07 16:59:08,204] {logging_mixin.py:109} INFO - [2021-09-07 16:59:08,204] {airflow-log-cleanup.py:49} INFO - ENABLE_DELETE_CHILD_LOG  True
[2021-09-07 16:59:08,209] {processor.py:623} INFO - DAG(s) dict_keys(['airflow-log-cleanup']) retrieved from /usr/local/airflow/dags/airflow-log-cleanup.py
[2021-09-07 16:59:08,216] {logging_mixin.py:109} INFO - [2021-09-07 16:59:08,216] {dag.py:1833} INFO - Sync 1 DAGs
[2021-09-07 16:59:08,229] {logging_mixin.py:109} INFO - [2021-09-07 16:59:08,228] {dag.py:2306} INFO - Setting next_dagrun for airflow-log-cleanup to 2021-09-06 00:00:00+00:00
[2021-09-07 16:59:08,236] {processor.py:170} INFO - Processing /usr/local/airflow/dags/airflow-log-cleanup.py took 0.106 seconds
[2021-09-07 16:59:38,794] {processor.py:162} INFO - Started process (PID=2408) to work on /usr/local/airflow/dags/airflow-log-cleanup.py
[2021-09-07 16:59:38,795] {processor.py:613} INFO - Processing file /usr/local/airflow/dags/airflow-log-cleanup.py for tasks to queue
[2021-09-07 16:59:38,796] {logging_mixin.py:109} INFO - [2021-09-07 16:59:38,796] {dagbag.py:496} INFO - Filling up the DagBag from /usr/local/airflow/dags/airflow-log-cleanup.py
[2021-09-07 16:59:38,804] {logging_mixin.py:109} INFO - [2021-09-07 16:59:38,804] {configuration.py:365} WARNING - section/key [core/base_log_folder] not found in config
[2021-09-07 16:59:38,864] {logging_mixin.py:109} INFO - [2021-09-07 16:59:38,864] {airflow-log-cleanup.py:49} INFO - ENABLE_DELETE_CHILD_LOG  True
[2021-09-07 16:59:38,869] {processor.py:623} INFO - DAG(s) dict_keys(['airflow-log-cleanup']) retrieved from /usr/local/airflow/dags/airflow-log-cleanup.py
[2021-09-07 16:59:38,876] {logging_mixin.py:109} INFO - [2021-09-07 16:59:38,875] {dag.py:1833} INFO - Sync 1 DAGs
[2021-09-07 16:59:38,888] {logging_mixin.py:109} INFO - [2021-09-07 16:59:38,888] {dag.py:2306} INFO - Setting next_dagrun for airflow-log-cleanup to 2021-09-06 00:00:00+00:00
[2021-09-07 16:59:38,900] {processor.py:170} INFO - Processing /usr/local/airflow/dags/airflow-log-cleanup.py took 0.110 seconds
[2021-09-07 17:00:09,466] {processor.py:162} INFO - Started process (PID=2474) to work on /usr/local/airflow/dags/airflow-log-cleanup.py
[2021-09-07 17:00:09,468] {processor.py:613} INFO - Processing file /usr/local/airflow/dags/airflow-log-cleanup.py for tasks to queue
[2021-09-07 17:00:09,468] {logging_mixin.py:109} INFO - [2021-09-07 17:00:09,468] {dagbag.py:496} INFO - Filling up the DagBag from /usr/local/airflow/dags/airflow-log-cleanup.py
[2021-09-07 17:00:09,476] {logging_mixin.py:109} INFO - [2021-09-07 17:00:09,476] {configuration.py:365} WARNING - section/key [core/base_log_folder] not found in config
[2021-09-07 17:00:09,534] {logging_mixin.py:109} INFO - [2021-09-07 17:00:09,533] {airflow-log-cleanup.py:49} INFO - ENABLE_DELETE_CHILD_LOG  True
[2021-09-07 17:00:09,539] {processor.py:623} INFO - DAG(s) dict_keys(['airflow-log-cleanup']) retrieved from /usr/local/airflow/dags/airflow-log-cleanup.py
[2021-09-07 17:00:09,546] {logging_mixin.py:109} INFO - [2021-09-07 17:00:09,546] {dag.py:1833} INFO - Sync 1 DAGs
[2021-09-07 17:00:09,558] {logging_mixin.py:109} INFO - [2021-09-07 17:00:09,558] {dag.py:2306} INFO - Setting next_dagrun for airflow-log-cleanup to 2021-09-06 00:00:00+00:00
[2021-09-07 17:00:09,567] {processor.py:170} INFO - Processing /usr/local/airflow/dags/airflow-log-cleanup.py took 0.105 seconds
[2021-09-07 17:00:40,120] {processor.py:162} INFO - Started process (PID=2540) to work on /usr/local/airflow/dags/airflow-log-cleanup.py
[2021-09-07 17:00:40,121] {processor.py:613} INFO - Processing file /usr/local/airflow/dags/airflow-log-cleanup.py for tasks to queue
[2021-09-07 17:00:40,122] {logging_mixin.py:109} INFO - [2021-09-07 17:00:40,122] {dagbag.py:496} INFO - Filling up the DagBag from /usr/local/airflow/dags/airflow-log-cleanup.py
[2021-09-07 17:00:40,128] {logging_mixin.py:109} INFO - [2021-09-07 17:00:40,128] {configuration.py:365} WARNING - section/key [core/base_log_folder] not found in config
[2021-09-07 17:00:40,185] {logging_mixin.py:109} INFO - [2021-09-07 17:00:40,185] {airflow-log-cleanup.py:49} INFO - ENABLE_DELETE_CHILD_LOG  True
[2021-09-07 17:00:40,190] {processor.py:623} INFO - DAG(s) dict_keys(['airflow-log-cleanup']) retrieved from /usr/local/airflow/dags/airflow-log-cleanup.py
[2021-09-07 17:00:40,196] {logging_mixin.py:109} INFO - [2021-09-07 17:00:40,196] {dag.py:1833} INFO - Sync 1 DAGs
[2021-09-07 17:00:40,208] {logging_mixin.py:109} INFO - [2021-09-07 17:00:40,208] {dag.py:2306} INFO - Setting next_dagrun for airflow-log-cleanup to 2021-09-06 00:00:00+00:00
[2021-09-07 17:00:40,218] {processor.py:170} INFO - Processing /usr/local/airflow/dags/airflow-log-cleanup.py took 0.101 seconds
[2021-09-07 17:01:10,778] {processor.py:162} INFO - Started process (PID=2606) to work on /usr/local/airflow/dags/airflow-log-cleanup.py
[2021-09-07 17:01:10,779] {processor.py:613} INFO - Processing file /usr/local/airflow/dags/airflow-log-cleanup.py for tasks to queue
[2021-09-07 17:01:10,779] {logging_mixin.py:109} INFO - [2021-09-07 17:01:10,779] {dagbag.py:496} INFO - Filling up the DagBag from /usr/local/airflow/dags/airflow-log-cleanup.py
[2021-09-07 17:01:10,784] {logging_mixin.py:109} INFO - [2021-09-07 17:01:10,784] {configuration.py:365} WARNING - section/key [core/base_log_folder] not found in config
[2021-09-07 17:01:10,855] {logging_mixin.py:109} INFO - [2021-09-07 17:01:10,855] {airflow-log-cleanup.py:49} INFO - ENABLE_DELETE_CHILD_LOG  True
[2021-09-07 17:01:10,861] {processor.py:623} INFO - DAG(s) dict_keys(['airflow-log-cleanup']) retrieved from /usr/local/airflow/dags/airflow-log-cleanup.py
[2021-09-07 17:01:10,868] {logging_mixin.py:109} INFO - [2021-09-07 17:01:10,868] {dag.py:1833} INFO - Sync 1 DAGs
[2021-09-07 17:01:10,880] {logging_mixin.py:109} INFO - [2021-09-07 17:01:10,880] {dag.py:2306} INFO - Setting next_dagrun for airflow-log-cleanup to 2021-09-06 00:00:00+00:00
[2021-09-07 17:01:10,890] {processor.py:170} INFO - Processing /usr/local/airflow/dags/airflow-log-cleanup.py took 0.114 seconds
[2021-09-07 17:01:41,450] {processor.py:162} INFO - Started process (PID=2672) to work on /usr/local/airflow/dags/airflow-log-cleanup.py
[2021-09-07 17:01:41,451] {processor.py:613} INFO - Processing file /usr/local/airflow/dags/airflow-log-cleanup.py for tasks to queue
[2021-09-07 17:01:41,452] {logging_mixin.py:109} INFO - [2021-09-07 17:01:41,452] {dagbag.py:496} INFO - Filling up the DagBag from /usr/local/airflow/dags/airflow-log-cleanup.py
[2021-09-07 17:01:41,458] {logging_mixin.py:109} INFO - [2021-09-07 17:01:41,458] {configuration.py:365} WARNING - section/key [core/base_log_folder] not found in config
[2021-09-07 17:01:41,514] {logging_mixin.py:109} INFO - [2021-09-07 17:01:41,514] {airflow-log-cleanup.py:49} INFO - ENABLE_DELETE_CHILD_LOG  True
[2021-09-07 17:01:41,518] {processor.py:623} INFO - DAG(s) dict_keys(['airflow-log-cleanup']) retrieved from /usr/local/airflow/dags/airflow-log-cleanup.py
[2021-09-07 17:01:41,525] {logging_mixin.py:109} INFO - [2021-09-07 17:01:41,525] {dag.py:1833} INFO - Sync 1 DAGs
[2021-09-07 17:01:41,537] {logging_mixin.py:109} INFO - [2021-09-07 17:01:41,537] {dag.py:2306} INFO - Setting next_dagrun for airflow-log-cleanup to 2021-09-06 00:00:00+00:00
[2021-09-07 17:01:41,546] {processor.py:170} INFO - Processing /usr/local/airflow/dags/airflow-log-cleanup.py took 0.099 seconds
[2021-09-07 17:02:12,190] {processor.py:162} INFO - Started process (PID=2738) to work on /usr/local/airflow/dags/airflow-log-cleanup.py
[2021-09-07 17:02:12,191] {processor.py:613} INFO - Processing file /usr/local/airflow/dags/airflow-log-cleanup.py for tasks to queue
[2021-09-07 17:02:12,191] {logging_mixin.py:109} INFO - [2021-09-07 17:02:12,191] {dagbag.py:496} INFO - Filling up the DagBag from /usr/local/airflow/dags/airflow-log-cleanup.py
[2021-09-07 17:02:12,195] {logging_mixin.py:109} INFO - [2021-09-07 17:02:12,195] {configuration.py:365} WARNING - section/key [core/base_log_folder] not found in config
[2021-09-07 17:02:12,253] {logging_mixin.py:109} INFO - [2021-09-07 17:02:12,252] {airflow-log-cleanup.py:49} INFO - ENABLE_DELETE_CHILD_LOG  True
[2021-09-07 17:02:12,257] {processor.py:623} INFO - DAG(s) dict_keys(['airflow-log-cleanup']) retrieved from /usr/local/airflow/dags/airflow-log-cleanup.py
[2021-09-07 17:02:12,264] {logging_mixin.py:109} INFO - [2021-09-07 17:02:12,264] {dag.py:1833} INFO - Sync 1 DAGs
[2021-09-07 17:02:12,276] {logging_mixin.py:109} INFO - [2021-09-07 17:02:12,276] {dag.py:2306} INFO - Setting next_dagrun for airflow-log-cleanup to 2021-09-06 00:00:00+00:00
[2021-09-07 17:02:12,284] {processor.py:170} INFO - Processing /usr/local/airflow/dags/airflow-log-cleanup.py took 0.097 seconds
[2021-09-07 17:02:42,827] {processor.py:162} INFO - Started process (PID=2804) to work on /usr/local/airflow/dags/airflow-log-cleanup.py
[2021-09-07 17:02:42,828] {processor.py:613} INFO - Processing file /usr/local/airflow/dags/airflow-log-cleanup.py for tasks to queue
[2021-09-07 17:02:42,829] {logging_mixin.py:109} INFO - [2021-09-07 17:02:42,829] {dagbag.py:496} INFO - Filling up the DagBag from /usr/local/airflow/dags/airflow-log-cleanup.py
[2021-09-07 17:02:42,835] {logging_mixin.py:109} INFO - [2021-09-07 17:02:42,835] {configuration.py:365} WARNING - section/key [core/base_log_folder] not found in config
[2021-09-07 17:02:42,892] {logging_mixin.py:109} INFO - [2021-09-07 17:02:42,892] {airflow-log-cleanup.py:49} INFO - ENABLE_DELETE_CHILD_LOG  True
[2021-09-07 17:02:42,897] {processor.py:623} INFO - DAG(s) dict_keys(['airflow-log-cleanup']) retrieved from /usr/local/airflow/dags/airflow-log-cleanup.py
[2021-09-07 17:02:42,905] {logging_mixin.py:109} INFO - [2021-09-07 17:02:42,905] {dag.py:1833} INFO - Sync 1 DAGs
[2021-09-07 17:02:42,918] {logging_mixin.py:109} INFO - [2021-09-07 17:02:42,918] {dag.py:2306} INFO - Setting next_dagrun for airflow-log-cleanup to 2021-09-06 00:00:00+00:00
[2021-09-07 17:02:42,934] {processor.py:170} INFO - Processing /usr/local/airflow/dags/airflow-log-cleanup.py took 0.110 seconds
[2021-09-07 17:03:13,673] {processor.py:162} INFO - Started process (PID=2870) to work on /usr/local/airflow/dags/airflow-log-cleanup.py
[2021-09-07 17:03:13,674] {processor.py:613} INFO - Processing file /usr/local/airflow/dags/airflow-log-cleanup.py for tasks to queue
[2021-09-07 17:03:13,675] {logging_mixin.py:109} INFO - [2021-09-07 17:03:13,675] {dagbag.py:496} INFO - Filling up the DagBag from /usr/local/airflow/dags/airflow-log-cleanup.py
[2021-09-07 17:03:13,681] {logging_mixin.py:109} INFO - [2021-09-07 17:03:13,681] {configuration.py:365} WARNING - section/key [core/base_log_folder] not found in config
[2021-09-07 17:03:13,775] {logging_mixin.py:109} INFO - [2021-09-07 17:03:13,774] {airflow-log-cleanup.py:49} INFO - ENABLE_DELETE_CHILD_LOG  True
[2021-09-07 17:03:13,783] {processor.py:623} INFO - DAG(s) dict_keys(['airflow-log-cleanup']) retrieved from /usr/local/airflow/dags/airflow-log-cleanup.py
[2021-09-07 17:03:13,797] {logging_mixin.py:109} INFO - [2021-09-07 17:03:13,797] {dag.py:1833} INFO - Sync 1 DAGs
[2021-09-07 17:03:13,821] {logging_mixin.py:109} INFO - [2021-09-07 17:03:13,820] {dag.py:2306} INFO - Setting next_dagrun for airflow-log-cleanup to 2021-09-06 00:00:00+00:00
[2021-09-07 17:03:13,893] {processor.py:170} INFO - Processing /usr/local/airflow/dags/airflow-log-cleanup.py took 0.223 seconds
[2021-09-07 17:03:44,577] {processor.py:162} INFO - Started process (PID=2936) to work on /usr/local/airflow/dags/airflow-log-cleanup.py
[2021-09-07 17:03:44,579] {processor.py:613} INFO - Processing file /usr/local/airflow/dags/airflow-log-cleanup.py for tasks to queue
[2021-09-07 17:03:44,580] {logging_mixin.py:109} INFO - [2021-09-07 17:03:44,579] {dagbag.py:496} INFO - Filling up the DagBag from /usr/local/airflow/dags/airflow-log-cleanup.py
[2021-09-07 17:03:44,585] {logging_mixin.py:109} INFO - [2021-09-07 17:03:44,585] {configuration.py:365} WARNING - section/key [core/base_log_folder] not found in config
[2021-09-07 17:03:44,654] {logging_mixin.py:109} INFO - [2021-09-07 17:03:44,654] {airflow-log-cleanup.py:49} INFO - ENABLE_DELETE_CHILD_LOG  True
[2021-09-07 17:03:44,663] {processor.py:623} INFO - DAG(s) dict_keys(['airflow-log-cleanup']) retrieved from /usr/local/airflow/dags/airflow-log-cleanup.py
[2021-09-07 17:03:44,674] {logging_mixin.py:109} INFO - [2021-09-07 17:03:44,673] {dag.py:1833} INFO - Sync 1 DAGs
[2021-09-07 17:03:44,696] {logging_mixin.py:109} INFO - [2021-09-07 17:03:44,696] {dag.py:2306} INFO - Setting next_dagrun for airflow-log-cleanup to 2021-09-06 00:00:00+00:00
[2021-09-07 17:03:44,769] {processor.py:170} INFO - Processing /usr/local/airflow/dags/airflow-log-cleanup.py took 0.195 seconds
[2021-09-07 17:04:15,472] {processor.py:162} INFO - Started process (PID=3003) to work on /usr/local/airflow/dags/airflow-log-cleanup.py
[2021-09-07 17:04:15,473] {processor.py:613} INFO - Processing file /usr/local/airflow/dags/airflow-log-cleanup.py for tasks to queue
[2021-09-07 17:04:15,474] {logging_mixin.py:109} INFO - [2021-09-07 17:04:15,474] {dagbag.py:496} INFO - Filling up the DagBag from /usr/local/airflow/dags/airflow-log-cleanup.py
[2021-09-07 17:04:15,481] {logging_mixin.py:109} INFO - [2021-09-07 17:04:15,481] {configuration.py:365} WARNING - section/key [core/base_log_folder] not found in config
[2021-09-07 17:04:15,540] {logging_mixin.py:109} INFO - [2021-09-07 17:04:15,540] {airflow-log-cleanup.py:49} INFO - ENABLE_DELETE_CHILD_LOG  True
[2021-09-07 17:04:15,544] {processor.py:623} INFO - DAG(s) dict_keys(['airflow-log-cleanup']) retrieved from /usr/local/airflow/dags/airflow-log-cleanup.py
[2021-09-07 17:04:15,551] {logging_mixin.py:109} INFO - [2021-09-07 17:04:15,550] {dag.py:1833} INFO - Sync 1 DAGs
[2021-09-07 17:04:15,563] {logging_mixin.py:109} INFO - [2021-09-07 17:04:15,563] {dag.py:2306} INFO - Setting next_dagrun for airflow-log-cleanup to 2021-09-06 00:00:00+00:00
[2021-09-07 17:04:15,609] {processor.py:170} INFO - Processing /usr/local/airflow/dags/airflow-log-cleanup.py took 0.140 seconds
[2021-09-07 17:04:46,191] {processor.py:162} INFO - Started process (PID=3069) to work on /usr/local/airflow/dags/airflow-log-cleanup.py
[2021-09-07 17:04:46,192] {processor.py:613} INFO - Processing file /usr/local/airflow/dags/airflow-log-cleanup.py for tasks to queue
[2021-09-07 17:04:46,193] {logging_mixin.py:109} INFO - [2021-09-07 17:04:46,193] {dagbag.py:496} INFO - Filling up the DagBag from /usr/local/airflow/dags/airflow-log-cleanup.py
[2021-09-07 17:04:46,201] {logging_mixin.py:109} INFO - [2021-09-07 17:04:46,201] {configuration.py:365} WARNING - section/key [core/base_log_folder] not found in config
[2021-09-07 17:04:46,262] {logging_mixin.py:109} INFO - [2021-09-07 17:04:46,262] {airflow-log-cleanup.py:49} INFO - ENABLE_DELETE_CHILD_LOG  True
[2021-09-07 17:04:46,269] {processor.py:623} INFO - DAG(s) dict_keys(['airflow-log-cleanup']) retrieved from /usr/local/airflow/dags/airflow-log-cleanup.py
[2021-09-07 17:04:46,275] {logging_mixin.py:109} INFO - [2021-09-07 17:04:46,275] {dag.py:1833} INFO - Sync 1 DAGs
[2021-09-07 17:04:46,291] {logging_mixin.py:109} INFO - [2021-09-07 17:04:46,291] {dag.py:2306} INFO - Setting next_dagrun for airflow-log-cleanup to 2021-09-06 00:00:00+00:00
[2021-09-07 17:04:46,344] {processor.py:170} INFO - Processing /usr/local/airflow/dags/airflow-log-cleanup.py took 0.156 seconds
[2021-09-07 17:05:16,945] {processor.py:162} INFO - Started process (PID=3136) to work on /usr/local/airflow/dags/airflow-log-cleanup.py
[2021-09-07 17:05:16,947] {processor.py:613} INFO - Processing file /usr/local/airflow/dags/airflow-log-cleanup.py for tasks to queue
[2021-09-07 17:05:16,948] {logging_mixin.py:109} INFO - [2021-09-07 17:05:16,947] {dagbag.py:496} INFO - Filling up the DagBag from /usr/local/airflow/dags/airflow-log-cleanup.py
[2021-09-07 17:05:16,954] {logging_mixin.py:109} INFO - [2021-09-07 17:05:16,954] {configuration.py:365} WARNING - section/key [core/base_log_folder] not found in config
[2021-09-07 17:05:17,014] {logging_mixin.py:109} INFO - [2021-09-07 17:05:17,014] {airflow-log-cleanup.py:49} INFO - ENABLE_DELETE_CHILD_LOG  True
[2021-09-07 17:05:17,018] {processor.py:623} INFO - DAG(s) dict_keys(['airflow-log-cleanup']) retrieved from /usr/local/airflow/dags/airflow-log-cleanup.py
[2021-09-07 17:05:17,026] {logging_mixin.py:109} INFO - [2021-09-07 17:05:17,025] {dag.py:1833} INFO - Sync 1 DAGs
[2021-09-07 17:05:17,074] {logging_mixin.py:109} INFO - [2021-09-07 17:05:17,074] {dag.py:2306} INFO - Setting next_dagrun for airflow-log-cleanup to 2021-09-06 00:00:00+00:00
[2021-09-07 17:05:17,081] {processor.py:170} INFO - Processing /usr/local/airflow/dags/airflow-log-cleanup.py took 0.140 seconds
