[2021-09-04 04:18:56,450] {processor.py:162} INFO - Started process (PID=173) to work on /usr/local/airflow/dags/email_notify.py
[2021-09-04 04:18:56,451] {processor.py:613} INFO - Processing file /usr/local/airflow/dags/email_notify.py for tasks to queue
[2021-09-04 04:18:56,452] {logging_mixin.py:109} INFO - [2021-09-04 04:18:56,452] {dagbag.py:496} INFO - Filling up the DagBag from /usr/local/airflow/dags/email_notify.py
[2021-09-04 04:18:56,461] {processor.py:623} INFO - DAG(s) dict_keys(['hello_world']) retrieved from /usr/local/airflow/dags/email_notify.py
[2021-09-04 04:18:56,654] {logging_mixin.py:109} INFO - [2021-09-04 04:18:56,654] {dag.py:1833} INFO - Sync 1 DAGs
[2021-09-04 04:18:56,663] {logging_mixin.py:109} INFO - [2021-09-04 04:18:56,663] {dag.py:2306} INFO - Setting next_dagrun for hello_world to 2021-08-14 17:00:00+00:00
[2021-09-04 04:18:56,672] {processor.py:170} INFO - Processing /usr/local/airflow/dags/email_notify.py took 0.223 seconds
[2021-09-04 04:19:26,846] {processor.py:162} INFO - Started process (PID=252) to work on /usr/local/airflow/dags/email_notify.py
[2021-09-04 04:19:26,847] {processor.py:613} INFO - Processing file /usr/local/airflow/dags/email_notify.py for tasks to queue
[2021-09-04 04:19:26,848] {logging_mixin.py:109} INFO - [2021-09-04 04:19:26,848] {dagbag.py:496} INFO - Filling up the DagBag from /usr/local/airflow/dags/email_notify.py
[2021-09-04 04:19:26,862] {processor.py:623} INFO - DAG(s) dict_keys(['hello_world']) retrieved from /usr/local/airflow/dags/email_notify.py
[2021-09-04 04:19:26,885] {logging_mixin.py:109} INFO - [2021-09-04 04:19:26,885] {dag.py:1833} INFO - Sync 1 DAGs
[2021-09-04 04:19:26,901] {logging_mixin.py:109} INFO - [2021-09-04 04:19:26,901] {dag.py:2306} INFO - Setting next_dagrun for hello_world to 2021-08-14 17:00:00+00:00
[2021-09-04 04:19:26,917] {processor.py:170} INFO - Processing /usr/local/airflow/dags/email_notify.py took 0.075 seconds
[2021-09-04 04:19:57,281] {processor.py:162} INFO - Started process (PID=410) to work on /usr/local/airflow/dags/email_notify.py
[2021-09-04 04:19:57,282] {processor.py:613} INFO - Processing file /usr/local/airflow/dags/email_notify.py for tasks to queue
[2021-09-04 04:19:57,283] {logging_mixin.py:109} INFO - [2021-09-04 04:19:57,283] {dagbag.py:496} INFO - Filling up the DagBag from /usr/local/airflow/dags/email_notify.py
[2021-09-04 04:19:57,298] {processor.py:623} INFO - DAG(s) dict_keys(['sending_email']) retrieved from /usr/local/airflow/dags/email_notify.py
[2021-09-04 04:19:58,359] {logging_mixin.py:109} INFO - [2021-09-04 04:19:58,358] {dag.py:1833} INFO - Sync 1 DAGs
[2021-09-04 04:19:58,363] {logging_mixin.py:109} INFO - [2021-09-04 04:19:58,363] {dag.py:1852} INFO - Creating ORM DAG for sending_email
[2021-09-04 04:19:58,366] {logging_mixin.py:109} INFO - [2021-09-04 04:19:58,366] {dag.py:2306} INFO - Setting next_dagrun for sending_email to 2021-08-14 17:00:00+00:00
[2021-09-04 04:19:58,372] {processor.py:170} INFO - Processing /usr/local/airflow/dags/email_notify.py took 1.094 seconds
[2021-09-04 04:20:29,029] {processor.py:162} INFO - Started process (PID=471) to work on /usr/local/airflow/dags/email_notify.py
[2021-09-04 04:20:29,030] {processor.py:613} INFO - Processing file /usr/local/airflow/dags/email_notify.py for tasks to queue
[2021-09-04 04:20:29,031] {logging_mixin.py:109} INFO - [2021-09-04 04:20:29,031] {dagbag.py:496} INFO - Filling up the DagBag from /usr/local/airflow/dags/email_notify.py
[2021-09-04 04:20:29,045] {processor.py:623} INFO - DAG(s) dict_keys(['sending_email']) retrieved from /usr/local/airflow/dags/email_notify.py
[2021-09-04 04:20:29,066] {logging_mixin.py:109} INFO - [2021-09-04 04:20:29,066] {dag.py:1833} INFO - Sync 1 DAGs
[2021-09-04 04:20:29,079] {logging_mixin.py:109} INFO - [2021-09-04 04:20:29,079] {dag.py:2306} INFO - Setting next_dagrun for sending_email to None
[2021-09-04 04:20:29,087] {processor.py:170} INFO - Processing /usr/local/airflow/dags/email_notify.py took 0.062 seconds
[2021-09-04 04:20:59,433] {processor.py:162} INFO - Started process (PID=502) to work on /usr/local/airflow/dags/email_notify.py
[2021-09-04 04:20:59,435] {processor.py:613} INFO - Processing file /usr/local/airflow/dags/email_notify.py for tasks to queue
[2021-09-04 04:20:59,436] {logging_mixin.py:109} INFO - [2021-09-04 04:20:59,436] {dagbag.py:496} INFO - Filling up the DagBag from /usr/local/airflow/dags/email_notify.py
[2021-09-04 04:20:59,452] {processor.py:623} INFO - DAG(s) dict_keys(['sending_email']) retrieved from /usr/local/airflow/dags/email_notify.py
[2021-09-04 04:20:59,478] {logging_mixin.py:109} INFO - [2021-09-04 04:20:59,478] {dag.py:1833} INFO - Sync 1 DAGs
[2021-09-04 04:20:59,493] {logging_mixin.py:109} INFO - [2021-09-04 04:20:59,493] {dag.py:2306} INFO - Setting next_dagrun for sending_email to None
[2021-09-04 04:20:59,507] {processor.py:170} INFO - Processing /usr/local/airflow/dags/email_notify.py took 0.078 seconds
[2021-09-04 04:21:29,931] {processor.py:162} INFO - Started process (PID=533) to work on /usr/local/airflow/dags/email_notify.py
[2021-09-04 04:21:29,934] {processor.py:613} INFO - Processing file /usr/local/airflow/dags/email_notify.py for tasks to queue
[2021-09-04 04:21:29,934] {logging_mixin.py:109} INFO - [2021-09-04 04:21:29,934] {dagbag.py:496} INFO - Filling up the DagBag from /usr/local/airflow/dags/email_notify.py
[2021-09-04 04:21:29,947] {processor.py:623} INFO - DAG(s) dict_keys(['sending_email']) retrieved from /usr/local/airflow/dags/email_notify.py
[2021-09-04 04:21:29,971] {logging_mixin.py:109} INFO - [2021-09-04 04:21:29,971] {dag.py:1833} INFO - Sync 1 DAGs
[2021-09-04 04:21:29,988] {logging_mixin.py:109} INFO - [2021-09-04 04:21:29,988] {dag.py:2306} INFO - Setting next_dagrun for sending_email to None
[2021-09-04 04:21:30,012] {processor.py:170} INFO - Processing /usr/local/airflow/dags/email_notify.py took 0.084 seconds
[2021-09-04 04:22:00,326] {processor.py:162} INFO - Started process (PID=564) to work on /usr/local/airflow/dags/email_notify.py
[2021-09-04 04:22:00,327] {processor.py:613} INFO - Processing file /usr/local/airflow/dags/email_notify.py for tasks to queue
[2021-09-04 04:22:00,328] {logging_mixin.py:109} INFO - [2021-09-04 04:22:00,328] {dagbag.py:496} INFO - Filling up the DagBag from /usr/local/airflow/dags/email_notify.py
[2021-09-04 04:22:00,341] {processor.py:623} INFO - DAG(s) dict_keys(['sending_email']) retrieved from /usr/local/airflow/dags/email_notify.py
[2021-09-04 04:22:00,356] {logging_mixin.py:109} INFO - [2021-09-04 04:22:00,356] {dag.py:1833} INFO - Sync 1 DAGs
[2021-09-04 04:22:00,367] {logging_mixin.py:109} INFO - [2021-09-04 04:22:00,367] {dag.py:2306} INFO - Setting next_dagrun for sending_email to None
[2021-09-04 04:22:00,388] {processor.py:170} INFO - Processing /usr/local/airflow/dags/email_notify.py took 0.065 seconds
[2021-09-04 04:22:30,780] {processor.py:162} INFO - Started process (PID=595) to work on /usr/local/airflow/dags/email_notify.py
[2021-09-04 04:22:30,781] {processor.py:613} INFO - Processing file /usr/local/airflow/dags/email_notify.py for tasks to queue
[2021-09-04 04:22:30,782] {logging_mixin.py:109} INFO - [2021-09-04 04:22:30,782] {dagbag.py:496} INFO - Filling up the DagBag from /usr/local/airflow/dags/email_notify.py
[2021-09-04 04:22:30,794] {processor.py:623} INFO - DAG(s) dict_keys(['sending_email']) retrieved from /usr/local/airflow/dags/email_notify.py
[2021-09-04 04:22:30,813] {logging_mixin.py:109} INFO - [2021-09-04 04:22:30,813] {dag.py:1833} INFO - Sync 1 DAGs
[2021-09-04 04:22:30,826] {logging_mixin.py:109} INFO - [2021-09-04 04:22:30,826] {dag.py:2306} INFO - Setting next_dagrun for sending_email to None
[2021-09-04 04:22:30,835] {processor.py:170} INFO - Processing /usr/local/airflow/dags/email_notify.py took 0.058 seconds
[2021-09-04 04:23:01,159] {processor.py:162} INFO - Started process (PID=626) to work on /usr/local/airflow/dags/email_notify.py
[2021-09-04 04:23:01,160] {processor.py:613} INFO - Processing file /usr/local/airflow/dags/email_notify.py for tasks to queue
[2021-09-04 04:23:01,160] {logging_mixin.py:109} INFO - [2021-09-04 04:23:01,160] {dagbag.py:496} INFO - Filling up the DagBag from /usr/local/airflow/dags/email_notify.py
[2021-09-04 04:23:01,169] {processor.py:623} INFO - DAG(s) dict_keys(['sending_email']) retrieved from /usr/local/airflow/dags/email_notify.py
[2021-09-04 04:23:01,187] {logging_mixin.py:109} INFO - [2021-09-04 04:23:01,187] {dag.py:1833} INFO - Sync 1 DAGs
[2021-09-04 04:23:01,198] {logging_mixin.py:109} INFO - [2021-09-04 04:23:01,198] {dag.py:2306} INFO - Setting next_dagrun for sending_email to None
[2021-09-04 04:23:01,203] {processor.py:170} INFO - Processing /usr/local/airflow/dags/email_notify.py took 0.047 seconds
[2021-09-04 04:23:31,448] {processor.py:162} INFO - Started process (PID=657) to work on /usr/local/airflow/dags/email_notify.py
[2021-09-04 04:23:31,449] {processor.py:613} INFO - Processing file /usr/local/airflow/dags/email_notify.py for tasks to queue
[2021-09-04 04:23:31,450] {logging_mixin.py:109} INFO - [2021-09-04 04:23:31,450] {dagbag.py:496} INFO - Filling up the DagBag from /usr/local/airflow/dags/email_notify.py
[2021-09-04 04:23:31,465] {processor.py:623} INFO - DAG(s) dict_keys(['sending_email']) retrieved from /usr/local/airflow/dags/email_notify.py
[2021-09-04 04:23:31,479] {logging_mixin.py:109} INFO - [2021-09-04 04:23:31,479] {dag.py:1833} INFO - Sync 1 DAGs
[2021-09-04 04:23:31,487] {logging_mixin.py:109} INFO - [2021-09-04 04:23:31,487] {dag.py:2306} INFO - Setting next_dagrun for sending_email to None
[2021-09-04 04:23:31,493] {processor.py:170} INFO - Processing /usr/local/airflow/dags/email_notify.py took 0.047 seconds
[2021-09-04 04:24:01,798] {processor.py:162} INFO - Started process (PID=688) to work on /usr/local/airflow/dags/email_notify.py
[2021-09-04 04:24:01,799] {processor.py:613} INFO - Processing file /usr/local/airflow/dags/email_notify.py for tasks to queue
[2021-09-04 04:24:01,800] {logging_mixin.py:109} INFO - [2021-09-04 04:24:01,800] {dagbag.py:496} INFO - Filling up the DagBag from /usr/local/airflow/dags/email_notify.py
[2021-09-04 04:24:01,813] {processor.py:623} INFO - DAG(s) dict_keys(['sending_email']) retrieved from /usr/local/airflow/dags/email_notify.py
[2021-09-04 04:24:01,833] {logging_mixin.py:109} INFO - [2021-09-04 04:24:01,833] {dag.py:1833} INFO - Sync 1 DAGs
[2021-09-04 04:24:01,847] {logging_mixin.py:109} INFO - [2021-09-04 04:24:01,846] {dag.py:2306} INFO - Setting next_dagrun for sending_email to None
[2021-09-04 04:24:01,855] {processor.py:170} INFO - Processing /usr/local/airflow/dags/email_notify.py took 0.060 seconds
[2021-09-04 04:24:32,097] {processor.py:162} INFO - Started process (PID=719) to work on /usr/local/airflow/dags/email_notify.py
[2021-09-04 04:24:32,098] {processor.py:613} INFO - Processing file /usr/local/airflow/dags/email_notify.py for tasks to queue
[2021-09-04 04:24:32,099] {logging_mixin.py:109} INFO - [2021-09-04 04:24:32,099] {dagbag.py:496} INFO - Filling up the DagBag from /usr/local/airflow/dags/email_notify.py
[2021-09-04 04:24:32,113] {processor.py:623} INFO - DAG(s) dict_keys(['sending_email']) retrieved from /usr/local/airflow/dags/email_notify.py
[2021-09-04 04:24:32,134] {logging_mixin.py:109} INFO - [2021-09-04 04:24:32,134] {dag.py:1833} INFO - Sync 1 DAGs
[2021-09-04 04:24:32,148] {logging_mixin.py:109} INFO - [2021-09-04 04:24:32,148] {dag.py:2306} INFO - Setting next_dagrun for sending_email to None
[2021-09-04 04:24:32,159] {processor.py:170} INFO - Processing /usr/local/airflow/dags/email_notify.py took 0.066 seconds
[2021-09-04 04:25:02,622] {processor.py:162} INFO - Started process (PID=750) to work on /usr/local/airflow/dags/email_notify.py
[2021-09-04 04:25:02,624] {processor.py:613} INFO - Processing file /usr/local/airflow/dags/email_notify.py for tasks to queue
[2021-09-04 04:25:02,625] {logging_mixin.py:109} INFO - [2021-09-04 04:25:02,625] {dagbag.py:496} INFO - Filling up the DagBag from /usr/local/airflow/dags/email_notify.py
[2021-09-04 04:25:02,645] {processor.py:623} INFO - DAG(s) dict_keys(['sending_email']) retrieved from /usr/local/airflow/dags/email_notify.py
[2021-09-04 04:25:02,678] {logging_mixin.py:109} INFO - [2021-09-04 04:25:02,677] {dag.py:1833} INFO - Sync 1 DAGs
[2021-09-04 04:25:02,700] {logging_mixin.py:109} INFO - [2021-09-04 04:25:02,700] {dag.py:2306} INFO - Setting next_dagrun for sending_email to None
[2021-09-04 04:25:02,714] {processor.py:170} INFO - Processing /usr/local/airflow/dags/email_notify.py took 0.099 seconds
[2021-09-04 04:25:33,163] {processor.py:162} INFO - Started process (PID=782) to work on /usr/local/airflow/dags/email_notify.py
[2021-09-04 04:25:33,164] {processor.py:613} INFO - Processing file /usr/local/airflow/dags/email_notify.py for tasks to queue
[2021-09-04 04:25:33,165] {logging_mixin.py:109} INFO - [2021-09-04 04:25:33,165] {dagbag.py:496} INFO - Filling up the DagBag from /usr/local/airflow/dags/email_notify.py
[2021-09-04 04:25:33,186] {processor.py:623} INFO - DAG(s) dict_keys(['sending_email']) retrieved from /usr/local/airflow/dags/email_notify.py
[2021-09-04 04:25:33,218] {logging_mixin.py:109} INFO - [2021-09-04 04:25:33,217] {dag.py:1833} INFO - Sync 1 DAGs
[2021-09-04 04:25:33,240] {logging_mixin.py:109} INFO - [2021-09-04 04:25:33,240] {dag.py:2306} INFO - Setting next_dagrun for sending_email to None
[2021-09-04 04:25:33,255] {processor.py:170} INFO - Processing /usr/local/airflow/dags/email_notify.py took 0.098 seconds
[2021-09-04 04:26:03,686] {processor.py:162} INFO - Started process (PID=813) to work on /usr/local/airflow/dags/email_notify.py
[2021-09-04 04:26:03,686] {processor.py:613} INFO - Processing file /usr/local/airflow/dags/email_notify.py for tasks to queue
[2021-09-04 04:26:03,687] {logging_mixin.py:109} INFO - [2021-09-04 04:26:03,687] {dagbag.py:496} INFO - Filling up the DagBag from /usr/local/airflow/dags/email_notify.py
[2021-09-04 04:26:03,707] {processor.py:623} INFO - DAG(s) dict_keys(['sending_email']) retrieved from /usr/local/airflow/dags/email_notify.py
[2021-09-04 04:26:03,741] {logging_mixin.py:109} INFO - [2021-09-04 04:26:03,740] {dag.py:1833} INFO - Sync 1 DAGs
[2021-09-04 04:26:03,763] {logging_mixin.py:109} INFO - [2021-09-04 04:26:03,763] {dag.py:2306} INFO - Setting next_dagrun for sending_email to None
[2021-09-04 04:26:03,779] {processor.py:170} INFO - Processing /usr/local/airflow/dags/email_notify.py took 0.097 seconds
[2021-09-04 04:26:34,143] {processor.py:162} INFO - Started process (PID=844) to work on /usr/local/airflow/dags/email_notify.py
[2021-09-04 04:26:34,145] {processor.py:613} INFO - Processing file /usr/local/airflow/dags/email_notify.py for tasks to queue
[2021-09-04 04:26:34,146] {logging_mixin.py:109} INFO - [2021-09-04 04:26:34,146] {dagbag.py:496} INFO - Filling up the DagBag from /usr/local/airflow/dags/email_notify.py
[2021-09-04 04:26:34,159] {processor.py:623} INFO - DAG(s) dict_keys(['sending_email']) retrieved from /usr/local/airflow/dags/email_notify.py
[2021-09-04 04:26:34,182] {logging_mixin.py:109} INFO - [2021-09-04 04:26:34,182] {dag.py:1833} INFO - Sync 1 DAGs
[2021-09-04 04:26:34,199] {logging_mixin.py:109} INFO - [2021-09-04 04:26:34,199] {dag.py:2306} INFO - Setting next_dagrun for sending_email to None
[2021-09-04 04:26:34,213] {processor.py:170} INFO - Processing /usr/local/airflow/dags/email_notify.py took 0.074 seconds
