[2021-09-02 15:13:02,661] {processor.py:162} INFO - Started process (PID=180) to work on /usr/local/airflow/dags/__pycache__/mssqlToCSV.py
[2021-09-02 15:13:02,662] {processor.py:613} INFO - Processing file /usr/local/airflow/dags/__pycache__/mssqlToCSV.py for tasks to queue
[2021-09-02 15:13:02,663] {logging_mixin.py:109} INFO - [2021-09-02 15:13:02,663] {dagbag.py:496} INFO - Filling up the DagBag from /usr/local/airflow/dags/__pycache__/mssqlToCSV.py
[2021-09-02 15:13:02,680] {processor.py:623} INFO - DAG(s) dict_keys(['mssql_to_csv']) retrieved from /usr/local/airflow/dags/__pycache__/mssqlToCSV.py
[2021-09-02 15:13:02,695] {logging_mixin.py:109} INFO - [2021-09-02 15:13:02,695] {dag.py:1833} INFO - Sync 1 DAGs
[2021-09-02 15:13:02,705] {logging_mixin.py:109} INFO - [2021-09-02 15:13:02,705] {dag.py:2306} INFO - Setting next_dagrun for mssql_to_csv to None
[2021-09-02 15:13:02,710] {processor.py:170} INFO - Processing /usr/local/airflow/dags/__pycache__/mssqlToCSV.py took 0.051 seconds
[2021-09-02 15:13:32,825] {processor.py:162} INFO - Started process (PID=253) to work on /usr/local/airflow/dags/__pycache__/mssqlToCSV.py
[2021-09-02 15:13:32,826] {processor.py:613} INFO - Processing file /usr/local/airflow/dags/__pycache__/mssqlToCSV.py for tasks to queue
[2021-09-02 15:13:32,827] {logging_mixin.py:109} INFO - [2021-09-02 15:13:32,827] {dagbag.py:496} INFO - Filling up the DagBag from /usr/local/airflow/dags/__pycache__/mssqlToCSV.py
[2021-09-02 15:13:32,850] {processor.py:623} INFO - DAG(s) dict_keys(['mssql_to_csv']) retrieved from /usr/local/airflow/dags/__pycache__/mssqlToCSV.py
[2021-09-02 15:13:32,872] {logging_mixin.py:109} INFO - [2021-09-02 15:13:32,872] {dag.py:1833} INFO - Sync 1 DAGs
[2021-09-02 15:13:32,889] {logging_mixin.py:109} INFO - [2021-09-02 15:13:32,889] {dag.py:2306} INFO - Setting next_dagrun for mssql_to_csv to None
[2021-09-02 15:13:32,898] {processor.py:170} INFO - Processing /usr/local/airflow/dags/__pycache__/mssqlToCSV.py took 0.076 seconds
[2021-09-02 15:14:03,022] {processor.py:162} INFO - Started process (PID=274) to work on /usr/local/airflow/dags/__pycache__/mssqlToCSV.py
[2021-09-02 15:14:03,023] {processor.py:613} INFO - Processing file /usr/local/airflow/dags/__pycache__/mssqlToCSV.py for tasks to queue
[2021-09-02 15:14:03,024] {logging_mixin.py:109} INFO - [2021-09-02 15:14:03,024] {dagbag.py:496} INFO - Filling up the DagBag from /usr/local/airflow/dags/__pycache__/mssqlToCSV.py
[2021-09-02 15:14:03,048] {processor.py:623} INFO - DAG(s) dict_keys(['mssql_to_csv']) retrieved from /usr/local/airflow/dags/__pycache__/mssqlToCSV.py
[2021-09-02 15:14:03,069] {logging_mixin.py:109} INFO - [2021-09-02 15:14:03,069] {dag.py:1833} INFO - Sync 1 DAGs
[2021-09-02 15:14:03,085] {logging_mixin.py:109} INFO - [2021-09-02 15:14:03,085] {dag.py:2306} INFO - Setting next_dagrun for mssql_to_csv to None
[2021-09-02 15:14:03,103] {processor.py:170} INFO - Processing /usr/local/airflow/dags/__pycache__/mssqlToCSV.py took 0.085 seconds
