[2021-09-03 03:21:03,855] {processor.py:162} INFO - Started process (PID=179) to work on /usr/local/airflow/dags/__pycache__/mssqlToCSV.py
[2021-09-03 03:21:03,856] {processor.py:613} INFO - Processing file /usr/local/airflow/dags/__pycache__/mssqlToCSV.py for tasks to queue
[2021-09-03 03:21:03,857] {logging_mixin.py:109} INFO - [2021-09-03 03:21:03,856] {dagbag.py:496} INFO - Filling up the DagBag from /usr/local/airflow/dags/__pycache__/mssqlToCSV.py
[2021-09-03 03:21:03,876] {processor.py:623} INFO - DAG(s) dict_keys(['mssql_to_csv']) retrieved from /usr/local/airflow/dags/__pycache__/mssqlToCSV.py
[2021-09-03 03:21:03,890] {logging_mixin.py:109} INFO - [2021-09-03 03:21:03,890] {dag.py:1833} INFO - Sync 1 DAGs
[2021-09-03 03:21:03,902] {logging_mixin.py:109} INFO - [2021-09-03 03:21:03,902] {dag.py:2306} INFO - Setting next_dagrun for mssql_to_csv to None
[2021-09-03 03:21:03,908] {processor.py:170} INFO - Processing /usr/local/airflow/dags/__pycache__/mssqlToCSV.py took 0.055 seconds
[2021-09-03 03:21:34,024] {processor.py:162} INFO - Started process (PID=252) to work on /usr/local/airflow/dags/__pycache__/mssqlToCSV.py
[2021-09-03 03:21:34,025] {processor.py:613} INFO - Processing file /usr/local/airflow/dags/__pycache__/mssqlToCSV.py for tasks to queue
[2021-09-03 03:21:34,025] {logging_mixin.py:109} INFO - [2021-09-03 03:21:34,025] {dagbag.py:496} INFO - Filling up the DagBag from /usr/local/airflow/dags/__pycache__/mssqlToCSV.py
[2021-09-03 03:21:34,050] {processor.py:623} INFO - DAG(s) dict_keys(['mssql_to_csv']) retrieved from /usr/local/airflow/dags/__pycache__/mssqlToCSV.py
[2021-09-03 03:21:34,069] {logging_mixin.py:109} INFO - [2021-09-03 03:21:34,069] {dag.py:1833} INFO - Sync 1 DAGs
[2021-09-03 03:21:34,083] {logging_mixin.py:109} INFO - [2021-09-03 03:21:34,083] {dag.py:2306} INFO - Setting next_dagrun for mssql_to_csv to None
[2021-09-03 03:21:34,090] {processor.py:170} INFO - Processing /usr/local/airflow/dags/__pycache__/mssqlToCSV.py took 0.069 seconds
[2021-09-03 03:22:04,193] {processor.py:162} INFO - Started process (PID=275) to work on /usr/local/airflow/dags/__pycache__/mssqlToCSV.py
[2021-09-03 03:22:04,193] {processor.py:613} INFO - Processing file /usr/local/airflow/dags/__pycache__/mssqlToCSV.py for tasks to queue
[2021-09-03 03:22:04,194] {logging_mixin.py:109} INFO - [2021-09-03 03:22:04,194] {dagbag.py:496} INFO - Filling up the DagBag from /usr/local/airflow/dags/__pycache__/mssqlToCSV.py
[2021-09-03 03:22:04,214] {processor.py:623} INFO - DAG(s) dict_keys(['mssql_to_csv']) retrieved from /usr/local/airflow/dags/__pycache__/mssqlToCSV.py
[2021-09-03 03:22:04,234] {logging_mixin.py:109} INFO - [2021-09-03 03:22:04,234] {dag.py:1833} INFO - Sync 1 DAGs
[2021-09-03 03:22:04,246] {logging_mixin.py:109} INFO - [2021-09-03 03:22:04,246] {dag.py:2306} INFO - Setting next_dagrun for mssql_to_csv to None
[2021-09-03 03:22:04,252] {processor.py:170} INFO - Processing /usr/local/airflow/dags/__pycache__/mssqlToCSV.py took 0.062 seconds
[2021-09-03 03:22:34,362] {processor.py:162} INFO - Started process (PID=296) to work on /usr/local/airflow/dags/__pycache__/mssqlToCSV.py
[2021-09-03 03:22:34,363] {processor.py:613} INFO - Processing file /usr/local/airflow/dags/__pycache__/mssqlToCSV.py for tasks to queue
[2021-09-03 03:22:34,364] {logging_mixin.py:109} INFO - [2021-09-03 03:22:34,364] {dagbag.py:496} INFO - Filling up the DagBag from /usr/local/airflow/dags/__pycache__/mssqlToCSV.py
[2021-09-03 03:22:34,386] {processor.py:623} INFO - DAG(s) dict_keys(['mssql_to_csv']) retrieved from /usr/local/airflow/dags/__pycache__/mssqlToCSV.py
[2021-09-03 03:22:34,406] {logging_mixin.py:109} INFO - [2021-09-03 03:22:34,406] {dag.py:1833} INFO - Sync 1 DAGs
[2021-09-03 03:22:34,421] {logging_mixin.py:109} INFO - [2021-09-03 03:22:34,421] {dag.py:2306} INFO - Setting next_dagrun for mssql_to_csv to None
[2021-09-03 03:22:34,439] {processor.py:170} INFO - Processing /usr/local/airflow/dags/__pycache__/mssqlToCSV.py took 0.081 seconds
[2021-09-03 03:23:04,527] {processor.py:162} INFO - Started process (PID=317) to work on /usr/local/airflow/dags/__pycache__/mssqlToCSV.py
[2021-09-03 03:23:04,528] {processor.py:613} INFO - Processing file /usr/local/airflow/dags/__pycache__/mssqlToCSV.py for tasks to queue
[2021-09-03 03:23:04,528] {logging_mixin.py:109} INFO - [2021-09-03 03:23:04,528] {dagbag.py:496} INFO - Filling up the DagBag from /usr/local/airflow/dags/__pycache__/mssqlToCSV.py
[2021-09-03 03:23:04,541] {processor.py:623} INFO - DAG(s) dict_keys(['mssql_to_csv']) retrieved from /usr/local/airflow/dags/__pycache__/mssqlToCSV.py
[2021-09-03 03:23:04,554] {logging_mixin.py:109} INFO - [2021-09-03 03:23:04,554] {dag.py:1833} INFO - Sync 1 DAGs
[2021-09-03 03:23:04,564] {logging_mixin.py:109} INFO - [2021-09-03 03:23:04,564] {dag.py:2306} INFO - Setting next_dagrun for mssql_to_csv to None
[2021-09-03 03:23:04,570] {processor.py:170} INFO - Processing /usr/local/airflow/dags/__pycache__/mssqlToCSV.py took 0.045 seconds
[2021-09-03 03:23:34,661] {processor.py:162} INFO - Started process (PID=338) to work on /usr/local/airflow/dags/__pycache__/mssqlToCSV.py
[2021-09-03 03:23:34,662] {processor.py:613} INFO - Processing file /usr/local/airflow/dags/__pycache__/mssqlToCSV.py for tasks to queue
[2021-09-03 03:23:34,663] {logging_mixin.py:109} INFO - [2021-09-03 03:23:34,663] {dagbag.py:496} INFO - Filling up the DagBag from /usr/local/airflow/dags/__pycache__/mssqlToCSV.py
[2021-09-03 03:23:34,679] {processor.py:623} INFO - DAG(s) dict_keys(['mssql_to_csv']) retrieved from /usr/local/airflow/dags/__pycache__/mssqlToCSV.py
[2021-09-03 03:23:34,693] {logging_mixin.py:109} INFO - [2021-09-03 03:23:34,693] {dag.py:1833} INFO - Sync 1 DAGs
[2021-09-03 03:23:34,705] {logging_mixin.py:109} INFO - [2021-09-03 03:23:34,705] {dag.py:2306} INFO - Setting next_dagrun for mssql_to_csv to None
[2021-09-03 03:23:34,711] {processor.py:170} INFO - Processing /usr/local/airflow/dags/__pycache__/mssqlToCSV.py took 0.052 seconds
[2021-09-03 03:24:04,822] {processor.py:162} INFO - Started process (PID=359) to work on /usr/local/airflow/dags/__pycache__/mssqlToCSV.py
[2021-09-03 03:24:04,823] {processor.py:613} INFO - Processing file /usr/local/airflow/dags/__pycache__/mssqlToCSV.py for tasks to queue
[2021-09-03 03:24:04,824] {logging_mixin.py:109} INFO - [2021-09-03 03:24:04,823] {dagbag.py:496} INFO - Filling up the DagBag from /usr/local/airflow/dags/__pycache__/mssqlToCSV.py
[2021-09-03 03:24:04,850] {processor.py:623} INFO - DAG(s) dict_keys(['mssql_to_csv']) retrieved from /usr/local/airflow/dags/__pycache__/mssqlToCSV.py
[2021-09-03 03:24:04,868] {logging_mixin.py:109} INFO - [2021-09-03 03:24:04,868] {dag.py:1833} INFO - Sync 1 DAGs
[2021-09-03 03:24:04,881] {logging_mixin.py:109} INFO - [2021-09-03 03:24:04,880] {dag.py:2306} INFO - Setting next_dagrun for mssql_to_csv to None
[2021-09-03 03:24:04,886] {processor.py:170} INFO - Processing /usr/local/airflow/dags/__pycache__/mssqlToCSV.py took 0.068 seconds
[2021-09-03 03:24:34,996] {processor.py:162} INFO - Started process (PID=380) to work on /usr/local/airflow/dags/__pycache__/mssqlToCSV.py
[2021-09-03 03:24:34,997] {processor.py:613} INFO - Processing file /usr/local/airflow/dags/__pycache__/mssqlToCSV.py for tasks to queue
[2021-09-03 03:24:34,998] {logging_mixin.py:109} INFO - [2021-09-03 03:24:34,998] {dagbag.py:496} INFO - Filling up the DagBag from /usr/local/airflow/dags/__pycache__/mssqlToCSV.py
[2021-09-03 03:24:35,021] {processor.py:623} INFO - DAG(s) dict_keys(['mssql_to_csv']) retrieved from /usr/local/airflow/dags/__pycache__/mssqlToCSV.py
[2021-09-03 03:24:35,042] {logging_mixin.py:109} INFO - [2021-09-03 03:24:35,042] {dag.py:1833} INFO - Sync 1 DAGs
[2021-09-03 03:24:35,057] {logging_mixin.py:109} INFO - [2021-09-03 03:24:35,057] {dag.py:2306} INFO - Setting next_dagrun for mssql_to_csv to None
[2021-09-03 03:24:35,070] {processor.py:170} INFO - Processing /usr/local/airflow/dags/__pycache__/mssqlToCSV.py took 0.078 seconds
[2021-09-03 03:25:05,185] {processor.py:162} INFO - Started process (PID=401) to work on /usr/local/airflow/dags/__pycache__/mssqlToCSV.py
[2021-09-03 03:25:05,187] {processor.py:613} INFO - Processing file /usr/local/airflow/dags/__pycache__/mssqlToCSV.py for tasks to queue
[2021-09-03 03:25:05,187] {logging_mixin.py:109} INFO - [2021-09-03 03:25:05,187] {dagbag.py:496} INFO - Filling up the DagBag from /usr/local/airflow/dags/__pycache__/mssqlToCSV.py
[2021-09-03 03:25:05,210] {processor.py:623} INFO - DAG(s) dict_keys(['mssql_to_csv']) retrieved from /usr/local/airflow/dags/__pycache__/mssqlToCSV.py
[2021-09-03 03:25:05,231] {logging_mixin.py:109} INFO - [2021-09-03 03:25:05,231] {dag.py:1833} INFO - Sync 1 DAGs
[2021-09-03 03:25:05,246] {logging_mixin.py:109} INFO - [2021-09-03 03:25:05,246] {dag.py:2306} INFO - Setting next_dagrun for mssql_to_csv to None
[2021-09-03 03:25:05,256] {processor.py:170} INFO - Processing /usr/local/airflow/dags/__pycache__/mssqlToCSV.py took 0.074 seconds
[2021-09-03 03:25:35,364] {processor.py:162} INFO - Started process (PID=422) to work on /usr/local/airflow/dags/__pycache__/mssqlToCSV.py
[2021-09-03 03:25:35,365] {processor.py:613} INFO - Processing file /usr/local/airflow/dags/__pycache__/mssqlToCSV.py for tasks to queue
[2021-09-03 03:25:35,366] {logging_mixin.py:109} INFO - [2021-09-03 03:25:35,366] {dagbag.py:496} INFO - Filling up the DagBag from /usr/local/airflow/dags/__pycache__/mssqlToCSV.py
[2021-09-03 03:25:35,389] {processor.py:623} INFO - DAG(s) dict_keys(['mssql_to_csv']) retrieved from /usr/local/airflow/dags/__pycache__/mssqlToCSV.py
[2021-09-03 03:25:35,410] {logging_mixin.py:109} INFO - [2021-09-03 03:25:35,410] {dag.py:1833} INFO - Sync 1 DAGs
[2021-09-03 03:25:35,426] {logging_mixin.py:109} INFO - [2021-09-03 03:25:35,426] {dag.py:2306} INFO - Setting next_dagrun for mssql_to_csv to None
[2021-09-03 03:25:35,435] {processor.py:170} INFO - Processing /usr/local/airflow/dags/__pycache__/mssqlToCSV.py took 0.074 seconds
[2021-09-03 03:26:05,564] {processor.py:162} INFO - Started process (PID=443) to work on /usr/local/airflow/dags/__pycache__/mssqlToCSV.py
[2021-09-03 03:26:05,565] {processor.py:613} INFO - Processing file /usr/local/airflow/dags/__pycache__/mssqlToCSV.py for tasks to queue
[2021-09-03 03:26:05,566] {logging_mixin.py:109} INFO - [2021-09-03 03:26:05,566] {dagbag.py:496} INFO - Filling up the DagBag from /usr/local/airflow/dags/__pycache__/mssqlToCSV.py
[2021-09-03 03:26:05,588] {processor.py:623} INFO - DAG(s) dict_keys(['mssql_to_csv']) retrieved from /usr/local/airflow/dags/__pycache__/mssqlToCSV.py
[2021-09-03 03:26:05,608] {logging_mixin.py:109} INFO - [2021-09-03 03:26:05,608] {dag.py:1833} INFO - Sync 1 DAGs
[2021-09-03 03:26:05,623] {logging_mixin.py:109} INFO - [2021-09-03 03:26:05,623] {dag.py:2306} INFO - Setting next_dagrun for mssql_to_csv to None
[2021-09-03 03:26:05,636] {processor.py:170} INFO - Processing /usr/local/airflow/dags/__pycache__/mssqlToCSV.py took 0.075 seconds
[2021-09-03 03:26:35,747] {processor.py:162} INFO - Started process (PID=465) to work on /usr/local/airflow/dags/__pycache__/mssqlToCSV.py
[2021-09-03 03:26:35,749] {processor.py:613} INFO - Processing file /usr/local/airflow/dags/__pycache__/mssqlToCSV.py for tasks to queue
[2021-09-03 03:26:35,750] {logging_mixin.py:109} INFO - [2021-09-03 03:26:35,749] {dagbag.py:496} INFO - Filling up the DagBag from /usr/local/airflow/dags/__pycache__/mssqlToCSV.py
[2021-09-03 03:26:35,772] {processor.py:623} INFO - DAG(s) dict_keys(['mssql_to_csv']) retrieved from /usr/local/airflow/dags/__pycache__/mssqlToCSV.py
[2021-09-03 03:26:35,794] {logging_mixin.py:109} INFO - [2021-09-03 03:26:35,794] {dag.py:1833} INFO - Sync 1 DAGs
[2021-09-03 03:26:35,811] {logging_mixin.py:109} INFO - [2021-09-03 03:26:35,811] {dag.py:2306} INFO - Setting next_dagrun for mssql_to_csv to None
[2021-09-03 03:26:35,829] {processor.py:170} INFO - Processing /usr/local/airflow/dags/__pycache__/mssqlToCSV.py took 0.086 seconds
[2021-09-03 03:27:05,939] {processor.py:162} INFO - Started process (PID=486) to work on /usr/local/airflow/dags/__pycache__/mssqlToCSV.py
[2021-09-03 03:27:05,941] {processor.py:613} INFO - Processing file /usr/local/airflow/dags/__pycache__/mssqlToCSV.py for tasks to queue
[2021-09-03 03:27:05,941] {logging_mixin.py:109} INFO - [2021-09-03 03:27:05,941] {dagbag.py:496} INFO - Filling up the DagBag from /usr/local/airflow/dags/__pycache__/mssqlToCSV.py
[2021-09-03 03:27:05,963] {processor.py:623} INFO - DAG(s) dict_keys(['mssql_to_csv']) retrieved from /usr/local/airflow/dags/__pycache__/mssqlToCSV.py
[2021-09-03 03:27:05,983] {logging_mixin.py:109} INFO - [2021-09-03 03:27:05,983] {dag.py:1833} INFO - Sync 1 DAGs
[2021-09-03 03:27:05,999] {logging_mixin.py:109} INFO - [2021-09-03 03:27:05,999] {dag.py:2306} INFO - Setting next_dagrun for mssql_to_csv to None
[2021-09-03 03:27:06,011] {processor.py:170} INFO - Processing /usr/local/airflow/dags/__pycache__/mssqlToCSV.py took 0.075 seconds
[2021-09-03 03:27:36,103] {processor.py:162} INFO - Started process (PID=507) to work on /usr/local/airflow/dags/__pycache__/mssqlToCSV.py
[2021-09-03 03:27:36,103] {processor.py:613} INFO - Processing file /usr/local/airflow/dags/__pycache__/mssqlToCSV.py for tasks to queue
[2021-09-03 03:27:36,104] {logging_mixin.py:109} INFO - [2021-09-03 03:27:36,104] {dagbag.py:496} INFO - Filling up the DagBag from /usr/local/airflow/dags/__pycache__/mssqlToCSV.py
[2021-09-03 03:27:36,117] {processor.py:623} INFO - DAG(s) dict_keys(['mssql_to_csv']) retrieved from /usr/local/airflow/dags/__pycache__/mssqlToCSV.py
[2021-09-03 03:27:36,134] {logging_mixin.py:109} INFO - [2021-09-03 03:27:36,134] {dag.py:1833} INFO - Sync 1 DAGs
[2021-09-03 03:27:36,145] {logging_mixin.py:109} INFO - [2021-09-03 03:27:36,145] {dag.py:2306} INFO - Setting next_dagrun for mssql_to_csv to None
[2021-09-03 03:27:36,152] {processor.py:170} INFO - Processing /usr/local/airflow/dags/__pycache__/mssqlToCSV.py took 0.051 seconds
[2021-09-03 03:28:06,261] {processor.py:162} INFO - Started process (PID=528) to work on /usr/local/airflow/dags/__pycache__/mssqlToCSV.py
[2021-09-03 03:28:06,262] {processor.py:613} INFO - Processing file /usr/local/airflow/dags/__pycache__/mssqlToCSV.py for tasks to queue
[2021-09-03 03:28:06,262] {logging_mixin.py:109} INFO - [2021-09-03 03:28:06,262] {dagbag.py:496} INFO - Filling up the DagBag from /usr/local/airflow/dags/__pycache__/mssqlToCSV.py
[2021-09-03 03:28:06,275] {processor.py:623} INFO - DAG(s) dict_keys(['mssql_to_csv']) retrieved from /usr/local/airflow/dags/__pycache__/mssqlToCSV.py
[2021-09-03 03:28:06,291] {logging_mixin.py:109} INFO - [2021-09-03 03:28:06,290] {dag.py:1833} INFO - Sync 1 DAGs
[2021-09-03 03:28:06,306] {logging_mixin.py:109} INFO - [2021-09-03 03:28:06,306] {dag.py:2306} INFO - Setting next_dagrun for mssql_to_csv to None
[2021-09-03 03:28:06,314] {processor.py:170} INFO - Processing /usr/local/airflow/dags/__pycache__/mssqlToCSV.py took 0.057 seconds
[2021-09-03 03:28:36,424] {processor.py:162} INFO - Started process (PID=550) to work on /usr/local/airflow/dags/__pycache__/mssqlToCSV.py
[2021-09-03 03:28:36,425] {processor.py:613} INFO - Processing file /usr/local/airflow/dags/__pycache__/mssqlToCSV.py for tasks to queue
[2021-09-03 03:28:36,426] {logging_mixin.py:109} INFO - [2021-09-03 03:28:36,426] {dagbag.py:496} INFO - Filling up the DagBag from /usr/local/airflow/dags/__pycache__/mssqlToCSV.py
[2021-09-03 03:28:36,447] {processor.py:623} INFO - DAG(s) dict_keys(['mssql_to_csv']) retrieved from /usr/local/airflow/dags/__pycache__/mssqlToCSV.py
[2021-09-03 03:28:36,467] {logging_mixin.py:109} INFO - [2021-09-03 03:28:36,467] {dag.py:1833} INFO - Sync 1 DAGs
[2021-09-03 03:28:36,482] {logging_mixin.py:109} INFO - [2021-09-03 03:28:36,482] {dag.py:2306} INFO - Setting next_dagrun for mssql_to_csv to None
[2021-09-03 03:28:36,490] {processor.py:170} INFO - Processing /usr/local/airflow/dags/__pycache__/mssqlToCSV.py took 0.070 seconds
[2021-09-03 03:29:06,611] {processor.py:162} INFO - Started process (PID=571) to work on /usr/local/airflow/dags/__pycache__/mssqlToCSV.py
[2021-09-03 03:29:06,612] {processor.py:613} INFO - Processing file /usr/local/airflow/dags/__pycache__/mssqlToCSV.py for tasks to queue
[2021-09-03 03:29:06,612] {logging_mixin.py:109} INFO - [2021-09-03 03:29:06,612] {dagbag.py:496} INFO - Filling up the DagBag from /usr/local/airflow/dags/__pycache__/mssqlToCSV.py
[2021-09-03 03:29:06,633] {processor.py:623} INFO - DAG(s) dict_keys(['mssql_to_csv']) retrieved from /usr/local/airflow/dags/__pycache__/mssqlToCSV.py
[2021-09-03 03:29:06,653] {logging_mixin.py:109} INFO - [2021-09-03 03:29:06,653] {dag.py:1833} INFO - Sync 1 DAGs
[2021-09-03 03:29:06,668] {logging_mixin.py:109} INFO - [2021-09-03 03:29:06,668] {dag.py:2306} INFO - Setting next_dagrun for mssql_to_csv to None
[2021-09-03 03:29:06,678] {processor.py:170} INFO - Processing /usr/local/airflow/dags/__pycache__/mssqlToCSV.py took 0.070 seconds
[2021-09-03 03:29:36,784] {processor.py:162} INFO - Started process (PID=592) to work on /usr/local/airflow/dags/__pycache__/mssqlToCSV.py
[2021-09-03 03:29:36,785] {processor.py:613} INFO - Processing file /usr/local/airflow/dags/__pycache__/mssqlToCSV.py for tasks to queue
[2021-09-03 03:29:36,786] {logging_mixin.py:109} INFO - [2021-09-03 03:29:36,786] {dagbag.py:496} INFO - Filling up the DagBag from /usr/local/airflow/dags/__pycache__/mssqlToCSV.py
[2021-09-03 03:29:36,803] {processor.py:623} INFO - DAG(s) dict_keys(['mssql_to_csv']) retrieved from /usr/local/airflow/dags/__pycache__/mssqlToCSV.py
[2021-09-03 03:29:36,818] {logging_mixin.py:109} INFO - [2021-09-03 03:29:36,818] {dag.py:1833} INFO - Sync 1 DAGs
[2021-09-03 03:29:36,832] {logging_mixin.py:109} INFO - [2021-09-03 03:29:36,832] {dag.py:2306} INFO - Setting next_dagrun for mssql_to_csv to None
[2021-09-03 03:29:36,839] {processor.py:170} INFO - Processing /usr/local/airflow/dags/__pycache__/mssqlToCSV.py took 0.057 seconds
