[2021-09-03 04:00:20,447] {processor.py:162} INFO - Started process (PID=238) to work on /usr/local/lib/python3.8/dist-packages/airflow/example_dags/example_subdag_operator.py
[2021-09-03 04:00:20,447] {processor.py:613} INFO - Processing file /usr/local/lib/python3.8/dist-packages/airflow/example_dags/example_subdag_operator.py for tasks to queue
[2021-09-03 04:00:20,448] {logging_mixin.py:109} INFO - [2021-09-03 04:00:20,448] {dagbag.py:496} INFO - Filling up the DagBag from /usr/local/lib/python3.8/dist-packages/airflow/example_dags/example_subdag_operator.py
[2021-09-03 04:00:20,465] {processor.py:623} INFO - DAG(s) dict_keys(['example_subdag_operator.section-1', 'example_subdag_operator.section-2', 'example_subdag_operator']) retrieved from /usr/local/lib/python3.8/dist-packages/airflow/example_dags/example_subdag_operator.py
[2021-09-03 04:00:20,468] {logging_mixin.py:109} INFO - [2021-09-03 04:00:20,468] {dag.py:1833} INFO - Sync 3 DAGs
[2021-09-03 04:00:20,477] {logging_mixin.py:109} INFO - [2021-09-03 04:00:20,477] {dag.py:2306} INFO - Setting next_dagrun for example_subdag_operator to 2021-09-01 00:00:00+00:00
[2021-09-03 04:00:20,478] {logging_mixin.py:109} INFO - [2021-09-03 04:00:20,478] {dag.py:2306} INFO - Setting next_dagrun for example_subdag_operator.section-1 to None
[2021-09-03 04:00:20,478] {logging_mixin.py:109} INFO - [2021-09-03 04:00:20,478] {dag.py:2306} INFO - Setting next_dagrun for example_subdag_operator.section-2 to None
[2021-09-03 04:00:20,483] {logging_mixin.py:109} INFO - [2021-09-03 04:00:20,483] {dag.py:1833} INFO - Sync 2 DAGs
[2021-09-03 04:00:20,489] {logging_mixin.py:109} INFO - [2021-09-03 04:00:20,489] {dag.py:2306} INFO - Setting next_dagrun for example_subdag_operator.section-1 to None
[2021-09-03 04:00:20,489] {logging_mixin.py:109} INFO - [2021-09-03 04:00:20,489] {dag.py:2306} INFO - Setting next_dagrun for example_subdag_operator.section-2 to None
[2021-09-03 04:00:20,494] {processor.py:170} INFO - Processing /usr/local/lib/python3.8/dist-packages/airflow/example_dags/example_subdag_operator.py took 0.049 seconds
[2021-09-03 04:00:51,803] {processor.py:162} INFO - Started process (PID=461) to work on /usr/local/lib/python3.8/dist-packages/airflow/example_dags/example_subdag_operator.py
[2021-09-03 04:00:51,804] {processor.py:613} INFO - Processing file /usr/local/lib/python3.8/dist-packages/airflow/example_dags/example_subdag_operator.py for tasks to queue
[2021-09-03 04:00:51,805] {logging_mixin.py:109} INFO - [2021-09-03 04:00:51,805] {dagbag.py:496} INFO - Filling up the DagBag from /usr/local/lib/python3.8/dist-packages/airflow/example_dags/example_subdag_operator.py
[2021-09-03 04:00:51,825] {processor.py:623} INFO - DAG(s) dict_keys(['example_subdag_operator.section-1', 'example_subdag_operator.section-2', 'example_subdag_operator']) retrieved from /usr/local/lib/python3.8/dist-packages/airflow/example_dags/example_subdag_operator.py
[2021-09-03 04:00:51,835] {logging_mixin.py:109} INFO - [2021-09-03 04:00:51,835] {dag.py:1833} INFO - Sync 3 DAGs
[2021-09-03 04:00:51,848] {logging_mixin.py:109} INFO - [2021-09-03 04:00:51,848] {dag.py:2306} INFO - Setting next_dagrun for example_subdag_operator to 2021-09-01 00:00:00+00:00
[2021-09-03 04:00:51,849] {logging_mixin.py:109} INFO - [2021-09-03 04:00:51,849] {dag.py:2306} INFO - Setting next_dagrun for example_subdag_operator.section-1 to None
[2021-09-03 04:00:51,849] {logging_mixin.py:109} INFO - [2021-09-03 04:00:51,849] {dag.py:2306} INFO - Setting next_dagrun for example_subdag_operator.section-2 to None
[2021-09-03 04:00:51,855] {logging_mixin.py:109} INFO - [2021-09-03 04:00:51,855] {dag.py:1833} INFO - Sync 2 DAGs
[2021-09-03 04:00:51,861] {logging_mixin.py:109} INFO - [2021-09-03 04:00:51,861] {dag.py:2306} INFO - Setting next_dagrun for example_subdag_operator.section-1 to None
[2021-09-03 04:00:51,861] {logging_mixin.py:109} INFO - [2021-09-03 04:00:51,861] {dag.py:2306} INFO - Setting next_dagrun for example_subdag_operator.section-2 to None
[2021-09-03 04:00:51,865] {processor.py:170} INFO - Processing /usr/local/lib/python3.8/dist-packages/airflow/example_dags/example_subdag_operator.py took 0.065 seconds
