[2021-09-02 15:13:02,634] {manager.py:604} INFO - Processing files using up to 2 processes at a time 
[2021-09-02 15:13:02,634] {manager.py:605} INFO - Process each file at most once every 30 seconds
[2021-09-02 15:13:02,634] {manager.py:607} INFO - Checking for new files in /usr/local/airflow/dags every 300 seconds
[2021-09-02 15:13:02,634] {manager.py:754} INFO - Searching for files in /usr/local/airflow/dags
[2021-09-02 15:13:02,635] {manager.py:757} INFO - There are 3 files in /usr/local/airflow/dags
[2021-09-02 15:13:02,660] {manager.py:1128} INFO - Finding 'running' jobs without a recent heartbeat
[2021-09-02 15:13:02,660] {manager.py:1132} INFO - Failing jobs without heartbeat after 2021-09-02 15:08:02.660584+00:00
[2021-09-02 15:13:02,677] {manager.py:861} INFO - 
================================================================================
DAG File Processing Stats

File Path                                            PID  Runtime      # DAGs    # Errors  Last Runtime    Last Run
-------------------------------------------------  -----  ---------  --------  ----------  --------------  ----------
/usr/local/airflow/dags/helloworld.py                183  0.02s             0           0
/usr/local/airflow/dags/writefile.py                                        0           0
/usr/local/airflow/dags/__pycache__/mssqlToCSV.py    180  0.02s             0           0
================================================================================
[2021-09-02 15:13:12,743] {manager.py:1128} INFO - Finding 'running' jobs without a recent heartbeat
[2021-09-02 15:13:12,743] {manager.py:1132} INFO - Failing jobs without heartbeat after 2021-09-02 15:08:12.743729+00:00
[2021-09-02 15:13:22,774] {manager.py:1128} INFO - Finding 'running' jobs without a recent heartbeat
[2021-09-02 15:13:22,775] {manager.py:1132} INFO - Failing jobs without heartbeat after 2021-09-02 15:08:22.775063+00:00
[2021-09-02 15:13:32,804] {manager.py:1128} INFO - Finding 'running' jobs without a recent heartbeat
[2021-09-02 15:13:32,804] {manager.py:1132} INFO - Failing jobs without heartbeat after 2021-09-02 15:08:32.804590+00:00
[2021-09-02 15:13:32,822] {manager.py:861} INFO - 
================================================================================
DAG File Processing Stats

File Path                                            PID  Runtime      # DAGs    # Errors  Last Runtime    Last Run
-------------------------------------------------  -----  ---------  --------  ----------  --------------  -------------------
/usr/local/airflow/dags/helloworld.py                256  0.00s             1           0  0.06s           2021-09-02T15:13:02
/usr/local/airflow/dags/writefile.py                                        1           0  0.05s           2021-09-02T15:13:02
/usr/local/airflow/dags/__pycache__/mssqlToCSV.py    253  0.01s             1           0  0.06s           2021-09-02T15:13:02
================================================================================
[2021-09-02 15:13:42,936] {manager.py:1128} INFO - Finding 'running' jobs without a recent heartbeat
[2021-09-02 15:13:42,936] {manager.py:1132} INFO - Failing jobs without heartbeat after 2021-09-02 15:08:42.936657+00:00
[2021-09-02 15:13:52,970] {manager.py:1128} INFO - Finding 'running' jobs without a recent heartbeat
[2021-09-02 15:13:52,970] {manager.py:1132} INFO - Failing jobs without heartbeat after 2021-09-02 15:08:52.970791+00:00
[2021-09-02 15:14:02,999] {manager.py:1128} INFO - Finding 'running' jobs without a recent heartbeat
[2021-09-02 15:14:02,999] {manager.py:1132} INFO - Failing jobs without heartbeat after 2021-09-02 15:09:02.999867+00:00
[2021-09-02 15:14:03,018] {manager.py:861} INFO - 
================================================================================
DAG File Processing Stats

File Path                                            PID  Runtime      # DAGs    # Errors  Last Runtime    Last Run
-------------------------------------------------  -----  ---------  --------  ----------  --------------  -------------------
/usr/local/airflow/dags/helloworld.py                277  0.00s             1           0  0.10s           2021-09-02T15:13:32
/usr/local/airflow/dags/writefile.py                                        1           0  0.07s           2021-09-02T15:13:32
/usr/local/airflow/dags/__pycache__/mssqlToCSV.py    274  0.01s             1           0  0.09s           2021-09-02T15:13:32
================================================================================
[2021-09-02 15:14:13,136] {manager.py:1128} INFO - Finding 'running' jobs without a recent heartbeat
[2021-09-02 15:14:13,136] {manager.py:1132} INFO - Failing jobs without heartbeat after 2021-09-02 15:09:13.136665+00:00
[2021-09-02 15:14:23,170] {manager.py:1128} INFO - Finding 'running' jobs without a recent heartbeat
[2021-09-02 15:14:23,170] {manager.py:1132} INFO - Failing jobs without heartbeat after 2021-09-02 15:09:23.170291+00:00
[2021-09-03 03:21:03,823] {manager.py:604} INFO - Processing files using up to 2 processes at a time 
[2021-09-03 03:21:03,824] {manager.py:605} INFO - Process each file at most once every 30 seconds
[2021-09-03 03:21:03,824] {manager.py:607} INFO - Checking for new files in /usr/local/airflow/dags every 300 seconds
[2021-09-03 03:21:03,824] {manager.py:754} INFO - Searching for files in /usr/local/airflow/dags
[2021-09-03 03:21:03,826] {manager.py:757} INFO - There are 3 files in /usr/local/airflow/dags
[2021-09-03 03:21:03,852] {manager.py:1128} INFO - Finding 'running' jobs without a recent heartbeat
[2021-09-03 03:21:03,853] {manager.py:1132} INFO - Failing jobs without heartbeat after 2021-09-03 03:16:03.853142+00:00
[2021-09-03 03:21:03,872] {manager.py:861} INFO - 
================================================================================
DAG File Processing Stats

File Path                                            PID  Runtime      # DAGs    # Errors  Last Runtime    Last Run
-------------------------------------------------  -----  ---------  --------  ----------  --------------  ----------
/usr/local/airflow/dags/helloworld.py                182  0.02s             0           0
/usr/local/airflow/dags/writefile.py                                        0           0
/usr/local/airflow/dags/__pycache__/mssqlToCSV.py    179  0.02s             0           0
================================================================================
[2021-09-03 03:21:13,948] {manager.py:1128} INFO - Finding 'running' jobs without a recent heartbeat
[2021-09-03 03:21:13,948] {manager.py:1132} INFO - Failing jobs without heartbeat after 2021-09-03 03:16:13.948604+00:00
[2021-09-03 03:21:23,981] {manager.py:1128} INFO - Finding 'running' jobs without a recent heartbeat
[2021-09-03 03:21:23,981] {manager.py:1132} INFO - Failing jobs without heartbeat after 2021-09-03 03:16:23.981961+00:00
[2021-09-03 03:21:34,008] {manager.py:1128} INFO - Finding 'running' jobs without a recent heartbeat
[2021-09-03 03:21:34,008] {manager.py:1132} INFO - Failing jobs without heartbeat after 2021-09-03 03:16:34.008172+00:00
[2021-09-03 03:21:34,021] {manager.py:861} INFO - 
================================================================================
DAG File Processing Stats

File Path                                            PID  Runtime      # DAGs    # Errors  Last Runtime    Last Run
-------------------------------------------------  -----  ---------  --------  ----------  --------------  -------------------
/usr/local/airflow/dags/helloworld.py                255  0.00s             1           0  0.08s           2021-09-03T03:21:03
/usr/local/airflow/dags/writefile.py                                        1           0  0.06s           2021-09-03T03:21:03
/usr/local/airflow/dags/__pycache__/mssqlToCSV.py    252  0.01s             1           0  0.07s           2021-09-03T03:21:03
================================================================================
[2021-09-03 03:21:44,117] {manager.py:1128} INFO - Finding 'running' jobs without a recent heartbeat
[2021-09-03 03:21:44,118] {manager.py:1132} INFO - Failing jobs without heartbeat after 2021-09-03 03:16:44.118150+00:00
[2021-09-03 03:21:54,145] {manager.py:1128} INFO - Finding 'running' jobs without a recent heartbeat
[2021-09-03 03:21:54,146] {manager.py:1132} INFO - Failing jobs without heartbeat after 2021-09-03 03:16:54.146184+00:00
[2021-09-03 03:22:04,177] {manager.py:1128} INFO - Finding 'running' jobs without a recent heartbeat
[2021-09-03 03:22:04,178] {manager.py:1132} INFO - Failing jobs without heartbeat after 2021-09-03 03:17:04.177992+00:00
[2021-09-03 03:22:04,191] {manager.py:861} INFO - 
================================================================================
DAG File Processing Stats

File Path                                            PID  Runtime      # DAGs    # Errors  Last Runtime    Last Run
-------------------------------------------------  -----  ---------  --------  ----------  --------------  -------------------
/usr/local/airflow/dags/helloworld.py                278  0.00s             1           0  0.08s           2021-09-03T03:21:34
/usr/local/airflow/dags/writefile.py                                        1           0  0.05s           2021-09-03T03:21:34
/usr/local/airflow/dags/__pycache__/mssqlToCSV.py    275  0.01s             1           0  0.08s           2021-09-03T03:21:34
================================================================================
[2021-09-03 03:22:14,283] {manager.py:1128} INFO - Finding 'running' jobs without a recent heartbeat
[2021-09-03 03:22:14,283] {manager.py:1132} INFO - Failing jobs without heartbeat after 2021-09-03 03:17:14.283475+00:00
[2021-09-03 03:22:24,311] {manager.py:1128} INFO - Finding 'running' jobs without a recent heartbeat
[2021-09-03 03:22:24,312] {manager.py:1132} INFO - Failing jobs without heartbeat after 2021-09-03 03:17:24.312045+00:00
[2021-09-03 03:22:34,342] {manager.py:1128} INFO - Finding 'running' jobs without a recent heartbeat
[2021-09-03 03:22:34,342] {manager.py:1132} INFO - Failing jobs without heartbeat after 2021-09-03 03:17:34.342412+00:00
[2021-09-03 03:22:34,358] {manager.py:861} INFO - 
================================================================================
DAG File Processing Stats

File Path                                            PID  Runtime      # DAGs    # Errors  Last Runtime    Last Run
-------------------------------------------------  -----  ---------  --------  ----------  --------------  -------------------
/usr/local/airflow/dags/helloworld.py                298  0.00s             1           0  0.07s           2021-09-03T03:22:04
/usr/local/airflow/dags/writefile.py                                        1           0  0.07s           2021-09-03T03:22:04
/usr/local/airflow/dags/__pycache__/mssqlToCSV.py    296  0.01s             1           0  0.07s           2021-09-03T03:22:04
================================================================================
[2021-09-03 03:22:44,469] {manager.py:1128} INFO - Finding 'running' jobs without a recent heartbeat
[2021-09-03 03:22:44,470] {manager.py:1132} INFO - Failing jobs without heartbeat after 2021-09-03 03:17:44.470081+00:00
[2021-09-03 03:22:54,492] {manager.py:1128} INFO - Finding 'running' jobs without a recent heartbeat
[2021-09-03 03:22:54,492] {manager.py:1132} INFO - Failing jobs without heartbeat after 2021-09-03 03:17:54.492840+00:00
[2021-09-03 03:23:04,515] {manager.py:1128} INFO - Finding 'running' jobs without a recent heartbeat
[2021-09-03 03:23:04,516] {manager.py:1132} INFO - Failing jobs without heartbeat after 2021-09-03 03:18:04.516130+00:00
[2021-09-03 03:23:04,525] {manager.py:861} INFO - 
================================================================================
DAG File Processing Stats

File Path                                            PID  Runtime      # DAGs    # Errors  Last Runtime    Last Run
-------------------------------------------------  -----  ---------  --------  ----------  --------------  -------------------
/usr/local/airflow/dags/helloworld.py                319  0.00s             1           0  0.10s           2021-09-03T03:22:34
/usr/local/airflow/dags/writefile.py                                        1           0  0.07s           2021-09-03T03:22:34
/usr/local/airflow/dags/__pycache__/mssqlToCSV.py    317  0.00s             1           0  0.10s           2021-09-03T03:22:34
================================================================================
[2021-09-03 03:23:14,601] {manager.py:1128} INFO - Finding 'running' jobs without a recent heartbeat
[2021-09-03 03:23:14,602] {manager.py:1132} INFO - Failing jobs without heartbeat after 2021-09-03 03:18:14.602086+00:00
[2021-09-03 03:23:24,625] {manager.py:1128} INFO - Finding 'running' jobs without a recent heartbeat
[2021-09-03 03:23:24,625] {manager.py:1132} INFO - Failing jobs without heartbeat after 2021-09-03 03:18:24.625975+00:00
[2021-09-03 03:23:34,649] {manager.py:1128} INFO - Finding 'running' jobs without a recent heartbeat
[2021-09-03 03:23:34,649] {manager.py:1132} INFO - Failing jobs without heartbeat after 2021-09-03 03:18:34.649803+00:00
[2021-09-03 03:23:34,659] {manager.py:861} INFO - 
================================================================================
DAG File Processing Stats

File Path                                            PID  Runtime      # DAGs    # Errors  Last Runtime    Last Run
-------------------------------------------------  -----  ---------  --------  ----------  --------------  -------------------
/usr/local/airflow/dags/helloworld.py                341  0.00s             1           0  0.06s           2021-09-03T03:23:04
/usr/local/airflow/dags/writefile.py                                        1           0  0.05s           2021-09-03T03:23:04
/usr/local/airflow/dags/__pycache__/mssqlToCSV.py    338  0.00s             1           0  0.05s           2021-09-03T03:23:04
================================================================================
[2021-09-03 03:23:44,739] {manager.py:1128} INFO - Finding 'running' jobs without a recent heartbeat
[2021-09-03 03:23:44,740] {manager.py:1132} INFO - Failing jobs without heartbeat after 2021-09-03 03:18:44.740278+00:00
[2021-09-03 03:23:54,772] {manager.py:1128} INFO - Finding 'running' jobs without a recent heartbeat
[2021-09-03 03:23:54,772] {manager.py:1132} INFO - Failing jobs without heartbeat after 2021-09-03 03:18:54.772800+00:00
[2021-09-03 03:24:04,803] {manager.py:1128} INFO - Finding 'running' jobs without a recent heartbeat
[2021-09-03 03:24:04,803] {manager.py:1132} INFO - Failing jobs without heartbeat after 2021-09-03 03:19:04.803199+00:00
[2021-09-03 03:24:04,818] {manager.py:861} INFO - 
================================================================================
DAG File Processing Stats

File Path                                            PID  Runtime      # DAGs    # Errors  Last Runtime    Last Run
-------------------------------------------------  -----  ---------  --------  ----------  --------------  -------------------
/usr/local/airflow/dags/helloworld.py                361  0.00s             1           0  0.06s           2021-09-03T03:23:34
/usr/local/airflow/dags/writefile.py                                        1           0  0.05s           2021-09-03T03:23:34
/usr/local/airflow/dags/__pycache__/mssqlToCSV.py    359  0.01s             1           0  0.06s           2021-09-03T03:23:34
================================================================================
[2021-09-03 03:24:14,917] {manager.py:1128} INFO - Finding 'running' jobs without a recent heartbeat
[2021-09-03 03:24:14,918] {manager.py:1132} INFO - Failing jobs without heartbeat after 2021-09-03 03:19:14.918208+00:00
[2021-09-03 03:24:24,947] {manager.py:1128} INFO - Finding 'running' jobs without a recent heartbeat
[2021-09-03 03:24:24,948] {manager.py:1132} INFO - Failing jobs without heartbeat after 2021-09-03 03:19:24.948088+00:00
[2021-09-03 03:24:34,976] {manager.py:1128} INFO - Finding 'running' jobs without a recent heartbeat
[2021-09-03 03:24:34,976] {manager.py:1132} INFO - Failing jobs without heartbeat after 2021-09-03 03:19:34.976781+00:00
[2021-09-03 03:24:34,992] {manager.py:861} INFO - 
================================================================================
DAG File Processing Stats

File Path                                            PID  Runtime      # DAGs    # Errors  Last Runtime    Last Run
-------------------------------------------------  -----  ---------  --------  ----------  --------------  -------------------
/usr/local/airflow/dags/helloworld.py                382  0.00s             1           0  0.08s           2021-09-03T03:24:04
/usr/local/airflow/dags/writefile.py                                        1           0  0.06s           2021-09-03T03:24:04
/usr/local/airflow/dags/__pycache__/mssqlToCSV.py    380  0.01s             1           0  0.08s           2021-09-03T03:24:04
================================================================================
[2021-09-03 03:24:45,102] {manager.py:1128} INFO - Finding 'running' jobs without a recent heartbeat
[2021-09-03 03:24:45,102] {manager.py:1132} INFO - Failing jobs without heartbeat after 2021-09-03 03:19:45.102714+00:00
[2021-09-03 03:24:55,132] {manager.py:1128} INFO - Finding 'running' jobs without a recent heartbeat
[2021-09-03 03:24:55,132] {manager.py:1132} INFO - Failing jobs without heartbeat after 2021-09-03 03:19:55.132874+00:00
[2021-09-03 03:25:05,164] {manager.py:1128} INFO - Finding 'running' jobs without a recent heartbeat
[2021-09-03 03:25:05,164] {manager.py:1132} INFO - Failing jobs without heartbeat after 2021-09-03 03:20:05.164371+00:00
[2021-09-03 03:25:05,181] {manager.py:861} INFO - 
================================================================================
DAG File Processing Stats

File Path                                            PID  Runtime      # DAGs    # Errors  Last Runtime    Last Run
-------------------------------------------------  -----  ---------  --------  ----------  --------------  -------------------
/usr/local/airflow/dags/helloworld.py                403  0.00s             1           0  0.09s           2021-09-03T03:24:35
/usr/local/airflow/dags/writefile.py                                        1           0  0.06s           2021-09-03T03:24:35
/usr/local/airflow/dags/__pycache__/mssqlToCSV.py    401  0.01s             1           0  0.09s           2021-09-03T03:24:35
================================================================================
[2021-09-03 03:25:15,287] {manager.py:1128} INFO - Finding 'running' jobs without a recent heartbeat
[2021-09-03 03:25:15,288] {manager.py:1132} INFO - Failing jobs without heartbeat after 2021-09-03 03:20:15.288180+00:00
[2021-09-03 03:25:25,317] {manager.py:1128} INFO - Finding 'running' jobs without a recent heartbeat
[2021-09-03 03:25:25,318] {manager.py:1132} INFO - Failing jobs without heartbeat after 2021-09-03 03:20:25.318038+00:00
[2021-09-03 03:25:35,348] {manager.py:1128} INFO - Finding 'running' jobs without a recent heartbeat
[2021-09-03 03:25:35,348] {manager.py:1132} INFO - Failing jobs without heartbeat after 2021-09-03 03:20:35.348811+00:00
[2021-09-03 03:25:35,360] {manager.py:861} INFO - 
================================================================================
DAG File Processing Stats

File Path                                            PID  Runtime      # DAGs    # Errors  Last Runtime    Last Run
-------------------------------------------------  -----  ---------  --------  ----------  --------------  -------------------
/usr/local/airflow/dags/helloworld.py                424  0.00s             1           0  0.09s           2021-09-03T03:25:05
/usr/local/airflow/dags/writefile.py                                        1           0  0.07s           2021-09-03T03:25:05
/usr/local/airflow/dags/__pycache__/mssqlToCSV.py    422  0.01s             1           0  0.09s           2021-09-03T03:25:05
================================================================================
[2021-09-03 03:25:45,469] {manager.py:1128} INFO - Finding 'running' jobs without a recent heartbeat
[2021-09-03 03:25:45,470] {manager.py:1132} INFO - Failing jobs without heartbeat after 2021-09-03 03:20:45.470172+00:00
[2021-09-03 03:25:55,498] {manager.py:1128} INFO - Finding 'running' jobs without a recent heartbeat
[2021-09-03 03:25:55,498] {manager.py:1132} INFO - Failing jobs without heartbeat after 2021-09-03 03:20:55.498673+00:00
[2021-09-03 03:26:04,527] {manager.py:754} INFO - Searching for files in /usr/local/airflow/dags
[2021-09-03 03:26:04,528] {manager.py:757} INFO - There are 3 files in /usr/local/airflow/dags
[2021-09-03 03:26:05,545] {manager.py:1128} INFO - Finding 'running' jobs without a recent heartbeat
[2021-09-03 03:26:05,545] {manager.py:1132} INFO - Failing jobs without heartbeat after 2021-09-03 03:21:05.545654+00:00
[2021-09-03 03:26:05,560] {manager.py:861} INFO - 
================================================================================
DAG File Processing Stats

File Path                                            PID  Runtime      # DAGs    # Errors  Last Runtime    Last Run
-------------------------------------------------  -----  ---------  --------  ----------  --------------  -------------------
/usr/local/airflow/dags/helloworld.py                445  0.00s             1           0  0.09s           2021-09-03T03:25:35
/usr/local/airflow/dags/writefile.py                                        1           0  0.07s           2021-09-03T03:25:35
/usr/local/airflow/dags/__pycache__/mssqlToCSV.py    443  0.01s             1           0  0.09s           2021-09-03T03:25:35
================================================================================
[2021-09-03 03:26:15,666] {manager.py:1128} INFO - Finding 'running' jobs without a recent heartbeat
[2021-09-03 03:26:15,666] {manager.py:1132} INFO - Failing jobs without heartbeat after 2021-09-03 03:21:15.666874+00:00
[2021-09-03 03:26:25,692] {manager.py:1128} INFO - Finding 'running' jobs without a recent heartbeat
[2021-09-03 03:26:25,692] {manager.py:1132} INFO - Failing jobs without heartbeat after 2021-09-03 03:21:25.692778+00:00
[2021-09-03 03:26:35,722] {manager.py:1128} INFO - Finding 'running' jobs without a recent heartbeat
[2021-09-03 03:26:35,723] {manager.py:1132} INFO - Failing jobs without heartbeat after 2021-09-03 03:21:35.723078+00:00
[2021-09-03 03:26:35,743] {manager.py:861} INFO - 
================================================================================
DAG File Processing Stats

File Path                                            PID  Runtime      # DAGs    # Errors  Last Runtime    Last Run
-------------------------------------------------  -----  ---------  --------  ----------  --------------  -------------------
/usr/local/airflow/dags/helloworld.py                467  0.00s             1           0  0.09s           2021-09-03T03:26:05
/usr/local/airflow/dags/writefile.py                                        1           0  0.07s           2021-09-03T03:26:05
/usr/local/airflow/dags/__pycache__/mssqlToCSV.py    465  0.01s             1           0  0.09s           2021-09-03T03:26:05
================================================================================
[2021-09-03 03:26:45,859] {manager.py:1128} INFO - Finding 'running' jobs without a recent heartbeat
[2021-09-03 03:26:45,859] {manager.py:1132} INFO - Failing jobs without heartbeat after 2021-09-03 03:21:45.859813+00:00
[2021-09-03 03:26:55,889] {manager.py:1128} INFO - Finding 'running' jobs without a recent heartbeat
[2021-09-03 03:26:55,890] {manager.py:1132} INFO - Failing jobs without heartbeat after 2021-09-03 03:21:55.890217+00:00
[2021-09-03 03:27:05,919] {manager.py:1128} INFO - Finding 'running' jobs without a recent heartbeat
[2021-09-03 03:27:05,920] {manager.py:1132} INFO - Failing jobs without heartbeat after 2021-09-03 03:22:05.920111+00:00
[2021-09-03 03:27:05,935] {manager.py:861} INFO - 
================================================================================
DAG File Processing Stats

File Path                                            PID  Runtime      # DAGs    # Errors  Last Runtime    Last Run
-------------------------------------------------  -----  ---------  --------  ----------  --------------  -------------------
/usr/local/airflow/dags/helloworld.py                488  0.00s             1           0  0.10s           2021-09-03T03:26:35
/usr/local/airflow/dags/writefile.py                                        1           0  0.06s           2021-09-03T03:26:35
/usr/local/airflow/dags/__pycache__/mssqlToCSV.py    486  0.01s             1           0  0.10s           2021-09-03T03:26:35
================================================================================
[2021-09-03 03:27:16,045] {manager.py:1128} INFO - Finding 'running' jobs without a recent heartbeat
[2021-09-03 03:27:16,045] {manager.py:1132} INFO - Failing jobs without heartbeat after 2021-09-03 03:22:16.045253+00:00
[2021-09-03 03:27:26,069] {manager.py:1128} INFO - Finding 'running' jobs without a recent heartbeat
[2021-09-03 03:27:26,069] {manager.py:1132} INFO - Failing jobs without heartbeat after 2021-09-03 03:22:26.069543+00:00
[2021-09-03 03:27:36,091] {manager.py:1128} INFO - Finding 'running' jobs without a recent heartbeat
[2021-09-03 03:27:36,091] {manager.py:1132} INFO - Failing jobs without heartbeat after 2021-09-03 03:22:36.091452+00:00
[2021-09-03 03:27:36,102] {manager.py:861} INFO - 
================================================================================
DAG File Processing Stats

File Path                                            PID  Runtime      # DAGs    # Errors  Last Runtime    Last Run
-------------------------------------------------  -----  ---------  --------  ----------  --------------  -------------------
/usr/local/airflow/dags/helloworld.py                510  0.00s             1           0  0.09s           2021-09-03T03:27:06
/usr/local/airflow/dags/writefile.py                                        1           0  0.07s           2021-09-03T03:27:06
/usr/local/airflow/dags/__pycache__/mssqlToCSV.py    507  0.01s             1           0  0.09s           2021-09-03T03:27:06
================================================================================
[2021-09-03 03:27:46,183] {manager.py:1128} INFO - Finding 'running' jobs without a recent heartbeat
[2021-09-03 03:27:46,184] {manager.py:1132} INFO - Failing jobs without heartbeat after 2021-09-03 03:22:46.184069+00:00
[2021-09-03 03:27:56,211] {manager.py:1128} INFO - Finding 'running' jobs without a recent heartbeat
[2021-09-03 03:27:56,211] {manager.py:1132} INFO - Failing jobs without heartbeat after 2021-09-03 03:22:56.211594+00:00
[2021-09-03 03:28:06,242] {manager.py:1128} INFO - Finding 'running' jobs without a recent heartbeat
[2021-09-03 03:28:06,242] {manager.py:1132} INFO - Failing jobs without heartbeat after 2021-09-03 03:23:06.242923+00:00
[2021-09-03 03:28:06,257] {manager.py:861} INFO - 
================================================================================
DAG File Processing Stats

File Path                                            PID  Runtime      # DAGs    # Errors  Last Runtime    Last Run
-------------------------------------------------  -----  ---------  --------  ----------  --------------  -------------------
/usr/local/airflow/dags/helloworld.py                530  0.00s             1           0  0.06s           2021-09-03T03:27:36
/usr/local/airflow/dags/writefile.py                                        1           0  0.05s           2021-09-03T03:27:36
/usr/local/airflow/dags/__pycache__/mssqlToCSV.py    528  0.01s             1           0  0.06s           2021-09-03T03:27:36
================================================================================
[2021-09-03 03:28:16,346] {manager.py:1128} INFO - Finding 'running' jobs without a recent heartbeat
[2021-09-03 03:28:16,346] {manager.py:1132} INFO - Failing jobs without heartbeat after 2021-09-03 03:23:16.346839+00:00
[2021-09-03 03:28:26,375] {manager.py:1128} INFO - Finding 'running' jobs without a recent heartbeat
[2021-09-03 03:28:26,375] {manager.py:1132} INFO - Failing jobs without heartbeat after 2021-09-03 03:23:26.375739+00:00
[2021-09-03 03:28:36,405] {manager.py:1128} INFO - Finding 'running' jobs without a recent heartbeat
[2021-09-03 03:28:36,405] {manager.py:1132} INFO - Failing jobs without heartbeat after 2021-09-03 03:23:36.405544+00:00
[2021-09-03 03:28:36,420] {manager.py:861} INFO - 
================================================================================
DAG File Processing Stats

File Path                                            PID  Runtime      # DAGs    # Errors  Last Runtime    Last Run
-------------------------------------------------  -----  ---------  --------  ----------  --------------  -------------------
/usr/local/airflow/dags/helloworld.py                552  0.00s             1           0  0.07s           2021-09-03T03:28:06
/usr/local/airflow/dags/writefile.py                                        1           0  0.07s           2021-09-03T03:28:06
/usr/local/airflow/dags/__pycache__/mssqlToCSV.py    550  0.01s             1           0  0.07s           2021-09-03T03:28:06
================================================================================
[2021-09-03 03:28:46,527] {manager.py:1128} INFO - Finding 'running' jobs without a recent heartbeat
[2021-09-03 03:28:46,527] {manager.py:1132} INFO - Failing jobs without heartbeat after 2021-09-03 03:23:46.527626+00:00
[2021-09-03 03:28:56,561] {manager.py:1128} INFO - Finding 'running' jobs without a recent heartbeat
[2021-09-03 03:28:56,561] {manager.py:1132} INFO - Failing jobs without heartbeat after 2021-09-03 03:23:56.561387+00:00
[2021-09-03 03:29:06,592] {manager.py:1128} INFO - Finding 'running' jobs without a recent heartbeat
[2021-09-03 03:29:06,592] {manager.py:1132} INFO - Failing jobs without heartbeat after 2021-09-03 03:24:06.592573+00:00
[2021-09-03 03:29:06,607] {manager.py:861} INFO - 
================================================================================
DAG File Processing Stats

File Path                                            PID  Runtime      # DAGs    # Errors  Last Runtime    Last Run
-------------------------------------------------  -----  ---------  --------  ----------  --------------  -------------------
/usr/local/airflow/dags/helloworld.py                573  0.00s             1           0  0.08s           2021-09-03T03:28:36
/usr/local/airflow/dags/writefile.py                                        1           0  0.07s           2021-09-03T03:28:36
/usr/local/airflow/dags/__pycache__/mssqlToCSV.py    571  0.01s             1           0  0.08s           2021-09-03T03:28:36
================================================================================
[2021-09-03 03:29:16,711] {manager.py:1128} INFO - Finding 'running' jobs without a recent heartbeat
[2021-09-03 03:29:16,711] {manager.py:1132} INFO - Failing jobs without heartbeat after 2021-09-03 03:24:16.711757+00:00
[2021-09-03 03:29:26,743] {manager.py:1128} INFO - Finding 'running' jobs without a recent heartbeat
[2021-09-03 03:29:26,743] {manager.py:1132} INFO - Failing jobs without heartbeat after 2021-09-03 03:24:26.743804+00:00
[2021-09-03 03:29:36,772] {manager.py:1128} INFO - Finding 'running' jobs without a recent heartbeat
[2021-09-03 03:29:36,773] {manager.py:1132} INFO - Failing jobs without heartbeat after 2021-09-03 03:24:36.773053+00:00
[2021-09-03 03:29:36,782] {manager.py:861} INFO - 
================================================================================
DAG File Processing Stats

File Path                                            PID  Runtime      # DAGs    # Errors  Last Runtime    Last Run
-------------------------------------------------  -----  ---------  --------  ----------  --------------  -------------------
/usr/local/airflow/dags/helloworld.py                594  0.00s             1           0  0.09s           2021-09-03T03:29:06
/usr/local/airflow/dags/writefile.py                                        1           0  0.06s           2021-09-03T03:29:06
/usr/local/airflow/dags/__pycache__/mssqlToCSV.py    592  0.00s             1           0  0.09s           2021-09-03T03:29:06
================================================================================
[2021-09-03 03:29:46,869] {manager.py:1128} INFO - Finding 'running' jobs without a recent heartbeat
[2021-09-03 03:29:46,870] {manager.py:1132} INFO - Failing jobs without heartbeat after 2021-09-03 03:24:46.870030+00:00
[2021-09-03 03:29:56,901] {manager.py:1128} INFO - Finding 'running' jobs without a recent heartbeat
[2021-09-03 03:29:56,902] {manager.py:1132} INFO - Failing jobs without heartbeat after 2021-09-03 03:24:56.902037+00:00
