[2021-09-05 10:48:38,126] {processor.py:162} INFO - Started process (PID=846) to work on /usr/local/airflow/dags/airflow-backup-configs.py
[2021-09-05 10:48:38,128] {processor.py:613} INFO - Processing file /usr/local/airflow/dags/airflow-backup-configs.py for tasks to queue
[2021-09-05 10:48:38,128] {logging_mixin.py:109} INFO - [2021-09-05 10:48:38,128] {dagbag.py:496} INFO - Filling up the DagBag from /usr/local/airflow/dags/airflow-backup-configs.py
[2021-09-05 10:48:38,153] {logging_mixin.py:109} INFO - [2021-09-05 10:48:38,153] {configuration.py:365} WARNING - section/key [core/base_log_folder] not found in config
[2021-09-05 10:48:38,161] {processor.py:623} INFO - DAG(s) dict_keys(['airflow-backup-configs']) retrieved from /usr/local/airflow/dags/airflow-backup-configs.py
[2021-09-05 10:48:39,219] {logging_mixin.py:109} INFO - [2021-09-05 10:48:39,219] {dag.py:1833} INFO - Sync 1 DAGs
[2021-09-05 10:48:39,227] {logging_mixin.py:109} INFO - [2021-09-05 10:48:39,227] {dag.py:1852} INFO - Creating ORM DAG for airflow-backup-configs
[2021-09-05 10:48:39,237] {logging_mixin.py:109} INFO - [2021-09-05 10:48:39,237] {dag.py:2306} INFO - Setting next_dagrun for airflow-backup-configs to 2021-09-04 00:00:00+00:00
[2021-09-05 10:48:39,252] {processor.py:170} INFO - Processing /usr/local/airflow/dags/airflow-backup-configs.py took 1.129 seconds
[2021-09-05 10:49:09,408] {processor.py:162} INFO - Started process (PID=903) to work on /usr/local/airflow/dags/airflow-backup-configs.py
[2021-09-05 10:49:09,409] {processor.py:613} INFO - Processing file /usr/local/airflow/dags/airflow-backup-configs.py for tasks to queue
[2021-09-05 10:49:09,410] {logging_mixin.py:109} INFO - [2021-09-05 10:49:09,410] {dagbag.py:496} INFO - Filling up the DagBag from /usr/local/airflow/dags/airflow-backup-configs.py
[2021-09-05 10:49:09,434] {logging_mixin.py:109} INFO - [2021-09-05 10:49:09,434] {configuration.py:365} WARNING - section/key [core/base_log_folder] not found in config
[2021-09-05 10:49:09,440] {processor.py:623} INFO - DAG(s) dict_keys(['airflow-backup-configs']) retrieved from /usr/local/airflow/dags/airflow-backup-configs.py
[2021-09-05 10:49:09,451] {logging_mixin.py:109} INFO - [2021-09-05 10:49:09,451] {dag.py:1833} INFO - Sync 1 DAGs
[2021-09-05 10:49:09,469] {logging_mixin.py:109} INFO - [2021-09-05 10:49:09,469] {dag.py:2306} INFO - Setting next_dagrun for airflow-backup-configs to 2021-09-04 00:00:00+00:00
[2021-09-05 10:49:09,488] {processor.py:170} INFO - Processing /usr/local/airflow/dags/airflow-backup-configs.py took 0.084 seconds
[2021-09-05 10:49:39,650] {processor.py:162} INFO - Started process (PID=945) to work on /usr/local/airflow/dags/airflow-backup-configs.py
[2021-09-05 10:49:39,651] {processor.py:613} INFO - Processing file /usr/local/airflow/dags/airflow-backup-configs.py for tasks to queue
[2021-09-05 10:49:39,651] {logging_mixin.py:109} INFO - [2021-09-05 10:49:39,651] {dagbag.py:496} INFO - Filling up the DagBag from /usr/local/airflow/dags/airflow-backup-configs.py
[2021-09-05 10:49:39,669] {logging_mixin.py:109} INFO - [2021-09-05 10:49:39,669] {configuration.py:365} WARNING - section/key [core/base_log_folder] not found in config
[2021-09-05 10:49:39,674] {processor.py:623} INFO - DAG(s) dict_keys(['airflow-backup-configs']) retrieved from /usr/local/airflow/dags/airflow-backup-configs.py
[2021-09-05 10:49:39,685] {logging_mixin.py:109} INFO - [2021-09-05 10:49:39,685] {dag.py:1833} INFO - Sync 1 DAGs
[2021-09-05 10:49:39,704] {logging_mixin.py:109} INFO - [2021-09-05 10:49:39,704] {dag.py:2306} INFO - Setting next_dagrun for airflow-backup-configs to 2021-09-04 00:00:00+00:00
[2021-09-05 10:49:39,713] {processor.py:170} INFO - Processing /usr/local/airflow/dags/airflow-backup-configs.py took 0.066 seconds
[2021-09-05 10:50:09,951] {processor.py:162} INFO - Started process (PID=986) to work on /usr/local/airflow/dags/airflow-backup-configs.py
[2021-09-05 10:50:09,952] {processor.py:613} INFO - Processing file /usr/local/airflow/dags/airflow-backup-configs.py for tasks to queue
[2021-09-05 10:50:09,953] {logging_mixin.py:109} INFO - [2021-09-05 10:50:09,953] {dagbag.py:496} INFO - Filling up the DagBag from /usr/local/airflow/dags/airflow-backup-configs.py
[2021-09-05 10:50:09,980] {logging_mixin.py:109} INFO - [2021-09-05 10:50:09,980] {configuration.py:365} WARNING - section/key [core/base_log_folder] not found in config
[2021-09-05 10:50:09,989] {processor.py:623} INFO - DAG(s) dict_keys(['airflow-backup-configs']) retrieved from /usr/local/airflow/dags/airflow-backup-configs.py
[2021-09-05 10:50:10,003] {logging_mixin.py:109} INFO - [2021-09-05 10:50:10,003] {dag.py:1833} INFO - Sync 1 DAGs
[2021-09-05 10:50:10,020] {logging_mixin.py:109} INFO - [2021-09-05 10:50:10,020] {dag.py:2306} INFO - Setting next_dagrun for airflow-backup-configs to 2021-09-04 00:00:00+00:00
[2021-09-05 10:50:10,031] {processor.py:170} INFO - Processing /usr/local/airflow/dags/airflow-backup-configs.py took 0.084 seconds
[2021-09-05 10:50:40,206] {processor.py:162} INFO - Started process (PID=1027) to work on /usr/local/airflow/dags/airflow-backup-configs.py
[2021-09-05 10:50:40,208] {processor.py:613} INFO - Processing file /usr/local/airflow/dags/airflow-backup-configs.py for tasks to queue
[2021-09-05 10:50:40,208] {logging_mixin.py:109} INFO - [2021-09-05 10:50:40,208] {dagbag.py:496} INFO - Filling up the DagBag from /usr/local/airflow/dags/airflow-backup-configs.py
[2021-09-05 10:50:40,233] {logging_mixin.py:109} INFO - [2021-09-05 10:50:40,233] {configuration.py:365} WARNING - section/key [core/base_log_folder] not found in config
[2021-09-05 10:50:40,240] {processor.py:623} INFO - DAG(s) dict_keys(['airflow-backup-configs']) retrieved from /usr/local/airflow/dags/airflow-backup-configs.py
[2021-09-05 10:50:40,251] {logging_mixin.py:109} INFO - [2021-09-05 10:50:40,251] {dag.py:1833} INFO - Sync 1 DAGs
[2021-09-05 10:50:40,271] {logging_mixin.py:109} INFO - [2021-09-05 10:50:40,271] {dag.py:2306} INFO - Setting next_dagrun for airflow-backup-configs to 2021-09-04 00:00:00+00:00
[2021-09-05 10:50:40,281] {processor.py:170} INFO - Processing /usr/local/airflow/dags/airflow-backup-configs.py took 0.078 seconds
[2021-09-05 10:51:10,537] {processor.py:162} INFO - Started process (PID=1069) to work on /usr/local/airflow/dags/airflow-backup-configs.py
[2021-09-05 10:51:10,538] {processor.py:613} INFO - Processing file /usr/local/airflow/dags/airflow-backup-configs.py for tasks to queue
[2021-09-05 10:51:10,538] {logging_mixin.py:109} INFO - [2021-09-05 10:51:10,538] {dagbag.py:496} INFO - Filling up the DagBag from /usr/local/airflow/dags/airflow-backup-configs.py
[2021-09-05 10:51:10,560] {logging_mixin.py:109} INFO - [2021-09-05 10:51:10,560] {configuration.py:365} WARNING - section/key [core/base_log_folder] not found in config
[2021-09-05 10:51:10,567] {processor.py:623} INFO - DAG(s) dict_keys(['airflow-backup-configs']) retrieved from /usr/local/airflow/dags/airflow-backup-configs.py
[2021-09-05 10:51:10,577] {logging_mixin.py:109} INFO - [2021-09-05 10:51:10,577] {dag.py:1833} INFO - Sync 1 DAGs
[2021-09-05 10:51:10,596] {logging_mixin.py:109} INFO - [2021-09-05 10:51:10,595] {dag.py:2306} INFO - Setting next_dagrun for airflow-backup-configs to 2021-09-04 00:00:00+00:00
[2021-09-05 10:51:10,607] {processor.py:170} INFO - Processing /usr/local/airflow/dags/airflow-backup-configs.py took 0.072 seconds
[2021-09-05 10:51:40,859] {processor.py:162} INFO - Started process (PID=1110) to work on /usr/local/airflow/dags/airflow-backup-configs.py
[2021-09-05 10:51:40,860] {processor.py:613} INFO - Processing file /usr/local/airflow/dags/airflow-backup-configs.py for tasks to queue
[2021-09-05 10:51:40,861] {logging_mixin.py:109} INFO - [2021-09-05 10:51:40,860] {dagbag.py:496} INFO - Filling up the DagBag from /usr/local/airflow/dags/airflow-backup-configs.py
[2021-09-05 10:51:40,888] {logging_mixin.py:109} INFO - [2021-09-05 10:51:40,888] {configuration.py:365} WARNING - section/key [core/base_log_folder] not found in config
[2021-09-05 10:51:40,895] {processor.py:623} INFO - DAG(s) dict_keys(['airflow-backup-configs']) retrieved from /usr/local/airflow/dags/airflow-backup-configs.py
[2021-09-05 10:51:40,906] {logging_mixin.py:109} INFO - [2021-09-05 10:51:40,906] {dag.py:1833} INFO - Sync 1 DAGs
[2021-09-05 10:51:40,925] {logging_mixin.py:109} INFO - [2021-09-05 10:51:40,924] {dag.py:2306} INFO - Setting next_dagrun for airflow-backup-configs to 2021-09-04 00:00:00+00:00
[2021-09-05 10:51:40,935] {processor.py:170} INFO - Processing /usr/local/airflow/dags/airflow-backup-configs.py took 0.081 seconds
[2021-09-05 10:52:11,122] {processor.py:162} INFO - Started process (PID=1151) to work on /usr/local/airflow/dags/airflow-backup-configs.py
[2021-09-05 10:52:11,124] {processor.py:613} INFO - Processing file /usr/local/airflow/dags/airflow-backup-configs.py for tasks to queue
[2021-09-05 10:52:11,128] {logging_mixin.py:109} INFO - [2021-09-05 10:52:11,127] {dagbag.py:496} INFO - Filling up the DagBag from /usr/local/airflow/dags/airflow-backup-configs.py
[2021-09-05 10:52:11,159] {logging_mixin.py:109} INFO - [2021-09-05 10:52:11,159] {configuration.py:365} WARNING - section/key [core/base_log_folder] not found in config
[2021-09-05 10:52:11,167] {processor.py:623} INFO - DAG(s) dict_keys(['airflow-backup-configs']) retrieved from /usr/local/airflow/dags/airflow-backup-configs.py
[2021-09-05 10:52:11,179] {logging_mixin.py:109} INFO - [2021-09-05 10:52:11,179] {dag.py:1833} INFO - Sync 1 DAGs
[2021-09-05 10:52:11,197] {logging_mixin.py:109} INFO - [2021-09-05 10:52:11,197] {dag.py:2306} INFO - Setting next_dagrun for airflow-backup-configs to 2021-09-04 00:00:00+00:00
[2021-09-05 10:52:11,205] {processor.py:170} INFO - Processing /usr/local/airflow/dags/airflow-backup-configs.py took 0.087 seconds
[2021-09-05 10:52:41,461] {processor.py:162} INFO - Started process (PID=1193) to work on /usr/local/airflow/dags/airflow-backup-configs.py
[2021-09-05 10:52:41,462] {processor.py:613} INFO - Processing file /usr/local/airflow/dags/airflow-backup-configs.py for tasks to queue
[2021-09-05 10:52:41,463] {logging_mixin.py:109} INFO - [2021-09-05 10:52:41,463] {dagbag.py:496} INFO - Filling up the DagBag from /usr/local/airflow/dags/airflow-backup-configs.py
[2021-09-05 10:52:41,491] {logging_mixin.py:109} INFO - [2021-09-05 10:52:41,491] {configuration.py:365} WARNING - section/key [core/base_log_folder] not found in config
[2021-09-05 10:52:41,498] {processor.py:623} INFO - DAG(s) dict_keys(['airflow-backup-configs']) retrieved from /usr/local/airflow/dags/airflow-backup-configs.py
[2021-09-05 10:52:41,512] {logging_mixin.py:109} INFO - [2021-09-05 10:52:41,512] {dag.py:1833} INFO - Sync 1 DAGs
[2021-09-05 10:52:41,536] {logging_mixin.py:109} INFO - [2021-09-05 10:52:41,536] {dag.py:2306} INFO - Setting next_dagrun for airflow-backup-configs to 2021-09-04 00:00:00+00:00
[2021-09-05 10:52:41,553] {processor.py:170} INFO - Processing /usr/local/airflow/dags/airflow-backup-configs.py took 0.097 seconds
[2021-09-05 10:53:11,768] {processor.py:162} INFO - Started process (PID=1234) to work on /usr/local/airflow/dags/airflow-backup-configs.py
[2021-09-05 10:53:11,769] {processor.py:613} INFO - Processing file /usr/local/airflow/dags/airflow-backup-configs.py for tasks to queue
[2021-09-05 10:53:11,770] {logging_mixin.py:109} INFO - [2021-09-05 10:53:11,770] {dagbag.py:496} INFO - Filling up the DagBag from /usr/local/airflow/dags/airflow-backup-configs.py
[2021-09-05 10:53:11,796] {logging_mixin.py:109} INFO - [2021-09-05 10:53:11,796] {configuration.py:365} WARNING - section/key [core/base_log_folder] not found in config
[2021-09-05 10:53:11,803] {processor.py:623} INFO - DAG(s) dict_keys(['airflow-backup-configs']) retrieved from /usr/local/airflow/dags/airflow-backup-configs.py
[2021-09-05 10:53:11,815] {logging_mixin.py:109} INFO - [2021-09-05 10:53:11,815] {dag.py:1833} INFO - Sync 1 DAGs
[2021-09-05 10:53:11,835] {logging_mixin.py:109} INFO - [2021-09-05 10:53:11,835] {dag.py:2306} INFO - Setting next_dagrun for airflow-backup-configs to 2021-09-04 00:00:00+00:00
[2021-09-05 10:53:11,851] {processor.py:170} INFO - Processing /usr/local/airflow/dags/airflow-backup-configs.py took 0.087 seconds
[2021-09-05 10:53:42,698] {processor.py:162} INFO - Started process (PID=1314) to work on /usr/local/airflow/dags/airflow-backup-configs.py
[2021-09-05 10:53:42,700] {processor.py:613} INFO - Processing file /usr/local/airflow/dags/airflow-backup-configs.py for tasks to queue
[2021-09-05 10:53:42,702] {logging_mixin.py:109} INFO - [2021-09-05 10:53:42,702] {dagbag.py:496} INFO - Filling up the DagBag from /usr/local/airflow/dags/airflow-backup-configs.py
[2021-09-05 10:53:42,743] {logging_mixin.py:109} INFO - [2021-09-05 10:53:42,742] {configuration.py:365} WARNING - section/key [core/base_log_folder] not found in config
[2021-09-05 10:53:42,751] {processor.py:623} INFO - DAG(s) dict_keys(['airflow-backup-configs']) retrieved from /usr/local/airflow/dags/airflow-backup-configs.py
[2021-09-05 10:53:42,762] {logging_mixin.py:109} INFO - [2021-09-05 10:53:42,762] {dag.py:1833} INFO - Sync 1 DAGs
[2021-09-05 10:53:42,784] {logging_mixin.py:109} INFO - [2021-09-05 10:53:42,784] {dag.py:2306} INFO - Setting next_dagrun for airflow-backup-configs to 2021-09-04 00:00:00+00:00
[2021-09-05 10:53:42,795] {processor.py:170} INFO - Processing /usr/local/airflow/dags/airflow-backup-configs.py took 0.103 seconds
[2021-09-05 10:54:13,062] {processor.py:162} INFO - Started process (PID=1370) to work on /usr/local/airflow/dags/airflow-backup-configs.py
[2021-09-05 10:54:13,063] {processor.py:613} INFO - Processing file /usr/local/airflow/dags/airflow-backup-configs.py for tasks to queue
[2021-09-05 10:54:13,064] {logging_mixin.py:109} INFO - [2021-09-05 10:54:13,064] {dagbag.py:496} INFO - Filling up the DagBag from /usr/local/airflow/dags/airflow-backup-configs.py
[2021-09-05 10:54:13,088] {logging_mixin.py:109} INFO - [2021-09-05 10:54:13,088] {configuration.py:365} WARNING - section/key [core/base_log_folder] not found in config
[2021-09-05 10:54:13,095] {processor.py:623} INFO - DAG(s) dict_keys(['airflow-backup-configs']) retrieved from /usr/local/airflow/dags/airflow-backup-configs.py
[2021-09-05 10:54:13,105] {logging_mixin.py:109} INFO - [2021-09-05 10:54:13,105] {dag.py:1833} INFO - Sync 1 DAGs
[2021-09-05 10:54:13,126] {logging_mixin.py:109} INFO - [2021-09-05 10:54:13,126] {dag.py:2306} INFO - Setting next_dagrun for airflow-backup-configs to 2021-09-04 00:00:00+00:00
[2021-09-05 10:54:13,137] {processor.py:170} INFO - Processing /usr/local/airflow/dags/airflow-backup-configs.py took 0.079 seconds
[2021-09-05 10:54:43,477] {processor.py:162} INFO - Started process (PID=1427) to work on /usr/local/airflow/dags/airflow-backup-configs.py
[2021-09-05 10:54:43,479] {processor.py:613} INFO - Processing file /usr/local/airflow/dags/airflow-backup-configs.py for tasks to queue
[2021-09-05 10:54:43,479] {logging_mixin.py:109} INFO - [2021-09-05 10:54:43,479] {dagbag.py:496} INFO - Filling up the DagBag from /usr/local/airflow/dags/airflow-backup-configs.py
[2021-09-05 10:54:43,504] {logging_mixin.py:109} INFO - [2021-09-05 10:54:43,504] {configuration.py:365} WARNING - section/key [core/base_log_folder] not found in config
[2021-09-05 10:54:43,511] {processor.py:623} INFO - DAG(s) dict_keys(['airflow-backup-configs']) retrieved from /usr/local/airflow/dags/airflow-backup-configs.py
[2021-09-05 10:54:43,522] {logging_mixin.py:109} INFO - [2021-09-05 10:54:43,521] {dag.py:1833} INFO - Sync 1 DAGs
[2021-09-05 10:54:43,540] {logging_mixin.py:109} INFO - [2021-09-05 10:54:43,540] {dag.py:2306} INFO - Setting next_dagrun for airflow-backup-configs to 2021-09-04 00:00:00+00:00
[2021-09-05 10:54:43,550] {processor.py:170} INFO - Processing /usr/local/airflow/dags/airflow-backup-configs.py took 0.077 seconds
[2021-09-05 10:55:13,877] {processor.py:162} INFO - Started process (PID=1484) to work on /usr/local/airflow/dags/airflow-backup-configs.py
[2021-09-05 10:55:13,878] {processor.py:613} INFO - Processing file /usr/local/airflow/dags/airflow-backup-configs.py for tasks to queue
[2021-09-05 10:55:13,879] {logging_mixin.py:109} INFO - [2021-09-05 10:55:13,879] {dagbag.py:496} INFO - Filling up the DagBag from /usr/local/airflow/dags/airflow-backup-configs.py
[2021-09-05 10:55:13,904] {logging_mixin.py:109} INFO - [2021-09-05 10:55:13,904] {configuration.py:365} WARNING - section/key [core/base_log_folder] not found in config
[2021-09-05 10:55:13,911] {processor.py:623} INFO - DAG(s) dict_keys(['airflow-backup-configs']) retrieved from /usr/local/airflow/dags/airflow-backup-configs.py
[2021-09-05 10:55:13,922] {logging_mixin.py:109} INFO - [2021-09-05 10:55:13,922] {dag.py:1833} INFO - Sync 1 DAGs
[2021-09-05 10:55:13,942] {logging_mixin.py:109} INFO - [2021-09-05 10:55:13,942] {dag.py:2306} INFO - Setting next_dagrun for airflow-backup-configs to 2021-09-04 00:00:00+00:00
[2021-09-05 10:55:13,951] {processor.py:170} INFO - Processing /usr/local/airflow/dags/airflow-backup-configs.py took 0.078 seconds
[2021-09-05 10:55:44,358] {processor.py:162} INFO - Started process (PID=1540) to work on /usr/local/airflow/dags/airflow-backup-configs.py
[2021-09-05 10:55:44,359] {processor.py:613} INFO - Processing file /usr/local/airflow/dags/airflow-backup-configs.py for tasks to queue
[2021-09-05 10:55:44,360] {logging_mixin.py:109} INFO - [2021-09-05 10:55:44,360] {dagbag.py:496} INFO - Filling up the DagBag from /usr/local/airflow/dags/airflow-backup-configs.py
[2021-09-05 10:55:44,383] {logging_mixin.py:109} INFO - [2021-09-05 10:55:44,383] {configuration.py:365} WARNING - section/key [core/base_log_folder] not found in config
[2021-09-05 10:55:44,389] {processor.py:623} INFO - DAG(s) dict_keys(['airflow-backup-configs']) retrieved from /usr/local/airflow/dags/airflow-backup-configs.py
[2021-09-05 10:55:44,400] {logging_mixin.py:109} INFO - [2021-09-05 10:55:44,400] {dag.py:1833} INFO - Sync 1 DAGs
[2021-09-05 10:55:44,419] {logging_mixin.py:109} INFO - [2021-09-05 10:55:44,419] {dag.py:2306} INFO - Setting next_dagrun for airflow-backup-configs to 2021-09-04 00:00:00+00:00
[2021-09-05 10:55:44,431] {processor.py:170} INFO - Processing /usr/local/airflow/dags/airflow-backup-configs.py took 0.077 seconds
[2021-09-05 10:56:14,788] {processor.py:162} INFO - Started process (PID=1596) to work on /usr/local/airflow/dags/airflow-backup-configs.py
[2021-09-05 10:56:14,790] {processor.py:613} INFO - Processing file /usr/local/airflow/dags/airflow-backup-configs.py for tasks to queue
[2021-09-05 10:56:14,791] {logging_mixin.py:109} INFO - [2021-09-05 10:56:14,791] {dagbag.py:496} INFO - Filling up the DagBag from /usr/local/airflow/dags/airflow-backup-configs.py
[2021-09-05 10:56:14,815] {logging_mixin.py:109} INFO - [2021-09-05 10:56:14,815] {configuration.py:365} WARNING - section/key [core/base_log_folder] not found in config
[2021-09-05 10:56:14,822] {processor.py:623} INFO - DAG(s) dict_keys(['airflow-backup-configs']) retrieved from /usr/local/airflow/dags/airflow-backup-configs.py
[2021-09-05 10:56:14,833] {logging_mixin.py:109} INFO - [2021-09-05 10:56:14,833] {dag.py:1833} INFO - Sync 1 DAGs
[2021-09-05 10:56:14,855] {logging_mixin.py:109} INFO - [2021-09-05 10:56:14,855] {dag.py:2306} INFO - Setting next_dagrun for airflow-backup-configs to 2021-09-04 00:00:00+00:00
[2021-09-05 10:56:14,867] {processor.py:170} INFO - Processing /usr/local/airflow/dags/airflow-backup-configs.py took 0.083 seconds
