[2021-09-05 10:21:53,193] {processor.py:162} INFO - Started process (PID=454) to work on /usr/local/airflow/dags/connect_to_gdrive.py
[2021-09-05 10:21:53,193] {processor.py:613} INFO - Processing file /usr/local/airflow/dags/connect_to_gdrive.py for tasks to queue
[2021-09-05 10:21:53,194] {logging_mixin.py:109} INFO - [2021-09-05 10:21:53,194] {dagbag.py:496} INFO - Filling up the DagBag from /usr/local/airflow/dags/connect_to_gdrive.py
[2021-09-05 10:21:53,392] {processor.py:623} INFO - DAG(s) dict_keys(['hello_gdive']) retrieved from /usr/local/airflow/dags/connect_to_gdrive.py
[2021-09-05 10:21:53,405] {logging_mixin.py:109} INFO - [2021-09-05 10:21:53,405] {dag.py:1833} INFO - Sync 1 DAGs
[2021-09-05 10:21:53,413] {logging_mixin.py:109} INFO - [2021-09-05 10:21:53,413] {dag.py:2306} INFO - Setting next_dagrun for hello_gdive to None
[2021-09-05 10:21:53,418] {processor.py:170} INFO - Processing /usr/local/airflow/dags/connect_to_gdrive.py took 0.230 seconds
[2021-09-05 10:23:53,077] {processor.py:162} INFO - Started process (PID=188) to work on /usr/local/airflow/dags/connect_to_gdrive.py
[2021-09-05 10:23:53,078] {processor.py:613} INFO - Processing file /usr/local/airflow/dags/connect_to_gdrive.py for tasks to queue
[2021-09-05 10:23:53,079] {logging_mixin.py:109} INFO - [2021-09-05 10:23:53,078] {dagbag.py:496} INFO - Filling up the DagBag from /usr/local/airflow/dags/connect_to_gdrive.py
[2021-09-05 10:23:53,281] {processor.py:623} INFO - DAG(s) dict_keys(['hello_gdive']) retrieved from /usr/local/airflow/dags/connect_to_gdrive.py
[2021-09-05 10:23:53,292] {logging_mixin.py:109} INFO - [2021-09-05 10:23:53,291] {dag.py:1833} INFO - Sync 1 DAGs
[2021-09-05 10:23:53,300] {logging_mixin.py:109} INFO - [2021-09-05 10:23:53,300] {dag.py:2306} INFO - Setting next_dagrun for hello_gdive to None
[2021-09-05 10:23:53,306] {processor.py:170} INFO - Processing /usr/local/airflow/dags/connect_to_gdrive.py took 0.233 seconds
[2021-09-05 10:24:23,379] {processor.py:162} INFO - Started process (PID=271) to work on /usr/local/airflow/dags/connect_to_gdrive.py
[2021-09-05 10:24:23,379] {processor.py:613} INFO - Processing file /usr/local/airflow/dags/connect_to_gdrive.py for tasks to queue
[2021-09-05 10:24:23,380] {logging_mixin.py:109} INFO - [2021-09-05 10:24:23,380] {dagbag.py:496} INFO - Filling up the DagBag from /usr/local/airflow/dags/connect_to_gdrive.py
[2021-09-05 10:24:23,566] {processor.py:623} INFO - DAG(s) dict_keys(['hello_gdive']) retrieved from /usr/local/airflow/dags/connect_to_gdrive.py
[2021-09-05 10:24:23,577] {logging_mixin.py:109} INFO - [2021-09-05 10:24:23,577] {dag.py:1833} INFO - Sync 1 DAGs
[2021-09-05 10:24:23,585] {logging_mixin.py:109} INFO - [2021-09-05 10:24:23,585] {dag.py:2306} INFO - Setting next_dagrun for hello_gdive to None
[2021-09-05 10:24:23,590] {processor.py:170} INFO - Processing /usr/local/airflow/dags/connect_to_gdrive.py took 0.214 seconds
[2021-09-05 10:24:53,661] {processor.py:162} INFO - Started process (PID=310) to work on /usr/local/airflow/dags/connect_to_gdrive.py
[2021-09-05 10:24:53,662] {processor.py:613} INFO - Processing file /usr/local/airflow/dags/connect_to_gdrive.py for tasks to queue
[2021-09-05 10:24:53,662] {logging_mixin.py:109} INFO - [2021-09-05 10:24:53,662] {dagbag.py:496} INFO - Filling up the DagBag from /usr/local/airflow/dags/connect_to_gdrive.py
[2021-09-05 10:24:53,872] {processor.py:623} INFO - DAG(s) dict_keys(['hello_gdive']) retrieved from /usr/local/airflow/dags/connect_to_gdrive.py
[2021-09-05 10:24:53,883] {logging_mixin.py:109} INFO - [2021-09-05 10:24:53,883] {dag.py:1833} INFO - Sync 1 DAGs
[2021-09-05 10:24:53,890] {logging_mixin.py:109} INFO - [2021-09-05 10:24:53,890] {dag.py:2306} INFO - Setting next_dagrun for hello_gdive to None
[2021-09-05 10:24:53,895] {processor.py:170} INFO - Processing /usr/local/airflow/dags/connect_to_gdrive.py took 0.238 seconds
[2021-09-05 10:25:23,920] {processor.py:162} INFO - Started process (PID=345) to work on /usr/local/airflow/dags/connect_to_gdrive.py
[2021-09-05 10:25:23,921] {processor.py:613} INFO - Processing file /usr/local/airflow/dags/connect_to_gdrive.py for tasks to queue
[2021-09-05 10:25:23,922] {logging_mixin.py:109} INFO - [2021-09-05 10:25:23,922] {dagbag.py:496} INFO - Filling up the DagBag from /usr/local/airflow/dags/connect_to_gdrive.py
[2021-09-05 10:25:24,113] {processor.py:623} INFO - DAG(s) dict_keys(['hello_gdive']) retrieved from /usr/local/airflow/dags/connect_to_gdrive.py
[2021-09-05 10:25:24,123] {logging_mixin.py:109} INFO - [2021-09-05 10:25:24,123] {dag.py:1833} INFO - Sync 1 DAGs
[2021-09-05 10:25:24,131] {logging_mixin.py:109} INFO - [2021-09-05 10:25:24,131] {dag.py:2306} INFO - Setting next_dagrun for hello_gdive to None
[2021-09-05 10:25:24,136] {processor.py:170} INFO - Processing /usr/local/airflow/dags/connect_to_gdrive.py took 0.218 seconds
[2021-09-05 10:25:54,247] {processor.py:162} INFO - Started process (PID=376) to work on /usr/local/airflow/dags/connect_to_gdrive.py
[2021-09-05 10:25:54,248] {processor.py:613} INFO - Processing file /usr/local/airflow/dags/connect_to_gdrive.py for tasks to queue
[2021-09-05 10:25:54,248] {logging_mixin.py:109} INFO - [2021-09-05 10:25:54,248] {dagbag.py:496} INFO - Filling up the DagBag from /usr/local/airflow/dags/connect_to_gdrive.py
[2021-09-05 10:25:54,432] {processor.py:623} INFO - DAG(s) dict_keys(['hello_gdive']) retrieved from /usr/local/airflow/dags/connect_to_gdrive.py
[2021-09-05 10:25:54,446] {logging_mixin.py:109} INFO - [2021-09-05 10:25:54,445] {dag.py:1833} INFO - Sync 1 DAGs
[2021-09-05 10:25:54,453] {logging_mixin.py:109} INFO - [2021-09-05 10:25:54,453] {dag.py:2306} INFO - Setting next_dagrun for hello_gdive to None
[2021-09-05 10:25:54,459] {processor.py:170} INFO - Processing /usr/local/airflow/dags/connect_to_gdrive.py took 0.214 seconds
[2021-09-05 10:26:24,485] {processor.py:162} INFO - Started process (PID=1367) to work on /usr/local/airflow/dags/connect_to_gdrive.py
[2021-09-05 10:26:24,486] {processor.py:613} INFO - Processing file /usr/local/airflow/dags/connect_to_gdrive.py for tasks to queue
[2021-09-05 10:26:24,486] {logging_mixin.py:109} INFO - [2021-09-05 10:26:24,486] {dagbag.py:496} INFO - Filling up the DagBag from /usr/local/airflow/dags/connect_to_gdrive.py
[2021-09-05 10:26:24,709] {processor.py:623} INFO - DAG(s) dict_keys(['hello_gdive']) retrieved from /usr/local/airflow/dags/connect_to_gdrive.py
[2021-09-05 10:26:24,721] {logging_mixin.py:109} INFO - [2021-09-05 10:26:24,720] {dag.py:1833} INFO - Sync 1 DAGs
[2021-09-05 10:26:24,728] {logging_mixin.py:109} INFO - [2021-09-05 10:26:24,728] {dag.py:2306} INFO - Setting next_dagrun for hello_gdive to None
[2021-09-05 10:26:24,734] {processor.py:170} INFO - Processing /usr/local/airflow/dags/connect_to_gdrive.py took 0.252 seconds
[2021-09-05 10:29:49,977] {processor.py:162} INFO - Started process (PID=186) to work on /usr/local/airflow/dags/connect_to_gdrive.py
[2021-09-05 10:29:49,978] {processor.py:613} INFO - Processing file /usr/local/airflow/dags/connect_to_gdrive.py for tasks to queue
[2021-09-05 10:29:49,978] {logging_mixin.py:109} INFO - [2021-09-05 10:29:49,978] {dagbag.py:496} INFO - Filling up the DagBag from /usr/local/airflow/dags/connect_to_gdrive.py
[2021-09-05 10:29:50,169] {processor.py:623} INFO - DAG(s) dict_keys(['hello_gdive']) retrieved from /usr/local/airflow/dags/connect_to_gdrive.py
[2021-09-05 10:29:50,180] {logging_mixin.py:109} INFO - [2021-09-05 10:29:50,180] {dag.py:1833} INFO - Sync 1 DAGs
[2021-09-05 10:29:50,187] {logging_mixin.py:109} INFO - [2021-09-05 10:29:50,187] {dag.py:2306} INFO - Setting next_dagrun for hello_gdive to None
[2021-09-05 10:29:50,192] {processor.py:170} INFO - Processing /usr/local/airflow/dags/connect_to_gdrive.py took 0.218 seconds
[2021-09-05 10:30:20,376] {processor.py:162} INFO - Started process (PID=272) to work on /usr/local/airflow/dags/connect_to_gdrive.py
[2021-09-05 10:30:20,377] {processor.py:613} INFO - Processing file /usr/local/airflow/dags/connect_to_gdrive.py for tasks to queue
[2021-09-05 10:30:20,378] {logging_mixin.py:109} INFO - [2021-09-05 10:30:20,378] {dagbag.py:496} INFO - Filling up the DagBag from /usr/local/airflow/dags/connect_to_gdrive.py
[2021-09-05 10:30:20,625] {processor.py:623} INFO - DAG(s) dict_keys(['hello_gdive']) retrieved from /usr/local/airflow/dags/connect_to_gdrive.py
[2021-09-05 10:30:20,641] {logging_mixin.py:109} INFO - [2021-09-05 10:30:20,641] {dag.py:1833} INFO - Sync 1 DAGs
[2021-09-05 10:30:20,652] {logging_mixin.py:109} INFO - [2021-09-05 10:30:20,652] {dag.py:2306} INFO - Setting next_dagrun for hello_gdive to None
[2021-09-05 10:30:20,660] {processor.py:170} INFO - Processing /usr/local/airflow/dags/connect_to_gdrive.py took 0.286 seconds
[2021-09-05 10:30:51,599] {processor.py:162} INFO - Started process (PID=303) to work on /usr/local/airflow/dags/connect_to_gdrive.py
[2021-09-05 10:30:51,600] {processor.py:613} INFO - Processing file /usr/local/airflow/dags/connect_to_gdrive.py for tasks to queue
[2021-09-05 10:30:51,600] {logging_mixin.py:109} INFO - [2021-09-05 10:30:51,600] {dagbag.py:496} INFO - Filling up the DagBag from /usr/local/airflow/dags/connect_to_gdrive.py
[2021-09-05 10:30:51,800] {processor.py:623} INFO - DAG(s) dict_keys(['hello_gdive']) retrieved from /usr/local/airflow/dags/connect_to_gdrive.py
[2021-09-05 10:30:51,811] {logging_mixin.py:109} INFO - [2021-09-05 10:30:51,811] {dag.py:1833} INFO - Sync 1 DAGs
[2021-09-05 10:30:51,819] {logging_mixin.py:109} INFO - [2021-09-05 10:30:51,819] {dag.py:2306} INFO - Setting next_dagrun for hello_gdive to None
[2021-09-05 10:30:51,825] {processor.py:170} INFO - Processing /usr/local/airflow/dags/connect_to_gdrive.py took 0.229 seconds
[2021-09-05 10:31:19,956] {processor.py:162} INFO - Started process (PID=186) to work on /usr/local/airflow/dags/connect_to_gdrive.py
[2021-09-05 10:31:19,957] {processor.py:613} INFO - Processing file /usr/local/airflow/dags/connect_to_gdrive.py for tasks to queue
[2021-09-05 10:31:19,957] {logging_mixin.py:109} INFO - [2021-09-05 10:31:19,957] {dagbag.py:496} INFO - Filling up the DagBag from /usr/local/airflow/dags/connect_to_gdrive.py
[2021-09-05 10:31:20,157] {processor.py:623} INFO - DAG(s) dict_keys(['hello_gdive']) retrieved from /usr/local/airflow/dags/connect_to_gdrive.py
[2021-09-05 10:31:20,167] {logging_mixin.py:109} INFO - [2021-09-05 10:31:20,167] {dag.py:1833} INFO - Sync 1 DAGs
[2021-09-05 10:31:20,175] {logging_mixin.py:109} INFO - [2021-09-05 10:31:20,175] {dag.py:2306} INFO - Setting next_dagrun for hello_gdive to None
[2021-09-05 10:31:20,180] {processor.py:170} INFO - Processing /usr/local/airflow/dags/connect_to_gdrive.py took 0.228 seconds
[2021-09-05 10:31:50,279] {processor.py:162} INFO - Started process (PID=271) to work on /usr/local/airflow/dags/connect_to_gdrive.py
[2021-09-05 10:31:50,280] {processor.py:613} INFO - Processing file /usr/local/airflow/dags/connect_to_gdrive.py for tasks to queue
[2021-09-05 10:31:50,280] {logging_mixin.py:109} INFO - [2021-09-05 10:31:50,280] {dagbag.py:496} INFO - Filling up the DagBag from /usr/local/airflow/dags/connect_to_gdrive.py
[2021-09-05 10:31:50,485] {processor.py:623} INFO - DAG(s) dict_keys(['hello_gdive']) retrieved from /usr/local/airflow/dags/connect_to_gdrive.py
[2021-09-05 10:31:50,499] {logging_mixin.py:109} INFO - [2021-09-05 10:31:50,498] {dag.py:1833} INFO - Sync 1 DAGs
[2021-09-05 10:31:50,507] {logging_mixin.py:109} INFO - [2021-09-05 10:31:50,507] {dag.py:2306} INFO - Setting next_dagrun for hello_gdive to None
[2021-09-05 10:31:50,515] {processor.py:170} INFO - Processing /usr/local/airflow/dags/connect_to_gdrive.py took 0.238 seconds
[2021-09-05 10:32:21,518] {processor.py:162} INFO - Started process (PID=304) to work on /usr/local/airflow/dags/connect_to_gdrive.py
[2021-09-05 10:32:21,519] {processor.py:613} INFO - Processing file /usr/local/airflow/dags/connect_to_gdrive.py for tasks to queue
[2021-09-05 10:32:21,519] {logging_mixin.py:109} INFO - [2021-09-05 10:32:21,519] {dagbag.py:496} INFO - Filling up the DagBag from /usr/local/airflow/dags/connect_to_gdrive.py
[2021-09-05 10:32:21,721] {processor.py:623} INFO - DAG(s) dict_keys(['hello_gdive']) retrieved from /usr/local/airflow/dags/connect_to_gdrive.py
[2021-09-05 10:32:21,731] {logging_mixin.py:109} INFO - [2021-09-05 10:32:21,731] {dag.py:1833} INFO - Sync 1 DAGs
[2021-09-05 10:32:21,739] {logging_mixin.py:109} INFO - [2021-09-05 10:32:21,739] {dag.py:2306} INFO - Setting next_dagrun for hello_gdive to None
[2021-09-05 10:32:21,743] {processor.py:170} INFO - Processing /usr/local/airflow/dags/connect_to_gdrive.py took 0.229 seconds
[2021-09-05 10:32:51,841] {processor.py:162} INFO - Started process (PID=335) to work on /usr/local/airflow/dags/connect_to_gdrive.py
[2021-09-05 10:32:51,842] {processor.py:613} INFO - Processing file /usr/local/airflow/dags/connect_to_gdrive.py for tasks to queue
[2021-09-05 10:32:51,843] {logging_mixin.py:109} INFO - [2021-09-05 10:32:51,843] {dagbag.py:496} INFO - Filling up the DagBag from /usr/local/airflow/dags/connect_to_gdrive.py
[2021-09-05 10:32:52,101] {processor.py:623} INFO - DAG(s) dict_keys(['hello_gdive']) retrieved from /usr/local/airflow/dags/connect_to_gdrive.py
[2021-09-05 10:32:52,120] {logging_mixin.py:109} INFO - [2021-09-05 10:32:52,120] {dag.py:1833} INFO - Sync 1 DAGs
[2021-09-05 10:32:52,130] {logging_mixin.py:109} INFO - [2021-09-05 10:32:52,130] {dag.py:2306} INFO - Setting next_dagrun for hello_gdive to None
[2021-09-05 10:32:52,138] {processor.py:170} INFO - Processing /usr/local/airflow/dags/connect_to_gdrive.py took 0.301 seconds
[2021-09-05 10:33:23,139] {processor.py:162} INFO - Started process (PID=367) to work on /usr/local/airflow/dags/connect_to_gdrive.py
[2021-09-05 10:33:23,140] {processor.py:613} INFO - Processing file /usr/local/airflow/dags/connect_to_gdrive.py for tasks to queue
[2021-09-05 10:33:23,140] {logging_mixin.py:109} INFO - [2021-09-05 10:33:23,140] {dagbag.py:496} INFO - Filling up the DagBag from /usr/local/airflow/dags/connect_to_gdrive.py
[2021-09-05 10:33:23,355] {processor.py:623} INFO - DAG(s) dict_keys(['hello_gdive']) retrieved from /usr/local/airflow/dags/connect_to_gdrive.py
[2021-09-05 10:33:23,367] {logging_mixin.py:109} INFO - [2021-09-05 10:33:23,366] {dag.py:1833} INFO - Sync 1 DAGs
[2021-09-05 10:33:23,375] {logging_mixin.py:109} INFO - [2021-09-05 10:33:23,375] {dag.py:2306} INFO - Setting next_dagrun for hello_gdive to None
[2021-09-05 10:33:23,380] {processor.py:170} INFO - Processing /usr/local/airflow/dags/connect_to_gdrive.py took 0.244 seconds
[2021-09-05 10:33:54,386] {processor.py:162} INFO - Started process (PID=398) to work on /usr/local/airflow/dags/connect_to_gdrive.py
[2021-09-05 10:33:54,388] {processor.py:613} INFO - Processing file /usr/local/airflow/dags/connect_to_gdrive.py for tasks to queue
[2021-09-05 10:33:54,389] {logging_mixin.py:109} INFO - [2021-09-05 10:33:54,389] {dagbag.py:496} INFO - Filling up the DagBag from /usr/local/airflow/dags/connect_to_gdrive.py
[2021-09-05 10:33:54,598] {processor.py:623} INFO - DAG(s) dict_keys(['hello_gdive']) retrieved from /usr/local/airflow/dags/connect_to_gdrive.py
[2021-09-05 10:33:54,609] {logging_mixin.py:109} INFO - [2021-09-05 10:33:54,609] {dag.py:1833} INFO - Sync 1 DAGs
[2021-09-05 10:33:54,616] {logging_mixin.py:109} INFO - [2021-09-05 10:33:54,616] {dag.py:2306} INFO - Setting next_dagrun for hello_gdive to None
[2021-09-05 10:33:54,635] {processor.py:170} INFO - Processing /usr/local/airflow/dags/connect_to_gdrive.py took 0.252 seconds
[2021-09-05 10:34:10,368] {processor.py:162} INFO - Started process (PID=186) to work on /usr/local/airflow/dags/connect_to_gdrive.py
[2021-09-05 10:34:10,369] {processor.py:613} INFO - Processing file /usr/local/airflow/dags/connect_to_gdrive.py for tasks to queue
[2021-09-05 10:34:10,369] {logging_mixin.py:109} INFO - [2021-09-05 10:34:10,369] {dagbag.py:496} INFO - Filling up the DagBag from /usr/local/airflow/dags/connect_to_gdrive.py
[2021-09-05 10:34:10,560] {processor.py:623} INFO - DAG(s) dict_keys(['hello_gdive']) retrieved from /usr/local/airflow/dags/connect_to_gdrive.py
[2021-09-05 10:34:10,571] {logging_mixin.py:109} INFO - [2021-09-05 10:34:10,571] {dag.py:1833} INFO - Sync 1 DAGs
[2021-09-05 10:34:10,579] {logging_mixin.py:109} INFO - [2021-09-05 10:34:10,579] {dag.py:2306} INFO - Setting next_dagrun for hello_gdive to None
[2021-09-05 10:34:10,584] {processor.py:170} INFO - Processing /usr/local/airflow/dags/connect_to_gdrive.py took 0.219 seconds
[2021-09-05 10:34:40,678] {processor.py:162} INFO - Started process (PID=272) to work on /usr/local/airflow/dags/connect_to_gdrive.py
[2021-09-05 10:34:40,678] {processor.py:613} INFO - Processing file /usr/local/airflow/dags/connect_to_gdrive.py for tasks to queue
[2021-09-05 10:34:40,679] {logging_mixin.py:109} INFO - [2021-09-05 10:34:40,678] {dagbag.py:496} INFO - Filling up the DagBag from /usr/local/airflow/dags/connect_to_gdrive.py
[2021-09-05 10:34:40,868] {processor.py:623} INFO - DAG(s) dict_keys(['hello_gdive']) retrieved from /usr/local/airflow/dags/connect_to_gdrive.py
[2021-09-05 10:34:40,879] {logging_mixin.py:109} INFO - [2021-09-05 10:34:40,879] {dag.py:1833} INFO - Sync 1 DAGs
[2021-09-05 10:34:40,886] {logging_mixin.py:109} INFO - [2021-09-05 10:34:40,886] {dag.py:2306} INFO - Setting next_dagrun for hello_gdive to None
[2021-09-05 10:34:40,891] {processor.py:170} INFO - Processing /usr/local/airflow/dags/connect_to_gdrive.py took 0.215 seconds
[2021-09-05 10:35:10,915] {processor.py:162} INFO - Started process (PID=301) to work on /usr/local/airflow/dags/connect_to_gdrive.py
[2021-09-05 10:35:10,916] {processor.py:613} INFO - Processing file /usr/local/airflow/dags/connect_to_gdrive.py for tasks to queue
[2021-09-05 10:35:10,916] {logging_mixin.py:109} INFO - [2021-09-05 10:35:10,916] {dagbag.py:496} INFO - Filling up the DagBag from /usr/local/airflow/dags/connect_to_gdrive.py
[2021-09-05 10:35:11,105] {processor.py:623} INFO - DAG(s) dict_keys(['hello_gdive']) retrieved from /usr/local/airflow/dags/connect_to_gdrive.py
[2021-09-05 10:35:11,116] {logging_mixin.py:109} INFO - [2021-09-05 10:35:11,115] {dag.py:1833} INFO - Sync 1 DAGs
[2021-09-05 10:35:11,123] {logging_mixin.py:109} INFO - [2021-09-05 10:35:11,123] {dag.py:2306} INFO - Setting next_dagrun for hello_gdive to None
[2021-09-05 10:35:11,128] {processor.py:170} INFO - Processing /usr/local/airflow/dags/connect_to_gdrive.py took 0.215 seconds
[2021-09-05 10:35:41,164] {processor.py:162} INFO - Started process (PID=334) to work on /usr/local/airflow/dags/connect_to_gdrive.py
[2021-09-05 10:35:41,164] {processor.py:613} INFO - Processing file /usr/local/airflow/dags/connect_to_gdrive.py for tasks to queue
[2021-09-05 10:35:41,165] {logging_mixin.py:109} INFO - [2021-09-05 10:35:41,165] {dagbag.py:496} INFO - Filling up the DagBag from /usr/local/airflow/dags/connect_to_gdrive.py
[2021-09-05 10:35:41,347] {processor.py:623} INFO - DAG(s) dict_keys(['hello_gdive']) retrieved from /usr/local/airflow/dags/connect_to_gdrive.py
[2021-09-05 10:35:41,358] {logging_mixin.py:109} INFO - [2021-09-05 10:35:41,358] {dag.py:1833} INFO - Sync 1 DAGs
[2021-09-05 10:35:41,366] {logging_mixin.py:109} INFO - [2021-09-05 10:35:41,366] {dag.py:2306} INFO - Setting next_dagrun for hello_gdive to None
[2021-09-05 10:35:41,371] {processor.py:170} INFO - Processing /usr/local/airflow/dags/connect_to_gdrive.py took 0.209 seconds
[2021-09-05 10:36:11,492] {processor.py:162} INFO - Started process (PID=365) to work on /usr/local/airflow/dags/connect_to_gdrive.py
[2021-09-05 10:36:11,493] {processor.py:613} INFO - Processing file /usr/local/airflow/dags/connect_to_gdrive.py for tasks to queue
[2021-09-05 10:36:11,493] {logging_mixin.py:109} INFO - [2021-09-05 10:36:11,493] {dagbag.py:496} INFO - Filling up the DagBag from /usr/local/airflow/dags/connect_to_gdrive.py
[2021-09-05 10:36:11,692] {processor.py:623} INFO - DAG(s) dict_keys(['hello_gdive']) retrieved from /usr/local/airflow/dags/connect_to_gdrive.py
[2021-09-05 10:36:11,703] {logging_mixin.py:109} INFO - [2021-09-05 10:36:11,703] {dag.py:1833} INFO - Sync 1 DAGs
[2021-09-05 10:36:11,710] {logging_mixin.py:109} INFO - [2021-09-05 10:36:11,710] {dag.py:2306} INFO - Setting next_dagrun for hello_gdive to None
[2021-09-05 10:36:11,716] {processor.py:170} INFO - Processing /usr/local/airflow/dags/connect_to_gdrive.py took 0.227 seconds
[2021-09-05 10:36:41,809] {processor.py:162} INFO - Started process (PID=396) to work on /usr/local/airflow/dags/connect_to_gdrive.py
[2021-09-05 10:36:41,810] {processor.py:613} INFO - Processing file /usr/local/airflow/dags/connect_to_gdrive.py for tasks to queue
[2021-09-05 10:36:41,811] {logging_mixin.py:109} INFO - [2021-09-05 10:36:41,810] {dagbag.py:496} INFO - Filling up the DagBag from /usr/local/airflow/dags/connect_to_gdrive.py
[2021-09-05 10:36:42,012] {processor.py:623} INFO - DAG(s) dict_keys(['hello_gdive']) retrieved from /usr/local/airflow/dags/connect_to_gdrive.py
[2021-09-05 10:36:42,023] {logging_mixin.py:109} INFO - [2021-09-05 10:36:42,023] {dag.py:1833} INFO - Sync 1 DAGs
[2021-09-05 10:36:42,031] {logging_mixin.py:109} INFO - [2021-09-05 10:36:42,030] {dag.py:2306} INFO - Setting next_dagrun for hello_gdive to None
[2021-09-05 10:36:42,035] {processor.py:170} INFO - Processing /usr/local/airflow/dags/connect_to_gdrive.py took 0.229 seconds
[2021-09-05 10:37:12,125] {processor.py:162} INFO - Started process (PID=428) to work on /usr/local/airflow/dags/connect_to_gdrive.py
[2021-09-05 10:37:12,126] {processor.py:613} INFO - Processing file /usr/local/airflow/dags/connect_to_gdrive.py for tasks to queue
[2021-09-05 10:37:12,126] {logging_mixin.py:109} INFO - [2021-09-05 10:37:12,126] {dagbag.py:496} INFO - Filling up the DagBag from /usr/local/airflow/dags/connect_to_gdrive.py
[2021-09-05 10:37:12,323] {processor.py:623} INFO - DAG(s) dict_keys(['hello_gdive']) retrieved from /usr/local/airflow/dags/connect_to_gdrive.py
[2021-09-05 10:37:12,334] {logging_mixin.py:109} INFO - [2021-09-05 10:37:12,334] {dag.py:1833} INFO - Sync 1 DAGs
[2021-09-05 10:37:12,342] {logging_mixin.py:109} INFO - [2021-09-05 10:37:12,342] {dag.py:2306} INFO - Setting next_dagrun for hello_gdive to None
[2021-09-05 10:37:12,348] {processor.py:170} INFO - Processing /usr/local/airflow/dags/connect_to_gdrive.py took 0.226 seconds
[2021-09-05 10:37:42,363] {processor.py:162} INFO - Started process (PID=459) to work on /usr/local/airflow/dags/connect_to_gdrive.py
[2021-09-05 10:37:42,363] {processor.py:613} INFO - Processing file /usr/local/airflow/dags/connect_to_gdrive.py for tasks to queue
[2021-09-05 10:37:42,363] {logging_mixin.py:109} INFO - [2021-09-05 10:37:42,363] {dagbag.py:496} INFO - Filling up the DagBag from /usr/local/airflow/dags/connect_to_gdrive.py
[2021-09-05 10:37:42,546] {processor.py:623} INFO - DAG(s) dict_keys(['hello_gdive']) retrieved from /usr/local/airflow/dags/connect_to_gdrive.py
[2021-09-05 10:37:42,557] {logging_mixin.py:109} INFO - [2021-09-05 10:37:42,557] {dag.py:1833} INFO - Sync 1 DAGs
[2021-09-05 10:37:42,565] {logging_mixin.py:109} INFO - [2021-09-05 10:37:42,564] {dag.py:2306} INFO - Setting next_dagrun for hello_gdive to None
[2021-09-05 10:37:42,569] {processor.py:170} INFO - Processing /usr/local/airflow/dags/connect_to_gdrive.py took 0.209 seconds
[2021-09-05 10:38:12,646] {processor.py:162} INFO - Started process (PID=488) to work on /usr/local/airflow/dags/connect_to_gdrive.py
[2021-09-05 10:38:12,647] {processor.py:613} INFO - Processing file /usr/local/airflow/dags/connect_to_gdrive.py for tasks to queue
[2021-09-05 10:38:12,648] {logging_mixin.py:109} INFO - [2021-09-05 10:38:12,647] {dagbag.py:496} INFO - Filling up the DagBag from /usr/local/airflow/dags/connect_to_gdrive.py
[2021-09-05 10:38:12,880] {processor.py:623} INFO - DAG(s) dict_keys(['hello_gdive']) retrieved from /usr/local/airflow/dags/connect_to_gdrive.py
[2021-09-05 10:38:12,895] {logging_mixin.py:109} INFO - [2021-09-05 10:38:12,894] {dag.py:1833} INFO - Sync 1 DAGs
[2021-09-05 10:38:12,904] {logging_mixin.py:109} INFO - [2021-09-05 10:38:12,904] {dag.py:2306} INFO - Setting next_dagrun for hello_gdive to None
[2021-09-05 10:38:12,912] {processor.py:170} INFO - Processing /usr/local/airflow/dags/connect_to_gdrive.py took 0.270 seconds
[2021-09-05 10:38:36,940] {processor.py:162} INFO - Started process (PID=188) to work on /usr/local/airflow/dags/connect_to_gdrive.py
[2021-09-05 10:38:36,941] {processor.py:613} INFO - Processing file /usr/local/airflow/dags/connect_to_gdrive.py for tasks to queue
[2021-09-05 10:38:36,941] {logging_mixin.py:109} INFO - [2021-09-05 10:38:36,941] {dagbag.py:496} INFO - Filling up the DagBag from /usr/local/airflow/dags/connect_to_gdrive.py
[2021-09-05 10:38:37,140] {processor.py:623} INFO - DAG(s) dict_keys(['hello_gdive']) retrieved from /usr/local/airflow/dags/connect_to_gdrive.py
[2021-09-05 10:38:37,151] {logging_mixin.py:109} INFO - [2021-09-05 10:38:37,151] {dag.py:1833} INFO - Sync 1 DAGs
[2021-09-05 10:38:37,160] {logging_mixin.py:109} INFO - [2021-09-05 10:38:37,160] {dag.py:2306} INFO - Setting next_dagrun for hello_gdive to None
[2021-09-05 10:38:37,165] {processor.py:170} INFO - Processing /usr/local/airflow/dags/connect_to_gdrive.py took 0.229 seconds
[2021-09-05 10:39:07,212] {processor.py:162} INFO - Started process (PID=270) to work on /usr/local/airflow/dags/connect_to_gdrive.py
[2021-09-05 10:39:07,212] {processor.py:613} INFO - Processing file /usr/local/airflow/dags/connect_to_gdrive.py for tasks to queue
[2021-09-05 10:39:07,213] {logging_mixin.py:109} INFO - [2021-09-05 10:39:07,213] {dagbag.py:496} INFO - Filling up the DagBag from /usr/local/airflow/dags/connect_to_gdrive.py
[2021-09-05 10:39:07,402] {processor.py:623} INFO - DAG(s) dict_keys(['hello_gdive']) retrieved from /usr/local/airflow/dags/connect_to_gdrive.py
[2021-09-05 10:39:07,413] {logging_mixin.py:109} INFO - [2021-09-05 10:39:07,413] {dag.py:1833} INFO - Sync 1 DAGs
[2021-09-05 10:39:07,420] {logging_mixin.py:109} INFO - [2021-09-05 10:39:07,420] {dag.py:2306} INFO - Setting next_dagrun for hello_gdive to None
[2021-09-05 10:39:07,425] {processor.py:170} INFO - Processing /usr/local/airflow/dags/connect_to_gdrive.py took 0.217 seconds
[2021-09-05 10:39:37,459] {processor.py:162} INFO - Started process (PID=303) to work on /usr/local/airflow/dags/connect_to_gdrive.py
[2021-09-05 10:39:37,459] {processor.py:613} INFO - Processing file /usr/local/airflow/dags/connect_to_gdrive.py for tasks to queue
[2021-09-05 10:39:37,460] {logging_mixin.py:109} INFO - [2021-09-05 10:39:37,460] {dagbag.py:496} INFO - Filling up the DagBag from /usr/local/airflow/dags/connect_to_gdrive.py
[2021-09-05 10:39:37,655] {processor.py:623} INFO - DAG(s) dict_keys(['hello_gdive']) retrieved from /usr/local/airflow/dags/connect_to_gdrive.py
[2021-09-05 10:39:37,667] {logging_mixin.py:109} INFO - [2021-09-05 10:39:37,666] {dag.py:1833} INFO - Sync 1 DAGs
[2021-09-05 10:39:37,674] {logging_mixin.py:109} INFO - [2021-09-05 10:39:37,674] {dag.py:2306} INFO - Setting next_dagrun for hello_gdive to None
[2021-09-05 10:39:37,679] {processor.py:170} INFO - Processing /usr/local/airflow/dags/connect_to_gdrive.py took 0.222 seconds
[2021-09-05 10:40:07,708] {processor.py:162} INFO - Started process (PID=334) to work on /usr/local/airflow/dags/connect_to_gdrive.py
[2021-09-05 10:40:07,708] {processor.py:613} INFO - Processing file /usr/local/airflow/dags/connect_to_gdrive.py for tasks to queue
[2021-09-05 10:40:07,709] {logging_mixin.py:109} INFO - [2021-09-05 10:40:07,709] {dagbag.py:496} INFO - Filling up the DagBag from /usr/local/airflow/dags/connect_to_gdrive.py
[2021-09-05 10:40:07,910] {processor.py:623} INFO - DAG(s) dict_keys(['hello_gdive']) retrieved from /usr/local/airflow/dags/connect_to_gdrive.py
[2021-09-05 10:40:07,921] {logging_mixin.py:109} INFO - [2021-09-05 10:40:07,921] {dag.py:1833} INFO - Sync 1 DAGs
[2021-09-05 10:40:07,929] {logging_mixin.py:109} INFO - [2021-09-05 10:40:07,929] {dag.py:2306} INFO - Setting next_dagrun for hello_gdive to None
[2021-09-05 10:40:07,936] {processor.py:170} INFO - Processing /usr/local/airflow/dags/connect_to_gdrive.py took 0.230 seconds
[2021-09-05 10:40:38,022] {processor.py:162} INFO - Started process (PID=365) to work on /usr/local/airflow/dags/connect_to_gdrive.py
[2021-09-05 10:40:38,023] {processor.py:613} INFO - Processing file /usr/local/airflow/dags/connect_to_gdrive.py for tasks to queue
[2021-09-05 10:40:38,024] {logging_mixin.py:109} INFO - [2021-09-05 10:40:38,024] {dagbag.py:496} INFO - Filling up the DagBag from /usr/local/airflow/dags/connect_to_gdrive.py
[2021-09-05 10:40:38,215] {processor.py:623} INFO - DAG(s) dict_keys(['hello_gdive']) retrieved from /usr/local/airflow/dags/connect_to_gdrive.py
[2021-09-05 10:40:38,227] {logging_mixin.py:109} INFO - [2021-09-05 10:40:38,227] {dag.py:1833} INFO - Sync 1 DAGs
[2021-09-05 10:40:38,234] {logging_mixin.py:109} INFO - [2021-09-05 10:40:38,234] {dag.py:2306} INFO - Setting next_dagrun for hello_gdive to None
[2021-09-05 10:40:38,249] {processor.py:170} INFO - Processing /usr/local/airflow/dags/connect_to_gdrive.py took 0.230 seconds
[2021-09-05 10:41:08,319] {processor.py:162} INFO - Started process (PID=396) to work on /usr/local/airflow/dags/connect_to_gdrive.py
[2021-09-05 10:41:08,321] {processor.py:613} INFO - Processing file /usr/local/airflow/dags/connect_to_gdrive.py for tasks to queue
[2021-09-05 10:41:08,321] {logging_mixin.py:109} INFO - [2021-09-05 10:41:08,321] {dagbag.py:496} INFO - Filling up the DagBag from /usr/local/airflow/dags/connect_to_gdrive.py
[2021-09-05 10:41:08,517] {processor.py:623} INFO - DAG(s) dict_keys(['hello_gdive']) retrieved from /usr/local/airflow/dags/connect_to_gdrive.py
[2021-09-05 10:41:08,528] {logging_mixin.py:109} INFO - [2021-09-05 10:41:08,528] {dag.py:1833} INFO - Sync 1 DAGs
[2021-09-05 10:41:08,535] {logging_mixin.py:109} INFO - [2021-09-05 10:41:08,535] {dag.py:2306} INFO - Setting next_dagrun for hello_gdive to None
[2021-09-05 10:41:08,540] {processor.py:170} INFO - Processing /usr/local/airflow/dags/connect_to_gdrive.py took 0.224 seconds
[2021-09-05 10:41:39,541] {processor.py:162} INFO - Started process (PID=427) to work on /usr/local/airflow/dags/connect_to_gdrive.py
[2021-09-05 10:41:39,542] {processor.py:613} INFO - Processing file /usr/local/airflow/dags/connect_to_gdrive.py for tasks to queue
[2021-09-05 10:41:39,543] {logging_mixin.py:109} INFO - [2021-09-05 10:41:39,542] {dagbag.py:496} INFO - Filling up the DagBag from /usr/local/airflow/dags/connect_to_gdrive.py
[2021-09-05 10:41:39,747] {processor.py:623} INFO - DAG(s) dict_keys(['hello_gdive']) retrieved from /usr/local/airflow/dags/connect_to_gdrive.py
[2021-09-05 10:41:39,758] {logging_mixin.py:109} INFO - [2021-09-05 10:41:39,758] {dag.py:1833} INFO - Sync 1 DAGs
[2021-09-05 10:41:39,766] {logging_mixin.py:109} INFO - [2021-09-05 10:41:39,766] {dag.py:2306} INFO - Setting next_dagrun for hello_gdive to None
[2021-09-05 10:41:39,770] {processor.py:170} INFO - Processing /usr/local/airflow/dags/connect_to_gdrive.py took 0.233 seconds
[2021-09-05 10:42:09,818] {processor.py:162} INFO - Started process (PID=458) to work on /usr/local/airflow/dags/connect_to_gdrive.py
[2021-09-05 10:42:09,819] {processor.py:613} INFO - Processing file /usr/local/airflow/dags/connect_to_gdrive.py for tasks to queue
[2021-09-05 10:42:09,820] {logging_mixin.py:109} INFO - [2021-09-05 10:42:09,820] {dagbag.py:496} INFO - Filling up the DagBag from /usr/local/airflow/dags/connect_to_gdrive.py
[2021-09-05 10:42:10,026] {processor.py:623} INFO - DAG(s) dict_keys(['hello_gdive']) retrieved from /usr/local/airflow/dags/connect_to_gdrive.py
[2021-09-05 10:42:10,039] {logging_mixin.py:109} INFO - [2021-09-05 10:42:10,039] {dag.py:1833} INFO - Sync 1 DAGs
[2021-09-05 10:42:10,047] {logging_mixin.py:109} INFO - [2021-09-05 10:42:10,047] {dag.py:2306} INFO - Setting next_dagrun for hello_gdive to None
[2021-09-05 10:42:10,053] {processor.py:170} INFO - Processing /usr/local/airflow/dags/connect_to_gdrive.py took 0.238 seconds
[2021-09-05 10:42:40,104] {processor.py:162} INFO - Started process (PID=489) to work on /usr/local/airflow/dags/connect_to_gdrive.py
[2021-09-05 10:42:40,105] {processor.py:613} INFO - Processing file /usr/local/airflow/dags/connect_to_gdrive.py for tasks to queue
[2021-09-05 10:42:40,106] {logging_mixin.py:109} INFO - [2021-09-05 10:42:40,106] {dagbag.py:496} INFO - Filling up the DagBag from /usr/local/airflow/dags/connect_to_gdrive.py
[2021-09-05 10:42:40,311] {processor.py:623} INFO - DAG(s) dict_keys(['hello_gdive']) retrieved from /usr/local/airflow/dags/connect_to_gdrive.py
[2021-09-05 10:42:40,322] {logging_mixin.py:109} INFO - [2021-09-05 10:42:40,322] {dag.py:1833} INFO - Sync 1 DAGs
[2021-09-05 10:42:40,329] {logging_mixin.py:109} INFO - [2021-09-05 10:42:40,329] {dag.py:2306} INFO - Setting next_dagrun for hello_gdive to None
[2021-09-05 10:42:40,334] {processor.py:170} INFO - Processing /usr/local/airflow/dags/connect_to_gdrive.py took 0.233 seconds
[2021-09-05 10:43:11,329] {processor.py:162} INFO - Started process (PID=520) to work on /usr/local/airflow/dags/connect_to_gdrive.py
[2021-09-05 10:43:11,329] {processor.py:613} INFO - Processing file /usr/local/airflow/dags/connect_to_gdrive.py for tasks to queue
[2021-09-05 10:43:11,330] {logging_mixin.py:109} INFO - [2021-09-05 10:43:11,330] {dagbag.py:496} INFO - Filling up the DagBag from /usr/local/airflow/dags/connect_to_gdrive.py
[2021-09-05 10:43:11,557] {processor.py:623} INFO - DAG(s) dict_keys(['hello_gdive']) retrieved from /usr/local/airflow/dags/connect_to_gdrive.py
[2021-09-05 10:43:11,575] {logging_mixin.py:109} INFO - [2021-09-05 10:43:11,574] {dag.py:1833} INFO - Sync 1 DAGs
[2021-09-05 10:43:11,587] {logging_mixin.py:109} INFO - [2021-09-05 10:43:11,587] {dag.py:2306} INFO - Setting next_dagrun for hello_gdive to None
[2021-09-05 10:43:11,598] {processor.py:170} INFO - Processing /usr/local/airflow/dags/connect_to_gdrive.py took 0.272 seconds
[2021-09-05 10:43:41,643] {processor.py:162} INFO - Started process (PID=551) to work on /usr/local/airflow/dags/connect_to_gdrive.py
[2021-09-05 10:43:41,644] {processor.py:613} INFO - Processing file /usr/local/airflow/dags/connect_to_gdrive.py for tasks to queue
[2021-09-05 10:43:41,644] {logging_mixin.py:109} INFO - [2021-09-05 10:43:41,644] {dagbag.py:496} INFO - Filling up the DagBag from /usr/local/airflow/dags/connect_to_gdrive.py
[2021-09-05 10:43:41,850] {processor.py:623} INFO - DAG(s) dict_keys(['hello_gdive']) retrieved from /usr/local/airflow/dags/connect_to_gdrive.py
[2021-09-05 10:43:41,864] {logging_mixin.py:109} INFO - [2021-09-05 10:43:41,864] {dag.py:1833} INFO - Sync 1 DAGs
[2021-09-05 10:43:41,874] {logging_mixin.py:109} INFO - [2021-09-05 10:43:41,874] {dag.py:2306} INFO - Setting next_dagrun for hello_gdive to None
[2021-09-05 10:43:41,879] {processor.py:170} INFO - Processing /usr/local/airflow/dags/connect_to_gdrive.py took 0.239 seconds
[2021-09-05 10:44:11,898] {processor.py:162} INFO - Started process (PID=582) to work on /usr/local/airflow/dags/connect_to_gdrive.py
[2021-09-05 10:44:11,899] {processor.py:613} INFO - Processing file /usr/local/airflow/dags/connect_to_gdrive.py for tasks to queue
[2021-09-05 10:44:11,899] {logging_mixin.py:109} INFO - [2021-09-05 10:44:11,899] {dagbag.py:496} INFO - Filling up the DagBag from /usr/local/airflow/dags/connect_to_gdrive.py
[2021-09-05 10:44:12,103] {processor.py:623} INFO - DAG(s) dict_keys(['hello_gdive']) retrieved from /usr/local/airflow/dags/connect_to_gdrive.py
[2021-09-05 10:44:12,115] {logging_mixin.py:109} INFO - [2021-09-05 10:44:12,115] {dag.py:1833} INFO - Sync 1 DAGs
[2021-09-05 10:44:12,122] {logging_mixin.py:109} INFO - [2021-09-05 10:44:12,122] {dag.py:2306} INFO - Setting next_dagrun for hello_gdive to None
[2021-09-05 10:44:12,131] {processor.py:170} INFO - Processing /usr/local/airflow/dags/connect_to_gdrive.py took 0.237 seconds
[2021-09-05 10:44:43,129] {processor.py:162} INFO - Started process (PID=613) to work on /usr/local/airflow/dags/connect_to_gdrive.py
[2021-09-05 10:44:43,130] {processor.py:613} INFO - Processing file /usr/local/airflow/dags/connect_to_gdrive.py for tasks to queue
[2021-09-05 10:44:43,131] {logging_mixin.py:109} INFO - [2021-09-05 10:44:43,131] {dagbag.py:496} INFO - Filling up the DagBag from /usr/local/airflow/dags/connect_to_gdrive.py
[2021-09-05 10:44:43,339] {processor.py:623} INFO - DAG(s) dict_keys(['hello_gdive']) retrieved from /usr/local/airflow/dags/connect_to_gdrive.py
[2021-09-05 10:44:43,350] {logging_mixin.py:109} INFO - [2021-09-05 10:44:43,350] {dag.py:1833} INFO - Sync 1 DAGs
[2021-09-05 10:44:43,358] {logging_mixin.py:109} INFO - [2021-09-05 10:44:43,358] {dag.py:2306} INFO - Setting next_dagrun for hello_gdive to None
[2021-09-05 10:44:43,373] {processor.py:170} INFO - Processing /usr/local/airflow/dags/connect_to_gdrive.py took 0.247 seconds
[2021-09-05 10:45:13,432] {processor.py:162} INFO - Started process (PID=645) to work on /usr/local/airflow/dags/connect_to_gdrive.py
[2021-09-05 10:45:13,433] {processor.py:613} INFO - Processing file /usr/local/airflow/dags/connect_to_gdrive.py for tasks to queue
[2021-09-05 10:45:13,434] {logging_mixin.py:109} INFO - [2021-09-05 10:45:13,433] {dagbag.py:496} INFO - Filling up the DagBag from /usr/local/airflow/dags/connect_to_gdrive.py
[2021-09-05 10:45:13,662] {processor.py:623} INFO - DAG(s) dict_keys(['hello_gdive']) retrieved from /usr/local/airflow/dags/connect_to_gdrive.py
[2021-09-05 10:45:13,674] {logging_mixin.py:109} INFO - [2021-09-05 10:45:13,674] {dag.py:1833} INFO - Sync 1 DAGs
[2021-09-05 10:45:13,682] {logging_mixin.py:109} INFO - [2021-09-05 10:45:13,682] {dag.py:2306} INFO - Setting next_dagrun for hello_gdive to None
[2021-09-05 10:45:13,692] {processor.py:170} INFO - Processing /usr/local/airflow/dags/connect_to_gdrive.py took 0.265 seconds
[2021-09-05 10:45:44,667] {processor.py:162} INFO - Started process (PID=676) to work on /usr/local/airflow/dags/connect_to_gdrive.py
[2021-09-05 10:45:44,668] {processor.py:613} INFO - Processing file /usr/local/airflow/dags/connect_to_gdrive.py for tasks to queue
[2021-09-05 10:45:44,668] {logging_mixin.py:109} INFO - [2021-09-05 10:45:44,668] {dagbag.py:496} INFO - Filling up the DagBag from /usr/local/airflow/dags/connect_to_gdrive.py
[2021-09-05 10:45:44,881] {processor.py:623} INFO - DAG(s) dict_keys(['hello_gdive']) retrieved from /usr/local/airflow/dags/connect_to_gdrive.py
[2021-09-05 10:45:44,894] {logging_mixin.py:109} INFO - [2021-09-05 10:45:44,893] {dag.py:1833} INFO - Sync 1 DAGs
[2021-09-05 10:45:44,905] {logging_mixin.py:109} INFO - [2021-09-05 10:45:44,905] {dag.py:2306} INFO - Setting next_dagrun for hello_gdive to None
[2021-09-05 10:45:44,911] {processor.py:170} INFO - Processing /usr/local/airflow/dags/connect_to_gdrive.py took 0.248 seconds
[2021-09-05 10:46:14,947] {processor.py:162} INFO - Started process (PID=708) to work on /usr/local/airflow/dags/connect_to_gdrive.py
[2021-09-05 10:46:14,949] {processor.py:613} INFO - Processing file /usr/local/airflow/dags/connect_to_gdrive.py for tasks to queue
[2021-09-05 10:46:14,950] {logging_mixin.py:109} INFO - [2021-09-05 10:46:14,950] {dagbag.py:496} INFO - Filling up the DagBag from /usr/local/airflow/dags/connect_to_gdrive.py
[2021-09-05 10:46:15,234] {processor.py:623} INFO - DAG(s) dict_keys(['hello_gdive']) retrieved from /usr/local/airflow/dags/connect_to_gdrive.py
[2021-09-05 10:46:15,252] {logging_mixin.py:109} INFO - [2021-09-05 10:46:15,252] {dag.py:1833} INFO - Sync 1 DAGs
[2021-09-05 10:46:15,266] {logging_mixin.py:109} INFO - [2021-09-05 10:46:15,265] {dag.py:2306} INFO - Setting next_dagrun for hello_gdive to None
[2021-09-05 10:46:15,274] {processor.py:170} INFO - Processing /usr/local/airflow/dags/connect_to_gdrive.py took 0.332 seconds
[2021-09-05 10:46:46,164] {processor.py:162} INFO - Started process (PID=740) to work on /usr/local/airflow/dags/connect_to_gdrive.py
[2021-09-05 10:46:46,165] {processor.py:613} INFO - Processing file /usr/local/airflow/dags/connect_to_gdrive.py for tasks to queue
[2021-09-05 10:46:46,165] {logging_mixin.py:109} INFO - [2021-09-05 10:46:46,165] {dagbag.py:496} INFO - Filling up the DagBag from /usr/local/airflow/dags/connect_to_gdrive.py
[2021-09-05 10:46:46,369] {processor.py:623} INFO - DAG(s) dict_keys(['hello_gdive']) retrieved from /usr/local/airflow/dags/connect_to_gdrive.py
[2021-09-05 10:46:46,381] {logging_mixin.py:109} INFO - [2021-09-05 10:46:46,381] {dag.py:1833} INFO - Sync 1 DAGs
[2021-09-05 10:46:46,390] {logging_mixin.py:109} INFO - [2021-09-05 10:46:46,390] {dag.py:2306} INFO - Setting next_dagrun for hello_gdive to None
[2021-09-05 10:46:46,395] {processor.py:170} INFO - Processing /usr/local/airflow/dags/connect_to_gdrive.py took 0.235 seconds
[2021-09-05 10:47:16,458] {processor.py:162} INFO - Started process (PID=771) to work on /usr/local/airflow/dags/connect_to_gdrive.py
[2021-09-05 10:47:16,459] {processor.py:613} INFO - Processing file /usr/local/airflow/dags/connect_to_gdrive.py for tasks to queue
[2021-09-05 10:47:16,460] {logging_mixin.py:109} INFO - [2021-09-05 10:47:16,460] {dagbag.py:496} INFO - Filling up the DagBag from /usr/local/airflow/dags/connect_to_gdrive.py
[2021-09-05 10:47:16,664] {processor.py:623} INFO - DAG(s) dict_keys(['hello_gdive']) retrieved from /usr/local/airflow/dags/connect_to_gdrive.py
[2021-09-05 10:47:16,676] {logging_mixin.py:109} INFO - [2021-09-05 10:47:16,675] {dag.py:1833} INFO - Sync 1 DAGs
[2021-09-05 10:47:16,684] {logging_mixin.py:109} INFO - [2021-09-05 10:47:16,684] {dag.py:2306} INFO - Setting next_dagrun for hello_gdive to None
[2021-09-05 10:47:16,688] {processor.py:170} INFO - Processing /usr/local/airflow/dags/connect_to_gdrive.py took 0.234 seconds
[2021-09-05 10:47:46,750] {processor.py:162} INFO - Started process (PID=802) to work on /usr/local/airflow/dags/connect_to_gdrive.py
[2021-09-05 10:47:46,751] {processor.py:613} INFO - Processing file /usr/local/airflow/dags/connect_to_gdrive.py for tasks to queue
[2021-09-05 10:47:46,751] {logging_mixin.py:109} INFO - [2021-09-05 10:47:46,751] {dagbag.py:496} INFO - Filling up the DagBag from /usr/local/airflow/dags/connect_to_gdrive.py
[2021-09-05 10:47:47,007] {processor.py:623} INFO - DAG(s) dict_keys(['hello_gdive']) retrieved from /usr/local/airflow/dags/connect_to_gdrive.py
[2021-09-05 10:47:47,020] {logging_mixin.py:109} INFO - [2021-09-05 10:47:47,019] {dag.py:1833} INFO - Sync 1 DAGs
[2021-09-05 10:47:47,029] {logging_mixin.py:109} INFO - [2021-09-05 10:47:47,029] {dag.py:2306} INFO - Setting next_dagrun for hello_gdive to None
[2021-09-05 10:47:47,035] {processor.py:170} INFO - Processing /usr/local/airflow/dags/connect_to_gdrive.py took 0.289 seconds
[2021-09-05 10:48:18,044] {processor.py:162} INFO - Started process (PID=834) to work on /usr/local/airflow/dags/connect_to_gdrive.py
[2021-09-05 10:48:18,045] {processor.py:613} INFO - Processing file /usr/local/airflow/dags/connect_to_gdrive.py for tasks to queue
[2021-09-05 10:48:18,046] {logging_mixin.py:109} INFO - [2021-09-05 10:48:18,046] {dagbag.py:496} INFO - Filling up the DagBag from /usr/local/airflow/dags/connect_to_gdrive.py
[2021-09-05 10:48:18,249] {processor.py:623} INFO - DAG(s) dict_keys(['hello_gdive']) retrieved from /usr/local/airflow/dags/connect_to_gdrive.py
[2021-09-05 10:48:18,264] {logging_mixin.py:109} INFO - [2021-09-05 10:48:18,264] {dag.py:1833} INFO - Sync 1 DAGs
[2021-09-05 10:48:18,274] {logging_mixin.py:109} INFO - [2021-09-05 10:48:18,274] {dag.py:2306} INFO - Setting next_dagrun for hello_gdive to None
[2021-09-05 10:48:18,288] {processor.py:170} INFO - Processing /usr/local/airflow/dags/connect_to_gdrive.py took 0.246 seconds
[2021-09-05 10:48:48,348] {processor.py:162} INFO - Started process (PID=892) to work on /usr/local/airflow/dags/connect_to_gdrive.py
[2021-09-05 10:48:48,350] {processor.py:613} INFO - Processing file /usr/local/airflow/dags/connect_to_gdrive.py for tasks to queue
[2021-09-05 10:48:48,350] {logging_mixin.py:109} INFO - [2021-09-05 10:48:48,350] {dagbag.py:496} INFO - Filling up the DagBag from /usr/local/airflow/dags/connect_to_gdrive.py
[2021-09-05 10:48:48,554] {processor.py:623} INFO - DAG(s) dict_keys(['hello_gdive']) retrieved from /usr/local/airflow/dags/connect_to_gdrive.py
[2021-09-05 10:48:48,566] {logging_mixin.py:109} INFO - [2021-09-05 10:48:48,565] {dag.py:1833} INFO - Sync 1 DAGs
[2021-09-05 10:48:48,573] {logging_mixin.py:109} INFO - [2021-09-05 10:48:48,573] {dag.py:2306} INFO - Setting next_dagrun for hello_gdive to None
[2021-09-05 10:48:48,587] {processor.py:170} INFO - Processing /usr/local/airflow/dags/connect_to_gdrive.py took 0.242 seconds
[2021-09-05 10:49:19,592] {processor.py:162} INFO - Started process (PID=933) to work on /usr/local/airflow/dags/connect_to_gdrive.py
[2021-09-05 10:49:19,593] {processor.py:613} INFO - Processing file /usr/local/airflow/dags/connect_to_gdrive.py for tasks to queue
[2021-09-05 10:49:19,594] {logging_mixin.py:109} INFO - [2021-09-05 10:49:19,593] {dagbag.py:496} INFO - Filling up the DagBag from /usr/local/airflow/dags/connect_to_gdrive.py
[2021-09-05 10:49:19,809] {processor.py:623} INFO - DAG(s) dict_keys(['hello_gdive']) retrieved from /usr/local/airflow/dags/connect_to_gdrive.py
[2021-09-05 10:49:19,823] {logging_mixin.py:109} INFO - [2021-09-05 10:49:19,823] {dag.py:1833} INFO - Sync 1 DAGs
[2021-09-05 10:49:19,831] {logging_mixin.py:109} INFO - [2021-09-05 10:49:19,831] {dag.py:2306} INFO - Setting next_dagrun for hello_gdive to None
[2021-09-05 10:49:19,849] {processor.py:170} INFO - Processing /usr/local/airflow/dags/connect_to_gdrive.py took 0.261 seconds
[2021-09-05 10:49:49,887] {processor.py:162} INFO - Started process (PID=975) to work on /usr/local/airflow/dags/connect_to_gdrive.py
[2021-09-05 10:49:49,888] {processor.py:613} INFO - Processing file /usr/local/airflow/dags/connect_to_gdrive.py for tasks to queue
[2021-09-05 10:49:49,888] {logging_mixin.py:109} INFO - [2021-09-05 10:49:49,888] {dagbag.py:496} INFO - Filling up the DagBag from /usr/local/airflow/dags/connect_to_gdrive.py
[2021-09-05 10:49:50,125] {processor.py:623} INFO - DAG(s) dict_keys(['hello_gdive']) retrieved from /usr/local/airflow/dags/connect_to_gdrive.py
[2021-09-05 10:49:50,138] {logging_mixin.py:109} INFO - [2021-09-05 10:49:50,138] {dag.py:1833} INFO - Sync 1 DAGs
[2021-09-05 10:49:50,148] {logging_mixin.py:109} INFO - [2021-09-05 10:49:50,148] {dag.py:2306} INFO - Setting next_dagrun for hello_gdive to None
[2021-09-05 10:49:50,154] {processor.py:170} INFO - Processing /usr/local/airflow/dags/connect_to_gdrive.py took 0.271 seconds
[2021-09-05 10:50:21,143] {processor.py:162} INFO - Started process (PID=1016) to work on /usr/local/airflow/dags/connect_to_gdrive.py
[2021-09-05 10:50:21,144] {processor.py:613} INFO - Processing file /usr/local/airflow/dags/connect_to_gdrive.py for tasks to queue
[2021-09-05 10:50:21,144] {logging_mixin.py:109} INFO - [2021-09-05 10:50:21,144] {dagbag.py:496} INFO - Filling up the DagBag from /usr/local/airflow/dags/connect_to_gdrive.py
[2021-09-05 10:50:21,327] {processor.py:623} INFO - DAG(s) dict_keys(['hello_gdive']) retrieved from /usr/local/airflow/dags/connect_to_gdrive.py
[2021-09-05 10:50:21,339] {logging_mixin.py:109} INFO - [2021-09-05 10:50:21,339] {dag.py:1833} INFO - Sync 1 DAGs
[2021-09-05 10:50:21,347] {logging_mixin.py:109} INFO - [2021-09-05 10:50:21,347] {dag.py:2306} INFO - Setting next_dagrun for hello_gdive to None
[2021-09-05 10:50:21,353] {processor.py:170} INFO - Processing /usr/local/airflow/dags/connect_to_gdrive.py took 0.211 seconds
[2021-09-05 10:50:51,410] {processor.py:162} INFO - Started process (PID=1057) to work on /usr/local/airflow/dags/connect_to_gdrive.py
[2021-09-05 10:50:51,411] {processor.py:613} INFO - Processing file /usr/local/airflow/dags/connect_to_gdrive.py for tasks to queue
[2021-09-05 10:50:51,412] {logging_mixin.py:109} INFO - [2021-09-05 10:50:51,412] {dagbag.py:496} INFO - Filling up the DagBag from /usr/local/airflow/dags/connect_to_gdrive.py
[2021-09-05 10:50:51,613] {processor.py:623} INFO - DAG(s) dict_keys(['hello_gdive']) retrieved from /usr/local/airflow/dags/connect_to_gdrive.py
[2021-09-05 10:50:51,625] {logging_mixin.py:109} INFO - [2021-09-05 10:50:51,625] {dag.py:1833} INFO - Sync 1 DAGs
[2021-09-05 10:50:51,632] {logging_mixin.py:109} INFO - [2021-09-05 10:50:51,632] {dag.py:2306} INFO - Setting next_dagrun for hello_gdive to None
[2021-09-05 10:50:51,637] {processor.py:170} INFO - Processing /usr/local/airflow/dags/connect_to_gdrive.py took 0.230 seconds
[2021-09-05 10:51:21,735] {processor.py:162} INFO - Started process (PID=1099) to work on /usr/local/airflow/dags/connect_to_gdrive.py
[2021-09-05 10:51:21,736] {processor.py:613} INFO - Processing file /usr/local/airflow/dags/connect_to_gdrive.py for tasks to queue
[2021-09-05 10:51:21,737] {logging_mixin.py:109} INFO - [2021-09-05 10:51:21,736] {dagbag.py:496} INFO - Filling up the DagBag from /usr/local/airflow/dags/connect_to_gdrive.py
[2021-09-05 10:51:21,923] {processor.py:623} INFO - DAG(s) dict_keys(['hello_gdive']) retrieved from /usr/local/airflow/dags/connect_to_gdrive.py
[2021-09-05 10:51:21,940] {logging_mixin.py:109} INFO - [2021-09-05 10:51:21,939] {dag.py:1833} INFO - Sync 1 DAGs
[2021-09-05 10:51:21,950] {logging_mixin.py:109} INFO - [2021-09-05 10:51:21,950] {dag.py:2306} INFO - Setting next_dagrun for hello_gdive to None
[2021-09-05 10:51:21,956] {processor.py:170} INFO - Processing /usr/local/airflow/dags/connect_to_gdrive.py took 0.223 seconds
[2021-09-05 10:51:52,055] {processor.py:162} INFO - Started process (PID=1140) to work on /usr/local/airflow/dags/connect_to_gdrive.py
[2021-09-05 10:51:52,056] {processor.py:613} INFO - Processing file /usr/local/airflow/dags/connect_to_gdrive.py for tasks to queue
[2021-09-05 10:51:52,056] {logging_mixin.py:109} INFO - [2021-09-05 10:51:52,056] {dagbag.py:496} INFO - Filling up the DagBag from /usr/local/airflow/dags/connect_to_gdrive.py
[2021-09-05 10:51:52,282] {processor.py:623} INFO - DAG(s) dict_keys(['hello_gdive']) retrieved from /usr/local/airflow/dags/connect_to_gdrive.py
[2021-09-05 10:51:52,293] {logging_mixin.py:109} INFO - [2021-09-05 10:51:52,293] {dag.py:1833} INFO - Sync 1 DAGs
[2021-09-05 10:51:52,300] {logging_mixin.py:109} INFO - [2021-09-05 10:51:52,300] {dag.py:2306} INFO - Setting next_dagrun for hello_gdive to None
[2021-09-05 10:51:52,319] {processor.py:170} INFO - Processing /usr/local/airflow/dags/connect_to_gdrive.py took 0.267 seconds
[2021-09-05 10:52:22,390] {processor.py:162} INFO - Started process (PID=1181) to work on /usr/local/airflow/dags/connect_to_gdrive.py
[2021-09-05 10:52:22,391] {processor.py:613} INFO - Processing file /usr/local/airflow/dags/connect_to_gdrive.py for tasks to queue
[2021-09-05 10:52:22,392] {logging_mixin.py:109} INFO - [2021-09-05 10:52:22,392] {dagbag.py:496} INFO - Filling up the DagBag from /usr/local/airflow/dags/connect_to_gdrive.py
[2021-09-05 10:52:22,605] {processor.py:623} INFO - DAG(s) dict_keys(['hello_gdive']) retrieved from /usr/local/airflow/dags/connect_to_gdrive.py
[2021-09-05 10:52:22,616] {logging_mixin.py:109} INFO - [2021-09-05 10:52:22,616] {dag.py:1833} INFO - Sync 1 DAGs
[2021-09-05 10:52:22,623] {logging_mixin.py:109} INFO - [2021-09-05 10:52:22,623] {dag.py:2306} INFO - Setting next_dagrun for hello_gdive to None
[2021-09-05 10:52:22,632] {processor.py:170} INFO - Processing /usr/local/airflow/dags/connect_to_gdrive.py took 0.245 seconds
[2021-09-05 10:52:52,655] {processor.py:162} INFO - Started process (PID=1223) to work on /usr/local/airflow/dags/connect_to_gdrive.py
[2021-09-05 10:52:52,656] {processor.py:613} INFO - Processing file /usr/local/airflow/dags/connect_to_gdrive.py for tasks to queue
[2021-09-05 10:52:52,657] {logging_mixin.py:109} INFO - [2021-09-05 10:52:52,657] {dagbag.py:496} INFO - Filling up the DagBag from /usr/local/airflow/dags/connect_to_gdrive.py
[2021-09-05 10:52:52,860] {processor.py:623} INFO - DAG(s) dict_keys(['hello_gdive']) retrieved from /usr/local/airflow/dags/connect_to_gdrive.py
[2021-09-05 10:52:52,871] {logging_mixin.py:109} INFO - [2021-09-05 10:52:52,871] {dag.py:1833} INFO - Sync 1 DAGs
[2021-09-05 10:52:52,878] {logging_mixin.py:109} INFO - [2021-09-05 10:52:52,878] {dag.py:2306} INFO - Setting next_dagrun for hello_gdive to None
[2021-09-05 10:52:52,887] {processor.py:170} INFO - Processing /usr/local/airflow/dags/connect_to_gdrive.py took 0.235 seconds
[2021-09-05 10:53:22,949] {processor.py:162} INFO - Started process (PID=1264) to work on /usr/local/airflow/dags/connect_to_gdrive.py
[2021-09-05 10:53:22,950] {processor.py:613} INFO - Processing file /usr/local/airflow/dags/connect_to_gdrive.py for tasks to queue
[2021-09-05 10:53:22,951] {logging_mixin.py:109} INFO - [2021-09-05 10:53:22,950] {dagbag.py:496} INFO - Filling up the DagBag from /usr/local/airflow/dags/connect_to_gdrive.py
[2021-09-05 10:53:23,156] {processor.py:623} INFO - DAG(s) dict_keys(['hello_gdive']) retrieved from /usr/local/airflow/dags/connect_to_gdrive.py
[2021-09-05 10:53:23,168] {logging_mixin.py:109} INFO - [2021-09-05 10:53:23,168] {dag.py:1833} INFO - Sync 1 DAGs
[2021-09-05 10:53:23,175] {logging_mixin.py:109} INFO - [2021-09-05 10:53:23,175] {dag.py:2306} INFO - Setting next_dagrun for hello_gdive to None
[2021-09-05 10:53:23,185] {processor.py:170} INFO - Processing /usr/local/airflow/dags/connect_to_gdrive.py took 0.239 seconds
[2021-09-05 10:53:53,909] {processor.py:162} INFO - Started process (PID=1344) to work on /usr/local/airflow/dags/connect_to_gdrive.py
[2021-09-05 10:53:53,910] {processor.py:613} INFO - Processing file /usr/local/airflow/dags/connect_to_gdrive.py for tasks to queue
[2021-09-05 10:53:53,911] {logging_mixin.py:109} INFO - [2021-09-05 10:53:53,911] {dagbag.py:496} INFO - Filling up the DagBag from /usr/local/airflow/dags/connect_to_gdrive.py
[2021-09-05 10:53:54,113] {processor.py:623} INFO - DAG(s) dict_keys(['hello_gdive']) retrieved from /usr/local/airflow/dags/connect_to_gdrive.py
[2021-09-05 10:53:54,124] {logging_mixin.py:109} INFO - [2021-09-05 10:53:54,124] {dag.py:1833} INFO - Sync 1 DAGs
[2021-09-05 10:53:54,131] {logging_mixin.py:109} INFO - [2021-09-05 10:53:54,131] {dag.py:2306} INFO - Setting next_dagrun for hello_gdive to None
[2021-09-05 10:53:54,136] {processor.py:170} INFO - Processing /usr/local/airflow/dags/connect_to_gdrive.py took 0.230 seconds
[2021-09-05 10:54:24,331] {processor.py:162} INFO - Started process (PID=1400) to work on /usr/local/airflow/dags/connect_to_gdrive.py
[2021-09-05 10:54:24,332] {processor.py:613} INFO - Processing file /usr/local/airflow/dags/connect_to_gdrive.py for tasks to queue
[2021-09-05 10:54:24,332] {logging_mixin.py:109} INFO - [2021-09-05 10:54:24,332] {dagbag.py:496} INFO - Filling up the DagBag from /usr/local/airflow/dags/connect_to_gdrive.py
[2021-09-05 10:54:24,585] {processor.py:623} INFO - DAG(s) dict_keys(['hello_gdive']) retrieved from /usr/local/airflow/dags/connect_to_gdrive.py
[2021-09-05 10:54:24,598] {logging_mixin.py:109} INFO - [2021-09-05 10:54:24,597] {dag.py:1833} INFO - Sync 1 DAGs
[2021-09-05 10:54:24,606] {logging_mixin.py:109} INFO - [2021-09-05 10:54:24,605] {dag.py:2306} INFO - Setting next_dagrun for hello_gdive to None
[2021-09-05 10:54:24,616] {processor.py:170} INFO - Processing /usr/local/airflow/dags/connect_to_gdrive.py took 0.289 seconds
[2021-09-05 10:54:54,735] {processor.py:162} INFO - Started process (PID=1457) to work on /usr/local/airflow/dags/connect_to_gdrive.py
[2021-09-05 10:54:54,736] {processor.py:613} INFO - Processing file /usr/local/airflow/dags/connect_to_gdrive.py for tasks to queue
[2021-09-05 10:54:54,737] {logging_mixin.py:109} INFO - [2021-09-05 10:54:54,737] {dagbag.py:496} INFO - Filling up the DagBag from /usr/local/airflow/dags/connect_to_gdrive.py
[2021-09-05 10:54:54,977] {processor.py:623} INFO - DAG(s) dict_keys(['hello_gdive']) retrieved from /usr/local/airflow/dags/connect_to_gdrive.py
[2021-09-05 10:54:54,988] {logging_mixin.py:109} INFO - [2021-09-05 10:54:54,987] {dag.py:1833} INFO - Sync 1 DAGs
[2021-09-05 10:54:54,995] {logging_mixin.py:109} INFO - [2021-09-05 10:54:54,995] {dag.py:2306} INFO - Setting next_dagrun for hello_gdive to None
[2021-09-05 10:54:55,000] {processor.py:170} INFO - Processing /usr/local/airflow/dags/connect_to_gdrive.py took 0.269 seconds
[2021-09-05 10:55:25,141] {processor.py:162} INFO - Started process (PID=1514) to work on /usr/local/airflow/dags/connect_to_gdrive.py
[2021-09-05 10:55:25,142] {processor.py:613} INFO - Processing file /usr/local/airflow/dags/connect_to_gdrive.py for tasks to queue
[2021-09-05 10:55:25,143] {logging_mixin.py:109} INFO - [2021-09-05 10:55:25,143] {dagbag.py:496} INFO - Filling up the DagBag from /usr/local/airflow/dags/connect_to_gdrive.py
[2021-09-05 10:55:25,359] {processor.py:623} INFO - DAG(s) dict_keys(['hello_gdive']) retrieved from /usr/local/airflow/dags/connect_to_gdrive.py
[2021-09-05 10:55:25,370] {logging_mixin.py:109} INFO - [2021-09-05 10:55:25,370] {dag.py:1833} INFO - Sync 1 DAGs
[2021-09-05 10:55:25,378] {logging_mixin.py:109} INFO - [2021-09-05 10:55:25,378] {dag.py:2306} INFO - Setting next_dagrun for hello_gdive to None
[2021-09-05 10:55:25,383] {processor.py:170} INFO - Processing /usr/local/airflow/dags/connect_to_gdrive.py took 0.246 seconds
[2021-09-05 10:55:55,635] {processor.py:162} INFO - Started process (PID=1570) to work on /usr/local/airflow/dags/connect_to_gdrive.py
[2021-09-05 10:55:55,636] {processor.py:613} INFO - Processing file /usr/local/airflow/dags/connect_to_gdrive.py for tasks to queue
[2021-09-05 10:55:55,637] {logging_mixin.py:109} INFO - [2021-09-05 10:55:55,637] {dagbag.py:496} INFO - Filling up the DagBag from /usr/local/airflow/dags/connect_to_gdrive.py
[2021-09-05 10:55:55,839] {processor.py:623} INFO - DAG(s) dict_keys(['hello_gdive']) retrieved from /usr/local/airflow/dags/connect_to_gdrive.py
[2021-09-05 10:55:55,850] {logging_mixin.py:109} INFO - [2021-09-05 10:55:55,850] {dag.py:1833} INFO - Sync 1 DAGs
[2021-09-05 10:55:55,857] {logging_mixin.py:109} INFO - [2021-09-05 10:55:55,857] {dag.py:2306} INFO - Setting next_dagrun for hello_gdive to None
[2021-09-05 10:55:55,862] {processor.py:170} INFO - Processing /usr/local/airflow/dags/connect_to_gdrive.py took 0.230 seconds
[2021-09-05 10:56:25,986] {processor.py:162} INFO - Started process (PID=1626) to work on /usr/local/airflow/dags/connect_to_gdrive.py
[2021-09-05 10:56:25,987] {processor.py:613} INFO - Processing file /usr/local/airflow/dags/connect_to_gdrive.py for tasks to queue
[2021-09-05 10:56:25,988] {logging_mixin.py:109} INFO - [2021-09-05 10:56:25,988] {dagbag.py:496} INFO - Filling up the DagBag from /usr/local/airflow/dags/connect_to_gdrive.py
[2021-09-05 10:56:26,208] {processor.py:623} INFO - DAG(s) dict_keys(['hello_gdive']) retrieved from /usr/local/airflow/dags/connect_to_gdrive.py
[2021-09-05 10:56:26,222] {logging_mixin.py:109} INFO - [2021-09-05 10:56:26,221] {dag.py:1833} INFO - Sync 1 DAGs
[2021-09-05 10:56:26,230] {logging_mixin.py:109} INFO - [2021-09-05 10:56:26,230] {dag.py:2306} INFO - Setting next_dagrun for hello_gdive to None
[2021-09-05 10:56:26,236] {processor.py:170} INFO - Processing /usr/local/airflow/dags/connect_to_gdrive.py took 0.253 seconds
