[2021-09-05 10:21:53,148] {processor.py:162} INFO - Started process (PID=449) to work on /usr/local/airflow/dags/email_notify.py
[2021-09-05 10:21:53,149] {processor.py:613} INFO - Processing file /usr/local/airflow/dags/email_notify.py for tasks to queue
[2021-09-05 10:21:53,149] {logging_mixin.py:109} INFO - [2021-09-05 10:21:53,149] {dagbag.py:496} INFO - Filling up the DagBag from /usr/local/airflow/dags/email_notify.py
[2021-09-05 10:21:53,156] {processor.py:623} INFO - DAG(s) dict_keys(['sending_email']) retrieved from /usr/local/airflow/dags/email_notify.py
[2021-09-05 10:21:53,167] {logging_mixin.py:109} INFO - [2021-09-05 10:21:53,167] {dag.py:1833} INFO - Sync 1 DAGs
[2021-09-05 10:21:53,175] {logging_mixin.py:109} INFO - [2021-09-05 10:21:53,175] {dag.py:2306} INFO - Setting next_dagrun for sending_email to None
[2021-09-05 10:21:53,179] {processor.py:170} INFO - Processing /usr/local/airflow/dags/email_notify.py took 0.035 seconds
[2021-09-05 10:23:53,023] {processor.py:162} INFO - Started process (PID=183) to work on /usr/local/airflow/dags/email_notify.py
[2021-09-05 10:23:53,024] {processor.py:613} INFO - Processing file /usr/local/airflow/dags/email_notify.py for tasks to queue
[2021-09-05 10:23:53,024] {logging_mixin.py:109} INFO - [2021-09-05 10:23:53,024] {dagbag.py:496} INFO - Filling up the DagBag from /usr/local/airflow/dags/email_notify.py
[2021-09-05 10:23:53,032] {processor.py:623} INFO - DAG(s) dict_keys(['sending_email']) retrieved from /usr/local/airflow/dags/email_notify.py
[2021-09-05 10:23:53,044] {logging_mixin.py:109} INFO - [2021-09-05 10:23:53,043] {dag.py:1833} INFO - Sync 1 DAGs
[2021-09-05 10:23:53,055] {logging_mixin.py:109} INFO - [2021-09-05 10:23:53,055] {dag.py:2306} INFO - Setting next_dagrun for sending_email to None
[2021-09-05 10:23:53,061] {processor.py:170} INFO - Processing /usr/local/airflow/dags/email_notify.py took 0.041 seconds
[2021-09-05 10:24:23,310] {processor.py:162} INFO - Started process (PID=261) to work on /usr/local/airflow/dags/email_notify.py
[2021-09-05 10:24:23,310] {processor.py:613} INFO - Processing file /usr/local/airflow/dags/email_notify.py for tasks to queue
[2021-09-05 10:24:23,311] {logging_mixin.py:109} INFO - [2021-09-05 10:24:23,311] {dagbag.py:496} INFO - Filling up the DagBag from /usr/local/airflow/dags/email_notify.py
[2021-09-05 10:24:23,323] {processor.py:623} INFO - DAG(s) dict_keys(['sending_email']) retrieved from /usr/local/airflow/dags/email_notify.py
[2021-09-05 10:24:23,341] {logging_mixin.py:109} INFO - [2021-09-05 10:24:23,341] {dag.py:1833} INFO - Sync 1 DAGs
[2021-09-05 10:24:23,354] {logging_mixin.py:109} INFO - [2021-09-05 10:24:23,353] {dag.py:2306} INFO - Setting next_dagrun for sending_email to None
[2021-09-05 10:24:23,361] {processor.py:170} INFO - Processing /usr/local/airflow/dags/email_notify.py took 0.054 seconds
[2021-09-05 10:24:53,577] {processor.py:162} INFO - Started process (PID=300) to work on /usr/local/airflow/dags/email_notify.py
[2021-09-05 10:24:53,577] {processor.py:613} INFO - Processing file /usr/local/airflow/dags/email_notify.py for tasks to queue
[2021-09-05 10:24:53,578] {logging_mixin.py:109} INFO - [2021-09-05 10:24:53,578] {dagbag.py:496} INFO - Filling up the DagBag from /usr/local/airflow/dags/email_notify.py
[2021-09-05 10:24:53,592] {processor.py:623} INFO - DAG(s) dict_keys(['sending_email']) retrieved from /usr/local/airflow/dags/email_notify.py
[2021-09-05 10:24:53,615] {logging_mixin.py:109} INFO - [2021-09-05 10:24:53,615] {dag.py:1833} INFO - Sync 1 DAGs
[2021-09-05 10:24:53,630] {logging_mixin.py:109} INFO - [2021-09-05 10:24:53,630] {dag.py:2306} INFO - Setting next_dagrun for sending_email to None
[2021-09-05 10:24:53,640] {processor.py:170} INFO - Processing /usr/local/airflow/dags/email_notify.py took 0.067 seconds
[2021-09-05 10:25:23,845] {processor.py:162} INFO - Started process (PID=333) to work on /usr/local/airflow/dags/email_notify.py
[2021-09-05 10:25:23,846] {processor.py:613} INFO - Processing file /usr/local/airflow/dags/email_notify.py for tasks to queue
[2021-09-05 10:25:23,846] {logging_mixin.py:109} INFO - [2021-09-05 10:25:23,846] {dagbag.py:496} INFO - Filling up the DagBag from /usr/local/airflow/dags/email_notify.py
[2021-09-05 10:25:23,853] {processor.py:623} INFO - DAG(s) dict_keys(['sending_email']) retrieved from /usr/local/airflow/dags/email_notify.py
[2021-09-05 10:25:23,872] {logging_mixin.py:109} INFO - [2021-09-05 10:25:23,871] {dag.py:1833} INFO - Sync 1 DAGs
[2021-09-05 10:25:23,884] {logging_mixin.py:109} INFO - [2021-09-05 10:25:23,884] {dag.py:2306} INFO - Setting next_dagrun for sending_email to None
[2021-09-05 10:25:23,892] {processor.py:170} INFO - Processing /usr/local/airflow/dags/email_notify.py took 0.049 seconds
[2021-09-05 10:25:54,107] {processor.py:162} INFO - Started process (PID=366) to work on /usr/local/airflow/dags/email_notify.py
[2021-09-05 10:25:54,108] {processor.py:613} INFO - Processing file /usr/local/airflow/dags/email_notify.py for tasks to queue
[2021-09-05 10:25:54,109] {logging_mixin.py:109} INFO - [2021-09-05 10:25:54,109] {dagbag.py:496} INFO - Filling up the DagBag from /usr/local/airflow/dags/email_notify.py
[2021-09-05 10:25:54,124] {processor.py:623} INFO - DAG(s) dict_keys(['sending_email']) retrieved from /usr/local/airflow/dags/email_notify.py
[2021-09-05 10:25:54,146] {logging_mixin.py:109} INFO - [2021-09-05 10:25:54,145] {dag.py:1833} INFO - Sync 1 DAGs
[2021-09-05 10:25:54,164] {logging_mixin.py:109} INFO - [2021-09-05 10:25:54,164] {dag.py:2306} INFO - Setting next_dagrun for sending_email to None
[2021-09-05 10:25:54,174] {processor.py:170} INFO - Processing /usr/local/airflow/dags/email_notify.py took 0.070 seconds
[2021-09-05 10:26:24,385] {processor.py:162} INFO - Started process (PID=1160) to work on /usr/local/airflow/dags/email_notify.py
[2021-09-05 10:26:24,386] {processor.py:613} INFO - Processing file /usr/local/airflow/dags/email_notify.py for tasks to queue
[2021-09-05 10:26:24,387] {logging_mixin.py:109} INFO - [2021-09-05 10:26:24,386] {dagbag.py:496} INFO - Filling up the DagBag from /usr/local/airflow/dags/email_notify.py
[2021-09-05 10:26:24,394] {processor.py:623} INFO - DAG(s) dict_keys(['sending_email']) retrieved from /usr/local/airflow/dags/email_notify.py
[2021-09-05 10:26:24,406] {logging_mixin.py:109} INFO - [2021-09-05 10:26:24,406] {dag.py:1833} INFO - Sync 1 DAGs
[2021-09-05 10:26:24,415] {logging_mixin.py:109} INFO - [2021-09-05 10:26:24,415] {dag.py:2306} INFO - Setting next_dagrun for sending_email to None
[2021-09-05 10:26:24,420] {processor.py:170} INFO - Processing /usr/local/airflow/dags/email_notify.py took 0.037 seconds
[2021-09-05 10:29:49,962] {processor.py:162} INFO - Started process (PID=181) to work on /usr/local/airflow/dags/email_notify.py
[2021-09-05 10:29:49,963] {processor.py:613} INFO - Processing file /usr/local/airflow/dags/email_notify.py for tasks to queue
[2021-09-05 10:29:49,963] {logging_mixin.py:109} INFO - [2021-09-05 10:29:49,963] {dagbag.py:496} INFO - Filling up the DagBag from /usr/local/airflow/dags/email_notify.py
[2021-09-05 10:29:49,971] {processor.py:623} INFO - DAG(s) dict_keys(['sending_email']) retrieved from /usr/local/airflow/dags/email_notify.py
[2021-09-05 10:29:49,984] {logging_mixin.py:109} INFO - [2021-09-05 10:29:49,984] {dag.py:1833} INFO - Sync 1 DAGs
[2021-09-05 10:29:49,993] {logging_mixin.py:109} INFO - [2021-09-05 10:29:49,993] {dag.py:2306} INFO - Setting next_dagrun for sending_email to None
[2021-09-05 10:29:49,998] {processor.py:170} INFO - Processing /usr/local/airflow/dags/email_notify.py took 0.040 seconds
[2021-09-05 10:30:20,242] {processor.py:162} INFO - Started process (PID=262) to work on /usr/local/airflow/dags/email_notify.py
[2021-09-05 10:30:20,243] {processor.py:613} INFO - Processing file /usr/local/airflow/dags/email_notify.py for tasks to queue
[2021-09-05 10:30:20,244] {logging_mixin.py:109} INFO - [2021-09-05 10:30:20,244] {dagbag.py:496} INFO - Filling up the DagBag from /usr/local/airflow/dags/email_notify.py
[2021-09-05 10:30:20,254] {processor.py:623} INFO - DAG(s) dict_keys(['sending_email']) retrieved from /usr/local/airflow/dags/email_notify.py
[2021-09-05 10:30:20,273] {logging_mixin.py:109} INFO - [2021-09-05 10:30:20,272] {dag.py:1833} INFO - Sync 1 DAGs
[2021-09-05 10:30:20,286] {logging_mixin.py:109} INFO - [2021-09-05 10:30:20,286] {dag.py:2306} INFO - Setting next_dagrun for sending_email to None
[2021-09-05 10:30:20,293] {processor.py:170} INFO - Processing /usr/local/airflow/dags/email_notify.py took 0.053 seconds
[2021-09-05 10:30:50,534] {processor.py:162} INFO - Started process (PID=293) to work on /usr/local/airflow/dags/email_notify.py
[2021-09-05 10:30:50,535] {processor.py:613} INFO - Processing file /usr/local/airflow/dags/email_notify.py for tasks to queue
[2021-09-05 10:30:50,535] {logging_mixin.py:109} INFO - [2021-09-05 10:30:50,535] {dagbag.py:496} INFO - Filling up the DagBag from /usr/local/airflow/dags/email_notify.py
[2021-09-05 10:30:50,543] {processor.py:623} INFO - DAG(s) dict_keys(['sending_email']) retrieved from /usr/local/airflow/dags/email_notify.py
[2021-09-05 10:30:50,559] {logging_mixin.py:109} INFO - [2021-09-05 10:30:50,559] {dag.py:1833} INFO - Sync 1 DAGs
[2021-09-05 10:30:50,570] {logging_mixin.py:109} INFO - [2021-09-05 10:30:50,570] {dag.py:2306} INFO - Setting next_dagrun for sending_email to None
[2021-09-05 10:30:50,578] {processor.py:170} INFO - Processing /usr/local/airflow/dags/email_notify.py took 0.047 seconds
[2021-09-05 10:31:19,952] {processor.py:162} INFO - Started process (PID=183) to work on /usr/local/airflow/dags/email_notify.py
[2021-09-05 10:31:19,952] {processor.py:613} INFO - Processing file /usr/local/airflow/dags/email_notify.py for tasks to queue
[2021-09-05 10:31:19,953] {logging_mixin.py:109} INFO - [2021-09-05 10:31:19,952] {dagbag.py:496} INFO - Filling up the DagBag from /usr/local/airflow/dags/email_notify.py
[2021-09-05 10:31:19,960] {processor.py:623} INFO - DAG(s) dict_keys(['sending_email']) retrieved from /usr/local/airflow/dags/email_notify.py
[2021-09-05 10:31:19,972] {logging_mixin.py:109} INFO - [2021-09-05 10:31:19,971] {dag.py:1833} INFO - Sync 1 DAGs
[2021-09-05 10:31:19,980] {logging_mixin.py:109} INFO - [2021-09-05 10:31:19,980] {dag.py:2306} INFO - Setting next_dagrun for sending_email to None
[2021-09-05 10:31:19,986] {processor.py:170} INFO - Processing /usr/local/airflow/dags/email_notify.py took 0.038 seconds
[2021-09-05 10:31:50,220] {processor.py:162} INFO - Started process (PID=262) to work on /usr/local/airflow/dags/email_notify.py
[2021-09-05 10:31:50,221] {processor.py:613} INFO - Processing file /usr/local/airflow/dags/email_notify.py for tasks to queue
[2021-09-05 10:31:50,222] {logging_mixin.py:109} INFO - [2021-09-05 10:31:50,222] {dagbag.py:496} INFO - Filling up the DagBag from /usr/local/airflow/dags/email_notify.py
[2021-09-05 10:31:50,233] {processor.py:623} INFO - DAG(s) dict_keys(['sending_email']) retrieved from /usr/local/airflow/dags/email_notify.py
[2021-09-05 10:31:50,249] {logging_mixin.py:109} INFO - [2021-09-05 10:31:50,248] {dag.py:1833} INFO - Sync 1 DAGs
[2021-09-05 10:31:50,259] {logging_mixin.py:109} INFO - [2021-09-05 10:31:50,259] {dag.py:2306} INFO - Setting next_dagrun for sending_email to None
[2021-09-05 10:31:50,265] {processor.py:170} INFO - Processing /usr/local/airflow/dags/email_notify.py took 0.047 seconds
[2021-09-05 10:32:20,454] {processor.py:162} INFO - Started process (PID=293) to work on /usr/local/airflow/dags/email_notify.py
[2021-09-05 10:32:20,455] {processor.py:613} INFO - Processing file /usr/local/airflow/dags/email_notify.py for tasks to queue
[2021-09-05 10:32:20,456] {logging_mixin.py:109} INFO - [2021-09-05 10:32:20,456] {dagbag.py:496} INFO - Filling up the DagBag from /usr/local/airflow/dags/email_notify.py
[2021-09-05 10:32:20,466] {processor.py:623} INFO - DAG(s) dict_keys(['sending_email']) retrieved from /usr/local/airflow/dags/email_notify.py
[2021-09-05 10:32:20,480] {logging_mixin.py:109} INFO - [2021-09-05 10:32:20,480] {dag.py:1833} INFO - Sync 1 DAGs
[2021-09-05 10:32:20,490] {logging_mixin.py:109} INFO - [2021-09-05 10:32:20,490] {dag.py:2306} INFO - Setting next_dagrun for sending_email to None
[2021-09-05 10:32:20,497] {processor.py:170} INFO - Processing /usr/local/airflow/dags/email_notify.py took 0.045 seconds
[2021-09-05 10:32:50,735] {processor.py:162} INFO - Started process (PID=323) to work on /usr/local/airflow/dags/email_notify.py
[2021-09-05 10:32:50,737] {processor.py:613} INFO - Processing file /usr/local/airflow/dags/email_notify.py for tasks to queue
[2021-09-05 10:32:50,738] {logging_mixin.py:109} INFO - [2021-09-05 10:32:50,738] {dagbag.py:496} INFO - Filling up the DagBag from /usr/local/airflow/dags/email_notify.py
[2021-09-05 10:32:50,756] {processor.py:623} INFO - DAG(s) dict_keys(['sending_email']) retrieved from /usr/local/airflow/dags/email_notify.py
[2021-09-05 10:32:50,778] {logging_mixin.py:109} INFO - [2021-09-05 10:32:50,778] {dag.py:1833} INFO - Sync 1 DAGs
[2021-09-05 10:32:50,796] {logging_mixin.py:109} INFO - [2021-09-05 10:32:50,795] {dag.py:2306} INFO - Setting next_dagrun for sending_email to None
[2021-09-05 10:32:50,807] {processor.py:170} INFO - Processing /usr/local/airflow/dags/email_notify.py took 0.076 seconds
[2021-09-05 10:33:21,024] {processor.py:162} INFO - Started process (PID=356) to work on /usr/local/airflow/dags/email_notify.py
[2021-09-05 10:33:21,025] {processor.py:613} INFO - Processing file /usr/local/airflow/dags/email_notify.py for tasks to queue
[2021-09-05 10:33:21,025] {logging_mixin.py:109} INFO - [2021-09-05 10:33:21,025] {dagbag.py:496} INFO - Filling up the DagBag from /usr/local/airflow/dags/email_notify.py
[2021-09-05 10:33:21,041] {processor.py:623} INFO - DAG(s) dict_keys(['sending_email']) retrieved from /usr/local/airflow/dags/email_notify.py
[2021-09-05 10:33:21,075] {logging_mixin.py:109} INFO - [2021-09-05 10:33:21,075] {dag.py:1833} INFO - Sync 1 DAGs
[2021-09-05 10:33:21,098] {logging_mixin.py:109} INFO - [2021-09-05 10:33:21,098] {dag.py:2306} INFO - Setting next_dagrun for sending_email to None
[2021-09-05 10:33:21,112] {processor.py:170} INFO - Processing /usr/local/airflow/dags/email_notify.py took 0.091 seconds
[2021-09-05 10:33:51,315] {processor.py:162} INFO - Started process (PID=388) to work on /usr/local/airflow/dags/email_notify.py
[2021-09-05 10:33:51,317] {processor.py:613} INFO - Processing file /usr/local/airflow/dags/email_notify.py for tasks to queue
[2021-09-05 10:33:51,317] {logging_mixin.py:109} INFO - [2021-09-05 10:33:51,317] {dagbag.py:496} INFO - Filling up the DagBag from /usr/local/airflow/dags/email_notify.py
[2021-09-05 10:33:51,328] {processor.py:623} INFO - DAG(s) dict_keys(['sending_email']) retrieved from /usr/local/airflow/dags/email_notify.py
[2021-09-05 10:33:51,345] {logging_mixin.py:109} INFO - [2021-09-05 10:33:51,345] {dag.py:1833} INFO - Sync 1 DAGs
[2021-09-05 10:33:51,354] {logging_mixin.py:109} INFO - [2021-09-05 10:33:51,354] {dag.py:2306} INFO - Setting next_dagrun for sending_email to None
[2021-09-05 10:33:51,360] {processor.py:170} INFO - Processing /usr/local/airflow/dags/email_notify.py took 0.047 seconds
[2021-09-05 10:34:10,364] {processor.py:162} INFO - Started process (PID=183) to work on /usr/local/airflow/dags/email_notify.py
[2021-09-05 10:34:10,364] {processor.py:613} INFO - Processing file /usr/local/airflow/dags/email_notify.py for tasks to queue
[2021-09-05 10:34:10,365] {logging_mixin.py:109} INFO - [2021-09-05 10:34:10,365] {dagbag.py:496} INFO - Filling up the DagBag from /usr/local/airflow/dags/email_notify.py
[2021-09-05 10:34:10,372] {processor.py:623} INFO - DAG(s) dict_keys(['sending_email']) retrieved from /usr/local/airflow/dags/email_notify.py
[2021-09-05 10:34:10,384] {logging_mixin.py:109} INFO - [2021-09-05 10:34:10,384] {dag.py:1833} INFO - Sync 1 DAGs
[2021-09-05 10:34:10,392] {logging_mixin.py:109} INFO - [2021-09-05 10:34:10,392] {dag.py:2306} INFO - Setting next_dagrun for sending_email to None
[2021-09-05 10:34:10,397] {processor.py:170} INFO - Processing /usr/local/airflow/dags/email_notify.py took 0.037 seconds
[2021-09-05 10:34:40,622] {processor.py:162} INFO - Started process (PID=262) to work on /usr/local/airflow/dags/email_notify.py
[2021-09-05 10:34:40,622] {processor.py:613} INFO - Processing file /usr/local/airflow/dags/email_notify.py for tasks to queue
[2021-09-05 10:34:40,623] {logging_mixin.py:109} INFO - [2021-09-05 10:34:40,622] {dagbag.py:496} INFO - Filling up the DagBag from /usr/local/airflow/dags/email_notify.py
[2021-09-05 10:34:40,632] {processor.py:623} INFO - DAG(s) dict_keys(['sending_email']) retrieved from /usr/local/airflow/dags/email_notify.py
[2021-09-05 10:34:40,649] {logging_mixin.py:109} INFO - [2021-09-05 10:34:40,649] {dag.py:1833} INFO - Sync 1 DAGs
[2021-09-05 10:34:40,659] {logging_mixin.py:109} INFO - [2021-09-05 10:34:40,659] {dag.py:2306} INFO - Setting next_dagrun for sending_email to None
[2021-09-05 10:34:40,665] {processor.py:170} INFO - Processing /usr/local/airflow/dags/email_notify.py took 0.045 seconds
[2021-09-05 10:35:10,860] {processor.py:162} INFO - Started process (PID=293) to work on /usr/local/airflow/dags/email_notify.py
[2021-09-05 10:35:10,861] {processor.py:613} INFO - Processing file /usr/local/airflow/dags/email_notify.py for tasks to queue
[2021-09-05 10:35:10,862] {logging_mixin.py:109} INFO - [2021-09-05 10:35:10,862] {dagbag.py:496} INFO - Filling up the DagBag from /usr/local/airflow/dags/email_notify.py
[2021-09-05 10:35:10,872] {processor.py:623} INFO - DAG(s) dict_keys(['sending_email']) retrieved from /usr/local/airflow/dags/email_notify.py
[2021-09-05 10:35:10,885] {logging_mixin.py:109} INFO - [2021-09-05 10:35:10,885] {dag.py:1833} INFO - Sync 1 DAGs
[2021-09-05 10:35:10,895] {logging_mixin.py:109} INFO - [2021-09-05 10:35:10,895] {dag.py:2306} INFO - Setting next_dagrun for sending_email to None
[2021-09-05 10:35:10,900] {processor.py:170} INFO - Processing /usr/local/airflow/dags/email_notify.py took 0.043 seconds
[2021-09-05 10:35:41,097] {processor.py:162} INFO - Started process (PID=324) to work on /usr/local/airflow/dags/email_notify.py
[2021-09-05 10:35:41,098] {processor.py:613} INFO - Processing file /usr/local/airflow/dags/email_notify.py for tasks to queue
[2021-09-05 10:35:41,098] {logging_mixin.py:109} INFO - [2021-09-05 10:35:41,098] {dagbag.py:496} INFO - Filling up the DagBag from /usr/local/airflow/dags/email_notify.py
[2021-09-05 10:35:41,110] {processor.py:623} INFO - DAG(s) dict_keys(['sending_email']) retrieved from /usr/local/airflow/dags/email_notify.py
[2021-09-05 10:35:41,129] {logging_mixin.py:109} INFO - [2021-09-05 10:35:41,129] {dag.py:1833} INFO - Sync 1 DAGs
[2021-09-05 10:35:41,144] {logging_mixin.py:109} INFO - [2021-09-05 10:35:41,144] {dag.py:2306} INFO - Setting next_dagrun for sending_email to None
[2021-09-05 10:35:41,151] {processor.py:170} INFO - Processing /usr/local/airflow/dags/email_notify.py took 0.056 seconds
[2021-09-05 10:36:11,355] {processor.py:162} INFO - Started process (PID=355) to work on /usr/local/airflow/dags/email_notify.py
[2021-09-05 10:36:11,356] {processor.py:613} INFO - Processing file /usr/local/airflow/dags/email_notify.py for tasks to queue
[2021-09-05 10:36:11,356] {logging_mixin.py:109} INFO - [2021-09-05 10:36:11,356] {dagbag.py:496} INFO - Filling up the DagBag from /usr/local/airflow/dags/email_notify.py
[2021-09-05 10:36:11,367] {processor.py:623} INFO - DAG(s) dict_keys(['sending_email']) retrieved from /usr/local/airflow/dags/email_notify.py
[2021-09-05 10:36:11,385] {logging_mixin.py:109} INFO - [2021-09-05 10:36:11,385] {dag.py:1833} INFO - Sync 1 DAGs
[2021-09-05 10:36:11,396] {logging_mixin.py:109} INFO - [2021-09-05 10:36:11,396] {dag.py:2306} INFO - Setting next_dagrun for sending_email to None
[2021-09-05 10:36:11,403] {processor.py:170} INFO - Processing /usr/local/airflow/dags/email_notify.py took 0.051 seconds
[2021-09-05 10:36:41,678] {processor.py:162} INFO - Started process (PID=386) to work on /usr/local/airflow/dags/email_notify.py
[2021-09-05 10:36:41,679] {processor.py:613} INFO - Processing file /usr/local/airflow/dags/email_notify.py for tasks to queue
[2021-09-05 10:36:41,680] {logging_mixin.py:109} INFO - [2021-09-05 10:36:41,680] {dagbag.py:496} INFO - Filling up the DagBag from /usr/local/airflow/dags/email_notify.py
[2021-09-05 10:36:41,690] {processor.py:623} INFO - DAG(s) dict_keys(['sending_email']) retrieved from /usr/local/airflow/dags/email_notify.py
[2021-09-05 10:36:41,707] {logging_mixin.py:109} INFO - [2021-09-05 10:36:41,707] {dag.py:1833} INFO - Sync 1 DAGs
[2021-09-05 10:36:41,719] {logging_mixin.py:109} INFO - [2021-09-05 10:36:41,719] {dag.py:2306} INFO - Setting next_dagrun for sending_email to None
[2021-09-05 10:36:41,727] {processor.py:170} INFO - Processing /usr/local/airflow/dags/email_notify.py took 0.051 seconds
[2021-09-05 10:37:11,990] {processor.py:162} INFO - Started process (PID=418) to work on /usr/local/airflow/dags/email_notify.py
[2021-09-05 10:37:11,991] {processor.py:613} INFO - Processing file /usr/local/airflow/dags/email_notify.py for tasks to queue
[2021-09-05 10:37:11,992] {logging_mixin.py:109} INFO - [2021-09-05 10:37:11,991] {dagbag.py:496} INFO - Filling up the DagBag from /usr/local/airflow/dags/email_notify.py
[2021-09-05 10:37:12,002] {processor.py:623} INFO - DAG(s) dict_keys(['sending_email']) retrieved from /usr/local/airflow/dags/email_notify.py
[2021-09-05 10:37:12,020] {logging_mixin.py:109} INFO - [2021-09-05 10:37:12,020] {dag.py:1833} INFO - Sync 1 DAGs
[2021-09-05 10:37:12,032] {logging_mixin.py:109} INFO - [2021-09-05 10:37:12,032] {dag.py:2306} INFO - Setting next_dagrun for sending_email to None
[2021-09-05 10:37:12,039] {processor.py:170} INFO - Processing /usr/local/airflow/dags/email_notify.py took 0.052 seconds
[2021-09-05 10:37:42,295] {processor.py:162} INFO - Started process (PID=449) to work on /usr/local/airflow/dags/email_notify.py
[2021-09-05 10:37:42,296] {processor.py:613} INFO - Processing file /usr/local/airflow/dags/email_notify.py for tasks to queue
[2021-09-05 10:37:42,296] {logging_mixin.py:109} INFO - [2021-09-05 10:37:42,296] {dagbag.py:496} INFO - Filling up the DagBag from /usr/local/airflow/dags/email_notify.py
[2021-09-05 10:37:42,307] {processor.py:623} INFO - DAG(s) dict_keys(['sending_email']) retrieved from /usr/local/airflow/dags/email_notify.py
[2021-09-05 10:37:42,326] {logging_mixin.py:109} INFO - [2021-09-05 10:37:42,326] {dag.py:1833} INFO - Sync 1 DAGs
[2021-09-05 10:37:42,339] {logging_mixin.py:109} INFO - [2021-09-05 10:37:42,339] {dag.py:2306} INFO - Setting next_dagrun for sending_email to None
[2021-09-05 10:37:42,347] {processor.py:170} INFO - Processing /usr/local/airflow/dags/email_notify.py took 0.055 seconds
[2021-09-05 10:38:12,559] {processor.py:162} INFO - Started process (PID=478) to work on /usr/local/airflow/dags/email_notify.py
[2021-09-05 10:38:12,561] {processor.py:613} INFO - Processing file /usr/local/airflow/dags/email_notify.py for tasks to queue
[2021-09-05 10:38:12,561] {logging_mixin.py:109} INFO - [2021-09-05 10:38:12,561] {dagbag.py:496} INFO - Filling up the DagBag from /usr/local/airflow/dags/email_notify.py
[2021-09-05 10:38:12,576] {processor.py:623} INFO - DAG(s) dict_keys(['sending_email']) retrieved from /usr/local/airflow/dags/email_notify.py
[2021-09-05 10:38:12,600] {logging_mixin.py:109} INFO - [2021-09-05 10:38:12,600] {dag.py:1833} INFO - Sync 1 DAGs
[2021-09-05 10:38:12,616] {logging_mixin.py:109} INFO - [2021-09-05 10:38:12,615] {dag.py:2306} INFO - Setting next_dagrun for sending_email to None
[2021-09-05 10:38:12,624] {processor.py:170} INFO - Processing /usr/local/airflow/dags/email_notify.py took 0.068 seconds
[2021-09-05 10:38:36,891] {processor.py:162} INFO - Started process (PID=183) to work on /usr/local/airflow/dags/email_notify.py
[2021-09-05 10:38:36,892] {processor.py:613} INFO - Processing file /usr/local/airflow/dags/email_notify.py for tasks to queue
[2021-09-05 10:38:36,892] {logging_mixin.py:109} INFO - [2021-09-05 10:38:36,892] {dagbag.py:496} INFO - Filling up the DagBag from /usr/local/airflow/dags/email_notify.py
[2021-09-05 10:38:36,899] {processor.py:623} INFO - DAG(s) dict_keys(['sending_email']) retrieved from /usr/local/airflow/dags/email_notify.py
[2021-09-05 10:38:36,911] {logging_mixin.py:109} INFO - [2021-09-05 10:38:36,911] {dag.py:1833} INFO - Sync 1 DAGs
[2021-09-05 10:38:36,920] {logging_mixin.py:109} INFO - [2021-09-05 10:38:36,920] {dag.py:2306} INFO - Setting next_dagrun for sending_email to None
[2021-09-05 10:38:36,925] {processor.py:170} INFO - Processing /usr/local/airflow/dags/email_notify.py took 0.036 seconds
[2021-09-05 10:39:07,144] {processor.py:162} INFO - Started process (PID=262) to work on /usr/local/airflow/dags/email_notify.py
[2021-09-05 10:39:07,144] {processor.py:613} INFO - Processing file /usr/local/airflow/dags/email_notify.py for tasks to queue
[2021-09-05 10:39:07,145] {logging_mixin.py:109} INFO - [2021-09-05 10:39:07,145] {dagbag.py:496} INFO - Filling up the DagBag from /usr/local/airflow/dags/email_notify.py
[2021-09-05 10:39:07,155] {processor.py:623} INFO - DAG(s) dict_keys(['sending_email']) retrieved from /usr/local/airflow/dags/email_notify.py
[2021-09-05 10:39:07,175] {logging_mixin.py:109} INFO - [2021-09-05 10:39:07,175] {dag.py:1833} INFO - Sync 1 DAGs
[2021-09-05 10:39:07,187] {logging_mixin.py:109} INFO - [2021-09-05 10:39:07,187] {dag.py:2306} INFO - Setting next_dagrun for sending_email to None
[2021-09-05 10:39:07,195] {processor.py:170} INFO - Processing /usr/local/airflow/dags/email_notify.py took 0.053 seconds
[2021-09-05 10:39:37,398] {processor.py:162} INFO - Started process (PID=293) to work on /usr/local/airflow/dags/email_notify.py
[2021-09-05 10:39:37,400] {processor.py:613} INFO - Processing file /usr/local/airflow/dags/email_notify.py for tasks to queue
[2021-09-05 10:39:37,400] {logging_mixin.py:109} INFO - [2021-09-05 10:39:37,400] {dagbag.py:496} INFO - Filling up the DagBag from /usr/local/airflow/dags/email_notify.py
[2021-09-05 10:39:37,412] {processor.py:623} INFO - DAG(s) dict_keys(['sending_email']) retrieved from /usr/local/airflow/dags/email_notify.py
[2021-09-05 10:39:37,429] {logging_mixin.py:109} INFO - [2021-09-05 10:39:37,429] {dag.py:1833} INFO - Sync 1 DAGs
[2021-09-05 10:39:37,440] {logging_mixin.py:109} INFO - [2021-09-05 10:39:37,440] {dag.py:2306} INFO - Setting next_dagrun for sending_email to None
[2021-09-05 10:39:37,446] {processor.py:170} INFO - Processing /usr/local/airflow/dags/email_notify.py took 0.050 seconds
[2021-09-05 10:40:07,637] {processor.py:162} INFO - Started process (PID=324) to work on /usr/local/airflow/dags/email_notify.py
[2021-09-05 10:40:07,638] {processor.py:613} INFO - Processing file /usr/local/airflow/dags/email_notify.py for tasks to queue
[2021-09-05 10:40:07,639] {logging_mixin.py:109} INFO - [2021-09-05 10:40:07,639] {dagbag.py:496} INFO - Filling up the DagBag from /usr/local/airflow/dags/email_notify.py
[2021-09-05 10:40:07,651] {processor.py:623} INFO - DAG(s) dict_keys(['sending_email']) retrieved from /usr/local/airflow/dags/email_notify.py
[2021-09-05 10:40:07,670] {logging_mixin.py:109} INFO - [2021-09-05 10:40:07,670] {dag.py:1833} INFO - Sync 1 DAGs
[2021-09-05 10:40:07,683] {logging_mixin.py:109} INFO - [2021-09-05 10:40:07,683] {dag.py:2306} INFO - Setting next_dagrun for sending_email to None
[2021-09-05 10:40:07,691] {processor.py:170} INFO - Processing /usr/local/airflow/dags/email_notify.py took 0.056 seconds
[2021-09-05 10:40:37,887] {processor.py:162} INFO - Started process (PID=355) to work on /usr/local/airflow/dags/email_notify.py
[2021-09-05 10:40:37,888] {processor.py:613} INFO - Processing file /usr/local/airflow/dags/email_notify.py for tasks to queue
[2021-09-05 10:40:37,889] {logging_mixin.py:109} INFO - [2021-09-05 10:40:37,888] {dagbag.py:496} INFO - Filling up the DagBag from /usr/local/airflow/dags/email_notify.py
[2021-09-05 10:40:37,900] {processor.py:623} INFO - DAG(s) dict_keys(['sending_email']) retrieved from /usr/local/airflow/dags/email_notify.py
[2021-09-05 10:40:37,918] {logging_mixin.py:109} INFO - [2021-09-05 10:40:37,918] {dag.py:1833} INFO - Sync 1 DAGs
[2021-09-05 10:40:37,931] {logging_mixin.py:109} INFO - [2021-09-05 10:40:37,930] {dag.py:2306} INFO - Setting next_dagrun for sending_email to None
[2021-09-05 10:40:37,938] {processor.py:170} INFO - Processing /usr/local/airflow/dags/email_notify.py took 0.054 seconds
[2021-09-05 10:41:08,194] {processor.py:162} INFO - Started process (PID=386) to work on /usr/local/airflow/dags/email_notify.py
[2021-09-05 10:41:08,195] {processor.py:613} INFO - Processing file /usr/local/airflow/dags/email_notify.py for tasks to queue
[2021-09-05 10:41:08,195] {logging_mixin.py:109} INFO - [2021-09-05 10:41:08,195] {dagbag.py:496} INFO - Filling up the DagBag from /usr/local/airflow/dags/email_notify.py
[2021-09-05 10:41:08,205] {processor.py:623} INFO - DAG(s) dict_keys(['sending_email']) retrieved from /usr/local/airflow/dags/email_notify.py
[2021-09-05 10:41:08,222] {logging_mixin.py:109} INFO - [2021-09-05 10:41:08,222] {dag.py:1833} INFO - Sync 1 DAGs
[2021-09-05 10:41:08,234] {logging_mixin.py:109} INFO - [2021-09-05 10:41:08,234] {dag.py:2306} INFO - Setting next_dagrun for sending_email to None
[2021-09-05 10:41:08,241] {processor.py:170} INFO - Processing /usr/local/airflow/dags/email_notify.py took 0.050 seconds
[2021-09-05 10:41:38,484] {processor.py:162} INFO - Started process (PID=417) to work on /usr/local/airflow/dags/email_notify.py
[2021-09-05 10:41:38,484] {processor.py:613} INFO - Processing file /usr/local/airflow/dags/email_notify.py for tasks to queue
[2021-09-05 10:41:38,485] {logging_mixin.py:109} INFO - [2021-09-05 10:41:38,485] {dagbag.py:496} INFO - Filling up the DagBag from /usr/local/airflow/dags/email_notify.py
[2021-09-05 10:41:38,492] {processor.py:623} INFO - DAG(s) dict_keys(['sending_email']) retrieved from /usr/local/airflow/dags/email_notify.py
[2021-09-05 10:41:38,505] {logging_mixin.py:109} INFO - [2021-09-05 10:41:38,504] {dag.py:1833} INFO - Sync 1 DAGs
[2021-09-05 10:41:38,513] {logging_mixin.py:109} INFO - [2021-09-05 10:41:38,513] {dag.py:2306} INFO - Setting next_dagrun for sending_email to None
[2021-09-05 10:41:38,519] {processor.py:170} INFO - Processing /usr/local/airflow/dags/email_notify.py took 0.037 seconds
[2021-09-05 10:42:08,752] {processor.py:162} INFO - Started process (PID=448) to work on /usr/local/airflow/dags/email_notify.py
[2021-09-05 10:42:08,753] {processor.py:613} INFO - Processing file /usr/local/airflow/dags/email_notify.py for tasks to queue
[2021-09-05 10:42:08,753] {logging_mixin.py:109} INFO - [2021-09-05 10:42:08,753] {dagbag.py:496} INFO - Filling up the DagBag from /usr/local/airflow/dags/email_notify.py
[2021-09-05 10:42:08,767] {processor.py:623} INFO - DAG(s) dict_keys(['sending_email']) retrieved from /usr/local/airflow/dags/email_notify.py
[2021-09-05 10:42:08,781] {logging_mixin.py:109} INFO - [2021-09-05 10:42:08,781] {dag.py:1833} INFO - Sync 1 DAGs
[2021-09-05 10:42:08,789] {logging_mixin.py:109} INFO - [2021-09-05 10:42:08,789] {dag.py:2306} INFO - Setting next_dagrun for sending_email to None
[2021-09-05 10:42:08,795] {processor.py:170} INFO - Processing /usr/local/airflow/dags/email_notify.py took 0.047 seconds
[2021-09-05 10:42:39,031] {processor.py:162} INFO - Started process (PID=479) to work on /usr/local/airflow/dags/email_notify.py
[2021-09-05 10:42:39,031] {processor.py:613} INFO - Processing file /usr/local/airflow/dags/email_notify.py for tasks to queue
[2021-09-05 10:42:39,032] {logging_mixin.py:109} INFO - [2021-09-05 10:42:39,032] {dagbag.py:496} INFO - Filling up the DagBag from /usr/local/airflow/dags/email_notify.py
[2021-09-05 10:42:39,041] {processor.py:623} INFO - DAG(s) dict_keys(['sending_email']) retrieved from /usr/local/airflow/dags/email_notify.py
[2021-09-05 10:42:39,060] {logging_mixin.py:109} INFO - [2021-09-05 10:42:39,060] {dag.py:1833} INFO - Sync 1 DAGs
[2021-09-05 10:42:39,073] {logging_mixin.py:109} INFO - [2021-09-05 10:42:39,073] {dag.py:2306} INFO - Setting next_dagrun for sending_email to None
[2021-09-05 10:42:39,081] {processor.py:170} INFO - Processing /usr/local/airflow/dags/email_notify.py took 0.052 seconds
[2021-09-05 10:43:09,261] {processor.py:162} INFO - Started process (PID=510) to work on /usr/local/airflow/dags/email_notify.py
[2021-09-05 10:43:09,262] {processor.py:613} INFO - Processing file /usr/local/airflow/dags/email_notify.py for tasks to queue
[2021-09-05 10:43:09,262] {logging_mixin.py:109} INFO - [2021-09-05 10:43:09,262] {dagbag.py:496} INFO - Filling up the DagBag from /usr/local/airflow/dags/email_notify.py
[2021-09-05 10:43:09,272] {processor.py:623} INFO - DAG(s) dict_keys(['sending_email']) retrieved from /usr/local/airflow/dags/email_notify.py
[2021-09-05 10:43:09,290] {logging_mixin.py:109} INFO - [2021-09-05 10:43:09,290] {dag.py:1833} INFO - Sync 1 DAGs
[2021-09-05 10:43:09,302] {logging_mixin.py:109} INFO - [2021-09-05 10:43:09,302] {dag.py:2306} INFO - Setting next_dagrun for sending_email to None
[2021-09-05 10:43:09,308] {processor.py:170} INFO - Processing /usr/local/airflow/dags/email_notify.py took 0.050 seconds
[2021-09-05 10:43:39,505] {processor.py:162} INFO - Started process (PID=541) to work on /usr/local/airflow/dags/email_notify.py
[2021-09-05 10:43:39,506] {processor.py:613} INFO - Processing file /usr/local/airflow/dags/email_notify.py for tasks to queue
[2021-09-05 10:43:39,507] {logging_mixin.py:109} INFO - [2021-09-05 10:43:39,507] {dagbag.py:496} INFO - Filling up the DagBag from /usr/local/airflow/dags/email_notify.py
[2021-09-05 10:43:39,518] {processor.py:623} INFO - DAG(s) dict_keys(['sending_email']) retrieved from /usr/local/airflow/dags/email_notify.py
[2021-09-05 10:43:39,536] {logging_mixin.py:109} INFO - [2021-09-05 10:43:39,536] {dag.py:1833} INFO - Sync 1 DAGs
[2021-09-05 10:43:39,547] {logging_mixin.py:109} INFO - [2021-09-05 10:43:39,547] {dag.py:2306} INFO - Setting next_dagrun for sending_email to None
[2021-09-05 10:43:39,555] {processor.py:170} INFO - Processing /usr/local/airflow/dags/email_notify.py took 0.053 seconds
[2021-09-05 10:44:09,815] {processor.py:162} INFO - Started process (PID=572) to work on /usr/local/airflow/dags/email_notify.py
[2021-09-05 10:44:09,816] {processor.py:613} INFO - Processing file /usr/local/airflow/dags/email_notify.py for tasks to queue
[2021-09-05 10:44:09,817] {logging_mixin.py:109} INFO - [2021-09-05 10:44:09,817] {dagbag.py:496} INFO - Filling up the DagBag from /usr/local/airflow/dags/email_notify.py
[2021-09-05 10:44:09,830] {processor.py:623} INFO - DAG(s) dict_keys(['sending_email']) retrieved from /usr/local/airflow/dags/email_notify.py
[2021-09-05 10:44:09,850] {logging_mixin.py:109} INFO - [2021-09-05 10:44:09,849] {dag.py:1833} INFO - Sync 1 DAGs
[2021-09-05 10:44:09,863] {logging_mixin.py:109} INFO - [2021-09-05 10:44:09,863] {dag.py:2306} INFO - Setting next_dagrun for sending_email to None
[2021-09-05 10:44:09,869] {processor.py:170} INFO - Processing /usr/local/airflow/dags/email_notify.py took 0.057 seconds
[2021-09-05 10:44:40,061] {processor.py:162} INFO - Started process (PID=603) to work on /usr/local/airflow/dags/email_notify.py
[2021-09-05 10:44:40,062] {processor.py:613} INFO - Processing file /usr/local/airflow/dags/email_notify.py for tasks to queue
[2021-09-05 10:44:40,062] {logging_mixin.py:109} INFO - [2021-09-05 10:44:40,062] {dagbag.py:496} INFO - Filling up the DagBag from /usr/local/airflow/dags/email_notify.py
[2021-09-05 10:44:40,071] {processor.py:623} INFO - DAG(s) dict_keys(['sending_email']) retrieved from /usr/local/airflow/dags/email_notify.py
[2021-09-05 10:44:40,085] {logging_mixin.py:109} INFO - [2021-09-05 10:44:40,085] {dag.py:1833} INFO - Sync 1 DAGs
[2021-09-05 10:44:40,094] {logging_mixin.py:109} INFO - [2021-09-05 10:44:40,094] {dag.py:2306} INFO - Setting next_dagrun for sending_email to None
[2021-09-05 10:44:40,100] {processor.py:170} INFO - Processing /usr/local/airflow/dags/email_notify.py took 0.042 seconds
[2021-09-05 10:45:10,316] {processor.py:162} INFO - Started process (PID=633) to work on /usr/local/airflow/dags/email_notify.py
[2021-09-05 10:45:10,317] {processor.py:613} INFO - Processing file /usr/local/airflow/dags/email_notify.py for tasks to queue
[2021-09-05 10:45:10,318] {logging_mixin.py:109} INFO - [2021-09-05 10:45:10,318] {dagbag.py:496} INFO - Filling up the DagBag from /usr/local/airflow/dags/email_notify.py
[2021-09-05 10:45:10,337] {processor.py:623} INFO - DAG(s) dict_keys(['sending_email']) retrieved from /usr/local/airflow/dags/email_notify.py
[2021-09-05 10:45:10,366] {logging_mixin.py:109} INFO - [2021-09-05 10:45:10,366] {dag.py:1833} INFO - Sync 1 DAGs
[2021-09-05 10:45:10,385] {logging_mixin.py:109} INFO - [2021-09-05 10:45:10,385] {dag.py:2306} INFO - Setting next_dagrun for sending_email to None
[2021-09-05 10:45:10,397] {processor.py:170} INFO - Processing /usr/local/airflow/dags/email_notify.py took 0.088 seconds
[2021-09-05 10:45:40,603] {processor.py:162} INFO - Started process (PID=666) to work on /usr/local/airflow/dags/email_notify.py
[2021-09-05 10:45:40,604] {processor.py:613} INFO - Processing file /usr/local/airflow/dags/email_notify.py for tasks to queue
[2021-09-05 10:45:40,604] {logging_mixin.py:109} INFO - [2021-09-05 10:45:40,604] {dagbag.py:496} INFO - Filling up the DagBag from /usr/local/airflow/dags/email_notify.py
[2021-09-05 10:45:40,612] {processor.py:623} INFO - DAG(s) dict_keys(['sending_email']) retrieved from /usr/local/airflow/dags/email_notify.py
[2021-09-05 10:45:40,624] {logging_mixin.py:109} INFO - [2021-09-05 10:45:40,624] {dag.py:1833} INFO - Sync 1 DAGs
[2021-09-05 10:45:40,632] {logging_mixin.py:109} INFO - [2021-09-05 10:45:40,632] {dag.py:2306} INFO - Setting next_dagrun for sending_email to None
[2021-09-05 10:45:40,637] {processor.py:170} INFO - Processing /usr/local/airflow/dags/email_notify.py took 0.035 seconds
[2021-09-05 10:46:10,863] {processor.py:162} INFO - Started process (PID=698) to work on /usr/local/airflow/dags/email_notify.py
[2021-09-05 10:46:10,864] {processor.py:613} INFO - Processing file /usr/local/airflow/dags/email_notify.py for tasks to queue
[2021-09-05 10:46:10,865] {logging_mixin.py:109} INFO - [2021-09-05 10:46:10,865] {dagbag.py:496} INFO - Filling up the DagBag from /usr/local/airflow/dags/email_notify.py
[2021-09-05 10:46:10,874] {processor.py:623} INFO - DAG(s) dict_keys(['sending_email']) retrieved from /usr/local/airflow/dags/email_notify.py
[2021-09-05 10:46:10,893] {logging_mixin.py:109} INFO - [2021-09-05 10:46:10,892] {dag.py:1833} INFO - Sync 1 DAGs
[2021-09-05 10:46:10,906] {logging_mixin.py:109} INFO - [2021-09-05 10:46:10,906] {dag.py:2306} INFO - Setting next_dagrun for sending_email to None
[2021-09-05 10:46:10,916] {processor.py:170} INFO - Processing /usr/local/airflow/dags/email_notify.py took 0.056 seconds
[2021-09-05 10:46:41,149] {processor.py:162} INFO - Started process (PID=730) to work on /usr/local/airflow/dags/email_notify.py
[2021-09-05 10:46:41,149] {processor.py:613} INFO - Processing file /usr/local/airflow/dags/email_notify.py for tasks to queue
[2021-09-05 10:46:41,150] {logging_mixin.py:109} INFO - [2021-09-05 10:46:41,150] {dagbag.py:496} INFO - Filling up the DagBag from /usr/local/airflow/dags/email_notify.py
[2021-09-05 10:46:41,158] {processor.py:623} INFO - DAG(s) dict_keys(['sending_email']) retrieved from /usr/local/airflow/dags/email_notify.py
[2021-09-05 10:46:41,172] {logging_mixin.py:109} INFO - [2021-09-05 10:46:41,172] {dag.py:1833} INFO - Sync 1 DAGs
[2021-09-05 10:46:41,183] {logging_mixin.py:109} INFO - [2021-09-05 10:46:41,183] {dag.py:2306} INFO - Setting next_dagrun for sending_email to None
[2021-09-05 10:46:41,192] {processor.py:170} INFO - Processing /usr/local/airflow/dags/email_notify.py took 0.045 seconds
[2021-09-05 10:47:11,371] {processor.py:162} INFO - Started process (PID=761) to work on /usr/local/airflow/dags/email_notify.py
[2021-09-05 10:47:11,372] {processor.py:613} INFO - Processing file /usr/local/airflow/dags/email_notify.py for tasks to queue
[2021-09-05 10:47:11,373] {logging_mixin.py:109} INFO - [2021-09-05 10:47:11,373] {dagbag.py:496} INFO - Filling up the DagBag from /usr/local/airflow/dags/email_notify.py
[2021-09-05 10:47:11,383] {processor.py:623} INFO - DAG(s) dict_keys(['sending_email']) retrieved from /usr/local/airflow/dags/email_notify.py
[2021-09-05 10:47:11,402] {logging_mixin.py:109} INFO - [2021-09-05 10:47:11,402] {dag.py:1833} INFO - Sync 1 DAGs
[2021-09-05 10:47:11,414] {logging_mixin.py:109} INFO - [2021-09-05 10:47:11,414] {dag.py:2306} INFO - Setting next_dagrun for sending_email to None
[2021-09-05 10:47:11,422] {processor.py:170} INFO - Processing /usr/local/airflow/dags/email_notify.py took 0.053 seconds
[2021-09-05 10:47:41,669] {processor.py:162} INFO - Started process (PID=792) to work on /usr/local/airflow/dags/email_notify.py
[2021-09-05 10:47:41,670] {processor.py:613} INFO - Processing file /usr/local/airflow/dags/email_notify.py for tasks to queue
[2021-09-05 10:47:41,670] {logging_mixin.py:109} INFO - [2021-09-05 10:47:41,670] {dagbag.py:496} INFO - Filling up the DagBag from /usr/local/airflow/dags/email_notify.py
[2021-09-05 10:47:41,681] {processor.py:623} INFO - DAG(s) dict_keys(['sending_email']) retrieved from /usr/local/airflow/dags/email_notify.py
[2021-09-05 10:47:41,699] {logging_mixin.py:109} INFO - [2021-09-05 10:47:41,698] {dag.py:1833} INFO - Sync 1 DAGs
[2021-09-05 10:47:41,710] {logging_mixin.py:109} INFO - [2021-09-05 10:47:41,710] {dag.py:2306} INFO - Setting next_dagrun for sending_email to None
[2021-09-05 10:47:41,717] {processor.py:170} INFO - Processing /usr/local/airflow/dags/email_notify.py took 0.050 seconds
[2021-09-05 10:48:11,958] {processor.py:162} INFO - Started process (PID=824) to work on /usr/local/airflow/dags/email_notify.py
[2021-09-05 10:48:11,959] {processor.py:613} INFO - Processing file /usr/local/airflow/dags/email_notify.py for tasks to queue
[2021-09-05 10:48:11,959] {logging_mixin.py:109} INFO - [2021-09-05 10:48:11,959] {dagbag.py:496} INFO - Filling up the DagBag from /usr/local/airflow/dags/email_notify.py
[2021-09-05 10:48:11,972] {processor.py:623} INFO - DAG(s) dict_keys(['sending_email']) retrieved from /usr/local/airflow/dags/email_notify.py
[2021-09-05 10:48:11,992] {logging_mixin.py:109} INFO - [2021-09-05 10:48:11,991] {dag.py:1833} INFO - Sync 1 DAGs
[2021-09-05 10:48:12,004] {logging_mixin.py:109} INFO - [2021-09-05 10:48:12,004] {dag.py:2306} INFO - Setting next_dagrun for sending_email to None
[2021-09-05 10:48:12,010] {processor.py:170} INFO - Processing /usr/local/airflow/dags/email_notify.py took 0.056 seconds
[2021-09-05 10:48:42,232] {processor.py:162} INFO - Started process (PID=882) to work on /usr/local/airflow/dags/email_notify.py
[2021-09-05 10:48:42,233] {processor.py:613} INFO - Processing file /usr/local/airflow/dags/email_notify.py for tasks to queue
[2021-09-05 10:48:42,234] {logging_mixin.py:109} INFO - [2021-09-05 10:48:42,234] {dagbag.py:496} INFO - Filling up the DagBag from /usr/local/airflow/dags/email_notify.py
[2021-09-05 10:48:42,243] {processor.py:623} INFO - DAG(s) dict_keys(['sending_email']) retrieved from /usr/local/airflow/dags/email_notify.py
[2021-09-05 10:48:42,256] {logging_mixin.py:109} INFO - [2021-09-05 10:48:42,256] {dag.py:1833} INFO - Sync 1 DAGs
[2021-09-05 10:48:42,264] {logging_mixin.py:109} INFO - [2021-09-05 10:48:42,264] {dag.py:2306} INFO - Setting next_dagrun for sending_email to None
[2021-09-05 10:48:42,270] {processor.py:170} INFO - Processing /usr/local/airflow/dags/email_notify.py took 0.040 seconds
[2021-09-05 10:49:12,513] {processor.py:162} INFO - Started process (PID=923) to work on /usr/local/airflow/dags/email_notify.py
[2021-09-05 10:49:12,514] {processor.py:613} INFO - Processing file /usr/local/airflow/dags/email_notify.py for tasks to queue
[2021-09-05 10:49:12,515] {logging_mixin.py:109} INFO - [2021-09-05 10:49:12,515] {dagbag.py:496} INFO - Filling up the DagBag from /usr/local/airflow/dags/email_notify.py
[2021-09-05 10:49:12,523] {processor.py:623} INFO - DAG(s) dict_keys(['sending_email']) retrieved from /usr/local/airflow/dags/email_notify.py
[2021-09-05 10:49:12,539] {logging_mixin.py:109} INFO - [2021-09-05 10:49:12,539] {dag.py:1833} INFO - Sync 1 DAGs
[2021-09-05 10:49:12,549] {logging_mixin.py:109} INFO - [2021-09-05 10:49:12,549] {dag.py:2306} INFO - Setting next_dagrun for sending_email to None
[2021-09-05 10:49:12,556] {processor.py:170} INFO - Processing /usr/local/airflow/dags/email_notify.py took 0.045 seconds
[2021-09-05 10:49:42,814] {processor.py:162} INFO - Started process (PID=964) to work on /usr/local/airflow/dags/email_notify.py
[2021-09-05 10:49:42,816] {processor.py:613} INFO - Processing file /usr/local/airflow/dags/email_notify.py for tasks to queue
[2021-09-05 10:49:42,817] {logging_mixin.py:109} INFO - [2021-09-05 10:49:42,816] {dagbag.py:496} INFO - Filling up the DagBag from /usr/local/airflow/dags/email_notify.py
[2021-09-05 10:49:42,827] {processor.py:623} INFO - DAG(s) dict_keys(['sending_email']) retrieved from /usr/local/airflow/dags/email_notify.py
[2021-09-05 10:49:42,840] {logging_mixin.py:109} INFO - [2021-09-05 10:49:42,840] {dag.py:1833} INFO - Sync 1 DAGs
[2021-09-05 10:49:42,848] {logging_mixin.py:109} INFO - [2021-09-05 10:49:42,848] {dag.py:2306} INFO - Setting next_dagrun for sending_email to None
[2021-09-05 10:49:42,853] {processor.py:170} INFO - Processing /usr/local/airflow/dags/email_notify.py took 0.041 seconds
[2021-09-05 10:50:13,059] {processor.py:162} INFO - Started process (PID=1006) to work on /usr/local/airflow/dags/email_notify.py
[2021-09-05 10:50:13,060] {processor.py:613} INFO - Processing file /usr/local/airflow/dags/email_notify.py for tasks to queue
[2021-09-05 10:50:13,061] {logging_mixin.py:109} INFO - [2021-09-05 10:50:13,061] {dagbag.py:496} INFO - Filling up the DagBag from /usr/local/airflow/dags/email_notify.py
[2021-09-05 10:50:13,075] {processor.py:623} INFO - DAG(s) dict_keys(['sending_email']) retrieved from /usr/local/airflow/dags/email_notify.py
[2021-09-05 10:50:13,091] {logging_mixin.py:109} INFO - [2021-09-05 10:50:13,091] {dag.py:1833} INFO - Sync 1 DAGs
[2021-09-05 10:50:13,101] {logging_mixin.py:109} INFO - [2021-09-05 10:50:13,101] {dag.py:2306} INFO - Setting next_dagrun for sending_email to None
[2021-09-05 10:50:13,106] {processor.py:170} INFO - Processing /usr/local/airflow/dags/email_notify.py took 0.051 seconds
[2021-09-05 10:50:43,319] {processor.py:162} INFO - Started process (PID=1047) to work on /usr/local/airflow/dags/email_notify.py
[2021-09-05 10:50:43,320] {processor.py:613} INFO - Processing file /usr/local/airflow/dags/email_notify.py for tasks to queue
[2021-09-05 10:50:43,321] {logging_mixin.py:109} INFO - [2021-09-05 10:50:43,321] {dagbag.py:496} INFO - Filling up the DagBag from /usr/local/airflow/dags/email_notify.py
[2021-09-05 10:50:43,332] {processor.py:623} INFO - DAG(s) dict_keys(['sending_email']) retrieved from /usr/local/airflow/dags/email_notify.py
[2021-09-05 10:50:43,350] {logging_mixin.py:109} INFO - [2021-09-05 10:50:43,350] {dag.py:1833} INFO - Sync 1 DAGs
[2021-09-05 10:50:43,362] {logging_mixin.py:109} INFO - [2021-09-05 10:50:43,362] {dag.py:2306} INFO - Setting next_dagrun for sending_email to None
[2021-09-05 10:50:43,370] {processor.py:170} INFO - Processing /usr/local/airflow/dags/email_notify.py took 0.053 seconds
[2021-09-05 10:51:13,649] {processor.py:162} INFO - Started process (PID=1089) to work on /usr/local/airflow/dags/email_notify.py
[2021-09-05 10:51:13,651] {processor.py:613} INFO - Processing file /usr/local/airflow/dags/email_notify.py for tasks to queue
[2021-09-05 10:51:13,651] {logging_mixin.py:109} INFO - [2021-09-05 10:51:13,651] {dagbag.py:496} INFO - Filling up the DagBag from /usr/local/airflow/dags/email_notify.py
[2021-09-05 10:51:13,662] {processor.py:623} INFO - DAG(s) dict_keys(['sending_email']) retrieved from /usr/local/airflow/dags/email_notify.py
[2021-09-05 10:51:13,680] {logging_mixin.py:109} INFO - [2021-09-05 10:51:13,679] {dag.py:1833} INFO - Sync 1 DAGs
[2021-09-05 10:51:13,692] {logging_mixin.py:109} INFO - [2021-09-05 10:51:13,692] {dag.py:2306} INFO - Setting next_dagrun for sending_email to None
[2021-09-05 10:51:13,699] {processor.py:170} INFO - Processing /usr/local/airflow/dags/email_notify.py took 0.053 seconds
[2021-09-05 10:51:43,961] {processor.py:162} INFO - Started process (PID=1130) to work on /usr/local/airflow/dags/email_notify.py
[2021-09-05 10:51:43,962] {processor.py:613} INFO - Processing file /usr/local/airflow/dags/email_notify.py for tasks to queue
[2021-09-05 10:51:43,962] {logging_mixin.py:109} INFO - [2021-09-05 10:51:43,962] {dagbag.py:496} INFO - Filling up the DagBag from /usr/local/airflow/dags/email_notify.py
[2021-09-05 10:51:43,976] {processor.py:623} INFO - DAG(s) dict_keys(['sending_email']) retrieved from /usr/local/airflow/dags/email_notify.py
[2021-09-05 10:51:43,996] {logging_mixin.py:109} INFO - [2021-09-05 10:51:43,996] {dag.py:1833} INFO - Sync 1 DAGs
[2021-09-05 10:51:44,008] {logging_mixin.py:109} INFO - [2021-09-05 10:51:44,008] {dag.py:2306} INFO - Setting next_dagrun for sending_email to None
[2021-09-05 10:51:44,016] {processor.py:170} INFO - Processing /usr/local/airflow/dags/email_notify.py took 0.058 seconds
[2021-09-05 10:52:14,311] {processor.py:162} INFO - Started process (PID=1171) to work on /usr/local/airflow/dags/email_notify.py
[2021-09-05 10:52:14,312] {processor.py:613} INFO - Processing file /usr/local/airflow/dags/email_notify.py for tasks to queue
[2021-09-05 10:52:14,312] {logging_mixin.py:109} INFO - [2021-09-05 10:52:14,312] {dagbag.py:496} INFO - Filling up the DagBag from /usr/local/airflow/dags/email_notify.py
[2021-09-05 10:52:14,323] {processor.py:623} INFO - DAG(s) dict_keys(['sending_email']) retrieved from /usr/local/airflow/dags/email_notify.py
[2021-09-05 10:52:14,337] {logging_mixin.py:109} INFO - [2021-09-05 10:52:14,337] {dag.py:1833} INFO - Sync 1 DAGs
[2021-09-05 10:52:14,346] {logging_mixin.py:109} INFO - [2021-09-05 10:52:14,346] {dag.py:2306} INFO - Setting next_dagrun for sending_email to None
[2021-09-05 10:52:14,351] {processor.py:170} INFO - Processing /usr/local/airflow/dags/email_notify.py took 0.044 seconds
[2021-09-05 10:52:44,570] {processor.py:162} INFO - Started process (PID=1213) to work on /usr/local/airflow/dags/email_notify.py
[2021-09-05 10:52:44,571] {processor.py:613} INFO - Processing file /usr/local/airflow/dags/email_notify.py for tasks to queue
[2021-09-05 10:52:44,571] {logging_mixin.py:109} INFO - [2021-09-05 10:52:44,571] {dagbag.py:496} INFO - Filling up the DagBag from /usr/local/airflow/dags/email_notify.py
[2021-09-05 10:52:44,582] {processor.py:623} INFO - DAG(s) dict_keys(['sending_email']) retrieved from /usr/local/airflow/dags/email_notify.py
[2021-09-05 10:52:44,599] {logging_mixin.py:109} INFO - [2021-09-05 10:52:44,599] {dag.py:1833} INFO - Sync 1 DAGs
[2021-09-05 10:52:44,610] {logging_mixin.py:109} INFO - [2021-09-05 10:52:44,610] {dag.py:2306} INFO - Setting next_dagrun for sending_email to None
[2021-09-05 10:52:44,617] {processor.py:170} INFO - Processing /usr/local/airflow/dags/email_notify.py took 0.050 seconds
[2021-09-05 10:53:14,872] {processor.py:162} INFO - Started process (PID=1254) to work on /usr/local/airflow/dags/email_notify.py
[2021-09-05 10:53:14,873] {processor.py:613} INFO - Processing file /usr/local/airflow/dags/email_notify.py for tasks to queue
[2021-09-05 10:53:14,873] {logging_mixin.py:109} INFO - [2021-09-05 10:53:14,873] {dagbag.py:496} INFO - Filling up the DagBag from /usr/local/airflow/dags/email_notify.py
[2021-09-05 10:53:14,882] {processor.py:623} INFO - DAG(s) dict_keys(['sending_email']) retrieved from /usr/local/airflow/dags/email_notify.py
[2021-09-05 10:53:14,895] {logging_mixin.py:109} INFO - [2021-09-05 10:53:14,895] {dag.py:1833} INFO - Sync 1 DAGs
[2021-09-05 10:53:14,904] {logging_mixin.py:109} INFO - [2021-09-05 10:53:14,904] {dag.py:2306} INFO - Setting next_dagrun for sending_email to None
[2021-09-05 10:53:14,909] {processor.py:170} INFO - Processing /usr/local/airflow/dags/email_notify.py took 0.038 seconds
[2021-09-05 10:53:45,815] {processor.py:162} INFO - Started process (PID=1334) to work on /usr/local/airflow/dags/email_notify.py
[2021-09-05 10:53:45,816] {processor.py:613} INFO - Processing file /usr/local/airflow/dags/email_notify.py for tasks to queue
[2021-09-05 10:53:45,817] {logging_mixin.py:109} INFO - [2021-09-05 10:53:45,817] {dagbag.py:496} INFO - Filling up the DagBag from /usr/local/airflow/dags/email_notify.py
[2021-09-05 10:53:45,828] {processor.py:623} INFO - DAG(s) dict_keys(['sending_email']) retrieved from /usr/local/airflow/dags/email_notify.py
[2021-09-05 10:53:45,847] {logging_mixin.py:109} INFO - [2021-09-05 10:53:45,846] {dag.py:1833} INFO - Sync 1 DAGs
[2021-09-05 10:53:45,860] {logging_mixin.py:109} INFO - [2021-09-05 10:53:45,860] {dag.py:2306} INFO - Setting next_dagrun for sending_email to None
[2021-09-05 10:53:45,867] {processor.py:170} INFO - Processing /usr/local/airflow/dags/email_notify.py took 0.054 seconds
[2021-09-05 10:54:16,247] {processor.py:162} INFO - Started process (PID=1390) to work on /usr/local/airflow/dags/email_notify.py
[2021-09-05 10:54:16,248] {processor.py:613} INFO - Processing file /usr/local/airflow/dags/email_notify.py for tasks to queue
[2021-09-05 10:54:16,248] {logging_mixin.py:109} INFO - [2021-09-05 10:54:16,248] {dagbag.py:496} INFO - Filling up the DagBag from /usr/local/airflow/dags/email_notify.py
[2021-09-05 10:54:16,256] {processor.py:623} INFO - DAG(s) dict_keys(['sending_email']) retrieved from /usr/local/airflow/dags/email_notify.py
[2021-09-05 10:54:16,270] {logging_mixin.py:109} INFO - [2021-09-05 10:54:16,270] {dag.py:1833} INFO - Sync 1 DAGs
[2021-09-05 10:54:16,281] {logging_mixin.py:109} INFO - [2021-09-05 10:54:16,281] {dag.py:2306} INFO - Setting next_dagrun for sending_email to None
[2021-09-05 10:54:16,287] {processor.py:170} INFO - Processing /usr/local/airflow/dags/email_notify.py took 0.042 seconds
[2021-09-05 10:54:46,602] {processor.py:162} INFO - Started process (PID=1447) to work on /usr/local/airflow/dags/email_notify.py
[2021-09-05 10:54:46,603] {processor.py:613} INFO - Processing file /usr/local/airflow/dags/email_notify.py for tasks to queue
[2021-09-05 10:54:46,603] {logging_mixin.py:109} INFO - [2021-09-05 10:54:46,603] {dagbag.py:496} INFO - Filling up the DagBag from /usr/local/airflow/dags/email_notify.py
[2021-09-05 10:54:46,621] {processor.py:623} INFO - DAG(s) dict_keys(['sending_email']) retrieved from /usr/local/airflow/dags/email_notify.py
[2021-09-05 10:54:46,653] {logging_mixin.py:109} INFO - [2021-09-05 10:54:46,652] {dag.py:1833} INFO - Sync 1 DAGs
[2021-09-05 10:54:46,672] {logging_mixin.py:109} INFO - [2021-09-05 10:54:46,672] {dag.py:2306} INFO - Setting next_dagrun for sending_email to None
[2021-09-05 10:54:46,687] {processor.py:170} INFO - Processing /usr/local/airflow/dags/email_notify.py took 0.088 seconds
[2021-09-05 10:55:17,056] {processor.py:162} INFO - Started process (PID=1504) to work on /usr/local/airflow/dags/email_notify.py
[2021-09-05 10:55:17,057] {processor.py:613} INFO - Processing file /usr/local/airflow/dags/email_notify.py for tasks to queue
[2021-09-05 10:55:17,057] {logging_mixin.py:109} INFO - [2021-09-05 10:55:17,057] {dagbag.py:496} INFO - Filling up the DagBag from /usr/local/airflow/dags/email_notify.py
[2021-09-05 10:55:17,064] {processor.py:623} INFO - DAG(s) dict_keys(['sending_email']) retrieved from /usr/local/airflow/dags/email_notify.py
[2021-09-05 10:55:17,079] {logging_mixin.py:109} INFO - [2021-09-05 10:55:17,079] {dag.py:1833} INFO - Sync 1 DAGs
[2021-09-05 10:55:17,089] {logging_mixin.py:109} INFO - [2021-09-05 10:55:17,089] {dag.py:2306} INFO - Setting next_dagrun for sending_email to None
[2021-09-05 10:55:17,097] {processor.py:170} INFO - Processing /usr/local/airflow/dags/email_notify.py took 0.044 seconds
[2021-09-05 10:55:47,545] {processor.py:162} INFO - Started process (PID=1560) to work on /usr/local/airflow/dags/email_notify.py
[2021-09-05 10:55:47,546] {processor.py:613} INFO - Processing file /usr/local/airflow/dags/email_notify.py for tasks to queue
[2021-09-05 10:55:47,546] {logging_mixin.py:109} INFO - [2021-09-05 10:55:47,546] {dagbag.py:496} INFO - Filling up the DagBag from /usr/local/airflow/dags/email_notify.py
[2021-09-05 10:55:47,554] {processor.py:623} INFO - DAG(s) dict_keys(['sending_email']) retrieved from /usr/local/airflow/dags/email_notify.py
[2021-09-05 10:55:47,571] {logging_mixin.py:109} INFO - [2021-09-05 10:55:47,571] {dag.py:1833} INFO - Sync 1 DAGs
[2021-09-05 10:55:47,584] {logging_mixin.py:109} INFO - [2021-09-05 10:55:47,584] {dag.py:2306} INFO - Setting next_dagrun for sending_email to None
[2021-09-05 10:55:47,591] {processor.py:170} INFO - Processing /usr/local/airflow/dags/email_notify.py took 0.048 seconds
[2021-09-05 10:56:17,897] {processor.py:162} INFO - Started process (PID=1616) to work on /usr/local/airflow/dags/email_notify.py
[2021-09-05 10:56:17,898] {processor.py:613} INFO - Processing file /usr/local/airflow/dags/email_notify.py for tasks to queue
[2021-09-05 10:56:17,898] {logging_mixin.py:109} INFO - [2021-09-05 10:56:17,898] {dagbag.py:496} INFO - Filling up the DagBag from /usr/local/airflow/dags/email_notify.py
[2021-09-05 10:56:17,909] {processor.py:623} INFO - DAG(s) dict_keys(['sending_email']) retrieved from /usr/local/airflow/dags/email_notify.py
[2021-09-05 10:56:17,927] {logging_mixin.py:109} INFO - [2021-09-05 10:56:17,927] {dag.py:1833} INFO - Sync 1 DAGs
[2021-09-05 10:56:17,939] {logging_mixin.py:109} INFO - [2021-09-05 10:56:17,939] {dag.py:2306} INFO - Setting next_dagrun for sending_email to None
[2021-09-05 10:56:17,947] {processor.py:170} INFO - Processing /usr/local/airflow/dags/email_notify.py took 0.053 seconds
