[2021-09-05 10:21:53,092] {processor.py:162} INFO - Started process (PID=439) to work on /usr/local/airflow/dags/helloworld.py
[2021-09-05 10:21:53,093] {processor.py:613} INFO - Processing file /usr/local/airflow/dags/helloworld.py for tasks to queue
[2021-09-05 10:21:53,093] {logging_mixin.py:109} INFO - [2021-09-05 10:21:53,093] {dagbag.py:496} INFO - Filling up the DagBag from /usr/local/airflow/dags/helloworld.py
[2021-09-05 10:21:53,109] {processor.py:623} INFO - DAG(s) dict_keys(['hello_world']) retrieved from /usr/local/airflow/dags/helloworld.py
[2021-09-05 10:21:53,121] {logging_mixin.py:109} INFO - [2021-09-05 10:21:53,121] {dag.py:1833} INFO - Sync 1 DAGs
[2021-09-05 10:21:53,131] {logging_mixin.py:109} INFO - [2021-09-05 10:21:53,130] {dag.py:2306} INFO - Setting next_dagrun for hello_world to 2021-09-03 17:00:00+00:00
[2021-09-05 10:21:53,136] {processor.py:170} INFO - Processing /usr/local/airflow/dags/helloworld.py took 0.046 seconds
[2021-09-05 10:23:52,958] {processor.py:162} INFO - Started process (PID=173) to work on /usr/local/airflow/dags/helloworld.py
[2021-09-05 10:23:52,959] {processor.py:613} INFO - Processing file /usr/local/airflow/dags/helloworld.py for tasks to queue
[2021-09-05 10:23:52,959] {logging_mixin.py:109} INFO - [2021-09-05 10:23:52,959] {dagbag.py:496} INFO - Filling up the DagBag from /usr/local/airflow/dags/helloworld.py
[2021-09-05 10:23:52,979] {processor.py:623} INFO - DAG(s) dict_keys(['hello_world']) retrieved from /usr/local/airflow/dags/helloworld.py
[2021-09-05 10:23:52,993] {logging_mixin.py:109} INFO - [2021-09-05 10:23:52,993] {dag.py:1833} INFO - Sync 1 DAGs
[2021-09-05 10:23:53,004] {logging_mixin.py:109} INFO - [2021-09-05 10:23:53,004] {dag.py:2306} INFO - Setting next_dagrun for hello_world to 2021-09-03 17:00:00+00:00
[2021-09-05 10:23:53,009] {processor.py:170} INFO - Processing /usr/local/airflow/dags/helloworld.py took 0.053 seconds
[2021-09-05 10:24:23,232] {processor.py:162} INFO - Started process (PID=253) to work on /usr/local/airflow/dags/helloworld.py
[2021-09-05 10:24:23,233] {processor.py:613} INFO - Processing file /usr/local/airflow/dags/helloworld.py for tasks to queue
[2021-09-05 10:24:23,234] {logging_mixin.py:109} INFO - [2021-09-05 10:24:23,234] {dagbag.py:496} INFO - Filling up the DagBag from /usr/local/airflow/dags/helloworld.py
[2021-09-05 10:24:23,261] {processor.py:623} INFO - DAG(s) dict_keys(['hello_world']) retrieved from /usr/local/airflow/dags/helloworld.py
[2021-09-05 10:24:23,280] {logging_mixin.py:109} INFO - [2021-09-05 10:24:23,280] {dag.py:1833} INFO - Sync 1 DAGs
[2021-09-05 10:24:23,294] {logging_mixin.py:109} INFO - [2021-09-05 10:24:23,293] {dag.py:2306} INFO - Setting next_dagrun for hello_world to 2021-09-03 17:00:00+00:00
[2021-09-05 10:24:23,303] {processor.py:170} INFO - Processing /usr/local/airflow/dags/helloworld.py took 0.074 seconds
[2021-09-05 10:24:53,474] {processor.py:162} INFO - Started process (PID=292) to work on /usr/local/airflow/dags/helloworld.py
[2021-09-05 10:24:53,476] {processor.py:613} INFO - Processing file /usr/local/airflow/dags/helloworld.py for tasks to queue
[2021-09-05 10:24:53,477] {logging_mixin.py:109} INFO - [2021-09-05 10:24:53,477] {dagbag.py:496} INFO - Filling up the DagBag from /usr/local/airflow/dags/helloworld.py
[2021-09-05 10:24:53,506] {processor.py:623} INFO - DAG(s) dict_keys(['hello_world']) retrieved from /usr/local/airflow/dags/helloworld.py
[2021-09-05 10:24:53,535] {logging_mixin.py:109} INFO - [2021-09-05 10:24:53,535] {dag.py:1833} INFO - Sync 1 DAGs
[2021-09-05 10:24:53,557] {logging_mixin.py:109} INFO - [2021-09-05 10:24:53,557] {dag.py:2306} INFO - Setting next_dagrun for hello_world to 2021-09-03 17:00:00+00:00
[2021-09-05 10:24:53,566] {processor.py:170} INFO - Processing /usr/local/airflow/dags/helloworld.py took 0.095 seconds
[2021-09-05 10:25:23,760] {processor.py:162} INFO - Started process (PID=325) to work on /usr/local/airflow/dags/helloworld.py
[2021-09-05 10:25:23,762] {processor.py:613} INFO - Processing file /usr/local/airflow/dags/helloworld.py for tasks to queue
[2021-09-05 10:25:23,762] {logging_mixin.py:109} INFO - [2021-09-05 10:25:23,762] {dagbag.py:496} INFO - Filling up the DagBag from /usr/local/airflow/dags/helloworld.py
[2021-09-05 10:25:23,798] {processor.py:623} INFO - DAG(s) dict_keys(['hello_world']) retrieved from /usr/local/airflow/dags/helloworld.py
[2021-09-05 10:25:23,819] {logging_mixin.py:109} INFO - [2021-09-05 10:25:23,819] {dag.py:1833} INFO - Sync 1 DAGs
[2021-09-05 10:25:23,835] {logging_mixin.py:109} INFO - [2021-09-05 10:25:23,835] {dag.py:2306} INFO - Setting next_dagrun for hello_world to 2021-09-03 17:00:00+00:00
[2021-09-05 10:25:23,842] {processor.py:170} INFO - Processing /usr/local/airflow/dags/helloworld.py took 0.085 seconds
[2021-09-05 10:25:54,019] {processor.py:162} INFO - Started process (PID=356) to work on /usr/local/airflow/dags/helloworld.py
[2021-09-05 10:25:54,020] {processor.py:613} INFO - Processing file /usr/local/airflow/dags/helloworld.py for tasks to queue
[2021-09-05 10:25:54,021] {logging_mixin.py:109} INFO - [2021-09-05 10:25:54,020] {dagbag.py:496} INFO - Filling up the DagBag from /usr/local/airflow/dags/helloworld.py
[2021-09-05 10:25:54,044] {processor.py:623} INFO - DAG(s) dict_keys(['hello_world']) retrieved from /usr/local/airflow/dags/helloworld.py
[2021-09-05 10:25:54,067] {logging_mixin.py:109} INFO - [2021-09-05 10:25:54,067] {dag.py:1833} INFO - Sync 1 DAGs
[2021-09-05 10:25:54,079] {logging_mixin.py:109} INFO - [2021-09-05 10:25:54,079] {dag.py:2306} INFO - Setting next_dagrun for hello_world to 2021-09-03 17:00:00+00:00
[2021-09-05 10:25:54,087] {processor.py:170} INFO - Processing /usr/local/airflow/dags/helloworld.py took 0.074 seconds
[2021-09-05 10:26:24,328] {processor.py:162} INFO - Started process (PID=1036) to work on /usr/local/airflow/dags/helloworld.py
[2021-09-05 10:26:24,329] {processor.py:613} INFO - Processing file /usr/local/airflow/dags/helloworld.py for tasks to queue
[2021-09-05 10:26:24,329] {logging_mixin.py:109} INFO - [2021-09-05 10:26:24,329] {dagbag.py:496} INFO - Filling up the DagBag from /usr/local/airflow/dags/helloworld.py
[2021-09-05 10:26:24,344] {processor.py:623} INFO - DAG(s) dict_keys(['hello_world']) retrieved from /usr/local/airflow/dags/helloworld.py
[2021-09-05 10:26:24,358] {logging_mixin.py:109} INFO - [2021-09-05 10:26:24,357] {dag.py:1833} INFO - Sync 1 DAGs
[2021-09-05 10:26:24,368] {logging_mixin.py:109} INFO - [2021-09-05 10:26:24,368] {dag.py:2306} INFO - Setting next_dagrun for hello_world to 2021-09-03 17:00:00+00:00
[2021-09-05 10:26:24,374] {processor.py:170} INFO - Processing /usr/local/airflow/dags/helloworld.py took 0.048 seconds
[2021-09-05 10:29:49,907] {processor.py:162} INFO - Started process (PID=173) to work on /usr/local/airflow/dags/helloworld.py
[2021-09-05 10:29:49,907] {processor.py:613} INFO - Processing file /usr/local/airflow/dags/helloworld.py for tasks to queue
[2021-09-05 10:29:49,908] {logging_mixin.py:109} INFO - [2021-09-05 10:29:49,908] {dagbag.py:496} INFO - Filling up the DagBag from /usr/local/airflow/dags/helloworld.py
[2021-09-05 10:29:49,930] {processor.py:623} INFO - DAG(s) dict_keys(['hello_world']) retrieved from /usr/local/airflow/dags/helloworld.py
[2021-09-05 10:29:49,945] {logging_mixin.py:109} INFO - [2021-09-05 10:29:49,944] {dag.py:1833} INFO - Sync 1 DAGs
[2021-09-05 10:29:49,956] {logging_mixin.py:109} INFO - [2021-09-05 10:29:49,956] {dag.py:2306} INFO - Setting next_dagrun for hello_world to 2021-09-03 17:00:00+00:00
[2021-09-05 10:29:49,963] {processor.py:170} INFO - Processing /usr/local/airflow/dags/helloworld.py took 0.059 seconds
[2021-09-05 10:30:20,157] {processor.py:162} INFO - Started process (PID=252) to work on /usr/local/airflow/dags/helloworld.py
[2021-09-05 10:30:20,158] {processor.py:613} INFO - Processing file /usr/local/airflow/dags/helloworld.py for tasks to queue
[2021-09-05 10:30:20,159] {logging_mixin.py:109} INFO - [2021-09-05 10:30:20,159] {dagbag.py:496} INFO - Filling up the DagBag from /usr/local/airflow/dags/helloworld.py
[2021-09-05 10:30:20,182] {processor.py:623} INFO - DAG(s) dict_keys(['hello_world']) retrieved from /usr/local/airflow/dags/helloworld.py
[2021-09-05 10:30:20,202] {logging_mixin.py:109} INFO - [2021-09-05 10:30:20,202] {dag.py:1833} INFO - Sync 1 DAGs
[2021-09-05 10:30:20,217] {logging_mixin.py:109} INFO - [2021-09-05 10:30:20,217] {dag.py:2306} INFO - Setting next_dagrun for hello_world to 2021-09-03 17:00:00+00:00
[2021-09-05 10:30:20,227] {processor.py:170} INFO - Processing /usr/local/airflow/dags/helloworld.py took 0.073 seconds
[2021-09-05 10:30:50,460] {processor.py:162} INFO - Started process (PID=283) to work on /usr/local/airflow/dags/helloworld.py
[2021-09-05 10:30:50,461] {processor.py:613} INFO - Processing file /usr/local/airflow/dags/helloworld.py for tasks to queue
[2021-09-05 10:30:50,462] {logging_mixin.py:109} INFO - [2021-09-05 10:30:50,462] {dagbag.py:496} INFO - Filling up the DagBag from /usr/local/airflow/dags/helloworld.py
[2021-09-05 10:30:50,484] {processor.py:623} INFO - DAG(s) dict_keys(['hello_world']) retrieved from /usr/local/airflow/dags/helloworld.py
[2021-09-05 10:30:50,502] {logging_mixin.py:109} INFO - [2021-09-05 10:30:50,502] {dag.py:1833} INFO - Sync 1 DAGs
[2021-09-05 10:30:50,516] {logging_mixin.py:109} INFO - [2021-09-05 10:30:50,516] {dag.py:2306} INFO - Setting next_dagrun for hello_world to 2021-09-03 17:00:00+00:00
[2021-09-05 10:30:50,523] {processor.py:170} INFO - Processing /usr/local/airflow/dags/helloworld.py took 0.066 seconds
[2021-09-05 10:31:19,898] {processor.py:162} INFO - Started process (PID=173) to work on /usr/local/airflow/dags/helloworld.py
[2021-09-05 10:31:19,898] {processor.py:613} INFO - Processing file /usr/local/airflow/dags/helloworld.py for tasks to queue
[2021-09-05 10:31:19,899] {logging_mixin.py:109} INFO - [2021-09-05 10:31:19,899] {dagbag.py:496} INFO - Filling up the DagBag from /usr/local/airflow/dags/helloworld.py
[2021-09-05 10:31:19,915] {processor.py:623} INFO - DAG(s) dict_keys(['hello_world']) retrieved from /usr/local/airflow/dags/helloworld.py
[2021-09-05 10:31:19,926] {logging_mixin.py:109} INFO - [2021-09-05 10:31:19,926] {dag.py:1833} INFO - Sync 1 DAGs
[2021-09-05 10:31:19,936] {logging_mixin.py:109} INFO - [2021-09-05 10:31:19,936] {dag.py:2306} INFO - Setting next_dagrun for hello_world to 2021-09-03 17:00:00+00:00
[2021-09-05 10:31:19,941] {processor.py:170} INFO - Processing /usr/local/airflow/dags/helloworld.py took 0.045 seconds
[2021-09-05 10:31:50,140] {processor.py:162} INFO - Started process (PID=252) to work on /usr/local/airflow/dags/helloworld.py
[2021-09-05 10:31:50,141] {processor.py:613} INFO - Processing file /usr/local/airflow/dags/helloworld.py for tasks to queue
[2021-09-05 10:31:50,142] {logging_mixin.py:109} INFO - [2021-09-05 10:31:50,141] {dagbag.py:496} INFO - Filling up the DagBag from /usr/local/airflow/dags/helloworld.py
[2021-09-05 10:31:50,167] {processor.py:623} INFO - DAG(s) dict_keys(['hello_world']) retrieved from /usr/local/airflow/dags/helloworld.py
[2021-09-05 10:31:50,187] {logging_mixin.py:109} INFO - [2021-09-05 10:31:50,187] {dag.py:1833} INFO - Sync 1 DAGs
[2021-09-05 10:31:50,202] {logging_mixin.py:109} INFO - [2021-09-05 10:31:50,202] {dag.py:2306} INFO - Setting next_dagrun for hello_world to 2021-09-03 17:00:00+00:00
[2021-09-05 10:31:50,210] {processor.py:170} INFO - Processing /usr/local/airflow/dags/helloworld.py took 0.073 seconds
[2021-09-05 10:32:20,374] {processor.py:162} INFO - Started process (PID=284) to work on /usr/local/airflow/dags/helloworld.py
[2021-09-05 10:32:20,375] {processor.py:613} INFO - Processing file /usr/local/airflow/dags/helloworld.py for tasks to queue
[2021-09-05 10:32:20,376] {logging_mixin.py:109} INFO - [2021-09-05 10:32:20,376] {dagbag.py:496} INFO - Filling up the DagBag from /usr/local/airflow/dags/helloworld.py
[2021-09-05 10:32:20,401] {processor.py:623} INFO - DAG(s) dict_keys(['hello_world']) retrieved from /usr/local/airflow/dags/helloworld.py
[2021-09-05 10:32:20,421] {logging_mixin.py:109} INFO - [2021-09-05 10:32:20,421] {dag.py:1833} INFO - Sync 1 DAGs
[2021-09-05 10:32:20,436] {logging_mixin.py:109} INFO - [2021-09-05 10:32:20,436] {dag.py:2306} INFO - Setting next_dagrun for hello_world to 2021-09-03 17:00:00+00:00
[2021-09-05 10:32:20,445] {processor.py:170} INFO - Processing /usr/local/airflow/dags/helloworld.py took 0.075 seconds
[2021-09-05 10:32:50,612] {processor.py:162} INFO - Started process (PID=315) to work on /usr/local/airflow/dags/helloworld.py
[2021-09-05 10:32:50,613] {processor.py:613} INFO - Processing file /usr/local/airflow/dags/helloworld.py for tasks to queue
[2021-09-05 10:32:50,614] {logging_mixin.py:109} INFO - [2021-09-05 10:32:50,614] {dagbag.py:496} INFO - Filling up the DagBag from /usr/local/airflow/dags/helloworld.py
[2021-09-05 10:32:50,645] {processor.py:623} INFO - DAG(s) dict_keys(['hello_world']) retrieved from /usr/local/airflow/dags/helloworld.py
[2021-09-05 10:32:50,686] {logging_mixin.py:109} INFO - [2021-09-05 10:32:50,686] {dag.py:1833} INFO - Sync 1 DAGs
[2021-09-05 10:32:50,711] {logging_mixin.py:109} INFO - [2021-09-05 10:32:50,710] {dag.py:2306} INFO - Setting next_dagrun for hello_world to 2021-09-03 17:00:00+00:00
[2021-09-05 10:32:50,724] {processor.py:170} INFO - Processing /usr/local/airflow/dags/helloworld.py took 0.116 seconds
[2021-09-05 10:33:20,937] {processor.py:162} INFO - Started process (PID=347) to work on /usr/local/airflow/dags/helloworld.py
[2021-09-05 10:33:20,939] {processor.py:613} INFO - Processing file /usr/local/airflow/dags/helloworld.py for tasks to queue
[2021-09-05 10:33:20,939] {logging_mixin.py:109} INFO - [2021-09-05 10:33:20,939] {dagbag.py:496} INFO - Filling up the DagBag from /usr/local/airflow/dags/helloworld.py
[2021-09-05 10:33:20,960] {processor.py:623} INFO - DAG(s) dict_keys(['hello_world']) retrieved from /usr/local/airflow/dags/helloworld.py
[2021-09-05 10:33:20,980] {logging_mixin.py:109} INFO - [2021-09-05 10:33:20,980] {dag.py:1833} INFO - Sync 1 DAGs
[2021-09-05 10:33:20,996] {logging_mixin.py:109} INFO - [2021-09-05 10:33:20,996] {dag.py:2306} INFO - Setting next_dagrun for hello_world to 2021-09-03 17:00:00+00:00
[2021-09-05 10:33:21,010] {processor.py:170} INFO - Processing /usr/local/airflow/dags/helloworld.py took 0.076 seconds
[2021-09-05 10:33:51,233] {processor.py:162} INFO - Started process (PID=378) to work on /usr/local/airflow/dags/helloworld.py
[2021-09-05 10:33:51,235] {processor.py:613} INFO - Processing file /usr/local/airflow/dags/helloworld.py for tasks to queue
[2021-09-05 10:33:51,236] {logging_mixin.py:109} INFO - [2021-09-05 10:33:51,235] {dagbag.py:496} INFO - Filling up the DagBag from /usr/local/airflow/dags/helloworld.py
[2021-09-05 10:33:51,260] {processor.py:623} INFO - DAG(s) dict_keys(['hello_world']) retrieved from /usr/local/airflow/dags/helloworld.py
[2021-09-05 10:33:51,281] {logging_mixin.py:109} INFO - [2021-09-05 10:33:51,281] {dag.py:1833} INFO - Sync 1 DAGs
[2021-09-05 10:33:51,296] {logging_mixin.py:109} INFO - [2021-09-05 10:33:51,296] {dag.py:2306} INFO - Setting next_dagrun for hello_world to 2021-09-03 17:00:00+00:00
[2021-09-05 10:33:51,304] {processor.py:170} INFO - Processing /usr/local/airflow/dags/helloworld.py took 0.074 seconds
[2021-09-05 10:34:10,300] {processor.py:162} INFO - Started process (PID=173) to work on /usr/local/airflow/dags/helloworld.py
[2021-09-05 10:34:10,301] {processor.py:613} INFO - Processing file /usr/local/airflow/dags/helloworld.py for tasks to queue
[2021-09-05 10:34:10,301] {logging_mixin.py:109} INFO - [2021-09-05 10:34:10,301] {dagbag.py:496} INFO - Filling up the DagBag from /usr/local/airflow/dags/helloworld.py
[2021-09-05 10:34:10,319] {processor.py:623} INFO - DAG(s) dict_keys(['hello_world']) retrieved from /usr/local/airflow/dags/helloworld.py
[2021-09-05 10:34:10,333] {logging_mixin.py:109} INFO - [2021-09-05 10:34:10,333] {dag.py:1833} INFO - Sync 1 DAGs
[2021-09-05 10:34:10,343] {logging_mixin.py:109} INFO - [2021-09-05 10:34:10,343] {dag.py:2306} INFO - Setting next_dagrun for hello_world to 2021-09-03 17:00:00+00:00
[2021-09-05 10:34:10,349] {processor.py:170} INFO - Processing /usr/local/airflow/dags/helloworld.py took 0.051 seconds
[2021-09-05 10:34:40,543] {processor.py:162} INFO - Started process (PID=252) to work on /usr/local/airflow/dags/helloworld.py
[2021-09-05 10:34:40,544] {processor.py:613} INFO - Processing file /usr/local/airflow/dags/helloworld.py for tasks to queue
[2021-09-05 10:34:40,545] {logging_mixin.py:109} INFO - [2021-09-05 10:34:40,545] {dagbag.py:496} INFO - Filling up the DagBag from /usr/local/airflow/dags/helloworld.py
[2021-09-05 10:34:40,566] {processor.py:623} INFO - DAG(s) dict_keys(['hello_world']) retrieved from /usr/local/airflow/dags/helloworld.py
[2021-09-05 10:34:40,584] {logging_mixin.py:109} INFO - [2021-09-05 10:34:40,584] {dag.py:1833} INFO - Sync 1 DAGs
[2021-09-05 10:34:40,599] {logging_mixin.py:109} INFO - [2021-09-05 10:34:40,599] {dag.py:2306} INFO - Setting next_dagrun for hello_world to 2021-09-03 17:00:00+00:00
[2021-09-05 10:34:40,608] {processor.py:170} INFO - Processing /usr/local/airflow/dags/helloworld.py took 0.068 seconds
[2021-09-05 10:35:10,776] {processor.py:162} INFO - Started process (PID=283) to work on /usr/local/airflow/dags/helloworld.py
[2021-09-05 10:35:10,777] {processor.py:613} INFO - Processing file /usr/local/airflow/dags/helloworld.py for tasks to queue
[2021-09-05 10:35:10,777] {logging_mixin.py:109} INFO - [2021-09-05 10:35:10,777] {dagbag.py:496} INFO - Filling up the DagBag from /usr/local/airflow/dags/helloworld.py
[2021-09-05 10:35:10,805] {processor.py:623} INFO - DAG(s) dict_keys(['hello_world']) retrieved from /usr/local/airflow/dags/helloworld.py
[2021-09-05 10:35:10,826] {logging_mixin.py:109} INFO - [2021-09-05 10:35:10,826] {dag.py:1833} INFO - Sync 1 DAGs
[2021-09-05 10:35:10,842] {logging_mixin.py:109} INFO - [2021-09-05 10:35:10,842] {dag.py:2306} INFO - Setting next_dagrun for hello_world to 2021-09-03 17:00:00+00:00
[2021-09-05 10:35:10,850] {processor.py:170} INFO - Processing /usr/local/airflow/dags/helloworld.py took 0.078 seconds
[2021-09-05 10:35:41,017] {processor.py:162} INFO - Started process (PID=314) to work on /usr/local/airflow/dags/helloworld.py
[2021-09-05 10:35:41,018] {processor.py:613} INFO - Processing file /usr/local/airflow/dags/helloworld.py for tasks to queue
[2021-09-05 10:35:41,018] {logging_mixin.py:109} INFO - [2021-09-05 10:35:41,018] {dagbag.py:496} INFO - Filling up the DagBag from /usr/local/airflow/dags/helloworld.py
[2021-09-05 10:35:41,044] {processor.py:623} INFO - DAG(s) dict_keys(['hello_world']) retrieved from /usr/local/airflow/dags/helloworld.py
[2021-09-05 10:35:41,064] {logging_mixin.py:109} INFO - [2021-09-05 10:35:41,064] {dag.py:1833} INFO - Sync 1 DAGs
[2021-09-05 10:35:41,080] {logging_mixin.py:109} INFO - [2021-09-05 10:35:41,079] {dag.py:2306} INFO - Setting next_dagrun for hello_world to 2021-09-03 17:00:00+00:00
[2021-09-05 10:35:41,088] {processor.py:170} INFO - Processing /usr/local/airflow/dags/helloworld.py took 0.075 seconds
[2021-09-05 10:36:11,266] {processor.py:162} INFO - Started process (PID=345) to work on /usr/local/airflow/dags/helloworld.py
[2021-09-05 10:36:11,267] {processor.py:613} INFO - Processing file /usr/local/airflow/dags/helloworld.py for tasks to queue
[2021-09-05 10:36:11,268] {logging_mixin.py:109} INFO - [2021-09-05 10:36:11,267] {dagbag.py:496} INFO - Filling up the DagBag from /usr/local/airflow/dags/helloworld.py
[2021-09-05 10:36:11,292] {processor.py:623} INFO - DAG(s) dict_keys(['hello_world']) retrieved from /usr/local/airflow/dags/helloworld.py
[2021-09-05 10:36:11,313] {logging_mixin.py:109} INFO - [2021-09-05 10:36:11,312] {dag.py:1833} INFO - Sync 1 DAGs
[2021-09-05 10:36:11,328] {logging_mixin.py:109} INFO - [2021-09-05 10:36:11,328] {dag.py:2306} INFO - Setting next_dagrun for hello_world to 2021-09-03 17:00:00+00:00
[2021-09-05 10:36:11,337] {processor.py:170} INFO - Processing /usr/local/airflow/dags/helloworld.py took 0.075 seconds
[2021-09-05 10:36:41,586] {processor.py:162} INFO - Started process (PID=376) to work on /usr/local/airflow/dags/helloworld.py
[2021-09-05 10:36:41,588] {processor.py:613} INFO - Processing file /usr/local/airflow/dags/helloworld.py for tasks to queue
[2021-09-05 10:36:41,588] {logging_mixin.py:109} INFO - [2021-09-05 10:36:41,588] {dagbag.py:496} INFO - Filling up the DagBag from /usr/local/airflow/dags/helloworld.py
[2021-09-05 10:36:41,612] {processor.py:623} INFO - DAG(s) dict_keys(['hello_world']) retrieved from /usr/local/airflow/dags/helloworld.py
[2021-09-05 10:36:41,632] {logging_mixin.py:109} INFO - [2021-09-05 10:36:41,632] {dag.py:1833} INFO - Sync 1 DAGs
[2021-09-05 10:36:41,647] {logging_mixin.py:109} INFO - [2021-09-05 10:36:41,647] {dag.py:2306} INFO - Setting next_dagrun for hello_world to 2021-09-03 17:00:00+00:00
[2021-09-05 10:36:41,661] {processor.py:170} INFO - Processing /usr/local/airflow/dags/helloworld.py took 0.079 seconds
[2021-09-05 10:37:11,906] {processor.py:162} INFO - Started process (PID=408) to work on /usr/local/airflow/dags/helloworld.py
[2021-09-05 10:37:11,907] {processor.py:613} INFO - Processing file /usr/local/airflow/dags/helloworld.py for tasks to queue
[2021-09-05 10:37:11,907] {logging_mixin.py:109} INFO - [2021-09-05 10:37:11,907] {dagbag.py:496} INFO - Filling up the DagBag from /usr/local/airflow/dags/helloworld.py
[2021-09-05 10:37:11,933] {processor.py:623} INFO - DAG(s) dict_keys(['hello_world']) retrieved from /usr/local/airflow/dags/helloworld.py
[2021-09-05 10:37:11,954] {logging_mixin.py:109} INFO - [2021-09-05 10:37:11,953] {dag.py:1833} INFO - Sync 1 DAGs
[2021-09-05 10:37:11,970] {logging_mixin.py:109} INFO - [2021-09-05 10:37:11,970] {dag.py:2306} INFO - Setting next_dagrun for hello_world to 2021-09-03 17:00:00+00:00
[2021-09-05 10:37:11,978] {processor.py:170} INFO - Processing /usr/local/airflow/dags/helloworld.py took 0.076 seconds
[2021-09-05 10:37:42,214] {processor.py:162} INFO - Started process (PID=439) to work on /usr/local/airflow/dags/helloworld.py
[2021-09-05 10:37:42,215] {processor.py:613} INFO - Processing file /usr/local/airflow/dags/helloworld.py for tasks to queue
[2021-09-05 10:37:42,215] {logging_mixin.py:109} INFO - [2021-09-05 10:37:42,215] {dagbag.py:496} INFO - Filling up the DagBag from /usr/local/airflow/dags/helloworld.py
[2021-09-05 10:37:42,240] {processor.py:623} INFO - DAG(s) dict_keys(['hello_world']) retrieved from /usr/local/airflow/dags/helloworld.py
[2021-09-05 10:37:42,260] {logging_mixin.py:109} INFO - [2021-09-05 10:37:42,260] {dag.py:1833} INFO - Sync 1 DAGs
[2021-09-05 10:37:42,275] {logging_mixin.py:109} INFO - [2021-09-05 10:37:42,274] {dag.py:2306} INFO - Setting next_dagrun for hello_world to 2021-09-03 17:00:00+00:00
[2021-09-05 10:37:42,283] {processor.py:170} INFO - Processing /usr/local/airflow/dags/helloworld.py took 0.073 seconds
[2021-09-05 10:38:12,460] {processor.py:162} INFO - Started process (PID=470) to work on /usr/local/airflow/dags/helloworld.py
[2021-09-05 10:38:12,461] {processor.py:613} INFO - Processing file /usr/local/airflow/dags/helloworld.py for tasks to queue
[2021-09-05 10:38:12,462] {logging_mixin.py:109} INFO - [2021-09-05 10:38:12,462] {dagbag.py:496} INFO - Filling up the DagBag from /usr/local/airflow/dags/helloworld.py
[2021-09-05 10:38:12,493] {processor.py:623} INFO - DAG(s) dict_keys(['hello_world']) retrieved from /usr/local/airflow/dags/helloworld.py
[2021-09-05 10:38:12,519] {logging_mixin.py:109} INFO - [2021-09-05 10:38:12,518] {dag.py:1833} INFO - Sync 1 DAGs
[2021-09-05 10:38:12,538] {logging_mixin.py:109} INFO - [2021-09-05 10:38:12,538] {dag.py:2306} INFO - Setting next_dagrun for hello_world to 2021-09-03 17:00:00+00:00
[2021-09-05 10:38:12,549] {processor.py:170} INFO - Processing /usr/local/airflow/dags/helloworld.py took 0.094 seconds
[2021-09-05 10:38:36,832] {processor.py:162} INFO - Started process (PID=173) to work on /usr/local/airflow/dags/helloworld.py
[2021-09-05 10:38:36,832] {processor.py:613} INFO - Processing file /usr/local/airflow/dags/helloworld.py for tasks to queue
[2021-09-05 10:38:36,833] {logging_mixin.py:109} INFO - [2021-09-05 10:38:36,833] {dagbag.py:496} INFO - Filling up the DagBag from /usr/local/airflow/dags/helloworld.py
[2021-09-05 10:38:36,850] {processor.py:623} INFO - DAG(s) dict_keys(['hello_world']) retrieved from /usr/local/airflow/dags/helloworld.py
[2021-09-05 10:38:36,863] {logging_mixin.py:109} INFO - [2021-09-05 10:38:36,863] {dag.py:1833} INFO - Sync 1 DAGs
[2021-09-05 10:38:36,873] {logging_mixin.py:109} INFO - [2021-09-05 10:38:36,873] {dag.py:2306} INFO - Setting next_dagrun for hello_world to 2021-09-03 17:00:00+00:00
[2021-09-05 10:38:36,878] {processor.py:170} INFO - Processing /usr/local/airflow/dags/helloworld.py took 0.049 seconds
[2021-09-05 10:39:07,074] {processor.py:162} INFO - Started process (PID=252) to work on /usr/local/airflow/dags/helloworld.py
[2021-09-05 10:39:07,075] {processor.py:613} INFO - Processing file /usr/local/airflow/dags/helloworld.py for tasks to queue
[2021-09-05 10:39:07,076] {logging_mixin.py:109} INFO - [2021-09-05 10:39:07,076] {dagbag.py:496} INFO - Filling up the DagBag from /usr/local/airflow/dags/helloworld.py
[2021-09-05 10:39:07,100] {processor.py:623} INFO - DAG(s) dict_keys(['hello_world']) retrieved from /usr/local/airflow/dags/helloworld.py
[2021-09-05 10:39:07,119] {logging_mixin.py:109} INFO - [2021-09-05 10:39:07,118] {dag.py:1833} INFO - Sync 1 DAGs
[2021-09-05 10:39:07,130] {logging_mixin.py:109} INFO - [2021-09-05 10:39:07,130] {dag.py:2306} INFO - Setting next_dagrun for hello_world to 2021-09-03 17:00:00+00:00
[2021-09-05 10:39:07,136] {processor.py:170} INFO - Processing /usr/local/airflow/dags/helloworld.py took 0.066 seconds
[2021-09-05 10:39:37,308] {processor.py:162} INFO - Started process (PID=283) to work on /usr/local/airflow/dags/helloworld.py
[2021-09-05 10:39:37,309] {processor.py:613} INFO - Processing file /usr/local/airflow/dags/helloworld.py for tasks to queue
[2021-09-05 10:39:37,310] {logging_mixin.py:109} INFO - [2021-09-05 10:39:37,310] {dagbag.py:496} INFO - Filling up the DagBag from /usr/local/airflow/dags/helloworld.py
[2021-09-05 10:39:37,340] {processor.py:623} INFO - DAG(s) dict_keys(['hello_world']) retrieved from /usr/local/airflow/dags/helloworld.py
[2021-09-05 10:39:37,361] {logging_mixin.py:109} INFO - [2021-09-05 10:39:37,361] {dag.py:1833} INFO - Sync 1 DAGs
[2021-09-05 10:39:37,379] {logging_mixin.py:109} INFO - [2021-09-05 10:39:37,379] {dag.py:2306} INFO - Setting next_dagrun for hello_world to 2021-09-03 17:00:00+00:00
[2021-09-05 10:39:37,388] {processor.py:170} INFO - Processing /usr/local/airflow/dags/helloworld.py took 0.084 seconds
[2021-09-05 10:40:07,555] {processor.py:162} INFO - Started process (PID=314) to work on /usr/local/airflow/dags/helloworld.py
[2021-09-05 10:40:07,557] {processor.py:613} INFO - Processing file /usr/local/airflow/dags/helloworld.py for tasks to queue
[2021-09-05 10:40:07,557] {logging_mixin.py:109} INFO - [2021-09-05 10:40:07,557] {dagbag.py:496} INFO - Filling up the DagBag from /usr/local/airflow/dags/helloworld.py
[2021-09-05 10:40:07,581] {processor.py:623} INFO - DAG(s) dict_keys(['hello_world']) retrieved from /usr/local/airflow/dags/helloworld.py
[2021-09-05 10:40:07,604] {logging_mixin.py:109} INFO - [2021-09-05 10:40:07,604] {dag.py:1833} INFO - Sync 1 DAGs
[2021-09-05 10:40:07,621] {logging_mixin.py:109} INFO - [2021-09-05 10:40:07,620] {dag.py:2306} INFO - Setting next_dagrun for hello_world to 2021-09-03 17:00:00+00:00
[2021-09-05 10:40:07,628] {processor.py:170} INFO - Processing /usr/local/airflow/dags/helloworld.py took 0.076 seconds
[2021-09-05 10:40:37,801] {processor.py:162} INFO - Started process (PID=345) to work on /usr/local/airflow/dags/helloworld.py
[2021-09-05 10:40:37,802] {processor.py:613} INFO - Processing file /usr/local/airflow/dags/helloworld.py for tasks to queue
[2021-09-05 10:40:37,803] {logging_mixin.py:109} INFO - [2021-09-05 10:40:37,803] {dagbag.py:496} INFO - Filling up the DagBag from /usr/local/airflow/dags/helloworld.py
[2021-09-05 10:40:37,827] {processor.py:623} INFO - DAG(s) dict_keys(['hello_world']) retrieved from /usr/local/airflow/dags/helloworld.py
[2021-09-05 10:40:37,847] {logging_mixin.py:109} INFO - [2021-09-05 10:40:37,847] {dag.py:1833} INFO - Sync 1 DAGs
[2021-09-05 10:40:37,862] {logging_mixin.py:109} INFO - [2021-09-05 10:40:37,862] {dag.py:2306} INFO - Setting next_dagrun for hello_world to 2021-09-03 17:00:00+00:00
[2021-09-05 10:40:37,870] {processor.py:170} INFO - Processing /usr/local/airflow/dags/helloworld.py took 0.073 seconds
[2021-09-05 10:41:08,110] {processor.py:162} INFO - Started process (PID=376) to work on /usr/local/airflow/dags/helloworld.py
[2021-09-05 10:41:08,112] {processor.py:613} INFO - Processing file /usr/local/airflow/dags/helloworld.py for tasks to queue
[2021-09-05 10:41:08,113] {logging_mixin.py:109} INFO - [2021-09-05 10:41:08,113] {dagbag.py:496} INFO - Filling up the DagBag from /usr/local/airflow/dags/helloworld.py
[2021-09-05 10:41:08,137] {processor.py:623} INFO - DAG(s) dict_keys(['hello_world']) retrieved from /usr/local/airflow/dags/helloworld.py
[2021-09-05 10:41:08,156] {logging_mixin.py:109} INFO - [2021-09-05 10:41:08,156] {dag.py:1833} INFO - Sync 1 DAGs
[2021-09-05 10:41:08,171] {logging_mixin.py:109} INFO - [2021-09-05 10:41:08,171] {dag.py:2306} INFO - Setting next_dagrun for hello_world to 2021-09-03 17:00:00+00:00
[2021-09-05 10:41:08,179] {processor.py:170} INFO - Processing /usr/local/airflow/dags/helloworld.py took 0.072 seconds
[2021-09-05 10:41:38,404] {processor.py:162} INFO - Started process (PID=407) to work on /usr/local/airflow/dags/helloworld.py
[2021-09-05 10:41:38,405] {processor.py:613} INFO - Processing file /usr/local/airflow/dags/helloworld.py for tasks to queue
[2021-09-05 10:41:38,406] {logging_mixin.py:109} INFO - [2021-09-05 10:41:38,406] {dagbag.py:496} INFO - Filling up the DagBag from /usr/local/airflow/dags/helloworld.py
[2021-09-05 10:41:38,431] {processor.py:623} INFO - DAG(s) dict_keys(['hello_world']) retrieved from /usr/local/airflow/dags/helloworld.py
[2021-09-05 10:41:38,452] {logging_mixin.py:109} INFO - [2021-09-05 10:41:38,452] {dag.py:1833} INFO - Sync 1 DAGs
[2021-09-05 10:41:38,469] {logging_mixin.py:109} INFO - [2021-09-05 10:41:38,469] {dag.py:2306} INFO - Setting next_dagrun for hello_world to 2021-09-03 17:00:00+00:00
[2021-09-05 10:41:38,475] {processor.py:170} INFO - Processing /usr/local/airflow/dags/helloworld.py took 0.076 seconds
[2021-09-05 10:42:08,634] {processor.py:162} INFO - Started process (PID=438) to work on /usr/local/airflow/dags/helloworld.py
[2021-09-05 10:42:08,636] {processor.py:613} INFO - Processing file /usr/local/airflow/dags/helloworld.py for tasks to queue
[2021-09-05 10:42:08,636] {logging_mixin.py:109} INFO - [2021-09-05 10:42:08,636] {dagbag.py:496} INFO - Filling up the DagBag from /usr/local/airflow/dags/helloworld.py
[2021-09-05 10:42:08,672] {processor.py:623} INFO - DAG(s) dict_keys(['hello_world']) retrieved from /usr/local/airflow/dags/helloworld.py
[2021-09-05 10:42:08,699] {logging_mixin.py:109} INFO - [2021-09-05 10:42:08,698] {dag.py:1833} INFO - Sync 1 DAGs
[2021-09-05 10:42:08,717] {logging_mixin.py:109} INFO - [2021-09-05 10:42:08,717] {dag.py:2306} INFO - Setting next_dagrun for hello_world to 2021-09-03 17:00:00+00:00
[2021-09-05 10:42:08,726] {processor.py:170} INFO - Processing /usr/local/airflow/dags/helloworld.py took 0.096 seconds
[2021-09-05 10:42:38,951] {processor.py:162} INFO - Started process (PID=469) to work on /usr/local/airflow/dags/helloworld.py
[2021-09-05 10:42:38,952] {processor.py:613} INFO - Processing file /usr/local/airflow/dags/helloworld.py for tasks to queue
[2021-09-05 10:42:38,952] {logging_mixin.py:109} INFO - [2021-09-05 10:42:38,952] {dagbag.py:496} INFO - Filling up the DagBag from /usr/local/airflow/dags/helloworld.py
[2021-09-05 10:42:38,977] {processor.py:623} INFO - DAG(s) dict_keys(['hello_world']) retrieved from /usr/local/airflow/dags/helloworld.py
[2021-09-05 10:42:38,997] {logging_mixin.py:109} INFO - [2021-09-05 10:42:38,997] {dag.py:1833} INFO - Sync 1 DAGs
[2021-09-05 10:42:39,012] {logging_mixin.py:109} INFO - [2021-09-05 10:42:39,012] {dag.py:2306} INFO - Setting next_dagrun for hello_world to 2021-09-03 17:00:00+00:00
[2021-09-05 10:42:39,020] {processor.py:170} INFO - Processing /usr/local/airflow/dags/helloworld.py took 0.073 seconds
[2021-09-05 10:43:09,186] {processor.py:162} INFO - Started process (PID=500) to work on /usr/local/airflow/dags/helloworld.py
[2021-09-05 10:43:09,187] {processor.py:613} INFO - Processing file /usr/local/airflow/dags/helloworld.py for tasks to queue
[2021-09-05 10:43:09,188] {logging_mixin.py:109} INFO - [2021-09-05 10:43:09,188] {dagbag.py:496} INFO - Filling up the DagBag from /usr/local/airflow/dags/helloworld.py
[2021-09-05 10:43:09,211] {processor.py:623} INFO - DAG(s) dict_keys(['hello_world']) retrieved from /usr/local/airflow/dags/helloworld.py
[2021-09-05 10:43:09,229] {logging_mixin.py:109} INFO - [2021-09-05 10:43:09,228] {dag.py:1833} INFO - Sync 1 DAGs
[2021-09-05 10:43:09,241] {logging_mixin.py:109} INFO - [2021-09-05 10:43:09,241] {dag.py:2306} INFO - Setting next_dagrun for hello_world to 2021-09-03 17:00:00+00:00
[2021-09-05 10:43:09,250] {processor.py:170} INFO - Processing /usr/local/airflow/dags/helloworld.py took 0.066 seconds
[2021-09-05 10:43:39,427] {processor.py:162} INFO - Started process (PID=531) to work on /usr/local/airflow/dags/helloworld.py
[2021-09-05 10:43:39,427] {processor.py:613} INFO - Processing file /usr/local/airflow/dags/helloworld.py for tasks to queue
[2021-09-05 10:43:39,428] {logging_mixin.py:109} INFO - [2021-09-05 10:43:39,428] {dagbag.py:496} INFO - Filling up the DagBag from /usr/local/airflow/dags/helloworld.py
[2021-09-05 10:43:39,450] {processor.py:623} INFO - DAG(s) dict_keys(['hello_world']) retrieved from /usr/local/airflow/dags/helloworld.py
[2021-09-05 10:43:39,469] {logging_mixin.py:109} INFO - [2021-09-05 10:43:39,468] {dag.py:1833} INFO - Sync 1 DAGs
[2021-09-05 10:43:39,483] {logging_mixin.py:109} INFO - [2021-09-05 10:43:39,482] {dag.py:2306} INFO - Setting next_dagrun for hello_world to 2021-09-03 17:00:00+00:00
[2021-09-05 10:43:39,491] {processor.py:170} INFO - Processing /usr/local/airflow/dags/helloworld.py took 0.067 seconds
[2021-09-05 10:44:09,726] {processor.py:162} INFO - Started process (PID=562) to work on /usr/local/airflow/dags/helloworld.py
[2021-09-05 10:44:09,728] {processor.py:613} INFO - Processing file /usr/local/airflow/dags/helloworld.py for tasks to queue
[2021-09-05 10:44:09,729] {logging_mixin.py:109} INFO - [2021-09-05 10:44:09,728] {dagbag.py:496} INFO - Filling up the DagBag from /usr/local/airflow/dags/helloworld.py
[2021-09-05 10:44:09,758] {processor.py:623} INFO - DAG(s) dict_keys(['hello_world']) retrieved from /usr/local/airflow/dags/helloworld.py
[2021-09-05 10:44:09,779] {logging_mixin.py:109} INFO - [2021-09-05 10:44:09,779] {dag.py:1833} INFO - Sync 1 DAGs
[2021-09-05 10:44:09,796] {logging_mixin.py:109} INFO - [2021-09-05 10:44:09,796] {dag.py:2306} INFO - Setting next_dagrun for hello_world to 2021-09-03 17:00:00+00:00
[2021-09-05 10:44:09,804] {processor.py:170} INFO - Processing /usr/local/airflow/dags/helloworld.py took 0.081 seconds
[2021-09-05 10:44:39,984] {processor.py:162} INFO - Started process (PID=593) to work on /usr/local/airflow/dags/helloworld.py
[2021-09-05 10:44:39,985] {processor.py:613} INFO - Processing file /usr/local/airflow/dags/helloworld.py for tasks to queue
[2021-09-05 10:44:39,986] {logging_mixin.py:109} INFO - [2021-09-05 10:44:39,986] {dagbag.py:496} INFO - Filling up the DagBag from /usr/local/airflow/dags/helloworld.py
[2021-09-05 10:44:40,009] {processor.py:623} INFO - DAG(s) dict_keys(['hello_world']) retrieved from /usr/local/airflow/dags/helloworld.py
[2021-09-05 10:44:40,029] {logging_mixin.py:109} INFO - [2021-09-05 10:44:40,028] {dag.py:1833} INFO - Sync 1 DAGs
[2021-09-05 10:44:40,043] {logging_mixin.py:109} INFO - [2021-09-05 10:44:40,043] {dag.py:2306} INFO - Setting next_dagrun for hello_world to 2021-09-03 17:00:00+00:00
[2021-09-05 10:44:40,051] {processor.py:170} INFO - Processing /usr/local/airflow/dags/helloworld.py took 0.070 seconds
[2021-09-05 10:45:10,216] {processor.py:162} INFO - Started process (PID=625) to work on /usr/local/airflow/dags/helloworld.py
[2021-09-05 10:45:10,217] {processor.py:613} INFO - Processing file /usr/local/airflow/dags/helloworld.py for tasks to queue
[2021-09-05 10:45:10,218] {logging_mixin.py:109} INFO - [2021-09-05 10:45:10,218] {dagbag.py:496} INFO - Filling up the DagBag from /usr/local/airflow/dags/helloworld.py
[2021-09-05 10:45:10,254] {processor.py:623} INFO - DAG(s) dict_keys(['hello_world']) retrieved from /usr/local/airflow/dags/helloworld.py
[2021-09-05 10:45:10,276] {logging_mixin.py:109} INFO - [2021-09-05 10:45:10,276] {dag.py:1833} INFO - Sync 1 DAGs
[2021-09-05 10:45:10,290] {logging_mixin.py:109} INFO - [2021-09-05 10:45:10,290] {dag.py:2306} INFO - Setting next_dagrun for hello_world to 2021-09-03 17:00:00+00:00
[2021-09-05 10:45:10,302] {processor.py:170} INFO - Processing /usr/local/airflow/dags/helloworld.py took 0.089 seconds
[2021-09-05 10:45:40,518] {processor.py:162} INFO - Started process (PID=656) to work on /usr/local/airflow/dags/helloworld.py
[2021-09-05 10:45:40,519] {processor.py:613} INFO - Processing file /usr/local/airflow/dags/helloworld.py for tasks to queue
[2021-09-05 10:45:40,519] {logging_mixin.py:109} INFO - [2021-09-05 10:45:40,519] {dagbag.py:496} INFO - Filling up the DagBag from /usr/local/airflow/dags/helloworld.py
[2021-09-05 10:45:40,546] {processor.py:623} INFO - DAG(s) dict_keys(['hello_world']) retrieved from /usr/local/airflow/dags/helloworld.py
[2021-09-05 10:45:40,571] {logging_mixin.py:109} INFO - [2021-09-05 10:45:40,571] {dag.py:1833} INFO - Sync 1 DAGs
[2021-09-05 10:45:40,587] {logging_mixin.py:109} INFO - [2021-09-05 10:45:40,587] {dag.py:2306} INFO - Setting next_dagrun for hello_world to 2021-09-03 17:00:00+00:00
[2021-09-05 10:45:40,594] {processor.py:170} INFO - Processing /usr/local/airflow/dags/helloworld.py took 0.079 seconds
[2021-09-05 10:46:10,784] {processor.py:162} INFO - Started process (PID=688) to work on /usr/local/airflow/dags/helloworld.py
[2021-09-05 10:46:10,785] {processor.py:613} INFO - Processing file /usr/local/airflow/dags/helloworld.py for tasks to queue
[2021-09-05 10:46:10,786] {logging_mixin.py:109} INFO - [2021-09-05 10:46:10,786] {dagbag.py:496} INFO - Filling up the DagBag from /usr/local/airflow/dags/helloworld.py
[2021-09-05 10:46:10,809] {processor.py:623} INFO - DAG(s) dict_keys(['hello_world']) retrieved from /usr/local/airflow/dags/helloworld.py
[2021-09-05 10:46:10,829] {logging_mixin.py:109} INFO - [2021-09-05 10:46:10,829] {dag.py:1833} INFO - Sync 1 DAGs
[2021-09-05 10:46:10,843] {logging_mixin.py:109} INFO - [2021-09-05 10:46:10,843] {dag.py:2306} INFO - Setting next_dagrun for hello_world to 2021-09-03 17:00:00+00:00
[2021-09-05 10:46:10,851] {processor.py:170} INFO - Processing /usr/local/airflow/dags/helloworld.py took 0.071 seconds
[2021-09-05 10:46:41,031] {processor.py:162} INFO - Started process (PID=720) to work on /usr/local/airflow/dags/helloworld.py
[2021-09-05 10:46:41,033] {processor.py:613} INFO - Processing file /usr/local/airflow/dags/helloworld.py for tasks to queue
[2021-09-05 10:46:41,034] {logging_mixin.py:109} INFO - [2021-09-05 10:46:41,033] {dagbag.py:496} INFO - Filling up the DagBag from /usr/local/airflow/dags/helloworld.py
[2021-09-05 10:46:41,064] {processor.py:623} INFO - DAG(s) dict_keys(['hello_world']) retrieved from /usr/local/airflow/dags/helloworld.py
[2021-09-05 10:46:41,089] {logging_mixin.py:109} INFO - [2021-09-05 10:46:41,088] {dag.py:1833} INFO - Sync 1 DAGs
[2021-09-05 10:46:41,108] {logging_mixin.py:109} INFO - [2021-09-05 10:46:41,108] {dag.py:2306} INFO - Setting next_dagrun for hello_world to 2021-09-03 17:00:00+00:00
[2021-09-05 10:46:41,118] {processor.py:170} INFO - Processing /usr/local/airflow/dags/helloworld.py took 0.091 seconds
[2021-09-05 10:47:11,287] {processor.py:162} INFO - Started process (PID=751) to work on /usr/local/airflow/dags/helloworld.py
[2021-09-05 10:47:11,289] {processor.py:613} INFO - Processing file /usr/local/airflow/dags/helloworld.py for tasks to queue
[2021-09-05 10:47:11,289] {logging_mixin.py:109} INFO - [2021-09-05 10:47:11,289] {dagbag.py:496} INFO - Filling up the DagBag from /usr/local/airflow/dags/helloworld.py
[2021-09-05 10:47:11,314] {processor.py:623} INFO - DAG(s) dict_keys(['hello_world']) retrieved from /usr/local/airflow/dags/helloworld.py
[2021-09-05 10:47:11,334] {logging_mixin.py:109} INFO - [2021-09-05 10:47:11,333] {dag.py:1833} INFO - Sync 1 DAGs
[2021-09-05 10:47:11,349] {logging_mixin.py:109} INFO - [2021-09-05 10:47:11,349] {dag.py:2306} INFO - Setting next_dagrun for hello_world to 2021-09-03 17:00:00+00:00
[2021-09-05 10:47:11,357] {processor.py:170} INFO - Processing /usr/local/airflow/dags/helloworld.py took 0.073 seconds
[2021-09-05 10:47:41,589] {processor.py:162} INFO - Started process (PID=782) to work on /usr/local/airflow/dags/helloworld.py
[2021-09-05 10:47:41,590] {processor.py:613} INFO - Processing file /usr/local/airflow/dags/helloworld.py for tasks to queue
[2021-09-05 10:47:41,591] {logging_mixin.py:109} INFO - [2021-09-05 10:47:41,591] {dagbag.py:496} INFO - Filling up the DagBag from /usr/local/airflow/dags/helloworld.py
[2021-09-05 10:47:41,615] {processor.py:623} INFO - DAG(s) dict_keys(['hello_world']) retrieved from /usr/local/airflow/dags/helloworld.py
[2021-09-05 10:47:41,638] {logging_mixin.py:109} INFO - [2021-09-05 10:47:41,638] {dag.py:1833} INFO - Sync 1 DAGs
[2021-09-05 10:47:41,652] {logging_mixin.py:109} INFO - [2021-09-05 10:47:41,652] {dag.py:2306} INFO - Setting next_dagrun for hello_world to 2021-09-03 17:00:00+00:00
[2021-09-05 10:47:41,658] {processor.py:170} INFO - Processing /usr/local/airflow/dags/helloworld.py took 0.073 seconds
[2021-09-05 10:48:11,876] {processor.py:162} INFO - Started process (PID=814) to work on /usr/local/airflow/dags/helloworld.py
[2021-09-05 10:48:11,878] {processor.py:613} INFO - Processing file /usr/local/airflow/dags/helloworld.py for tasks to queue
[2021-09-05 10:48:11,879] {logging_mixin.py:109} INFO - [2021-09-05 10:48:11,878] {dagbag.py:496} INFO - Filling up the DagBag from /usr/local/airflow/dags/helloworld.py
[2021-09-05 10:48:11,903] {processor.py:623} INFO - DAG(s) dict_keys(['hello_world']) retrieved from /usr/local/airflow/dags/helloworld.py
[2021-09-05 10:48:11,922] {logging_mixin.py:109} INFO - [2021-09-05 10:48:11,921] {dag.py:1833} INFO - Sync 1 DAGs
[2021-09-05 10:48:11,937] {logging_mixin.py:109} INFO - [2021-09-05 10:48:11,937] {dag.py:2306} INFO - Setting next_dagrun for hello_world to 2021-09-03 17:00:00+00:00
[2021-09-05 10:48:11,946] {processor.py:170} INFO - Processing /usr/local/airflow/dags/helloworld.py took 0.073 seconds
[2021-09-05 10:48:42,152] {processor.py:162} INFO - Started process (PID=872) to work on /usr/local/airflow/dags/helloworld.py
[2021-09-05 10:48:42,153] {processor.py:613} INFO - Processing file /usr/local/airflow/dags/helloworld.py for tasks to queue
[2021-09-05 10:48:42,154] {logging_mixin.py:109} INFO - [2021-09-05 10:48:42,153] {dagbag.py:496} INFO - Filling up the DagBag from /usr/local/airflow/dags/helloworld.py
[2021-09-05 10:48:42,176] {processor.py:623} INFO - DAG(s) dict_keys(['hello_world']) retrieved from /usr/local/airflow/dags/helloworld.py
[2021-09-05 10:48:42,196] {logging_mixin.py:109} INFO - [2021-09-05 10:48:42,195] {dag.py:1833} INFO - Sync 1 DAGs
[2021-09-05 10:48:42,209] {logging_mixin.py:109} INFO - [2021-09-05 10:48:42,209] {dag.py:2306} INFO - Setting next_dagrun for hello_world to 2021-09-03 17:00:00+00:00
[2021-09-05 10:48:42,217] {processor.py:170} INFO - Processing /usr/local/airflow/dags/helloworld.py took 0.069 seconds
[2021-09-05 10:49:12,434] {processor.py:162} INFO - Started process (PID=913) to work on /usr/local/airflow/dags/helloworld.py
[2021-09-05 10:49:12,435] {processor.py:613} INFO - Processing file /usr/local/airflow/dags/helloworld.py for tasks to queue
[2021-09-05 10:49:12,435] {logging_mixin.py:109} INFO - [2021-09-05 10:49:12,435] {dagbag.py:496} INFO - Filling up the DagBag from /usr/local/airflow/dags/helloworld.py
[2021-09-05 10:49:12,459] {processor.py:623} INFO - DAG(s) dict_keys(['hello_world']) retrieved from /usr/local/airflow/dags/helloworld.py
[2021-09-05 10:49:12,480] {logging_mixin.py:109} INFO - [2021-09-05 10:49:12,479] {dag.py:1833} INFO - Sync 1 DAGs
[2021-09-05 10:49:12,496] {logging_mixin.py:109} INFO - [2021-09-05 10:49:12,496] {dag.py:2306} INFO - Setting next_dagrun for hello_world to 2021-09-03 17:00:00+00:00
[2021-09-05 10:49:12,503] {processor.py:170} INFO - Processing /usr/local/airflow/dags/helloworld.py took 0.073 seconds
[2021-09-05 10:49:42,741] {processor.py:162} INFO - Started process (PID=955) to work on /usr/local/airflow/dags/helloworld.py
[2021-09-05 10:49:42,741] {processor.py:613} INFO - Processing file /usr/local/airflow/dags/helloworld.py for tasks to queue
[2021-09-05 10:49:42,742] {logging_mixin.py:109} INFO - [2021-09-05 10:49:42,742] {dagbag.py:496} INFO - Filling up the DagBag from /usr/local/airflow/dags/helloworld.py
[2021-09-05 10:49:42,761] {processor.py:623} INFO - DAG(s) dict_keys(['hello_world']) retrieved from /usr/local/airflow/dags/helloworld.py
[2021-09-05 10:49:42,781] {logging_mixin.py:109} INFO - [2021-09-05 10:49:42,781] {dag.py:1833} INFO - Sync 1 DAGs
[2021-09-05 10:49:42,796] {logging_mixin.py:109} INFO - [2021-09-05 10:49:42,796] {dag.py:2306} INFO - Setting next_dagrun for hello_world to 2021-09-03 17:00:00+00:00
[2021-09-05 10:49:42,806] {processor.py:170} INFO - Processing /usr/local/airflow/dags/helloworld.py took 0.069 seconds
[2021-09-05 10:50:12,972] {processor.py:162} INFO - Started process (PID=996) to work on /usr/local/airflow/dags/helloworld.py
[2021-09-05 10:50:12,973] {processor.py:613} INFO - Processing file /usr/local/airflow/dags/helloworld.py for tasks to queue
[2021-09-05 10:50:12,974] {logging_mixin.py:109} INFO - [2021-09-05 10:50:12,974] {dagbag.py:496} INFO - Filling up the DagBag from /usr/local/airflow/dags/helloworld.py
[2021-09-05 10:50:12,997] {processor.py:623} INFO - DAG(s) dict_keys(['hello_world']) retrieved from /usr/local/airflow/dags/helloworld.py
[2021-09-05 10:50:13,019] {logging_mixin.py:109} INFO - [2021-09-05 10:50:13,019] {dag.py:1833} INFO - Sync 1 DAGs
[2021-09-05 10:50:13,036] {logging_mixin.py:109} INFO - [2021-09-05 10:50:13,036] {dag.py:2306} INFO - Setting next_dagrun for hello_world to 2021-09-03 17:00:00+00:00
[2021-09-05 10:50:13,046] {processor.py:170} INFO - Processing /usr/local/airflow/dags/helloworld.py took 0.078 seconds
[2021-09-05 10:50:43,232] {processor.py:162} INFO - Started process (PID=1037) to work on /usr/local/airflow/dags/helloworld.py
[2021-09-05 10:50:43,233] {processor.py:613} INFO - Processing file /usr/local/airflow/dags/helloworld.py for tasks to queue
[2021-09-05 10:50:43,234] {logging_mixin.py:109} INFO - [2021-09-05 10:50:43,233] {dagbag.py:496} INFO - Filling up the DagBag from /usr/local/airflow/dags/helloworld.py
[2021-09-05 10:50:43,258] {processor.py:623} INFO - DAG(s) dict_keys(['hello_world']) retrieved from /usr/local/airflow/dags/helloworld.py
[2021-09-05 10:50:43,280] {logging_mixin.py:109} INFO - [2021-09-05 10:50:43,280] {dag.py:1833} INFO - Sync 1 DAGs
[2021-09-05 10:50:43,296] {logging_mixin.py:109} INFO - [2021-09-05 10:50:43,296] {dag.py:2306} INFO - Setting next_dagrun for hello_world to 2021-09-03 17:00:00+00:00
[2021-09-05 10:50:43,304] {processor.py:170} INFO - Processing /usr/local/airflow/dags/helloworld.py took 0.076 seconds
[2021-09-05 10:51:13,562] {processor.py:162} INFO - Started process (PID=1079) to work on /usr/local/airflow/dags/helloworld.py
[2021-09-05 10:51:13,565] {processor.py:613} INFO - Processing file /usr/local/airflow/dags/helloworld.py for tasks to queue
[2021-09-05 10:51:13,565] {logging_mixin.py:109} INFO - [2021-09-05 10:51:13,565] {dagbag.py:496} INFO - Filling up the DagBag from /usr/local/airflow/dags/helloworld.py
[2021-09-05 10:51:13,595] {processor.py:623} INFO - DAG(s) dict_keys(['hello_world']) retrieved from /usr/local/airflow/dags/helloworld.py
[2021-09-05 10:51:13,615] {logging_mixin.py:109} INFO - [2021-09-05 10:51:13,615] {dag.py:1833} INFO - Sync 1 DAGs
[2021-09-05 10:51:13,630] {logging_mixin.py:109} INFO - [2021-09-05 10:51:13,630] {dag.py:2306} INFO - Setting next_dagrun for hello_world to 2021-09-03 17:00:00+00:00
[2021-09-05 10:51:13,637] {processor.py:170} INFO - Processing /usr/local/airflow/dags/helloworld.py took 0.078 seconds
[2021-09-05 10:51:43,879] {processor.py:162} INFO - Started process (PID=1120) to work on /usr/local/airflow/dags/helloworld.py
[2021-09-05 10:51:43,880] {processor.py:613} INFO - Processing file /usr/local/airflow/dags/helloworld.py for tasks to queue
[2021-09-05 10:51:43,881] {logging_mixin.py:109} INFO - [2021-09-05 10:51:43,881] {dagbag.py:496} INFO - Filling up the DagBag from /usr/local/airflow/dags/helloworld.py
[2021-09-05 10:51:43,904] {processor.py:623} INFO - DAG(s) dict_keys(['hello_world']) retrieved from /usr/local/airflow/dags/helloworld.py
[2021-09-05 10:51:43,924] {logging_mixin.py:109} INFO - [2021-09-05 10:51:43,924] {dag.py:1833} INFO - Sync 1 DAGs
[2021-09-05 10:51:43,939] {logging_mixin.py:109} INFO - [2021-09-05 10:51:43,939] {dag.py:2306} INFO - Setting next_dagrun for hello_world to 2021-09-03 17:00:00+00:00
[2021-09-05 10:51:43,948] {processor.py:170} INFO - Processing /usr/local/airflow/dags/helloworld.py took 0.073 seconds
[2021-09-05 10:52:14,232] {processor.py:162} INFO - Started process (PID=1161) to work on /usr/local/airflow/dags/helloworld.py
[2021-09-05 10:52:14,233] {processor.py:613} INFO - Processing file /usr/local/airflow/dags/helloworld.py for tasks to queue
[2021-09-05 10:52:14,234] {logging_mixin.py:109} INFO - [2021-09-05 10:52:14,233] {dagbag.py:496} INFO - Filling up the DagBag from /usr/local/airflow/dags/helloworld.py
[2021-09-05 10:52:14,257] {processor.py:623} INFO - DAG(s) dict_keys(['hello_world']) retrieved from /usr/local/airflow/dags/helloworld.py
[2021-09-05 10:52:14,277] {logging_mixin.py:109} INFO - [2021-09-05 10:52:14,277] {dag.py:1833} INFO - Sync 1 DAGs
[2021-09-05 10:52:14,292] {logging_mixin.py:109} INFO - [2021-09-05 10:52:14,292] {dag.py:2306} INFO - Setting next_dagrun for hello_world to 2021-09-03 17:00:00+00:00
[2021-09-05 10:52:14,300] {processor.py:170} INFO - Processing /usr/local/airflow/dags/helloworld.py took 0.072 seconds
[2021-09-05 10:52:44,483] {processor.py:162} INFO - Started process (PID=1203) to work on /usr/local/airflow/dags/helloworld.py
[2021-09-05 10:52:44,484] {processor.py:613} INFO - Processing file /usr/local/airflow/dags/helloworld.py for tasks to queue
[2021-09-05 10:52:44,484] {logging_mixin.py:109} INFO - [2021-09-05 10:52:44,484] {dagbag.py:496} INFO - Filling up the DagBag from /usr/local/airflow/dags/helloworld.py
[2021-09-05 10:52:44,511] {processor.py:623} INFO - DAG(s) dict_keys(['hello_world']) retrieved from /usr/local/airflow/dags/helloworld.py
[2021-09-05 10:52:44,531] {logging_mixin.py:109} INFO - [2021-09-05 10:52:44,531] {dag.py:1833} INFO - Sync 1 DAGs
[2021-09-05 10:52:44,546] {logging_mixin.py:109} INFO - [2021-09-05 10:52:44,545] {dag.py:2306} INFO - Setting next_dagrun for hello_world to 2021-09-03 17:00:00+00:00
[2021-09-05 10:52:44,553] {processor.py:170} INFO - Processing /usr/local/airflow/dags/helloworld.py took 0.074 seconds
[2021-09-05 10:53:14,787] {processor.py:162} INFO - Started process (PID=1244) to work on /usr/local/airflow/dags/helloworld.py
[2021-09-05 10:53:14,788] {processor.py:613} INFO - Processing file /usr/local/airflow/dags/helloworld.py for tasks to queue
[2021-09-05 10:53:14,788] {logging_mixin.py:109} INFO - [2021-09-05 10:53:14,788] {dagbag.py:496} INFO - Filling up the DagBag from /usr/local/airflow/dags/helloworld.py
[2021-09-05 10:53:14,813] {processor.py:623} INFO - DAG(s) dict_keys(['hello_world']) retrieved from /usr/local/airflow/dags/helloworld.py
[2021-09-05 10:53:14,836] {logging_mixin.py:109} INFO - [2021-09-05 10:53:14,836] {dag.py:1833} INFO - Sync 1 DAGs
[2021-09-05 10:53:14,854] {logging_mixin.py:109} INFO - [2021-09-05 10:53:14,854] {dag.py:2306} INFO - Setting next_dagrun for hello_world to 2021-09-03 17:00:00+00:00
[2021-09-05 10:53:14,865] {processor.py:170} INFO - Processing /usr/local/airflow/dags/helloworld.py took 0.081 seconds
[2021-09-05 10:53:45,740] {processor.py:162} INFO - Started process (PID=1324) to work on /usr/local/airflow/dags/helloworld.py
[2021-09-05 10:53:45,741] {processor.py:613} INFO - Processing file /usr/local/airflow/dags/helloworld.py for tasks to queue
[2021-09-05 10:53:45,742] {logging_mixin.py:109} INFO - [2021-09-05 10:53:45,742] {dagbag.py:496} INFO - Filling up the DagBag from /usr/local/airflow/dags/helloworld.py
[2021-09-05 10:53:45,765] {processor.py:623} INFO - DAG(s) dict_keys(['hello_world']) retrieved from /usr/local/airflow/dags/helloworld.py
[2021-09-05 10:53:45,784] {logging_mixin.py:109} INFO - [2021-09-05 10:53:45,784] {dag.py:1833} INFO - Sync 1 DAGs
[2021-09-05 10:53:45,798] {logging_mixin.py:109} INFO - [2021-09-05 10:53:45,798] {dag.py:2306} INFO - Setting next_dagrun for hello_world to 2021-09-03 17:00:00+00:00
[2021-09-05 10:53:45,806] {processor.py:170} INFO - Processing /usr/local/airflow/dags/helloworld.py took 0.070 seconds
[2021-09-05 10:54:16,169] {processor.py:162} INFO - Started process (PID=1380) to work on /usr/local/airflow/dags/helloworld.py
[2021-09-05 10:54:16,170] {processor.py:613} INFO - Processing file /usr/local/airflow/dags/helloworld.py for tasks to queue
[2021-09-05 10:54:16,170] {logging_mixin.py:109} INFO - [2021-09-05 10:54:16,170] {dagbag.py:496} INFO - Filling up the DagBag from /usr/local/airflow/dags/helloworld.py
[2021-09-05 10:54:16,194] {processor.py:623} INFO - DAG(s) dict_keys(['hello_world']) retrieved from /usr/local/airflow/dags/helloworld.py
[2021-09-05 10:54:16,216] {logging_mixin.py:109} INFO - [2021-09-05 10:54:16,216] {dag.py:1833} INFO - Sync 1 DAGs
[2021-09-05 10:54:16,231] {logging_mixin.py:109} INFO - [2021-09-05 10:54:16,231] {dag.py:2306} INFO - Setting next_dagrun for hello_world to 2021-09-03 17:00:00+00:00
[2021-09-05 10:54:16,239] {processor.py:170} INFO - Processing /usr/local/airflow/dags/helloworld.py took 0.073 seconds
[2021-09-05 10:54:46,503] {processor.py:162} INFO - Started process (PID=1437) to work on /usr/local/airflow/dags/helloworld.py
[2021-09-05 10:54:46,504] {processor.py:613} INFO - Processing file /usr/local/airflow/dags/helloworld.py for tasks to queue
[2021-09-05 10:54:46,504] {logging_mixin.py:109} INFO - [2021-09-05 10:54:46,504] {dagbag.py:496} INFO - Filling up the DagBag from /usr/local/airflow/dags/helloworld.py
[2021-09-05 10:54:46,530] {processor.py:623} INFO - DAG(s) dict_keys(['hello_world']) retrieved from /usr/local/airflow/dags/helloworld.py
[2021-09-05 10:54:46,558] {logging_mixin.py:109} INFO - [2021-09-05 10:54:46,558] {dag.py:1833} INFO - Sync 1 DAGs
[2021-09-05 10:54:46,578] {logging_mixin.py:109} INFO - [2021-09-05 10:54:46,578] {dag.py:2306} INFO - Setting next_dagrun for hello_world to 2021-09-03 17:00:00+00:00
[2021-09-05 10:54:46,587] {processor.py:170} INFO - Processing /usr/local/airflow/dags/helloworld.py took 0.088 seconds
[2021-09-05 10:55:16,981] {processor.py:162} INFO - Started process (PID=1494) to work on /usr/local/airflow/dags/helloworld.py
[2021-09-05 10:55:16,982] {processor.py:613} INFO - Processing file /usr/local/airflow/dags/helloworld.py for tasks to queue
[2021-09-05 10:55:16,982] {logging_mixin.py:109} INFO - [2021-09-05 10:55:16,982] {dagbag.py:496} INFO - Filling up the DagBag from /usr/local/airflow/dags/helloworld.py
[2021-09-05 10:55:17,007] {processor.py:623} INFO - DAG(s) dict_keys(['hello_world']) retrieved from /usr/local/airflow/dags/helloworld.py
[2021-09-05 10:55:17,024] {logging_mixin.py:109} INFO - [2021-09-05 10:55:17,024] {dag.py:1833} INFO - Sync 1 DAGs
[2021-09-05 10:55:17,035] {logging_mixin.py:109} INFO - [2021-09-05 10:55:17,035] {dag.py:2306} INFO - Setting next_dagrun for hello_world to 2021-09-03 17:00:00+00:00
[2021-09-05 10:55:17,044] {processor.py:170} INFO - Processing /usr/local/airflow/dags/helloworld.py took 0.066 seconds
[2021-09-05 10:55:47,465] {processor.py:162} INFO - Started process (PID=1550) to work on /usr/local/airflow/dags/helloworld.py
[2021-09-05 10:55:47,466] {processor.py:613} INFO - Processing file /usr/local/airflow/dags/helloworld.py for tasks to queue
[2021-09-05 10:55:47,467] {logging_mixin.py:109} INFO - [2021-09-05 10:55:47,467] {dagbag.py:496} INFO - Filling up the DagBag from /usr/local/airflow/dags/helloworld.py
[2021-09-05 10:55:47,490] {processor.py:623} INFO - DAG(s) dict_keys(['hello_world']) retrieved from /usr/local/airflow/dags/helloworld.py
[2021-09-05 10:55:47,512] {logging_mixin.py:109} INFO - [2021-09-05 10:55:47,512] {dag.py:1833} INFO - Sync 1 DAGs
[2021-09-05 10:55:47,527] {logging_mixin.py:109} INFO - [2021-09-05 10:55:47,527] {dag.py:2306} INFO - Setting next_dagrun for hello_world to 2021-09-03 17:00:00+00:00
[2021-09-05 10:55:47,533] {processor.py:170} INFO - Processing /usr/local/airflow/dags/helloworld.py took 0.071 seconds
[2021-09-05 10:56:17,814] {processor.py:162} INFO - Started process (PID=1606) to work on /usr/local/airflow/dags/helloworld.py
[2021-09-05 10:56:17,815] {processor.py:613} INFO - Processing file /usr/local/airflow/dags/helloworld.py for tasks to queue
[2021-09-05 10:56:17,815] {logging_mixin.py:109} INFO - [2021-09-05 10:56:17,815] {dagbag.py:496} INFO - Filling up the DagBag from /usr/local/airflow/dags/helloworld.py
[2021-09-05 10:56:17,840] {processor.py:623} INFO - DAG(s) dict_keys(['hello_world']) retrieved from /usr/local/airflow/dags/helloworld.py
[2021-09-05 10:56:17,861] {logging_mixin.py:109} INFO - [2021-09-05 10:56:17,861] {dag.py:1833} INFO - Sync 1 DAGs
[2021-09-05 10:56:17,876] {logging_mixin.py:109} INFO - [2021-09-05 10:56:17,876] {dag.py:2306} INFO - Setting next_dagrun for hello_world to 2021-09-03 17:00:00+00:00
[2021-09-05 10:56:17,884] {processor.py:170} INFO - Processing /usr/local/airflow/dags/helloworld.py took 0.074 seconds
