[2021-09-05 10:21:53,093] {processor.py:162} INFO - Started process (PID=442) to work on /usr/local/airflow/dags/packaged_dag.zip
[2021-09-05 10:21:53,093] {processor.py:613} INFO - Processing file /usr/local/airflow/dags/packaged_dag.zip for tasks to queue
[2021-09-05 10:21:53,094] {logging_mixin.py:109} INFO - [2021-09-05 10:21:53,093] {dagbag.py:496} INFO - Filling up the DagBag from /usr/local/airflow/dags/packaged_dag.zip
[2021-09-05 10:21:53,105] {processor.py:623} INFO - DAG(s) dict_keys(['packaged_dag']) retrieved from /usr/local/airflow/dags/packaged_dag.zip
[2021-09-05 10:21:53,119] {logging_mixin.py:109} INFO - [2021-09-05 10:21:53,119] {dag.py:1833} INFO - Sync 1 DAGs
[2021-09-05 10:21:53,130] {logging_mixin.py:109} INFO - [2021-09-05 10:21:53,130] {dag.py:2306} INFO - Setting next_dagrun for packaged_dag to 2018-12-31T17:00:00+00:00
[2021-09-05 10:21:53,138] {processor.py:170} INFO - Processing /usr/local/airflow/dags/packaged_dag.zip took 0.047 seconds
[2021-09-05 10:23:52,960] {processor.py:162} INFO - Started process (PID=176) to work on /usr/local/airflow/dags/packaged_dag.zip
[2021-09-05 10:23:52,960] {processor.py:613} INFO - Processing file /usr/local/airflow/dags/packaged_dag.zip for tasks to queue
[2021-09-05 10:23:52,961] {logging_mixin.py:109} INFO - [2021-09-05 10:23:52,961] {dagbag.py:496} INFO - Filling up the DagBag from /usr/local/airflow/dags/packaged_dag.zip
[2021-09-05 10:23:52,975] {processor.py:623} INFO - DAG(s) dict_keys(['packaged_dag']) retrieved from /usr/local/airflow/dags/packaged_dag.zip
[2021-09-05 10:23:52,992] {logging_mixin.py:109} INFO - [2021-09-05 10:23:52,992] {dag.py:1833} INFO - Sync 1 DAGs
[2021-09-05 10:23:53,002] {logging_mixin.py:109} INFO - [2021-09-05 10:23:53,002] {dag.py:2306} INFO - Setting next_dagrun for packaged_dag to 2018-12-31T17:00:00+00:00
[2021-09-05 10:23:53,008] {processor.py:170} INFO - Processing /usr/local/airflow/dags/packaged_dag.zip took 0.051 seconds
[2021-09-05 10:24:23,235] {processor.py:162} INFO - Started process (PID=255) to work on /usr/local/airflow/dags/packaged_dag.zip
[2021-09-05 10:24:23,236] {processor.py:613} INFO - Processing file /usr/local/airflow/dags/packaged_dag.zip for tasks to queue
[2021-09-05 10:24:23,237] {logging_mixin.py:109} INFO - [2021-09-05 10:24:23,237] {dagbag.py:496} INFO - Filling up the DagBag from /usr/local/airflow/dags/packaged_dag.zip
[2021-09-05 10:24:23,254] {processor.py:623} INFO - DAG(s) dict_keys(['packaged_dag']) retrieved from /usr/local/airflow/dags/packaged_dag.zip
[2021-09-05 10:24:23,274] {logging_mixin.py:109} INFO - [2021-09-05 10:24:23,274] {dag.py:1833} INFO - Sync 1 DAGs
[2021-09-05 10:24:23,286] {logging_mixin.py:109} INFO - [2021-09-05 10:24:23,286] {dag.py:2306} INFO - Setting next_dagrun for packaged_dag to 2018-12-31T17:00:00+00:00
[2021-09-05 10:24:23,294] {processor.py:170} INFO - Processing /usr/local/airflow/dags/packaged_dag.zip took 0.062 seconds
[2021-09-05 10:24:53,481] {processor.py:162} INFO - Started process (PID=295) to work on /usr/local/airflow/dags/packaged_dag.zip
[2021-09-05 10:24:53,482] {processor.py:613} INFO - Processing file /usr/local/airflow/dags/packaged_dag.zip for tasks to queue
[2021-09-05 10:24:53,483] {logging_mixin.py:109} INFO - [2021-09-05 10:24:53,483] {dagbag.py:496} INFO - Filling up the DagBag from /usr/local/airflow/dags/packaged_dag.zip
[2021-09-05 10:24:53,502] {processor.py:623} INFO - DAG(s) dict_keys(['packaged_dag']) retrieved from /usr/local/airflow/dags/packaged_dag.zip
[2021-09-05 10:24:53,529] {logging_mixin.py:109} INFO - [2021-09-05 10:24:53,529] {dag.py:1833} INFO - Sync 1 DAGs
[2021-09-05 10:24:53,547] {logging_mixin.py:109} INFO - [2021-09-05 10:24:53,546] {dag.py:2306} INFO - Setting next_dagrun for packaged_dag to 2018-12-31T17:00:00+00:00
[2021-09-05 10:24:53,556] {processor.py:170} INFO - Processing /usr/local/airflow/dags/packaged_dag.zip took 0.079 seconds
[2021-09-05 10:25:23,765] {processor.py:162} INFO - Started process (PID=328) to work on /usr/local/airflow/dags/packaged_dag.zip
[2021-09-05 10:25:23,767] {processor.py:613} INFO - Processing file /usr/local/airflow/dags/packaged_dag.zip for tasks to queue
[2021-09-05 10:25:23,768] {logging_mixin.py:109} INFO - [2021-09-05 10:25:23,768] {dagbag.py:496} INFO - Filling up the DagBag from /usr/local/airflow/dags/packaged_dag.zip
[2021-09-05 10:25:23,790] {processor.py:623} INFO - DAG(s) dict_keys(['packaged_dag']) retrieved from /usr/local/airflow/dags/packaged_dag.zip
[2021-09-05 10:25:23,813] {logging_mixin.py:109} INFO - [2021-09-05 10:25:23,813] {dag.py:1833} INFO - Sync 1 DAGs
[2021-09-05 10:25:23,826] {logging_mixin.py:109} INFO - [2021-09-05 10:25:23,826] {dag.py:2306} INFO - Setting next_dagrun for packaged_dag to 2018-12-31T17:00:00+00:00
[2021-09-05 10:25:23,834] {processor.py:170} INFO - Processing /usr/local/airflow/dags/packaged_dag.zip took 0.073 seconds
[2021-09-05 10:25:54,027] {processor.py:162} INFO - Started process (PID=359) to work on /usr/local/airflow/dags/packaged_dag.zip
[2021-09-05 10:25:54,028] {processor.py:613} INFO - Processing file /usr/local/airflow/dags/packaged_dag.zip for tasks to queue
[2021-09-05 10:25:54,029] {logging_mixin.py:109} INFO - [2021-09-05 10:25:54,029] {dagbag.py:496} INFO - Filling up the DagBag from /usr/local/airflow/dags/packaged_dag.zip
[2021-09-05 10:25:54,044] {processor.py:623} INFO - DAG(s) dict_keys(['packaged_dag']) retrieved from /usr/local/airflow/dags/packaged_dag.zip
[2021-09-05 10:25:54,067] {logging_mixin.py:109} INFO - [2021-09-05 10:25:54,067] {dag.py:1833} INFO - Sync 1 DAGs
[2021-09-05 10:25:54,078] {logging_mixin.py:109} INFO - [2021-09-05 10:25:54,078] {dag.py:2306} INFO - Setting next_dagrun for packaged_dag to 2018-12-31T17:00:00+00:00
[2021-09-05 10:25:54,087] {processor.py:170} INFO - Processing /usr/local/airflow/dags/packaged_dag.zip took 0.066 seconds
[2021-09-05 10:26:24,330] {processor.py:162} INFO - Started process (PID=1046) to work on /usr/local/airflow/dags/packaged_dag.zip
[2021-09-05 10:26:24,331] {processor.py:613} INFO - Processing file /usr/local/airflow/dags/packaged_dag.zip for tasks to queue
[2021-09-05 10:26:24,332] {logging_mixin.py:109} INFO - [2021-09-05 10:26:24,332] {dagbag.py:496} INFO - Filling up the DagBag from /usr/local/airflow/dags/packaged_dag.zip
[2021-09-05 10:26:24,340] {processor.py:623} INFO - DAG(s) dict_keys(['packaged_dag']) retrieved from /usr/local/airflow/dags/packaged_dag.zip
[2021-09-05 10:26:24,354] {logging_mixin.py:109} INFO - [2021-09-05 10:26:24,354] {dag.py:1833} INFO - Sync 1 DAGs
[2021-09-05 10:26:24,364] {logging_mixin.py:109} INFO - [2021-09-05 10:26:24,364] {dag.py:2306} INFO - Setting next_dagrun for packaged_dag to 2018-12-31T17:00:00+00:00
[2021-09-05 10:26:24,374] {processor.py:170} INFO - Processing /usr/local/airflow/dags/packaged_dag.zip took 0.045 seconds
[2021-09-05 10:29:49,909] {processor.py:162} INFO - Started process (PID=175) to work on /usr/local/airflow/dags/packaged_dag.zip
[2021-09-05 10:29:49,909] {processor.py:613} INFO - Processing file /usr/local/airflow/dags/packaged_dag.zip for tasks to queue
[2021-09-05 10:29:49,909] {logging_mixin.py:109} INFO - [2021-09-05 10:29:49,909] {dagbag.py:496} INFO - Filling up the DagBag from /usr/local/airflow/dags/packaged_dag.zip
[2021-09-05 10:29:49,919] {processor.py:623} INFO - DAG(s) dict_keys(['packaged_dag']) retrieved from /usr/local/airflow/dags/packaged_dag.zip
[2021-09-05 10:29:49,932] {logging_mixin.py:109} INFO - [2021-09-05 10:29:49,932] {dag.py:1833} INFO - Sync 1 DAGs
[2021-09-05 10:29:49,941] {logging_mixin.py:109} INFO - [2021-09-05 10:29:49,941] {dag.py:2306} INFO - Setting next_dagrun for packaged_dag to 2018-12-31T17:00:00+00:00
[2021-09-05 10:29:49,948] {processor.py:170} INFO - Processing /usr/local/airflow/dags/packaged_dag.zip took 0.041 seconds
[2021-09-05 10:30:20,160] {processor.py:162} INFO - Started process (PID=254) to work on /usr/local/airflow/dags/packaged_dag.zip
[2021-09-05 10:30:20,161] {processor.py:613} INFO - Processing file /usr/local/airflow/dags/packaged_dag.zip for tasks to queue
[2021-09-05 10:30:20,162] {logging_mixin.py:109} INFO - [2021-09-05 10:30:20,162] {dagbag.py:496} INFO - Filling up the DagBag from /usr/local/airflow/dags/packaged_dag.zip
[2021-09-05 10:30:20,176] {processor.py:623} INFO - DAG(s) dict_keys(['packaged_dag']) retrieved from /usr/local/airflow/dags/packaged_dag.zip
[2021-09-05 10:30:20,196] {logging_mixin.py:109} INFO - [2021-09-05 10:30:20,195] {dag.py:1833} INFO - Sync 1 DAGs
[2021-09-05 10:30:20,209] {logging_mixin.py:109} INFO - [2021-09-05 10:30:20,209] {dag.py:2306} INFO - Setting next_dagrun for packaged_dag to 2018-12-31T17:00:00+00:00
[2021-09-05 10:30:20,226] {processor.py:170} INFO - Processing /usr/local/airflow/dags/packaged_dag.zip took 0.070 seconds
[2021-09-05 10:30:50,463] {processor.py:162} INFO - Started process (PID=285) to work on /usr/local/airflow/dags/packaged_dag.zip
[2021-09-05 10:30:50,464] {processor.py:613} INFO - Processing file /usr/local/airflow/dags/packaged_dag.zip for tasks to queue
[2021-09-05 10:30:50,465] {logging_mixin.py:109} INFO - [2021-09-05 10:30:50,465] {dagbag.py:496} INFO - Filling up the DagBag from /usr/local/airflow/dags/packaged_dag.zip
[2021-09-05 10:30:50,479] {processor.py:623} INFO - DAG(s) dict_keys(['packaged_dag']) retrieved from /usr/local/airflow/dags/packaged_dag.zip
[2021-09-05 10:30:50,498] {logging_mixin.py:109} INFO - [2021-09-05 10:30:50,498] {dag.py:1833} INFO - Sync 1 DAGs
[2021-09-05 10:30:50,511] {logging_mixin.py:109} INFO - [2021-09-05 10:30:50,511] {dag.py:2306} INFO - Setting next_dagrun for packaged_dag to 2018-12-31T17:00:00+00:00
[2021-09-05 10:30:50,519] {processor.py:170} INFO - Processing /usr/local/airflow/dags/packaged_dag.zip took 0.059 seconds
[2021-09-05 10:31:19,900] {processor.py:162} INFO - Started process (PID=176) to work on /usr/local/airflow/dags/packaged_dag.zip
[2021-09-05 10:31:19,900] {processor.py:613} INFO - Processing file /usr/local/airflow/dags/packaged_dag.zip for tasks to queue
[2021-09-05 10:31:19,901] {logging_mixin.py:109} INFO - [2021-09-05 10:31:19,900] {dagbag.py:496} INFO - Filling up the DagBag from /usr/local/airflow/dags/packaged_dag.zip
[2021-09-05 10:31:19,911] {processor.py:623} INFO - DAG(s) dict_keys(['packaged_dag']) retrieved from /usr/local/airflow/dags/packaged_dag.zip
[2021-09-05 10:31:19,924] {logging_mixin.py:109} INFO - [2021-09-05 10:31:19,924] {dag.py:1833} INFO - Sync 1 DAGs
[2021-09-05 10:31:19,933] {logging_mixin.py:109} INFO - [2021-09-05 10:31:19,933] {dag.py:2306} INFO - Setting next_dagrun for packaged_dag to 2018-12-31T17:00:00+00:00
[2021-09-05 10:31:19,939] {processor.py:170} INFO - Processing /usr/local/airflow/dags/packaged_dag.zip took 0.041 seconds
[2021-09-05 10:31:50,144] {processor.py:162} INFO - Started process (PID=254) to work on /usr/local/airflow/dags/packaged_dag.zip
[2021-09-05 10:31:50,145] {processor.py:613} INFO - Processing file /usr/local/airflow/dags/packaged_dag.zip for tasks to queue
[2021-09-05 10:31:50,146] {logging_mixin.py:109} INFO - [2021-09-05 10:31:50,145] {dagbag.py:496} INFO - Filling up the DagBag from /usr/local/airflow/dags/packaged_dag.zip
[2021-09-05 10:31:50,160] {processor.py:623} INFO - DAG(s) dict_keys(['packaged_dag']) retrieved from /usr/local/airflow/dags/packaged_dag.zip
[2021-09-05 10:31:50,181] {logging_mixin.py:109} INFO - [2021-09-05 10:31:50,181] {dag.py:1833} INFO - Sync 1 DAGs
[2021-09-05 10:31:50,195] {logging_mixin.py:109} INFO - [2021-09-05 10:31:50,194] {dag.py:2306} INFO - Setting next_dagrun for packaged_dag to 2018-12-31T17:00:00+00:00
[2021-09-05 10:31:50,203] {processor.py:170} INFO - Processing /usr/local/airflow/dags/packaged_dag.zip took 0.063 seconds
[2021-09-05 10:32:20,378] {processor.py:162} INFO - Started process (PID=286) to work on /usr/local/airflow/dags/packaged_dag.zip
[2021-09-05 10:32:20,379] {processor.py:613} INFO - Processing file /usr/local/airflow/dags/packaged_dag.zip for tasks to queue
[2021-09-05 10:32:20,379] {logging_mixin.py:109} INFO - [2021-09-05 10:32:20,379] {dagbag.py:496} INFO - Filling up the DagBag from /usr/local/airflow/dags/packaged_dag.zip
[2021-09-05 10:32:20,394] {processor.py:623} INFO - DAG(s) dict_keys(['packaged_dag']) retrieved from /usr/local/airflow/dags/packaged_dag.zip
[2021-09-05 10:32:20,415] {logging_mixin.py:109} INFO - [2021-09-05 10:32:20,415] {dag.py:1833} INFO - Sync 1 DAGs
[2021-09-05 10:32:20,428] {logging_mixin.py:109} INFO - [2021-09-05 10:32:20,428] {dag.py:2306} INFO - Setting next_dagrun for packaged_dag to 2018-12-31T17:00:00+00:00
[2021-09-05 10:32:20,437] {processor.py:170} INFO - Processing /usr/local/airflow/dags/packaged_dag.zip took 0.063 seconds
[2021-09-05 10:32:50,616] {processor.py:162} INFO - Started process (PID=318) to work on /usr/local/airflow/dags/packaged_dag.zip
[2021-09-05 10:32:50,617] {processor.py:613} INFO - Processing file /usr/local/airflow/dags/packaged_dag.zip for tasks to queue
[2021-09-05 10:32:50,618] {logging_mixin.py:109} INFO - [2021-09-05 10:32:50,618] {dagbag.py:496} INFO - Filling up the DagBag from /usr/local/airflow/dags/packaged_dag.zip
[2021-09-05 10:32:50,636] {processor.py:623} INFO - DAG(s) dict_keys(['packaged_dag']) retrieved from /usr/local/airflow/dags/packaged_dag.zip
[2021-09-05 10:32:50,671] {logging_mixin.py:109} INFO - [2021-09-05 10:32:50,671] {dag.py:1833} INFO - Sync 1 DAGs
[2021-09-05 10:32:50,695] {logging_mixin.py:109} INFO - [2021-09-05 10:32:50,694] {dag.py:2306} INFO - Setting next_dagrun for packaged_dag to 2018-12-31T17:00:00+00:00
[2021-09-05 10:32:50,708] {processor.py:170} INFO - Processing /usr/local/airflow/dags/packaged_dag.zip took 0.096 seconds
[2021-09-05 10:33:20,940] {processor.py:162} INFO - Started process (PID=350) to work on /usr/local/airflow/dags/packaged_dag.zip
[2021-09-05 10:33:20,941] {processor.py:613} INFO - Processing file /usr/local/airflow/dags/packaged_dag.zip for tasks to queue
[2021-09-05 10:33:20,942] {logging_mixin.py:109} INFO - [2021-09-05 10:33:20,942] {dagbag.py:496} INFO - Filling up the DagBag from /usr/local/airflow/dags/packaged_dag.zip
[2021-09-05 10:33:20,953] {processor.py:623} INFO - DAG(s) dict_keys(['packaged_dag']) retrieved from /usr/local/airflow/dags/packaged_dag.zip
[2021-09-05 10:33:20,973] {logging_mixin.py:109} INFO - [2021-09-05 10:33:20,973] {dag.py:1833} INFO - Sync 1 DAGs
[2021-09-05 10:33:20,992] {logging_mixin.py:109} INFO - [2021-09-05 10:33:20,992] {dag.py:2306} INFO - Setting next_dagrun for packaged_dag to 2018-12-31T17:00:00+00:00
[2021-09-05 10:33:21,000] {processor.py:170} INFO - Processing /usr/local/airflow/dags/packaged_dag.zip took 0.063 seconds
[2021-09-05 10:33:51,236] {processor.py:162} INFO - Started process (PID=380) to work on /usr/local/airflow/dags/packaged_dag.zip
[2021-09-05 10:33:51,238] {processor.py:613} INFO - Processing file /usr/local/airflow/dags/packaged_dag.zip for tasks to queue
[2021-09-05 10:33:51,239] {logging_mixin.py:109} INFO - [2021-09-05 10:33:51,238] {dagbag.py:496} INFO - Filling up the DagBag from /usr/local/airflow/dags/packaged_dag.zip
[2021-09-05 10:33:51,253] {processor.py:623} INFO - DAG(s) dict_keys(['packaged_dag']) retrieved from /usr/local/airflow/dags/packaged_dag.zip
[2021-09-05 10:33:51,274] {logging_mixin.py:109} INFO - [2021-09-05 10:33:51,274] {dag.py:1833} INFO - Sync 1 DAGs
[2021-09-05 10:33:51,287] {logging_mixin.py:109} INFO - [2021-09-05 10:33:51,287] {dag.py:2306} INFO - Setting next_dagrun for packaged_dag to 2018-12-31T17:00:00+00:00
[2021-09-05 10:33:51,299] {processor.py:170} INFO - Processing /usr/local/airflow/dags/packaged_dag.zip took 0.066 seconds
[2021-09-05 10:34:10,303] {processor.py:162} INFO - Started process (PID=176) to work on /usr/local/airflow/dags/packaged_dag.zip
[2021-09-05 10:34:10,303] {processor.py:613} INFO - Processing file /usr/local/airflow/dags/packaged_dag.zip for tasks to queue
[2021-09-05 10:34:10,304] {logging_mixin.py:109} INFO - [2021-09-05 10:34:10,304] {dagbag.py:496} INFO - Filling up the DagBag from /usr/local/airflow/dags/packaged_dag.zip
[2021-09-05 10:34:10,316] {processor.py:623} INFO - DAG(s) dict_keys(['packaged_dag']) retrieved from /usr/local/airflow/dags/packaged_dag.zip
[2021-09-05 10:34:10,332] {logging_mixin.py:109} INFO - [2021-09-05 10:34:10,332] {dag.py:1833} INFO - Sync 1 DAGs
[2021-09-05 10:34:10,344] {logging_mixin.py:109} INFO - [2021-09-05 10:34:10,344] {dag.py:2306} INFO - Setting next_dagrun for packaged_dag to 2018-12-31T17:00:00+00:00
[2021-09-05 10:34:10,352] {processor.py:170} INFO - Processing /usr/local/airflow/dags/packaged_dag.zip took 0.050 seconds
[2021-09-05 10:34:40,547] {processor.py:162} INFO - Started process (PID=254) to work on /usr/local/airflow/dags/packaged_dag.zip
[2021-09-05 10:34:40,548] {processor.py:613} INFO - Processing file /usr/local/airflow/dags/packaged_dag.zip for tasks to queue
[2021-09-05 10:34:40,549] {logging_mixin.py:109} INFO - [2021-09-05 10:34:40,549] {dagbag.py:496} INFO - Filling up the DagBag from /usr/local/airflow/dags/packaged_dag.zip
[2021-09-05 10:34:40,561] {processor.py:623} INFO - DAG(s) dict_keys(['packaged_dag']) retrieved from /usr/local/airflow/dags/packaged_dag.zip
[2021-09-05 10:34:40,580] {logging_mixin.py:109} INFO - [2021-09-05 10:34:40,579] {dag.py:1833} INFO - Sync 1 DAGs
[2021-09-05 10:34:40,592] {logging_mixin.py:109} INFO - [2021-09-05 10:34:40,592] {dag.py:2306} INFO - Setting next_dagrun for packaged_dag to 2018-12-31T17:00:00+00:00
[2021-09-05 10:34:40,608] {processor.py:170} INFO - Processing /usr/local/airflow/dags/packaged_dag.zip took 0.064 seconds
[2021-09-05 10:35:10,780] {processor.py:162} INFO - Started process (PID=286) to work on /usr/local/airflow/dags/packaged_dag.zip
[2021-09-05 10:35:10,781] {processor.py:613} INFO - Processing file /usr/local/airflow/dags/packaged_dag.zip for tasks to queue
[2021-09-05 10:35:10,782] {logging_mixin.py:109} INFO - [2021-09-05 10:35:10,781] {dagbag.py:496} INFO - Filling up the DagBag from /usr/local/airflow/dags/packaged_dag.zip
[2021-09-05 10:35:10,800] {processor.py:623} INFO - DAG(s) dict_keys(['packaged_dag']) retrieved from /usr/local/airflow/dags/packaged_dag.zip
[2021-09-05 10:35:10,822] {logging_mixin.py:109} INFO - [2021-09-05 10:35:10,822] {dag.py:1833} INFO - Sync 1 DAGs
[2021-09-05 10:35:10,836] {logging_mixin.py:109} INFO - [2021-09-05 10:35:10,836] {dag.py:2306} INFO - Setting next_dagrun for packaged_dag to 2018-12-31T17:00:00+00:00
[2021-09-05 10:35:10,844] {processor.py:170} INFO - Processing /usr/local/airflow/dags/packaged_dag.zip took 0.067 seconds
[2021-09-05 10:35:41,020] {processor.py:162} INFO - Started process (PID=316) to work on /usr/local/airflow/dags/packaged_dag.zip
[2021-09-05 10:35:41,021] {processor.py:613} INFO - Processing file /usr/local/airflow/dags/packaged_dag.zip for tasks to queue
[2021-09-05 10:35:41,022] {logging_mixin.py:109} INFO - [2021-09-05 10:35:41,021] {dagbag.py:496} INFO - Filling up the DagBag from /usr/local/airflow/dags/packaged_dag.zip
[2021-09-05 10:35:41,037] {processor.py:623} INFO - DAG(s) dict_keys(['packaged_dag']) retrieved from /usr/local/airflow/dags/packaged_dag.zip
[2021-09-05 10:35:41,057] {logging_mixin.py:109} INFO - [2021-09-05 10:35:41,057] {dag.py:1833} INFO - Sync 1 DAGs
[2021-09-05 10:35:41,072] {logging_mixin.py:109} INFO - [2021-09-05 10:35:41,071] {dag.py:2306} INFO - Setting next_dagrun for packaged_dag to 2018-12-31T17:00:00+00:00
[2021-09-05 10:35:41,081] {processor.py:170} INFO - Processing /usr/local/airflow/dags/packaged_dag.zip took 0.064 seconds
[2021-09-05 10:36:11,270] {processor.py:162} INFO - Started process (PID=347) to work on /usr/local/airflow/dags/packaged_dag.zip
[2021-09-05 10:36:11,271] {processor.py:613} INFO - Processing file /usr/local/airflow/dags/packaged_dag.zip for tasks to queue
[2021-09-05 10:36:11,271] {logging_mixin.py:109} INFO - [2021-09-05 10:36:11,271] {dagbag.py:496} INFO - Filling up the DagBag from /usr/local/airflow/dags/packaged_dag.zip
[2021-09-05 10:36:11,286] {processor.py:623} INFO - DAG(s) dict_keys(['packaged_dag']) retrieved from /usr/local/airflow/dags/packaged_dag.zip
[2021-09-05 10:36:11,306] {logging_mixin.py:109} INFO - [2021-09-05 10:36:11,306] {dag.py:1833} INFO - Sync 1 DAGs
[2021-09-05 10:36:11,320] {logging_mixin.py:109} INFO - [2021-09-05 10:36:11,319] {dag.py:2306} INFO - Setting next_dagrun for packaged_dag to 2018-12-31T17:00:00+00:00
[2021-09-05 10:36:11,337] {processor.py:170} INFO - Processing /usr/local/airflow/dags/packaged_dag.zip took 0.070 seconds
[2021-09-05 10:36:41,590] {processor.py:162} INFO - Started process (PID=378) to work on /usr/local/airflow/dags/packaged_dag.zip
[2021-09-05 10:36:41,591] {processor.py:613} INFO - Processing file /usr/local/airflow/dags/packaged_dag.zip for tasks to queue
[2021-09-05 10:36:41,592] {logging_mixin.py:109} INFO - [2021-09-05 10:36:41,592] {dagbag.py:496} INFO - Filling up the DagBag from /usr/local/airflow/dags/packaged_dag.zip
[2021-09-05 10:36:41,606] {processor.py:623} INFO - DAG(s) dict_keys(['packaged_dag']) retrieved from /usr/local/airflow/dags/packaged_dag.zip
[2021-09-05 10:36:41,626] {logging_mixin.py:109} INFO - [2021-09-05 10:36:41,626] {dag.py:1833} INFO - Sync 1 DAGs
[2021-09-05 10:36:41,640] {logging_mixin.py:109} INFO - [2021-09-05 10:36:41,639] {dag.py:2306} INFO - Setting next_dagrun for packaged_dag to 2018-12-31T17:00:00+00:00
[2021-09-05 10:36:41,660] {processor.py:170} INFO - Processing /usr/local/airflow/dags/packaged_dag.zip took 0.074 seconds
[2021-09-05 10:37:11,911] {processor.py:162} INFO - Started process (PID=411) to work on /usr/local/airflow/dags/packaged_dag.zip
[2021-09-05 10:37:11,912] {processor.py:613} INFO - Processing file /usr/local/airflow/dags/packaged_dag.zip for tasks to queue
[2021-09-05 10:37:11,913] {logging_mixin.py:109} INFO - [2021-09-05 10:37:11,913] {dagbag.py:496} INFO - Filling up the DagBag from /usr/local/airflow/dags/packaged_dag.zip
[2021-09-05 10:37:11,929] {processor.py:623} INFO - DAG(s) dict_keys(['packaged_dag']) retrieved from /usr/local/airflow/dags/packaged_dag.zip
[2021-09-05 10:37:11,950] {logging_mixin.py:109} INFO - [2021-09-05 10:37:11,950] {dag.py:1833} INFO - Sync 1 DAGs
[2021-09-05 10:37:11,965] {logging_mixin.py:109} INFO - [2021-09-05 10:37:11,965] {dag.py:2306} INFO - Setting next_dagrun for packaged_dag to 2018-12-31T17:00:00+00:00
[2021-09-05 10:37:11,975] {processor.py:170} INFO - Processing /usr/local/airflow/dags/packaged_dag.zip took 0.068 seconds
[2021-09-05 10:37:42,218] {processor.py:162} INFO - Started process (PID=442) to work on /usr/local/airflow/dags/packaged_dag.zip
[2021-09-05 10:37:42,219] {processor.py:613} INFO - Processing file /usr/local/airflow/dags/packaged_dag.zip for tasks to queue
[2021-09-05 10:37:42,219] {logging_mixin.py:109} INFO - [2021-09-05 10:37:42,219] {dagbag.py:496} INFO - Filling up the DagBag from /usr/local/airflow/dags/packaged_dag.zip
[2021-09-05 10:37:42,235] {processor.py:623} INFO - DAG(s) dict_keys(['packaged_dag']) retrieved from /usr/local/airflow/dags/packaged_dag.zip
[2021-09-05 10:37:42,255] {logging_mixin.py:109} INFO - [2021-09-05 10:37:42,255] {dag.py:1833} INFO - Sync 1 DAGs
[2021-09-05 10:37:42,268] {logging_mixin.py:109} INFO - [2021-09-05 10:37:42,268] {dag.py:2306} INFO - Setting next_dagrun for packaged_dag to 2018-12-31T17:00:00+00:00
[2021-09-05 10:37:42,277] {processor.py:170} INFO - Processing /usr/local/airflow/dags/packaged_dag.zip took 0.063 seconds
[2021-09-05 10:38:12,465] {processor.py:162} INFO - Started process (PID=473) to work on /usr/local/airflow/dags/packaged_dag.zip
[2021-09-05 10:38:12,466] {processor.py:613} INFO - Processing file /usr/local/airflow/dags/packaged_dag.zip for tasks to queue
[2021-09-05 10:38:12,466] {logging_mixin.py:109} INFO - [2021-09-05 10:38:12,466] {dagbag.py:496} INFO - Filling up the DagBag from /usr/local/airflow/dags/packaged_dag.zip
[2021-09-05 10:38:12,484] {processor.py:623} INFO - DAG(s) dict_keys(['packaged_dag']) retrieved from /usr/local/airflow/dags/packaged_dag.zip
[2021-09-05 10:38:12,508] {logging_mixin.py:109} INFO - [2021-09-05 10:38:12,508] {dag.py:1833} INFO - Sync 1 DAGs
[2021-09-05 10:38:12,527] {logging_mixin.py:109} INFO - [2021-09-05 10:38:12,527] {dag.py:2306} INFO - Setting next_dagrun for packaged_dag to 2018-12-31T17:00:00+00:00
[2021-09-05 10:38:12,537] {processor.py:170} INFO - Processing /usr/local/airflow/dags/packaged_dag.zip took 0.077 seconds
[2021-09-05 10:38:36,834] {processor.py:162} INFO - Started process (PID=176) to work on /usr/local/airflow/dags/packaged_dag.zip
[2021-09-05 10:38:36,835] {processor.py:613} INFO - Processing file /usr/local/airflow/dags/packaged_dag.zip for tasks to queue
[2021-09-05 10:38:36,835] {logging_mixin.py:109} INFO - [2021-09-05 10:38:36,835] {dagbag.py:496} INFO - Filling up the DagBag from /usr/local/airflow/dags/packaged_dag.zip
[2021-09-05 10:38:36,848] {processor.py:623} INFO - DAG(s) dict_keys(['packaged_dag']) retrieved from /usr/local/airflow/dags/packaged_dag.zip
[2021-09-05 10:38:36,862] {logging_mixin.py:109} INFO - [2021-09-05 10:38:36,862] {dag.py:1833} INFO - Sync 1 DAGs
[2021-09-05 10:38:36,871] {logging_mixin.py:109} INFO - [2021-09-05 10:38:36,871] {dag.py:2306} INFO - Setting next_dagrun for packaged_dag to 2018-12-31T17:00:00+00:00
[2021-09-05 10:38:36,878] {processor.py:170} INFO - Processing /usr/local/airflow/dags/packaged_dag.zip took 0.046 seconds
[2021-09-05 10:39:07,078] {processor.py:162} INFO - Started process (PID=255) to work on /usr/local/airflow/dags/packaged_dag.zip
[2021-09-05 10:39:07,079] {processor.py:613} INFO - Processing file /usr/local/airflow/dags/packaged_dag.zip for tasks to queue
[2021-09-05 10:39:07,080] {logging_mixin.py:109} INFO - [2021-09-05 10:39:07,079] {dagbag.py:496} INFO - Filling up the DagBag from /usr/local/airflow/dags/packaged_dag.zip
[2021-09-05 10:39:07,094] {processor.py:623} INFO - DAG(s) dict_keys(['packaged_dag']) retrieved from /usr/local/airflow/dags/packaged_dag.zip
[2021-09-05 10:39:07,113] {logging_mixin.py:109} INFO - [2021-09-05 10:39:07,113] {dag.py:1833} INFO - Sync 1 DAGs
[2021-09-05 10:39:07,124] {logging_mixin.py:109} INFO - [2021-09-05 10:39:07,124] {dag.py:2306} INFO - Setting next_dagrun for packaged_dag to 2018-12-31T17:00:00+00:00
[2021-09-05 10:39:07,130] {processor.py:170} INFO - Processing /usr/local/airflow/dags/packaged_dag.zip took 0.055 seconds
[2021-09-05 10:39:37,312] {processor.py:162} INFO - Started process (PID=286) to work on /usr/local/airflow/dags/packaged_dag.zip
[2021-09-05 10:39:37,313] {processor.py:613} INFO - Processing file /usr/local/airflow/dags/packaged_dag.zip for tasks to queue
[2021-09-05 10:39:37,314] {logging_mixin.py:109} INFO - [2021-09-05 10:39:37,314] {dagbag.py:496} INFO - Filling up the DagBag from /usr/local/airflow/dags/packaged_dag.zip
[2021-09-05 10:39:37,333] {processor.py:623} INFO - DAG(s) dict_keys(['packaged_dag']) retrieved from /usr/local/airflow/dags/packaged_dag.zip
[2021-09-05 10:39:37,354] {logging_mixin.py:109} INFO - [2021-09-05 10:39:37,354] {dag.py:1833} INFO - Sync 1 DAGs
[2021-09-05 10:39:37,370] {logging_mixin.py:109} INFO - [2021-09-05 10:39:37,370] {dag.py:2306} INFO - Setting next_dagrun for packaged_dag to 2018-12-31T17:00:00+00:00
[2021-09-05 10:39:37,380] {processor.py:170} INFO - Processing /usr/local/airflow/dags/packaged_dag.zip took 0.072 seconds
[2021-09-05 10:40:07,559] {processor.py:162} INFO - Started process (PID=317) to work on /usr/local/airflow/dags/packaged_dag.zip
[2021-09-05 10:40:07,560] {processor.py:613} INFO - Processing file /usr/local/airflow/dags/packaged_dag.zip for tasks to queue
[2021-09-05 10:40:07,561] {logging_mixin.py:109} INFO - [2021-09-05 10:40:07,561] {dagbag.py:496} INFO - Filling up the DagBag from /usr/local/airflow/dags/packaged_dag.zip
[2021-09-05 10:40:07,575] {processor.py:623} INFO - DAG(s) dict_keys(['packaged_dag']) retrieved from /usr/local/airflow/dags/packaged_dag.zip
[2021-09-05 10:40:07,597] {logging_mixin.py:109} INFO - [2021-09-05 10:40:07,597] {dag.py:1833} INFO - Sync 1 DAGs
[2021-09-05 10:40:07,613] {logging_mixin.py:109} INFO - [2021-09-05 10:40:07,612] {dag.py:2306} INFO - Setting next_dagrun for packaged_dag to 2018-12-31T17:00:00+00:00
[2021-09-05 10:40:07,622] {processor.py:170} INFO - Processing /usr/local/airflow/dags/packaged_dag.zip took 0.068 seconds
[2021-09-05 10:40:37,806] {processor.py:162} INFO - Started process (PID=347) to work on /usr/local/airflow/dags/packaged_dag.zip
[2021-09-05 10:40:37,807] {processor.py:613} INFO - Processing file /usr/local/airflow/dags/packaged_dag.zip for tasks to queue
[2021-09-05 10:40:37,808] {logging_mixin.py:109} INFO - [2021-09-05 10:40:37,807] {dagbag.py:496} INFO - Filling up the DagBag from /usr/local/airflow/dags/packaged_dag.zip
[2021-09-05 10:40:37,823] {processor.py:623} INFO - DAG(s) dict_keys(['packaged_dag']) retrieved from /usr/local/airflow/dags/packaged_dag.zip
[2021-09-05 10:40:37,844] {logging_mixin.py:109} INFO - [2021-09-05 10:40:37,843] {dag.py:1833} INFO - Sync 1 DAGs
[2021-09-05 10:40:37,857] {logging_mixin.py:109} INFO - [2021-09-05 10:40:37,857] {dag.py:2306} INFO - Setting next_dagrun for packaged_dag to 2018-12-31T17:00:00+00:00
[2021-09-05 10:40:37,870] {processor.py:170} INFO - Processing /usr/local/airflow/dags/packaged_dag.zip took 0.068 seconds
[2021-09-05 10:41:08,114] {processor.py:162} INFO - Started process (PID=378) to work on /usr/local/airflow/dags/packaged_dag.zip
[2021-09-05 10:41:08,116] {processor.py:613} INFO - Processing file /usr/local/airflow/dags/packaged_dag.zip for tasks to queue
[2021-09-05 10:41:08,116] {logging_mixin.py:109} INFO - [2021-09-05 10:41:08,116] {dagbag.py:496} INFO - Filling up the DagBag from /usr/local/airflow/dags/packaged_dag.zip
[2021-09-05 10:41:08,131] {processor.py:623} INFO - DAG(s) dict_keys(['packaged_dag']) retrieved from /usr/local/airflow/dags/packaged_dag.zip
[2021-09-05 10:41:08,151] {logging_mixin.py:109} INFO - [2021-09-05 10:41:08,151] {dag.py:1833} INFO - Sync 1 DAGs
[2021-09-05 10:41:08,164] {logging_mixin.py:109} INFO - [2021-09-05 10:41:08,164] {dag.py:2306} INFO - Setting next_dagrun for packaged_dag to 2018-12-31T17:00:00+00:00
[2021-09-05 10:41:08,176] {processor.py:170} INFO - Processing /usr/local/airflow/dags/packaged_dag.zip took 0.066 seconds
[2021-09-05 10:41:38,406] {processor.py:162} INFO - Started process (PID=409) to work on /usr/local/airflow/dags/packaged_dag.zip
[2021-09-05 10:41:38,408] {processor.py:613} INFO - Processing file /usr/local/airflow/dags/packaged_dag.zip for tasks to queue
[2021-09-05 10:41:38,408] {logging_mixin.py:109} INFO - [2021-09-05 10:41:38,408] {dagbag.py:496} INFO - Filling up the DagBag from /usr/local/airflow/dags/packaged_dag.zip
[2021-09-05 10:41:38,422] {processor.py:623} INFO - DAG(s) dict_keys(['packaged_dag']) retrieved from /usr/local/airflow/dags/packaged_dag.zip
[2021-09-05 10:41:38,444] {logging_mixin.py:109} INFO - [2021-09-05 10:41:38,444] {dag.py:1833} INFO - Sync 1 DAGs
[2021-09-05 10:41:38,460] {logging_mixin.py:109} INFO - [2021-09-05 10:41:38,460] {dag.py:2306} INFO - Setting next_dagrun for packaged_dag to 2018-12-31T17:00:00+00:00
[2021-09-05 10:41:38,471] {processor.py:170} INFO - Processing /usr/local/airflow/dags/packaged_dag.zip took 0.068 seconds
[2021-09-05 10:42:08,643] {processor.py:162} INFO - Started process (PID=441) to work on /usr/local/airflow/dags/packaged_dag.zip
[2021-09-05 10:42:08,645] {processor.py:613} INFO - Processing file /usr/local/airflow/dags/packaged_dag.zip for tasks to queue
[2021-09-05 10:42:08,646] {logging_mixin.py:109} INFO - [2021-09-05 10:42:08,646] {dagbag.py:496} INFO - Filling up the DagBag from /usr/local/airflow/dags/packaged_dag.zip
[2021-09-05 10:42:08,669] {processor.py:623} INFO - DAG(s) dict_keys(['packaged_dag']) retrieved from /usr/local/airflow/dags/packaged_dag.zip
[2021-09-05 10:42:08,697] {logging_mixin.py:109} INFO - [2021-09-05 10:42:08,697] {dag.py:1833} INFO - Sync 1 DAGs
[2021-09-05 10:42:08,716] {logging_mixin.py:109} INFO - [2021-09-05 10:42:08,716] {dag.py:2306} INFO - Setting next_dagrun for packaged_dag to 2018-12-31T17:00:00+00:00
[2021-09-05 10:42:08,726] {processor.py:170} INFO - Processing /usr/local/airflow/dags/packaged_dag.zip took 0.089 seconds
[2021-09-05 10:42:38,953] {processor.py:162} INFO - Started process (PID=471) to work on /usr/local/airflow/dags/packaged_dag.zip
[2021-09-05 10:42:38,954] {processor.py:613} INFO - Processing file /usr/local/airflow/dags/packaged_dag.zip for tasks to queue
[2021-09-05 10:42:38,955] {logging_mixin.py:109} INFO - [2021-09-05 10:42:38,955] {dagbag.py:496} INFO - Filling up the DagBag from /usr/local/airflow/dags/packaged_dag.zip
[2021-09-05 10:42:38,970] {processor.py:623} INFO - DAG(s) dict_keys(['packaged_dag']) retrieved from /usr/local/airflow/dags/packaged_dag.zip
[2021-09-05 10:42:38,992] {logging_mixin.py:109} INFO - [2021-09-05 10:42:38,992] {dag.py:1833} INFO - Sync 1 DAGs
[2021-09-05 10:42:39,005] {logging_mixin.py:109} INFO - [2021-09-05 10:42:39,005] {dag.py:2306} INFO - Setting next_dagrun for packaged_dag to 2018-12-31T17:00:00+00:00
[2021-09-05 10:42:39,014] {processor.py:170} INFO - Processing /usr/local/airflow/dags/packaged_dag.zip took 0.065 seconds
[2021-09-05 10:43:09,191] {processor.py:162} INFO - Started process (PID=503) to work on /usr/local/airflow/dags/packaged_dag.zip
[2021-09-05 10:43:09,192] {processor.py:613} INFO - Processing file /usr/local/airflow/dags/packaged_dag.zip for tasks to queue
[2021-09-05 10:43:09,193] {logging_mixin.py:109} INFO - [2021-09-05 10:43:09,192] {dagbag.py:496} INFO - Filling up the DagBag from /usr/local/airflow/dags/packaged_dag.zip
[2021-09-05 10:43:09,205] {processor.py:623} INFO - DAG(s) dict_keys(['packaged_dag']) retrieved from /usr/local/airflow/dags/packaged_dag.zip
[2021-09-05 10:43:09,224] {logging_mixin.py:109} INFO - [2021-09-05 10:43:09,224] {dag.py:1833} INFO - Sync 1 DAGs
[2021-09-05 10:43:09,235] {logging_mixin.py:109} INFO - [2021-09-05 10:43:09,235] {dag.py:2306} INFO - Setting next_dagrun for packaged_dag to 2018-12-31T17:00:00+00:00
[2021-09-05 10:43:09,244] {processor.py:170} INFO - Processing /usr/local/airflow/dags/packaged_dag.zip took 0.056 seconds
[2021-09-05 10:43:39,430] {processor.py:162} INFO - Started process (PID=533) to work on /usr/local/airflow/dags/packaged_dag.zip
[2021-09-05 10:43:39,431] {processor.py:613} INFO - Processing file /usr/local/airflow/dags/packaged_dag.zip for tasks to queue
[2021-09-05 10:43:39,432] {logging_mixin.py:109} INFO - [2021-09-05 10:43:39,432] {dagbag.py:496} INFO - Filling up the DagBag from /usr/local/airflow/dags/packaged_dag.zip
[2021-09-05 10:43:39,446] {processor.py:623} INFO - DAG(s) dict_keys(['packaged_dag']) retrieved from /usr/local/airflow/dags/packaged_dag.zip
[2021-09-05 10:43:39,465] {logging_mixin.py:109} INFO - [2021-09-05 10:43:39,465] {dag.py:1833} INFO - Sync 1 DAGs
[2021-09-05 10:43:39,477] {logging_mixin.py:109} INFO - [2021-09-05 10:43:39,477] {dag.py:2306} INFO - Setting next_dagrun for packaged_dag to 2018-12-31T17:00:00+00:00
[2021-09-05 10:43:39,487] {processor.py:170} INFO - Processing /usr/local/airflow/dags/packaged_dag.zip took 0.061 seconds
[2021-09-05 10:44:09,731] {processor.py:162} INFO - Started process (PID=564) to work on /usr/local/airflow/dags/packaged_dag.zip
[2021-09-05 10:44:09,732] {processor.py:613} INFO - Processing file /usr/local/airflow/dags/packaged_dag.zip for tasks to queue
[2021-09-05 10:44:09,733] {logging_mixin.py:109} INFO - [2021-09-05 10:44:09,733] {dagbag.py:496} INFO - Filling up the DagBag from /usr/local/airflow/dags/packaged_dag.zip
[2021-09-05 10:44:09,751] {processor.py:623} INFO - DAG(s) dict_keys(['packaged_dag']) retrieved from /usr/local/airflow/dags/packaged_dag.zip
[2021-09-05 10:44:09,773] {logging_mixin.py:109} INFO - [2021-09-05 10:44:09,773] {dag.py:1833} INFO - Sync 1 DAGs
[2021-09-05 10:44:09,790] {logging_mixin.py:109} INFO - [2021-09-05 10:44:09,790] {dag.py:2306} INFO - Setting next_dagrun for packaged_dag to 2018-12-31T17:00:00+00:00
[2021-09-05 10:44:09,798] {processor.py:170} INFO - Processing /usr/local/airflow/dags/packaged_dag.zip took 0.072 seconds
[2021-09-05 10:44:39,987] {processor.py:162} INFO - Started process (PID=596) to work on /usr/local/airflow/dags/packaged_dag.zip
[2021-09-05 10:44:39,988] {processor.py:613} INFO - Processing file /usr/local/airflow/dags/packaged_dag.zip for tasks to queue
[2021-09-05 10:44:39,989] {logging_mixin.py:109} INFO - [2021-09-05 10:44:39,989] {dagbag.py:496} INFO - Filling up the DagBag from /usr/local/airflow/dags/packaged_dag.zip
[2021-09-05 10:44:40,003] {processor.py:623} INFO - DAG(s) dict_keys(['packaged_dag']) retrieved from /usr/local/airflow/dags/packaged_dag.zip
[2021-09-05 10:44:40,023] {logging_mixin.py:109} INFO - [2021-09-05 10:44:40,023] {dag.py:1833} INFO - Sync 1 DAGs
[2021-09-05 10:44:40,036] {logging_mixin.py:109} INFO - [2021-09-05 10:44:40,036] {dag.py:2306} INFO - Setting next_dagrun for packaged_dag to 2018-12-31T17:00:00+00:00
[2021-09-05 10:44:40,044] {processor.py:170} INFO - Processing /usr/local/airflow/dags/packaged_dag.zip took 0.060 seconds
[2021-09-05 10:45:10,221] {processor.py:162} INFO - Started process (PID=628) to work on /usr/local/airflow/dags/packaged_dag.zip
[2021-09-05 10:45:10,222] {processor.py:613} INFO - Processing file /usr/local/airflow/dags/packaged_dag.zip for tasks to queue
[2021-09-05 10:45:10,223] {logging_mixin.py:109} INFO - [2021-09-05 10:45:10,223] {dagbag.py:496} INFO - Filling up the DagBag from /usr/local/airflow/dags/packaged_dag.zip
[2021-09-05 10:45:10,245] {processor.py:623} INFO - DAG(s) dict_keys(['packaged_dag']) retrieved from /usr/local/airflow/dags/packaged_dag.zip
[2021-09-05 10:45:10,268] {logging_mixin.py:109} INFO - [2021-09-05 10:45:10,268] {dag.py:1833} INFO - Sync 1 DAGs
[2021-09-05 10:45:10,279] {logging_mixin.py:109} INFO - [2021-09-05 10:45:10,279] {dag.py:2306} INFO - Setting next_dagrun for packaged_dag to 2018-12-31T17:00:00+00:00
[2021-09-05 10:45:10,285] {processor.py:170} INFO - Processing /usr/local/airflow/dags/packaged_dag.zip took 0.068 seconds
[2021-09-05 10:45:40,522] {processor.py:162} INFO - Started process (PID=659) to work on /usr/local/airflow/dags/packaged_dag.zip
[2021-09-05 10:45:40,523] {processor.py:613} INFO - Processing file /usr/local/airflow/dags/packaged_dag.zip for tasks to queue
[2021-09-05 10:45:40,524] {logging_mixin.py:109} INFO - [2021-09-05 10:45:40,523] {dagbag.py:496} INFO - Filling up the DagBag from /usr/local/airflow/dags/packaged_dag.zip
[2021-09-05 10:45:40,539] {processor.py:623} INFO - DAG(s) dict_keys(['packaged_dag']) retrieved from /usr/local/airflow/dags/packaged_dag.zip
[2021-09-05 10:45:40,564] {logging_mixin.py:109} INFO - [2021-09-05 10:45:40,564] {dag.py:1833} INFO - Sync 1 DAGs
[2021-09-05 10:45:40,583] {logging_mixin.py:109} INFO - [2021-09-05 10:45:40,583] {dag.py:2306} INFO - Setting next_dagrun for packaged_dag to 2018-12-31T17:00:00+00:00
[2021-09-05 10:45:40,589] {processor.py:170} INFO - Processing /usr/local/airflow/dags/packaged_dag.zip took 0.070 seconds
[2021-09-05 10:46:10,787] {processor.py:162} INFO - Started process (PID=690) to work on /usr/local/airflow/dags/packaged_dag.zip
[2021-09-05 10:46:10,788] {processor.py:613} INFO - Processing file /usr/local/airflow/dags/packaged_dag.zip for tasks to queue
[2021-09-05 10:46:10,789] {logging_mixin.py:109} INFO - [2021-09-05 10:46:10,789] {dagbag.py:496} INFO - Filling up the DagBag from /usr/local/airflow/dags/packaged_dag.zip
[2021-09-05 10:46:10,803] {processor.py:623} INFO - DAG(s) dict_keys(['packaged_dag']) retrieved from /usr/local/airflow/dags/packaged_dag.zip
[2021-09-05 10:46:10,824] {logging_mixin.py:109} INFO - [2021-09-05 10:46:10,824] {dag.py:1833} INFO - Sync 1 DAGs
[2021-09-05 10:46:10,837] {logging_mixin.py:109} INFO - [2021-09-05 10:46:10,837] {dag.py:2306} INFO - Setting next_dagrun for packaged_dag to 2018-12-31T17:00:00+00:00
[2021-09-05 10:46:10,846] {processor.py:170} INFO - Processing /usr/local/airflow/dags/packaged_dag.zip took 0.063 seconds
[2021-09-05 10:46:41,039] {processor.py:162} INFO - Started process (PID=723) to work on /usr/local/airflow/dags/packaged_dag.zip
[2021-09-05 10:46:41,041] {processor.py:613} INFO - Processing file /usr/local/airflow/dags/packaged_dag.zip for tasks to queue
[2021-09-05 10:46:41,042] {logging_mixin.py:109} INFO - [2021-09-05 10:46:41,042] {dagbag.py:496} INFO - Filling up the DagBag from /usr/local/airflow/dags/packaged_dag.zip
[2021-09-05 10:46:41,066] {processor.py:623} INFO - DAG(s) dict_keys(['packaged_dag']) retrieved from /usr/local/airflow/dags/packaged_dag.zip
[2021-09-05 10:46:41,093] {logging_mixin.py:109} INFO - [2021-09-05 10:46:41,093] {dag.py:1833} INFO - Sync 1 DAGs
[2021-09-05 10:46:41,108] {logging_mixin.py:109} INFO - [2021-09-05 10:46:41,108] {dag.py:2306} INFO - Setting next_dagrun for packaged_dag to 2018-12-31T17:00:00+00:00
[2021-09-05 10:46:41,119] {processor.py:170} INFO - Processing /usr/local/airflow/dags/packaged_dag.zip took 0.087 seconds
[2021-09-05 10:47:11,291] {processor.py:162} INFO - Started process (PID=753) to work on /usr/local/airflow/dags/packaged_dag.zip
[2021-09-05 10:47:11,293] {processor.py:613} INFO - Processing file /usr/local/airflow/dags/packaged_dag.zip for tasks to queue
[2021-09-05 10:47:11,293] {logging_mixin.py:109} INFO - [2021-09-05 10:47:11,293] {dagbag.py:496} INFO - Filling up the DagBag from /usr/local/airflow/dags/packaged_dag.zip
[2021-09-05 10:47:11,308] {processor.py:623} INFO - DAG(s) dict_keys(['packaged_dag']) retrieved from /usr/local/airflow/dags/packaged_dag.zip
[2021-09-05 10:47:11,328] {logging_mixin.py:109} INFO - [2021-09-05 10:47:11,328] {dag.py:1833} INFO - Sync 1 DAGs
[2021-09-05 10:47:11,342] {logging_mixin.py:109} INFO - [2021-09-05 10:47:11,342] {dag.py:2306} INFO - Setting next_dagrun for packaged_dag to 2018-12-31T17:00:00+00:00
[2021-09-05 10:47:11,354] {processor.py:170} INFO - Processing /usr/local/airflow/dags/packaged_dag.zip took 0.066 seconds
[2021-09-05 10:47:41,593] {processor.py:162} INFO - Started process (PID=784) to work on /usr/local/airflow/dags/packaged_dag.zip
[2021-09-05 10:47:41,594] {processor.py:613} INFO - Processing file /usr/local/airflow/dags/packaged_dag.zip for tasks to queue
[2021-09-05 10:47:41,595] {logging_mixin.py:109} INFO - [2021-09-05 10:47:41,594] {dagbag.py:496} INFO - Filling up the DagBag from /usr/local/airflow/dags/packaged_dag.zip
[2021-09-05 10:47:41,610] {processor.py:623} INFO - DAG(s) dict_keys(['packaged_dag']) retrieved from /usr/local/airflow/dags/packaged_dag.zip
[2021-09-05 10:47:41,631] {logging_mixin.py:109} INFO - [2021-09-05 10:47:41,631] {dag.py:1833} INFO - Sync 1 DAGs
[2021-09-05 10:47:41,646] {logging_mixin.py:109} INFO - [2021-09-05 10:47:41,646] {dag.py:2306} INFO - Setting next_dagrun for packaged_dag to 2018-12-31T17:00:00+00:00
[2021-09-05 10:47:41,657] {processor.py:170} INFO - Processing /usr/local/airflow/dags/packaged_dag.zip took 0.068 seconds
[2021-09-05 10:48:11,879] {processor.py:162} INFO - Started process (PID=816) to work on /usr/local/airflow/dags/packaged_dag.zip
[2021-09-05 10:48:11,880] {processor.py:613} INFO - Processing file /usr/local/airflow/dags/packaged_dag.zip for tasks to queue
[2021-09-05 10:48:11,881] {logging_mixin.py:109} INFO - [2021-09-05 10:48:11,881] {dagbag.py:496} INFO - Filling up the DagBag from /usr/local/airflow/dags/packaged_dag.zip
[2021-09-05 10:48:11,894] {processor.py:623} INFO - DAG(s) dict_keys(['packaged_dag']) retrieved from /usr/local/airflow/dags/packaged_dag.zip
[2021-09-05 10:48:11,913] {logging_mixin.py:109} INFO - [2021-09-05 10:48:11,913] {dag.py:1833} INFO - Sync 1 DAGs
[2021-09-05 10:48:11,926] {logging_mixin.py:109} INFO - [2021-09-05 10:48:11,926] {dag.py:2306} INFO - Setting next_dagrun for packaged_dag to 2018-12-31T17:00:00+00:00
[2021-09-05 10:48:11,939] {processor.py:170} INFO - Processing /usr/local/airflow/dags/packaged_dag.zip took 0.063 seconds
[2021-09-05 10:48:42,155] {processor.py:162} INFO - Started process (PID=874) to work on /usr/local/airflow/dags/packaged_dag.zip
[2021-09-05 10:48:42,156] {processor.py:613} INFO - Processing file /usr/local/airflow/dags/packaged_dag.zip for tasks to queue
[2021-09-05 10:48:42,157] {logging_mixin.py:109} INFO - [2021-09-05 10:48:42,157] {dagbag.py:496} INFO - Filling up the DagBag from /usr/local/airflow/dags/packaged_dag.zip
[2021-09-05 10:48:42,171] {processor.py:623} INFO - DAG(s) dict_keys(['packaged_dag']) retrieved from /usr/local/airflow/dags/packaged_dag.zip
[2021-09-05 10:48:42,192] {logging_mixin.py:109} INFO - [2021-09-05 10:48:42,192] {dag.py:1833} INFO - Sync 1 DAGs
[2021-09-05 10:48:42,205] {logging_mixin.py:109} INFO - [2021-09-05 10:48:42,205] {dag.py:2306} INFO - Setting next_dagrun for packaged_dag to 2018-12-31T17:00:00+00:00
[2021-09-05 10:48:42,215] {processor.py:170} INFO - Processing /usr/local/airflow/dags/packaged_dag.zip took 0.064 seconds
[2021-09-05 10:49:12,438] {processor.py:162} INFO - Started process (PID=916) to work on /usr/local/airflow/dags/packaged_dag.zip
[2021-09-05 10:49:12,439] {processor.py:613} INFO - Processing file /usr/local/airflow/dags/packaged_dag.zip for tasks to queue
[2021-09-05 10:49:12,439] {logging_mixin.py:109} INFO - [2021-09-05 10:49:12,439] {dagbag.py:496} INFO - Filling up the DagBag from /usr/local/airflow/dags/packaged_dag.zip
[2021-09-05 10:49:12,454] {processor.py:623} INFO - DAG(s) dict_keys(['packaged_dag']) retrieved from /usr/local/airflow/dags/packaged_dag.zip
[2021-09-05 10:49:12,476] {logging_mixin.py:109} INFO - [2021-09-05 10:49:12,476] {dag.py:1833} INFO - Sync 1 DAGs
[2021-09-05 10:49:12,489] {logging_mixin.py:109} INFO - [2021-09-05 10:49:12,489] {dag.py:2306} INFO - Setting next_dagrun for packaged_dag to 2018-12-31T17:00:00+00:00
[2021-09-05 10:49:12,498] {processor.py:170} INFO - Processing /usr/local/airflow/dags/packaged_dag.zip took 0.064 seconds
[2021-09-05 10:49:42,742] {processor.py:162} INFO - Started process (PID=958) to work on /usr/local/airflow/dags/packaged_dag.zip
[2021-09-05 10:49:42,743] {processor.py:613} INFO - Processing file /usr/local/airflow/dags/packaged_dag.zip for tasks to queue
[2021-09-05 10:49:42,743] {logging_mixin.py:109} INFO - [2021-09-05 10:49:42,743] {dagbag.py:496} INFO - Filling up the DagBag from /usr/local/airflow/dags/packaged_dag.zip
[2021-09-05 10:49:42,754] {processor.py:623} INFO - DAG(s) dict_keys(['packaged_dag']) retrieved from /usr/local/airflow/dags/packaged_dag.zip
[2021-09-05 10:49:42,774] {logging_mixin.py:109} INFO - [2021-09-05 10:49:42,774] {dag.py:1833} INFO - Sync 1 DAGs
[2021-09-05 10:49:42,788] {logging_mixin.py:109} INFO - [2021-09-05 10:49:42,787] {dag.py:2306} INFO - Setting next_dagrun for packaged_dag to 2018-12-31T17:00:00+00:00
[2021-09-05 10:49:42,795] {processor.py:170} INFO - Processing /usr/local/airflow/dags/packaged_dag.zip took 0.055 seconds
[2021-09-05 10:50:12,975] {processor.py:162} INFO - Started process (PID=998) to work on /usr/local/airflow/dags/packaged_dag.zip
[2021-09-05 10:50:12,976] {processor.py:613} INFO - Processing file /usr/local/airflow/dags/packaged_dag.zip for tasks to queue
[2021-09-05 10:50:12,977] {logging_mixin.py:109} INFO - [2021-09-05 10:50:12,977] {dagbag.py:496} INFO - Filling up the DagBag from /usr/local/airflow/dags/packaged_dag.zip
[2021-09-05 10:50:12,991] {processor.py:623} INFO - DAG(s) dict_keys(['packaged_dag']) retrieved from /usr/local/airflow/dags/packaged_dag.zip
[2021-09-05 10:50:13,013] {logging_mixin.py:109} INFO - [2021-09-05 10:50:13,013] {dag.py:1833} INFO - Sync 1 DAGs
[2021-09-05 10:50:13,028] {logging_mixin.py:109} INFO - [2021-09-05 10:50:13,028] {dag.py:2306} INFO - Setting next_dagrun for packaged_dag to 2018-12-31T17:00:00+00:00
[2021-09-05 10:50:13,038] {processor.py:170} INFO - Processing /usr/local/airflow/dags/packaged_dag.zip took 0.066 seconds
[2021-09-05 10:50:43,235] {processor.py:162} INFO - Started process (PID=1039) to work on /usr/local/airflow/dags/packaged_dag.zip
[2021-09-05 10:50:43,236] {processor.py:613} INFO - Processing file /usr/local/airflow/dags/packaged_dag.zip for tasks to queue
[2021-09-05 10:50:43,237] {logging_mixin.py:109} INFO - [2021-09-05 10:50:43,237] {dagbag.py:496} INFO - Filling up the DagBag from /usr/local/airflow/dags/packaged_dag.zip
[2021-09-05 10:50:43,252] {processor.py:623} INFO - DAG(s) dict_keys(['packaged_dag']) retrieved from /usr/local/airflow/dags/packaged_dag.zip
[2021-09-05 10:50:43,273] {logging_mixin.py:109} INFO - [2021-09-05 10:50:43,273] {dag.py:1833} INFO - Sync 1 DAGs
[2021-09-05 10:50:43,290] {logging_mixin.py:109} INFO - [2021-09-05 10:50:43,290] {dag.py:2306} INFO - Setting next_dagrun for packaged_dag to 2018-12-31T17:00:00+00:00
[2021-09-05 10:50:43,302] {processor.py:170} INFO - Processing /usr/local/airflow/dags/packaged_dag.zip took 0.071 seconds
[2021-09-05 10:51:13,567] {processor.py:162} INFO - Started process (PID=1082) to work on /usr/local/airflow/dags/packaged_dag.zip
[2021-09-05 10:51:13,570] {processor.py:613} INFO - Processing file /usr/local/airflow/dags/packaged_dag.zip for tasks to queue
[2021-09-05 10:51:13,570] {logging_mixin.py:109} INFO - [2021-09-05 10:51:13,570] {dagbag.py:496} INFO - Filling up the DagBag from /usr/local/airflow/dags/packaged_dag.zip
[2021-09-05 10:51:13,588] {processor.py:623} INFO - DAG(s) dict_keys(['packaged_dag']) retrieved from /usr/local/airflow/dags/packaged_dag.zip
[2021-09-05 10:51:13,610] {logging_mixin.py:109} INFO - [2021-09-05 10:51:13,610] {dag.py:1833} INFO - Sync 1 DAGs
[2021-09-05 10:51:13,626] {logging_mixin.py:109} INFO - [2021-09-05 10:51:13,626] {dag.py:2306} INFO - Setting next_dagrun for packaged_dag to 2018-12-31T17:00:00+00:00
[2021-09-05 10:51:13,636] {processor.py:170} INFO - Processing /usr/local/airflow/dags/packaged_dag.zip took 0.073 seconds
[2021-09-05 10:51:43,882] {processor.py:162} INFO - Started process (PID=1122) to work on /usr/local/airflow/dags/packaged_dag.zip
[2021-09-05 10:51:43,883] {processor.py:613} INFO - Processing file /usr/local/airflow/dags/packaged_dag.zip for tasks to queue
[2021-09-05 10:51:43,884] {logging_mixin.py:109} INFO - [2021-09-05 10:51:43,884] {dagbag.py:496} INFO - Filling up the DagBag from /usr/local/airflow/dags/packaged_dag.zip
[2021-09-05 10:51:43,898] {processor.py:623} INFO - DAG(s) dict_keys(['packaged_dag']) retrieved from /usr/local/airflow/dags/packaged_dag.zip
[2021-09-05 10:51:43,918] {logging_mixin.py:109} INFO - [2021-09-05 10:51:43,918] {dag.py:1833} INFO - Sync 1 DAGs
[2021-09-05 10:51:43,931] {logging_mixin.py:109} INFO - [2021-09-05 10:51:43,931] {dag.py:2306} INFO - Setting next_dagrun for packaged_dag to 2018-12-31T17:00:00+00:00
[2021-09-05 10:51:43,943] {processor.py:170} INFO - Processing /usr/local/airflow/dags/packaged_dag.zip took 0.064 seconds
[2021-09-05 10:52:14,235] {processor.py:162} INFO - Started process (PID=1164) to work on /usr/local/airflow/dags/packaged_dag.zip
[2021-09-05 10:52:14,236] {processor.py:613} INFO - Processing file /usr/local/airflow/dags/packaged_dag.zip for tasks to queue
[2021-09-05 10:52:14,236] {logging_mixin.py:109} INFO - [2021-09-05 10:52:14,236] {dagbag.py:496} INFO - Filling up the DagBag from /usr/local/airflow/dags/packaged_dag.zip
[2021-09-05 10:52:14,250] {processor.py:623} INFO - DAG(s) dict_keys(['packaged_dag']) retrieved from /usr/local/airflow/dags/packaged_dag.zip
[2021-09-05 10:52:14,271] {logging_mixin.py:109} INFO - [2021-09-05 10:52:14,270] {dag.py:1833} INFO - Sync 1 DAGs
[2021-09-05 10:52:14,284] {logging_mixin.py:109} INFO - [2021-09-05 10:52:14,284] {dag.py:2306} INFO - Setting next_dagrun for packaged_dag to 2018-12-31T17:00:00+00:00
[2021-09-05 10:52:14,293] {processor.py:170} INFO - Processing /usr/local/airflow/dags/packaged_dag.zip took 0.061 seconds
[2021-09-05 10:52:44,486] {processor.py:162} INFO - Started process (PID=1205) to work on /usr/local/airflow/dags/packaged_dag.zip
[2021-09-05 10:52:44,487] {processor.py:613} INFO - Processing file /usr/local/airflow/dags/packaged_dag.zip for tasks to queue
[2021-09-05 10:52:44,488] {logging_mixin.py:109} INFO - [2021-09-05 10:52:44,488] {dagbag.py:496} INFO - Filling up the DagBag from /usr/local/airflow/dags/packaged_dag.zip
[2021-09-05 10:52:44,502] {processor.py:623} INFO - DAG(s) dict_keys(['packaged_dag']) retrieved from /usr/local/airflow/dags/packaged_dag.zip
[2021-09-05 10:52:44,522] {logging_mixin.py:109} INFO - [2021-09-05 10:52:44,522] {dag.py:1833} INFO - Sync 1 DAGs
[2021-09-05 10:52:44,535] {logging_mixin.py:109} INFO - [2021-09-05 10:52:44,535] {dag.py:2306} INFO - Setting next_dagrun for packaged_dag to 2018-12-31T17:00:00+00:00
[2021-09-05 10:52:44,552] {processor.py:170} INFO - Processing /usr/local/airflow/dags/packaged_dag.zip took 0.069 seconds
[2021-09-05 10:53:14,791] {processor.py:162} INFO - Started process (PID=1247) to work on /usr/local/airflow/dags/packaged_dag.zip
[2021-09-05 10:53:14,792] {processor.py:613} INFO - Processing file /usr/local/airflow/dags/packaged_dag.zip for tasks to queue
[2021-09-05 10:53:14,793] {logging_mixin.py:109} INFO - [2021-09-05 10:53:14,792] {dagbag.py:496} INFO - Filling up the DagBag from /usr/local/airflow/dags/packaged_dag.zip
[2021-09-05 10:53:14,808] {processor.py:623} INFO - DAG(s) dict_keys(['packaged_dag']) retrieved from /usr/local/airflow/dags/packaged_dag.zip
[2021-09-05 10:53:14,832] {logging_mixin.py:109} INFO - [2021-09-05 10:53:14,832] {dag.py:1833} INFO - Sync 1 DAGs
[2021-09-05 10:53:14,846] {logging_mixin.py:109} INFO - [2021-09-05 10:53:14,846] {dag.py:2306} INFO - Setting next_dagrun for packaged_dag to 2018-12-31T17:00:00+00:00
[2021-09-05 10:53:14,856] {processor.py:170} INFO - Processing /usr/local/airflow/dags/packaged_dag.zip took 0.068 seconds
[2021-09-05 10:53:45,744] {processor.py:162} INFO - Started process (PID=1326) to work on /usr/local/airflow/dags/packaged_dag.zip
[2021-09-05 10:53:45,746] {processor.py:613} INFO - Processing file /usr/local/airflow/dags/packaged_dag.zip for tasks to queue
[2021-09-05 10:53:45,746] {logging_mixin.py:109} INFO - [2021-09-05 10:53:45,746] {dagbag.py:496} INFO - Filling up the DagBag from /usr/local/airflow/dags/packaged_dag.zip
[2021-09-05 10:53:45,759] {processor.py:623} INFO - DAG(s) dict_keys(['packaged_dag']) retrieved from /usr/local/airflow/dags/packaged_dag.zip
[2021-09-05 10:53:45,779] {logging_mixin.py:109} INFO - [2021-09-05 10:53:45,779] {dag.py:1833} INFO - Sync 1 DAGs
[2021-09-05 10:53:45,791] {logging_mixin.py:109} INFO - [2021-09-05 10:53:45,791] {dag.py:2306} INFO - Setting next_dagrun for packaged_dag to 2018-12-31T17:00:00+00:00
[2021-09-05 10:53:45,801] {processor.py:170} INFO - Processing /usr/local/airflow/dags/packaged_dag.zip took 0.061 seconds
[2021-09-05 10:54:16,173] {processor.py:162} INFO - Started process (PID=1383) to work on /usr/local/airflow/dags/packaged_dag.zip
[2021-09-05 10:54:16,174] {processor.py:613} INFO - Processing file /usr/local/airflow/dags/packaged_dag.zip for tasks to queue
[2021-09-05 10:54:16,174] {logging_mixin.py:109} INFO - [2021-09-05 10:54:16,174] {dagbag.py:496} INFO - Filling up the DagBag from /usr/local/airflow/dags/packaged_dag.zip
[2021-09-05 10:54:16,189] {processor.py:623} INFO - DAG(s) dict_keys(['packaged_dag']) retrieved from /usr/local/airflow/dags/packaged_dag.zip
[2021-09-05 10:54:16,210] {logging_mixin.py:109} INFO - [2021-09-05 10:54:16,210] {dag.py:1833} INFO - Sync 1 DAGs
[2021-09-05 10:54:16,225] {logging_mixin.py:109} INFO - [2021-09-05 10:54:16,225] {dag.py:2306} INFO - Setting next_dagrun for packaged_dag to 2018-12-31T17:00:00+00:00
[2021-09-05 10:54:16,234] {processor.py:170} INFO - Processing /usr/local/airflow/dags/packaged_dag.zip took 0.064 seconds
[2021-09-05 10:54:46,507] {processor.py:162} INFO - Started process (PID=1439) to work on /usr/local/airflow/dags/packaged_dag.zip
[2021-09-05 10:54:46,508] {processor.py:613} INFO - Processing file /usr/local/airflow/dags/packaged_dag.zip for tasks to queue
[2021-09-05 10:54:46,508] {logging_mixin.py:109} INFO - [2021-09-05 10:54:46,508] {dagbag.py:496} INFO - Filling up the DagBag from /usr/local/airflow/dags/packaged_dag.zip
[2021-09-05 10:54:46,523] {processor.py:623} INFO - DAG(s) dict_keys(['packaged_dag']) retrieved from /usr/local/airflow/dags/packaged_dag.zip
[2021-09-05 10:54:46,548] {logging_mixin.py:109} INFO - [2021-09-05 10:54:46,548] {dag.py:1833} INFO - Sync 1 DAGs
[2021-09-05 10:54:46,568] {logging_mixin.py:109} INFO - [2021-09-05 10:54:46,568] {dag.py:2306} INFO - Setting next_dagrun for packaged_dag to 2018-12-31T17:00:00+00:00
[2021-09-05 10:54:46,580] {processor.py:170} INFO - Processing /usr/local/airflow/dags/packaged_dag.zip took 0.077 seconds
[2021-09-05 10:55:16,985] {processor.py:162} INFO - Started process (PID=1497) to work on /usr/local/airflow/dags/packaged_dag.zip
[2021-09-05 10:55:16,986] {processor.py:613} INFO - Processing file /usr/local/airflow/dags/packaged_dag.zip for tasks to queue
[2021-09-05 10:55:16,987] {logging_mixin.py:109} INFO - [2021-09-05 10:55:16,987] {dagbag.py:496} INFO - Filling up the DagBag from /usr/local/airflow/dags/packaged_dag.zip
[2021-09-05 10:55:17,001] {processor.py:623} INFO - DAG(s) dict_keys(['packaged_dag']) retrieved from /usr/local/airflow/dags/packaged_dag.zip
[2021-09-05 10:55:17,019] {logging_mixin.py:109} INFO - [2021-09-05 10:55:17,019] {dag.py:1833} INFO - Sync 1 DAGs
[2021-09-05 10:55:17,033] {logging_mixin.py:109} INFO - [2021-09-05 10:55:17,033] {dag.py:2306} INFO - Setting next_dagrun for packaged_dag to 2018-12-31T17:00:00+00:00
[2021-09-05 10:55:17,041] {processor.py:170} INFO - Processing /usr/local/airflow/dags/packaged_dag.zip took 0.059 seconds
[2021-09-05 10:55:47,469] {processor.py:162} INFO - Started process (PID=1552) to work on /usr/local/airflow/dags/packaged_dag.zip
[2021-09-05 10:55:47,471] {processor.py:613} INFO - Processing file /usr/local/airflow/dags/packaged_dag.zip for tasks to queue
[2021-09-05 10:55:47,471] {logging_mixin.py:109} INFO - [2021-09-05 10:55:47,471] {dagbag.py:496} INFO - Filling up the DagBag from /usr/local/airflow/dags/packaged_dag.zip
[2021-09-05 10:55:47,485] {processor.py:623} INFO - DAG(s) dict_keys(['packaged_dag']) retrieved from /usr/local/airflow/dags/packaged_dag.zip
[2021-09-05 10:55:47,505] {logging_mixin.py:109} INFO - [2021-09-05 10:55:47,505] {dag.py:1833} INFO - Sync 1 DAGs
[2021-09-05 10:55:47,521] {logging_mixin.py:109} INFO - [2021-09-05 10:55:47,521] {dag.py:2306} INFO - Setting next_dagrun for packaged_dag to 2018-12-31T17:00:00+00:00
[2021-09-05 10:55:47,532] {processor.py:170} INFO - Processing /usr/local/airflow/dags/packaged_dag.zip took 0.066 seconds
[2021-09-05 10:56:17,818] {processor.py:162} INFO - Started process (PID=1608) to work on /usr/local/airflow/dags/packaged_dag.zip
[2021-09-05 10:56:17,819] {processor.py:613} INFO - Processing file /usr/local/airflow/dags/packaged_dag.zip for tasks to queue
[2021-09-05 10:56:17,820] {logging_mixin.py:109} INFO - [2021-09-05 10:56:17,819] {dagbag.py:496} INFO - Filling up the DagBag from /usr/local/airflow/dags/packaged_dag.zip
[2021-09-05 10:56:17,834] {processor.py:623} INFO - DAG(s) dict_keys(['packaged_dag']) retrieved from /usr/local/airflow/dags/packaged_dag.zip
[2021-09-05 10:56:17,855] {logging_mixin.py:109} INFO - [2021-09-05 10:56:17,855] {dag.py:1833} INFO - Sync 1 DAGs
[2021-09-05 10:56:17,868] {logging_mixin.py:109} INFO - [2021-09-05 10:56:17,867] {dag.py:2306} INFO - Setting next_dagrun for packaged_dag to 2018-12-31T17:00:00+00:00
[2021-09-05 10:56:17,880] {processor.py:170} INFO - Processing /usr/local/airflow/dags/packaged_dag.zip took 0.066 seconds
