[2021-09-05 10:21:53,194] {processor.py:162} INFO - Started process (PID=456) to work on /usr/local/airflow/dags/writefile.py
[2021-09-05 10:21:53,195] {processor.py:613} INFO - Processing file /usr/local/airflow/dags/writefile.py for tasks to queue
[2021-09-05 10:21:53,196] {logging_mixin.py:109} INFO - [2021-09-05 10:21:53,196] {dagbag.py:496} INFO - Filling up the DagBag from /usr/local/airflow/dags/writefile.py
[2021-09-05 10:21:53,206] {processor.py:623} INFO - DAG(s) dict_keys(['name_writefile']) retrieved from /usr/local/airflow/dags/writefile.py
[2021-09-05 10:21:53,222] {logging_mixin.py:109} INFO - [2021-09-05 10:21:53,222] {dag.py:1833} INFO - Sync 1 DAGs
[2021-09-05 10:21:53,233] {logging_mixin.py:109} INFO - [2021-09-05 10:21:53,233] {dag.py:2306} INFO - Setting next_dagrun for name_writefile to None
[2021-09-05 10:21:53,239] {processor.py:170} INFO - Processing /usr/local/airflow/dags/writefile.py took 0.049 seconds
[2021-09-05 10:23:53,080] {processor.py:162} INFO - Started process (PID=190) to work on /usr/local/airflow/dags/writefile.py
[2021-09-05 10:23:53,081] {processor.py:613} INFO - Processing file /usr/local/airflow/dags/writefile.py for tasks to queue
[2021-09-05 10:23:53,082] {logging_mixin.py:109} INFO - [2021-09-05 10:23:53,082] {dagbag.py:496} INFO - Filling up the DagBag from /usr/local/airflow/dags/writefile.py
[2021-09-05 10:23:53,093] {processor.py:623} INFO - DAG(s) dict_keys(['name_writefile']) retrieved from /usr/local/airflow/dags/writefile.py
[2021-09-05 10:23:53,107] {logging_mixin.py:109} INFO - [2021-09-05 10:23:53,107] {dag.py:1833} INFO - Sync 1 DAGs
[2021-09-05 10:23:53,119] {logging_mixin.py:109} INFO - [2021-09-05 10:23:53,119] {dag.py:2306} INFO - Setting next_dagrun for name_writefile to None
[2021-09-05 10:23:53,124] {processor.py:170} INFO - Processing /usr/local/airflow/dags/writefile.py took 0.049 seconds
[2021-09-05 10:24:23,321] {processor.py:162} INFO - Started process (PID=266) to work on /usr/local/airflow/dags/writefile.py
[2021-09-05 10:24:23,321] {processor.py:613} INFO - Processing file /usr/local/airflow/dags/writefile.py for tasks to queue
[2021-09-05 10:24:23,322] {logging_mixin.py:109} INFO - [2021-09-05 10:24:23,322] {dagbag.py:496} INFO - Filling up the DagBag from /usr/local/airflow/dags/writefile.py
[2021-09-05 10:24:23,335] {processor.py:623} INFO - DAG(s) dict_keys(['name_writefile']) retrieved from /usr/local/airflow/dags/writefile.py
[2021-09-05 10:24:23,353] {logging_mixin.py:109} INFO - [2021-09-05 10:24:23,353] {dag.py:1833} INFO - Sync 1 DAGs
[2021-09-05 10:24:23,366] {logging_mixin.py:109} INFO - [2021-09-05 10:24:23,366] {dag.py:2306} INFO - Setting next_dagrun for name_writefile to None
[2021-09-05 10:24:23,373] {processor.py:170} INFO - Processing /usr/local/airflow/dags/writefile.py took 0.056 seconds
[2021-09-05 10:24:53,588] {processor.py:162} INFO - Started process (PID=305) to work on /usr/local/airflow/dags/writefile.py
[2021-09-05 10:24:53,589] {processor.py:613} INFO - Processing file /usr/local/airflow/dags/writefile.py for tasks to queue
[2021-09-05 10:24:53,590] {logging_mixin.py:109} INFO - [2021-09-05 10:24:53,590] {dagbag.py:496} INFO - Filling up the DagBag from /usr/local/airflow/dags/writefile.py
[2021-09-05 10:24:53,606] {processor.py:623} INFO - DAG(s) dict_keys(['name_writefile']) retrieved from /usr/local/airflow/dags/writefile.py
[2021-09-05 10:24:53,628] {logging_mixin.py:109} INFO - [2021-09-05 10:24:53,628] {dag.py:1833} INFO - Sync 1 DAGs
[2021-09-05 10:24:53,643] {logging_mixin.py:109} INFO - [2021-09-05 10:24:53,643] {dag.py:2306} INFO - Setting next_dagrun for name_writefile to None
[2021-09-05 10:24:53,651] {processor.py:170} INFO - Processing /usr/local/airflow/dags/writefile.py took 0.067 seconds
[2021-09-05 10:25:23,853] {processor.py:162} INFO - Started process (PID=338) to work on /usr/local/airflow/dags/writefile.py
[2021-09-05 10:25:23,853] {processor.py:613} INFO - Processing file /usr/local/airflow/dags/writefile.py for tasks to queue
[2021-09-05 10:25:23,854] {logging_mixin.py:109} INFO - [2021-09-05 10:25:23,853] {dagbag.py:496} INFO - Filling up the DagBag from /usr/local/airflow/dags/writefile.py
[2021-09-05 10:25:23,866] {processor.py:623} INFO - DAG(s) dict_keys(['name_writefile']) retrieved from /usr/local/airflow/dags/writefile.py
[2021-09-05 10:25:23,885] {logging_mixin.py:109} INFO - [2021-09-05 10:25:23,885] {dag.py:1833} INFO - Sync 1 DAGs
[2021-09-05 10:25:23,898] {logging_mixin.py:109} INFO - [2021-09-05 10:25:23,898] {dag.py:2306} INFO - Setting next_dagrun for name_writefile to None
[2021-09-05 10:25:23,905] {processor.py:170} INFO - Processing /usr/local/airflow/dags/writefile.py took 0.054 seconds
[2021-09-05 10:25:54,187] {processor.py:162} INFO - Started process (PID=371) to work on /usr/local/airflow/dags/writefile.py
[2021-09-05 10:25:54,188] {processor.py:613} INFO - Processing file /usr/local/airflow/dags/writefile.py for tasks to queue
[2021-09-05 10:25:54,188] {logging_mixin.py:109} INFO - [2021-09-05 10:25:54,188] {dagbag.py:496} INFO - Filling up the DagBag from /usr/local/airflow/dags/writefile.py
[2021-09-05 10:25:54,197] {processor.py:623} INFO - DAG(s) dict_keys(['name_writefile']) retrieved from /usr/local/airflow/dags/writefile.py
[2021-09-05 10:25:54,214] {logging_mixin.py:109} INFO - [2021-09-05 10:25:54,214] {dag.py:1833} INFO - Sync 1 DAGs
[2021-09-05 10:25:54,226] {logging_mixin.py:109} INFO - [2021-09-05 10:25:54,226] {dag.py:2306} INFO - Setting next_dagrun for name_writefile to None
[2021-09-05 10:25:54,234] {processor.py:170} INFO - Processing /usr/local/airflow/dags/writefile.py took 0.048 seconds
[2021-09-05 10:26:24,431] {processor.py:162} INFO - Started process (PID=1258) to work on /usr/local/airflow/dags/writefile.py
[2021-09-05 10:26:24,432] {processor.py:613} INFO - Processing file /usr/local/airflow/dags/writefile.py for tasks to queue
[2021-09-05 10:26:24,432] {logging_mixin.py:109} INFO - [2021-09-05 10:26:24,432] {dagbag.py:496} INFO - Filling up the DagBag from /usr/local/airflow/dags/writefile.py
[2021-09-05 10:26:24,440] {processor.py:623} INFO - DAG(s) dict_keys(['name_writefile']) retrieved from /usr/local/airflow/dags/writefile.py
[2021-09-05 10:26:24,454] {logging_mixin.py:109} INFO - [2021-09-05 10:26:24,454] {dag.py:1833} INFO - Sync 1 DAGs
[2021-09-05 10:26:24,466] {logging_mixin.py:109} INFO - [2021-09-05 10:26:24,466] {dag.py:2306} INFO - Setting next_dagrun for name_writefile to None
[2021-09-05 10:26:24,471] {processor.py:170} INFO - Processing /usr/local/airflow/dags/writefile.py took 0.042 seconds
[2021-09-05 10:29:50,010] {processor.py:162} INFO - Started process (PID=191) to work on /usr/local/airflow/dags/writefile.py
[2021-09-05 10:29:50,011] {processor.py:613} INFO - Processing file /usr/local/airflow/dags/writefile.py for tasks to queue
[2021-09-05 10:29:50,012] {logging_mixin.py:109} INFO - [2021-09-05 10:29:50,012] {dagbag.py:496} INFO - Filling up the DagBag from /usr/local/airflow/dags/writefile.py
[2021-09-05 10:29:50,020] {processor.py:623} INFO - DAG(s) dict_keys(['name_writefile']) retrieved from /usr/local/airflow/dags/writefile.py
[2021-09-05 10:29:50,033] {logging_mixin.py:109} INFO - [2021-09-05 10:29:50,032] {dag.py:1833} INFO - Sync 1 DAGs
[2021-09-05 10:29:50,042] {logging_mixin.py:109} INFO - [2021-09-05 10:29:50,042] {dag.py:2306} INFO - Setting next_dagrun for name_writefile to None
[2021-09-05 10:29:50,047] {processor.py:170} INFO - Processing /usr/local/airflow/dags/writefile.py took 0.040 seconds
[2021-09-05 10:30:20,310] {processor.py:162} INFO - Started process (PID=267) to work on /usr/local/airflow/dags/writefile.py
[2021-09-05 10:30:20,310] {processor.py:613} INFO - Processing file /usr/local/airflow/dags/writefile.py for tasks to queue
[2021-09-05 10:30:20,311] {logging_mixin.py:109} INFO - [2021-09-05 10:30:20,311] {dagbag.py:496} INFO - Filling up the DagBag from /usr/local/airflow/dags/writefile.py
[2021-09-05 10:30:20,323] {processor.py:623} INFO - DAG(s) dict_keys(['name_writefile']) retrieved from /usr/local/airflow/dags/writefile.py
[2021-09-05 10:30:20,342] {logging_mixin.py:109} INFO - [2021-09-05 10:30:20,341] {dag.py:1833} INFO - Sync 1 DAGs
[2021-09-05 10:30:20,353] {logging_mixin.py:109} INFO - [2021-09-05 10:30:20,353] {dag.py:2306} INFO - Setting next_dagrun for name_writefile to None
[2021-09-05 10:30:20,361] {processor.py:170} INFO - Processing /usr/local/airflow/dags/writefile.py took 0.054 seconds
[2021-09-05 10:30:50,538] {processor.py:162} INFO - Started process (PID=296) to work on /usr/local/airflow/dags/writefile.py
[2021-09-05 10:30:50,538] {processor.py:613} INFO - Processing file /usr/local/airflow/dags/writefile.py for tasks to queue
[2021-09-05 10:30:50,539] {logging_mixin.py:109} INFO - [2021-09-05 10:30:50,539] {dagbag.py:496} INFO - Filling up the DagBag from /usr/local/airflow/dags/writefile.py
[2021-09-05 10:30:50,549] {processor.py:623} INFO - DAG(s) dict_keys(['name_writefile']) retrieved from /usr/local/airflow/dags/writefile.py
[2021-09-05 10:30:50,564] {logging_mixin.py:109} INFO - [2021-09-05 10:30:50,564] {dag.py:1833} INFO - Sync 1 DAGs
[2021-09-05 10:30:50,576] {logging_mixin.py:109} INFO - [2021-09-05 10:30:50,575] {dag.py:2306} INFO - Setting next_dagrun for name_writefile to None
[2021-09-05 10:30:50,583] {processor.py:170} INFO - Processing /usr/local/airflow/dags/writefile.py took 0.048 seconds
[2021-09-05 10:31:19,999] {processor.py:162} INFO - Started process (PID=191) to work on /usr/local/airflow/dags/writefile.py
[2021-09-05 10:31:19,999] {processor.py:613} INFO - Processing file /usr/local/airflow/dags/writefile.py for tasks to queue
[2021-09-05 10:31:20,000] {logging_mixin.py:109} INFO - [2021-09-05 10:31:20,000] {dagbag.py:496} INFO - Filling up the DagBag from /usr/local/airflow/dags/writefile.py
[2021-09-05 10:31:20,008] {processor.py:623} INFO - DAG(s) dict_keys(['name_writefile']) retrieved from /usr/local/airflow/dags/writefile.py
[2021-09-05 10:31:20,021] {logging_mixin.py:109} INFO - [2021-09-05 10:31:20,021] {dag.py:1833} INFO - Sync 1 DAGs
[2021-09-05 10:31:20,030] {logging_mixin.py:109} INFO - [2021-09-05 10:31:20,030] {dag.py:2306} INFO - Setting next_dagrun for name_writefile to None
[2021-09-05 10:31:20,035] {processor.py:170} INFO - Processing /usr/local/airflow/dags/writefile.py took 0.039 seconds
[2021-09-05 10:31:50,227] {processor.py:162} INFO - Started process (PID=265) to work on /usr/local/airflow/dags/writefile.py
[2021-09-05 10:31:50,228] {processor.py:613} INFO - Processing file /usr/local/airflow/dags/writefile.py for tasks to queue
[2021-09-05 10:31:50,229] {logging_mixin.py:109} INFO - [2021-09-05 10:31:50,229] {dagbag.py:496} INFO - Filling up the DagBag from /usr/local/airflow/dags/writefile.py
[2021-09-05 10:31:50,241] {processor.py:623} INFO - DAG(s) dict_keys(['name_writefile']) retrieved from /usr/local/airflow/dags/writefile.py
[2021-09-05 10:31:50,256] {logging_mixin.py:109} INFO - [2021-09-05 10:31:50,256] {dag.py:1833} INFO - Sync 1 DAGs
[2021-09-05 10:31:50,266] {logging_mixin.py:109} INFO - [2021-09-05 10:31:50,266] {dag.py:2306} INFO - Setting next_dagrun for name_writefile to None
[2021-09-05 10:31:50,272] {processor.py:170} INFO - Processing /usr/local/airflow/dags/writefile.py took 0.048 seconds
[2021-09-05 10:32:20,461] {processor.py:162} INFO - Started process (PID=297) to work on /usr/local/airflow/dags/writefile.py
[2021-09-05 10:32:20,462] {processor.py:613} INFO - Processing file /usr/local/airflow/dags/writefile.py for tasks to queue
[2021-09-05 10:32:20,462] {logging_mixin.py:109} INFO - [2021-09-05 10:32:20,462] {dagbag.py:496} INFO - Filling up the DagBag from /usr/local/airflow/dags/writefile.py
[2021-09-05 10:32:20,473] {processor.py:623} INFO - DAG(s) dict_keys(['name_writefile']) retrieved from /usr/local/airflow/dags/writefile.py
[2021-09-05 10:32:20,486] {logging_mixin.py:109} INFO - [2021-09-05 10:32:20,486] {dag.py:1833} INFO - Sync 1 DAGs
[2021-09-05 10:32:20,498] {logging_mixin.py:109} INFO - [2021-09-05 10:32:20,498] {dag.py:2306} INFO - Setting next_dagrun for name_writefile to None
[2021-09-05 10:32:20,506] {processor.py:170} INFO - Processing /usr/local/airflow/dags/writefile.py took 0.048 seconds
[2021-09-05 10:32:50,752] {processor.py:162} INFO - Started process (PID=328) to work on /usr/local/airflow/dags/writefile.py
[2021-09-05 10:32:50,754] {processor.py:613} INFO - Processing file /usr/local/airflow/dags/writefile.py for tasks to queue
[2021-09-05 10:32:50,755] {logging_mixin.py:109} INFO - [2021-09-05 10:32:50,754] {dagbag.py:496} INFO - Filling up the DagBag from /usr/local/airflow/dags/writefile.py
[2021-09-05 10:32:50,770] {processor.py:623} INFO - DAG(s) dict_keys(['name_writefile']) retrieved from /usr/local/airflow/dags/writefile.py
[2021-09-05 10:32:50,795] {logging_mixin.py:109} INFO - [2021-09-05 10:32:50,794] {dag.py:1833} INFO - Sync 1 DAGs
[2021-09-05 10:32:50,822] {logging_mixin.py:109} INFO - [2021-09-05 10:32:50,822] {dag.py:2306} INFO - Setting next_dagrun for name_writefile to None
[2021-09-05 10:32:50,835] {processor.py:170} INFO - Processing /usr/local/airflow/dags/writefile.py took 0.088 seconds
[2021-09-05 10:33:21,038] {processor.py:162} INFO - Started process (PID=360) to work on /usr/local/airflow/dags/writefile.py
[2021-09-05 10:33:21,039] {processor.py:613} INFO - Processing file /usr/local/airflow/dags/writefile.py for tasks to queue
[2021-09-05 10:33:21,040] {logging_mixin.py:109} INFO - [2021-09-05 10:33:21,040] {dagbag.py:496} INFO - Filling up the DagBag from /usr/local/airflow/dags/writefile.py
[2021-09-05 10:33:21,058] {processor.py:623} INFO - DAG(s) dict_keys(['name_writefile']) retrieved from /usr/local/airflow/dags/writefile.py
[2021-09-05 10:33:21,095] {logging_mixin.py:109} INFO - [2021-09-05 10:33:21,095] {dag.py:1833} INFO - Sync 1 DAGs
[2021-09-05 10:33:21,115] {logging_mixin.py:109} INFO - [2021-09-05 10:33:21,115] {dag.py:2306} INFO - Setting next_dagrun for name_writefile to None
[2021-09-05 10:33:21,129] {processor.py:170} INFO - Processing /usr/local/airflow/dags/writefile.py took 0.095 seconds
[2021-09-05 10:33:51,321] {processor.py:162} INFO - Started process (PID=391) to work on /usr/local/airflow/dags/writefile.py
[2021-09-05 10:33:51,322] {processor.py:613} INFO - Processing file /usr/local/airflow/dags/writefile.py for tasks to queue
[2021-09-05 10:33:51,323] {logging_mixin.py:109} INFO - [2021-09-05 10:33:51,323] {dagbag.py:496} INFO - Filling up the DagBag from /usr/local/airflow/dags/writefile.py
[2021-09-05 10:33:51,335] {processor.py:623} INFO - DAG(s) dict_keys(['name_writefile']) retrieved from /usr/local/airflow/dags/writefile.py
[2021-09-05 10:33:51,349] {logging_mixin.py:109} INFO - [2021-09-05 10:33:51,349] {dag.py:1833} INFO - Sync 1 DAGs
[2021-09-05 10:33:51,358] {logging_mixin.py:109} INFO - [2021-09-05 10:33:51,358] {dag.py:2306} INFO - Setting next_dagrun for name_writefile to None
[2021-09-05 10:33:51,363] {processor.py:170} INFO - Processing /usr/local/airflow/dags/writefile.py took 0.045 seconds
[2021-09-05 10:34:10,411] {processor.py:162} INFO - Started process (PID=191) to work on /usr/local/airflow/dags/writefile.py
[2021-09-05 10:34:10,411] {processor.py:613} INFO - Processing file /usr/local/airflow/dags/writefile.py for tasks to queue
[2021-09-05 10:34:10,412] {logging_mixin.py:109} INFO - [2021-09-05 10:34:10,411] {dagbag.py:496} INFO - Filling up the DagBag from /usr/local/airflow/dags/writefile.py
[2021-09-05 10:34:10,419] {processor.py:623} INFO - DAG(s) dict_keys(['name_writefile']) retrieved from /usr/local/airflow/dags/writefile.py
[2021-09-05 10:34:10,432] {logging_mixin.py:109} INFO - [2021-09-05 10:34:10,432] {dag.py:1833} INFO - Sync 1 DAGs
[2021-09-05 10:34:10,441] {logging_mixin.py:109} INFO - [2021-09-05 10:34:10,440] {dag.py:2306} INFO - Setting next_dagrun for name_writefile to None
[2021-09-05 10:34:10,445] {processor.py:170} INFO - Processing /usr/local/airflow/dags/writefile.py took 0.038 seconds
[2021-09-05 10:34:40,625] {processor.py:162} INFO - Started process (PID=265) to work on /usr/local/airflow/dags/writefile.py
[2021-09-05 10:34:40,626] {processor.py:613} INFO - Processing file /usr/local/airflow/dags/writefile.py for tasks to queue
[2021-09-05 10:34:40,626] {logging_mixin.py:109} INFO - [2021-09-05 10:34:40,626] {dagbag.py:496} INFO - Filling up the DagBag from /usr/local/airflow/dags/writefile.py
[2021-09-05 10:34:40,637] {processor.py:623} INFO - DAG(s) dict_keys(['name_writefile']) retrieved from /usr/local/airflow/dags/writefile.py
[2021-09-05 10:34:40,655] {logging_mixin.py:109} INFO - [2021-09-05 10:34:40,655] {dag.py:1833} INFO - Sync 1 DAGs
[2021-09-05 10:34:40,665] {logging_mixin.py:109} INFO - [2021-09-05 10:34:40,665] {dag.py:2306} INFO - Setting next_dagrun for name_writefile to None
[2021-09-05 10:34:40,671] {processor.py:170} INFO - Processing /usr/local/airflow/dags/writefile.py took 0.047 seconds
[2021-09-05 10:35:10,867] {processor.py:162} INFO - Started process (PID=296) to work on /usr/local/airflow/dags/writefile.py
[2021-09-05 10:35:10,868] {processor.py:613} INFO - Processing file /usr/local/airflow/dags/writefile.py for tasks to queue
[2021-09-05 10:35:10,868] {logging_mixin.py:109} INFO - [2021-09-05 10:35:10,868] {dagbag.py:496} INFO - Filling up the DagBag from /usr/local/airflow/dags/writefile.py
[2021-09-05 10:35:10,878] {processor.py:623} INFO - DAG(s) dict_keys(['name_writefile']) retrieved from /usr/local/airflow/dags/writefile.py
[2021-09-05 10:35:10,892] {logging_mixin.py:109} INFO - [2021-09-05 10:35:10,892] {dag.py:1833} INFO - Sync 1 DAGs
[2021-09-05 10:35:10,902] {logging_mixin.py:109} INFO - [2021-09-05 10:35:10,902] {dag.py:2306} INFO - Setting next_dagrun for name_writefile to None
[2021-09-05 10:35:10,908] {processor.py:170} INFO - Processing /usr/local/airflow/dags/writefile.py took 0.044 seconds
[2021-09-05 10:35:41,104] {processor.py:162} INFO - Started process (PID=327) to work on /usr/local/airflow/dags/writefile.py
[2021-09-05 10:35:41,105] {processor.py:613} INFO - Processing file /usr/local/airflow/dags/writefile.py for tasks to queue
[2021-09-05 10:35:41,105] {logging_mixin.py:109} INFO - [2021-09-05 10:35:41,105] {dagbag.py:496} INFO - Filling up the DagBag from /usr/local/airflow/dags/writefile.py
[2021-09-05 10:35:41,118] {processor.py:623} INFO - DAG(s) dict_keys(['name_writefile']) retrieved from /usr/local/airflow/dags/writefile.py
[2021-09-05 10:35:41,137] {logging_mixin.py:109} INFO - [2021-09-05 10:35:41,137] {dag.py:1833} INFO - Sync 1 DAGs
[2021-09-05 10:35:41,151] {logging_mixin.py:109} INFO - [2021-09-05 10:35:41,151] {dag.py:2306} INFO - Setting next_dagrun for name_writefile to None
[2021-09-05 10:35:41,157] {processor.py:170} INFO - Processing /usr/local/airflow/dags/writefile.py took 0.056 seconds
[2021-09-05 10:36:11,419] {processor.py:162} INFO - Started process (PID=360) to work on /usr/local/airflow/dags/writefile.py
[2021-09-05 10:36:11,420] {processor.py:613} INFO - Processing file /usr/local/airflow/dags/writefile.py for tasks to queue
[2021-09-05 10:36:11,421] {logging_mixin.py:109} INFO - [2021-09-05 10:36:11,421] {dagbag.py:496} INFO - Filling up the DagBag from /usr/local/airflow/dags/writefile.py
[2021-09-05 10:36:11,433] {processor.py:623} INFO - DAG(s) dict_keys(['name_writefile']) retrieved from /usr/local/airflow/dags/writefile.py
[2021-09-05 10:36:11,454] {logging_mixin.py:109} INFO - [2021-09-05 10:36:11,454] {dag.py:1833} INFO - Sync 1 DAGs
[2021-09-05 10:36:11,469] {logging_mixin.py:109} INFO - [2021-09-05 10:36:11,469] {dag.py:2306} INFO - Setting next_dagrun for name_writefile to None
[2021-09-05 10:36:11,477] {processor.py:170} INFO - Processing /usr/local/airflow/dags/writefile.py took 0.060 seconds
[2021-09-05 10:36:41,743] {processor.py:162} INFO - Started process (PID=391) to work on /usr/local/airflow/dags/writefile.py
[2021-09-05 10:36:41,744] {processor.py:613} INFO - Processing file /usr/local/airflow/dags/writefile.py for tasks to queue
[2021-09-05 10:36:41,745] {logging_mixin.py:109} INFO - [2021-09-05 10:36:41,745] {dagbag.py:496} INFO - Filling up the DagBag from /usr/local/airflow/dags/writefile.py
[2021-09-05 10:36:41,757] {processor.py:623} INFO - DAG(s) dict_keys(['name_writefile']) retrieved from /usr/local/airflow/dags/writefile.py
[2021-09-05 10:36:41,775] {logging_mixin.py:109} INFO - [2021-09-05 10:36:41,775] {dag.py:1833} INFO - Sync 1 DAGs
[2021-09-05 10:36:41,787] {logging_mixin.py:109} INFO - [2021-09-05 10:36:41,787] {dag.py:2306} INFO - Setting next_dagrun for name_writefile to None
[2021-09-05 10:36:41,794] {processor.py:170} INFO - Processing /usr/local/airflow/dags/writefile.py took 0.054 seconds
[2021-09-05 10:37:12,054] {processor.py:162} INFO - Started process (PID=423) to work on /usr/local/airflow/dags/writefile.py
[2021-09-05 10:37:12,055] {processor.py:613} INFO - Processing file /usr/local/airflow/dags/writefile.py for tasks to queue
[2021-09-05 10:37:12,056] {logging_mixin.py:109} INFO - [2021-09-05 10:37:12,055] {dagbag.py:496} INFO - Filling up the DagBag from /usr/local/airflow/dags/writefile.py
[2021-09-05 10:37:12,067] {processor.py:623} INFO - DAG(s) dict_keys(['name_writefile']) retrieved from /usr/local/airflow/dags/writefile.py
[2021-09-05 10:37:12,086] {logging_mixin.py:109} INFO - [2021-09-05 10:37:12,086] {dag.py:1833} INFO - Sync 1 DAGs
[2021-09-05 10:37:12,099] {logging_mixin.py:109} INFO - [2021-09-05 10:37:12,098] {dag.py:2306} INFO - Setting next_dagrun for name_writefile to None
[2021-09-05 10:37:12,107] {processor.py:170} INFO - Processing /usr/local/airflow/dags/writefile.py took 0.055 seconds
[2021-09-05 10:37:42,300] {processor.py:162} INFO - Started process (PID=452) to work on /usr/local/airflow/dags/writefile.py
[2021-09-05 10:37:42,301] {processor.py:613} INFO - Processing file /usr/local/airflow/dags/writefile.py for tasks to queue
[2021-09-05 10:37:42,302] {logging_mixin.py:109} INFO - [2021-09-05 10:37:42,302] {dagbag.py:496} INFO - Filling up the DagBag from /usr/local/airflow/dags/writefile.py
[2021-09-05 10:37:42,314] {processor.py:623} INFO - DAG(s) dict_keys(['name_writefile']) retrieved from /usr/local/airflow/dags/writefile.py
[2021-09-05 10:37:42,333] {logging_mixin.py:109} INFO - [2021-09-05 10:37:42,333] {dag.py:1833} INFO - Sync 1 DAGs
[2021-09-05 10:37:42,347] {logging_mixin.py:109} INFO - [2021-09-05 10:37:42,346] {dag.py:2306} INFO - Setting next_dagrun for name_writefile to None
[2021-09-05 10:37:42,354] {processor.py:170} INFO - Processing /usr/local/airflow/dags/writefile.py took 0.057 seconds
[2021-09-05 10:38:12,573] {processor.py:162} INFO - Started process (PID=483) to work on /usr/local/airflow/dags/writefile.py
[2021-09-05 10:38:12,574] {processor.py:613} INFO - Processing file /usr/local/airflow/dags/writefile.py for tasks to queue
[2021-09-05 10:38:12,575] {logging_mixin.py:109} INFO - [2021-09-05 10:38:12,574] {dagbag.py:496} INFO - Filling up the DagBag from /usr/local/airflow/dags/writefile.py
[2021-09-05 10:38:12,591] {processor.py:623} INFO - DAG(s) dict_keys(['name_writefile']) retrieved from /usr/local/airflow/dags/writefile.py
[2021-09-05 10:38:12,615] {logging_mixin.py:109} INFO - [2021-09-05 10:38:12,615] {dag.py:1833} INFO - Sync 1 DAGs
[2021-09-05 10:38:12,630] {logging_mixin.py:109} INFO - [2021-09-05 10:38:12,630] {dag.py:2306} INFO - Setting next_dagrun for name_writefile to None
[2021-09-05 10:38:12,639] {processor.py:170} INFO - Processing /usr/local/airflow/dags/writefile.py took 0.070 seconds
[2021-09-05 10:38:36,941] {processor.py:162} INFO - Started process (PID=191) to work on /usr/local/airflow/dags/writefile.py
[2021-09-05 10:38:36,942] {processor.py:613} INFO - Processing file /usr/local/airflow/dags/writefile.py for tasks to queue
[2021-09-05 10:38:36,942] {logging_mixin.py:109} INFO - [2021-09-05 10:38:36,942] {dagbag.py:496} INFO - Filling up the DagBag from /usr/local/airflow/dags/writefile.py
[2021-09-05 10:38:36,950] {processor.py:623} INFO - DAG(s) dict_keys(['name_writefile']) retrieved from /usr/local/airflow/dags/writefile.py
[2021-09-05 10:38:36,962] {logging_mixin.py:109} INFO - [2021-09-05 10:38:36,962] {dag.py:1833} INFO - Sync 1 DAGs
[2021-09-05 10:38:36,971] {logging_mixin.py:109} INFO - [2021-09-05 10:38:36,970] {dag.py:2306} INFO - Setting next_dagrun for name_writefile to None
[2021-09-05 10:38:36,975] {processor.py:170} INFO - Processing /usr/local/airflow/dags/writefile.py took 0.037 seconds
[2021-09-05 10:39:07,150] {processor.py:162} INFO - Started process (PID=265) to work on /usr/local/airflow/dags/writefile.py
[2021-09-05 10:39:07,150] {processor.py:613} INFO - Processing file /usr/local/airflow/dags/writefile.py for tasks to queue
[2021-09-05 10:39:07,151] {logging_mixin.py:109} INFO - [2021-09-05 10:39:07,151] {dagbag.py:496} INFO - Filling up the DagBag from /usr/local/airflow/dags/writefile.py
[2021-09-05 10:39:07,163] {processor.py:623} INFO - DAG(s) dict_keys(['name_writefile']) retrieved from /usr/local/airflow/dags/writefile.py
[2021-09-05 10:39:07,183] {logging_mixin.py:109} INFO - [2021-09-05 10:39:07,183] {dag.py:1833} INFO - Sync 1 DAGs
[2021-09-05 10:39:07,196] {logging_mixin.py:109} INFO - [2021-09-05 10:39:07,196] {dag.py:2306} INFO - Setting next_dagrun for name_writefile to None
[2021-09-05 10:39:07,203] {processor.py:170} INFO - Processing /usr/local/airflow/dags/writefile.py took 0.056 seconds
[2021-09-05 10:39:37,405] {processor.py:162} INFO - Started process (PID=296) to work on /usr/local/airflow/dags/writefile.py
[2021-09-05 10:39:37,406] {processor.py:613} INFO - Processing file /usr/local/airflow/dags/writefile.py for tasks to queue
[2021-09-05 10:39:37,406] {logging_mixin.py:109} INFO - [2021-09-05 10:39:37,406] {dagbag.py:496} INFO - Filling up the DagBag from /usr/local/airflow/dags/writefile.py
[2021-09-05 10:39:37,419] {processor.py:623} INFO - DAG(s) dict_keys(['name_writefile']) retrieved from /usr/local/airflow/dags/writefile.py
[2021-09-05 10:39:37,436] {logging_mixin.py:109} INFO - [2021-09-05 10:39:37,436] {dag.py:1833} INFO - Sync 1 DAGs
[2021-09-05 10:39:37,446] {logging_mixin.py:109} INFO - [2021-09-05 10:39:37,446] {dag.py:2306} INFO - Setting next_dagrun for name_writefile to None
[2021-09-05 10:39:37,451] {processor.py:170} INFO - Processing /usr/local/airflow/dags/writefile.py took 0.049 seconds
[2021-09-05 10:40:07,643] {processor.py:162} INFO - Started process (PID=327) to work on /usr/local/airflow/dags/writefile.py
[2021-09-05 10:40:07,644] {processor.py:613} INFO - Processing file /usr/local/airflow/dags/writefile.py for tasks to queue
[2021-09-05 10:40:07,644] {logging_mixin.py:109} INFO - [2021-09-05 10:40:07,644] {dagbag.py:496} INFO - Filling up the DagBag from /usr/local/airflow/dags/writefile.py
[2021-09-05 10:40:07,658] {processor.py:623} INFO - DAG(s) dict_keys(['name_writefile']) retrieved from /usr/local/airflow/dags/writefile.py
[2021-09-05 10:40:07,677] {logging_mixin.py:109} INFO - [2021-09-05 10:40:07,677] {dag.py:1833} INFO - Sync 1 DAGs
[2021-09-05 10:40:07,690] {logging_mixin.py:109} INFO - [2021-09-05 10:40:07,690] {dag.py:2306} INFO - Setting next_dagrun for name_writefile to None
[2021-09-05 10:40:07,698] {processor.py:170} INFO - Processing /usr/local/airflow/dags/writefile.py took 0.058 seconds
[2021-09-05 10:40:37,955] {processor.py:162} INFO - Started process (PID=360) to work on /usr/local/airflow/dags/writefile.py
[2021-09-05 10:40:37,956] {processor.py:613} INFO - Processing file /usr/local/airflow/dags/writefile.py for tasks to queue
[2021-09-05 10:40:37,957] {logging_mixin.py:109} INFO - [2021-09-05 10:40:37,956] {dagbag.py:496} INFO - Filling up the DagBag from /usr/local/airflow/dags/writefile.py
[2021-09-05 10:40:37,968] {processor.py:623} INFO - DAG(s) dict_keys(['name_writefile']) retrieved from /usr/local/airflow/dags/writefile.py
[2021-09-05 10:40:37,987] {logging_mixin.py:109} INFO - [2021-09-05 10:40:37,986] {dag.py:1833} INFO - Sync 1 DAGs
[2021-09-05 10:40:37,998] {logging_mixin.py:109} INFO - [2021-09-05 10:40:37,998] {dag.py:2306} INFO - Setting next_dagrun for name_writefile to None
[2021-09-05 10:40:38,006] {processor.py:170} INFO - Processing /usr/local/airflow/dags/writefile.py took 0.053 seconds
[2021-09-05 10:41:08,256] {processor.py:162} INFO - Started process (PID=391) to work on /usr/local/airflow/dags/writefile.py
[2021-09-05 10:41:08,257] {processor.py:613} INFO - Processing file /usr/local/airflow/dags/writefile.py for tasks to queue
[2021-09-05 10:41:08,258] {logging_mixin.py:109} INFO - [2021-09-05 10:41:08,258] {dagbag.py:496} INFO - Filling up the DagBag from /usr/local/airflow/dags/writefile.py
[2021-09-05 10:41:08,269] {processor.py:623} INFO - DAG(s) dict_keys(['name_writefile']) retrieved from /usr/local/airflow/dags/writefile.py
[2021-09-05 10:41:08,284] {logging_mixin.py:109} INFO - [2021-09-05 10:41:08,283] {dag.py:1833} INFO - Sync 1 DAGs
[2021-09-05 10:41:08,295] {logging_mixin.py:109} INFO - [2021-09-05 10:41:08,295] {dag.py:2306} INFO - Setting next_dagrun for name_writefile to None
[2021-09-05 10:41:08,303] {processor.py:170} INFO - Processing /usr/local/airflow/dags/writefile.py took 0.049 seconds
[2021-09-05 10:41:38,487] {processor.py:162} INFO - Started process (PID=420) to work on /usr/local/airflow/dags/writefile.py
[2021-09-05 10:41:38,488] {processor.py:613} INFO - Processing file /usr/local/airflow/dags/writefile.py for tasks to queue
[2021-09-05 10:41:38,488] {logging_mixin.py:109} INFO - [2021-09-05 10:41:38,488] {dagbag.py:496} INFO - Filling up the DagBag from /usr/local/airflow/dags/writefile.py
[2021-09-05 10:41:38,497] {processor.py:623} INFO - DAG(s) dict_keys(['name_writefile']) retrieved from /usr/local/airflow/dags/writefile.py
[2021-09-05 10:41:38,509] {logging_mixin.py:109} INFO - [2021-09-05 10:41:38,509] {dag.py:1833} INFO - Sync 1 DAGs
[2021-09-05 10:41:38,518] {logging_mixin.py:109} INFO - [2021-09-05 10:41:38,518] {dag.py:2306} INFO - Setting next_dagrun for name_writefile to None
[2021-09-05 10:41:38,523] {processor.py:170} INFO - Processing /usr/local/airflow/dags/writefile.py took 0.038 seconds
[2021-09-05 10:42:08,808] {processor.py:162} INFO - Started process (PID=453) to work on /usr/local/airflow/dags/writefile.py
[2021-09-05 10:42:08,809] {processor.py:613} INFO - Processing file /usr/local/airflow/dags/writefile.py for tasks to queue
[2021-09-05 10:42:08,809] {logging_mixin.py:109} INFO - [2021-09-05 10:42:08,809] {dagbag.py:496} INFO - Filling up the DagBag from /usr/local/airflow/dags/writefile.py
[2021-09-05 10:42:08,821] {processor.py:623} INFO - DAG(s) dict_keys(['name_writefile']) retrieved from /usr/local/airflow/dags/writefile.py
[2021-09-05 10:42:08,834] {logging_mixin.py:109} INFO - [2021-09-05 10:42:08,834] {dag.py:1833} INFO - Sync 1 DAGs
[2021-09-05 10:42:08,842] {logging_mixin.py:109} INFO - [2021-09-05 10:42:08,842] {dag.py:2306} INFO - Setting next_dagrun for name_writefile to None
[2021-09-05 10:42:08,848] {processor.py:170} INFO - Processing /usr/local/airflow/dags/writefile.py took 0.043 seconds
[2021-09-05 10:42:39,035] {processor.py:162} INFO - Started process (PID=482) to work on /usr/local/airflow/dags/writefile.py
[2021-09-05 10:42:39,036] {processor.py:613} INFO - Processing file /usr/local/airflow/dags/writefile.py for tasks to queue
[2021-09-05 10:42:39,036] {logging_mixin.py:109} INFO - [2021-09-05 10:42:39,036] {dagbag.py:496} INFO - Filling up the DagBag from /usr/local/airflow/dags/writefile.py
[2021-09-05 10:42:39,049] {processor.py:623} INFO - DAG(s) dict_keys(['name_writefile']) retrieved from /usr/local/airflow/dags/writefile.py
[2021-09-05 10:42:39,068] {logging_mixin.py:109} INFO - [2021-09-05 10:42:39,068] {dag.py:1833} INFO - Sync 1 DAGs
[2021-09-05 10:42:39,080] {logging_mixin.py:109} INFO - [2021-09-05 10:42:39,080] {dag.py:2306} INFO - Setting next_dagrun for name_writefile to None
[2021-09-05 10:42:39,088] {processor.py:170} INFO - Processing /usr/local/airflow/dags/writefile.py took 0.055 seconds
[2021-09-05 10:43:09,268] {processor.py:162} INFO - Started process (PID=513) to work on /usr/local/airflow/dags/writefile.py
[2021-09-05 10:43:09,269] {processor.py:613} INFO - Processing file /usr/local/airflow/dags/writefile.py for tasks to queue
[2021-09-05 10:43:09,269] {logging_mixin.py:109} INFO - [2021-09-05 10:43:09,269] {dagbag.py:496} INFO - Filling up the DagBag from /usr/local/airflow/dags/writefile.py
[2021-09-05 10:43:09,281] {processor.py:623} INFO - DAG(s) dict_keys(['name_writefile']) retrieved from /usr/local/airflow/dags/writefile.py
[2021-09-05 10:43:09,300] {logging_mixin.py:109} INFO - [2021-09-05 10:43:09,300] {dag.py:1833} INFO - Sync 1 DAGs
[2021-09-05 10:43:09,311] {logging_mixin.py:109} INFO - [2021-09-05 10:43:09,311] {dag.py:2306} INFO - Setting next_dagrun for name_writefile to None
[2021-09-05 10:43:09,317] {processor.py:170} INFO - Processing /usr/local/airflow/dags/writefile.py took 0.052 seconds
[2021-09-05 10:43:39,571] {processor.py:162} INFO - Started process (PID=546) to work on /usr/local/airflow/dags/writefile.py
[2021-09-05 10:43:39,572] {processor.py:613} INFO - Processing file /usr/local/airflow/dags/writefile.py for tasks to queue
[2021-09-05 10:43:39,572] {logging_mixin.py:109} INFO - [2021-09-05 10:43:39,572] {dagbag.py:496} INFO - Filling up the DagBag from /usr/local/airflow/dags/writefile.py
[2021-09-05 10:43:39,584] {processor.py:623} INFO - DAG(s) dict_keys(['name_writefile']) retrieved from /usr/local/airflow/dags/writefile.py
[2021-09-05 10:43:39,602] {logging_mixin.py:109} INFO - [2021-09-05 10:43:39,602] {dag.py:1833} INFO - Sync 1 DAGs
[2021-09-05 10:43:39,614] {logging_mixin.py:109} INFO - [2021-09-05 10:43:39,614] {dag.py:2306} INFO - Setting next_dagrun for name_writefile to None
[2021-09-05 10:43:39,621] {processor.py:170} INFO - Processing /usr/local/airflow/dags/writefile.py took 0.053 seconds
[2021-09-05 10:44:09,822] {processor.py:162} INFO - Started process (PID=575) to work on /usr/local/airflow/dags/writefile.py
[2021-09-05 10:44:09,823] {processor.py:613} INFO - Processing file /usr/local/airflow/dags/writefile.py for tasks to queue
[2021-09-05 10:44:09,823] {logging_mixin.py:109} INFO - [2021-09-05 10:44:09,823] {dagbag.py:496} INFO - Filling up the DagBag from /usr/local/airflow/dags/writefile.py
[2021-09-05 10:44:09,837] {processor.py:623} INFO - DAG(s) dict_keys(['name_writefile']) retrieved from /usr/local/airflow/dags/writefile.py
[2021-09-05 10:44:09,858] {logging_mixin.py:109} INFO - [2021-09-05 10:44:09,858] {dag.py:1833} INFO - Sync 1 DAGs
[2021-09-05 10:44:09,870] {logging_mixin.py:109} INFO - [2021-09-05 10:44:09,870] {dag.py:2306} INFO - Setting next_dagrun for name_writefile to None
[2021-09-05 10:44:09,876] {processor.py:170} INFO - Processing /usr/local/airflow/dags/writefile.py took 0.058 seconds
[2021-09-05 10:44:40,067] {processor.py:162} INFO - Started process (PID=606) to work on /usr/local/airflow/dags/writefile.py
[2021-09-05 10:44:40,068] {processor.py:613} INFO - Processing file /usr/local/airflow/dags/writefile.py for tasks to queue
[2021-09-05 10:44:40,068] {logging_mixin.py:109} INFO - [2021-09-05 10:44:40,068] {dagbag.py:496} INFO - Filling up the DagBag from /usr/local/airflow/dags/writefile.py
[2021-09-05 10:44:40,077] {processor.py:623} INFO - DAG(s) dict_keys(['name_writefile']) retrieved from /usr/local/airflow/dags/writefile.py
[2021-09-05 10:44:40,091] {logging_mixin.py:109} INFO - [2021-09-05 10:44:40,091] {dag.py:1833} INFO - Sync 1 DAGs
[2021-09-05 10:44:40,101] {logging_mixin.py:109} INFO - [2021-09-05 10:44:40,101] {dag.py:2306} INFO - Setting next_dagrun for name_writefile to None
[2021-09-05 10:44:40,109] {processor.py:170} INFO - Processing /usr/local/airflow/dags/writefile.py took 0.044 seconds
[2021-09-05 10:45:10,334] {processor.py:162} INFO - Started process (PID=638) to work on /usr/local/airflow/dags/writefile.py
[2021-09-05 10:45:10,335] {processor.py:613} INFO - Processing file /usr/local/airflow/dags/writefile.py for tasks to queue
[2021-09-05 10:45:10,335] {logging_mixin.py:109} INFO - [2021-09-05 10:45:10,335] {dagbag.py:496} INFO - Filling up the DagBag from /usr/local/airflow/dags/writefile.py
[2021-09-05 10:45:10,354] {processor.py:623} INFO - DAG(s) dict_keys(['name_writefile']) retrieved from /usr/local/airflow/dags/writefile.py
[2021-09-05 10:45:10,384] {logging_mixin.py:109} INFO - [2021-09-05 10:45:10,384] {dag.py:1833} INFO - Sync 1 DAGs
[2021-09-05 10:45:10,403] {logging_mixin.py:109} INFO - [2021-09-05 10:45:10,403] {dag.py:2306} INFO - Setting next_dagrun for name_writefile to None
[2021-09-05 10:45:10,417] {processor.py:170} INFO - Processing /usr/local/airflow/dags/writefile.py took 0.088 seconds
[2021-09-05 10:45:40,649] {processor.py:162} INFO - Started process (PID=671) to work on /usr/local/airflow/dags/writefile.py
[2021-09-05 10:45:40,650] {processor.py:613} INFO - Processing file /usr/local/airflow/dags/writefile.py for tasks to queue
[2021-09-05 10:45:40,650] {logging_mixin.py:109} INFO - [2021-09-05 10:45:40,650] {dagbag.py:496} INFO - Filling up the DagBag from /usr/local/airflow/dags/writefile.py
[2021-09-05 10:45:40,659] {processor.py:623} INFO - DAG(s) dict_keys(['name_writefile']) retrieved from /usr/local/airflow/dags/writefile.py
[2021-09-05 10:45:40,672] {logging_mixin.py:109} INFO - [2021-09-05 10:45:40,671] {dag.py:1833} INFO - Sync 1 DAGs
[2021-09-05 10:45:40,680] {logging_mixin.py:109} INFO - [2021-09-05 10:45:40,680] {dag.py:2306} INFO - Setting next_dagrun for name_writefile to None
[2021-09-05 10:45:40,684] {processor.py:170} INFO - Processing /usr/local/airflow/dags/writefile.py took 0.037 seconds
[2021-09-05 10:46:10,868] {processor.py:162} INFO - Started process (PID=701) to work on /usr/local/airflow/dags/writefile.py
[2021-09-05 10:46:10,869] {processor.py:613} INFO - Processing file /usr/local/airflow/dags/writefile.py for tasks to queue
[2021-09-05 10:46:10,870] {logging_mixin.py:109} INFO - [2021-09-05 10:46:10,869] {dagbag.py:496} INFO - Filling up the DagBag from /usr/local/airflow/dags/writefile.py
[2021-09-05 10:46:10,882] {processor.py:623} INFO - DAG(s) dict_keys(['name_writefile']) retrieved from /usr/local/airflow/dags/writefile.py
[2021-09-05 10:46:10,900] {logging_mixin.py:109} INFO - [2021-09-05 10:46:10,900] {dag.py:1833} INFO - Sync 1 DAGs
[2021-09-05 10:46:10,913] {logging_mixin.py:109} INFO - [2021-09-05 10:46:10,913] {dag.py:2306} INFO - Setting next_dagrun for name_writefile to None
[2021-09-05 10:46:10,920] {processor.py:170} INFO - Processing /usr/local/airflow/dags/writefile.py took 0.055 seconds
[2021-09-05 10:46:41,147] {processor.py:162} INFO - Started process (PID=731) to work on /usr/local/airflow/dags/writefile.py
[2021-09-05 10:46:41,148] {processor.py:613} INFO - Processing file /usr/local/airflow/dags/writefile.py for tasks to queue
[2021-09-05 10:46:41,148] {logging_mixin.py:109} INFO - [2021-09-05 10:46:41,148] {dagbag.py:496} INFO - Filling up the DagBag from /usr/local/airflow/dags/writefile.py
[2021-09-05 10:46:41,157] {processor.py:623} INFO - DAG(s) dict_keys(['name_writefile']) retrieved from /usr/local/airflow/dags/writefile.py
[2021-09-05 10:46:41,173] {logging_mixin.py:109} INFO - [2021-09-05 10:46:41,173] {dag.py:1833} INFO - Sync 1 DAGs
[2021-09-05 10:46:41,183] {logging_mixin.py:109} INFO - [2021-09-05 10:46:41,183] {dag.py:2306} INFO - Setting next_dagrun for name_writefile to None
[2021-09-05 10:46:41,192] {processor.py:170} INFO - Processing /usr/local/airflow/dags/writefile.py took 0.047 seconds
[2021-09-05 10:47:11,438] {processor.py:162} INFO - Started process (PID=766) to work on /usr/local/airflow/dags/writefile.py
[2021-09-05 10:47:11,439] {processor.py:613} INFO - Processing file /usr/local/airflow/dags/writefile.py for tasks to queue
[2021-09-05 10:47:11,440] {logging_mixin.py:109} INFO - [2021-09-05 10:47:11,439] {dagbag.py:496} INFO - Filling up the DagBag from /usr/local/airflow/dags/writefile.py
[2021-09-05 10:47:11,451] {processor.py:623} INFO - DAG(s) dict_keys(['name_writefile']) retrieved from /usr/local/airflow/dags/writefile.py
[2021-09-05 10:47:11,470] {logging_mixin.py:109} INFO - [2021-09-05 10:47:11,470] {dag.py:1833} INFO - Sync 1 DAGs
[2021-09-05 10:47:11,482] {logging_mixin.py:109} INFO - [2021-09-05 10:47:11,482] {dag.py:2306} INFO - Setting next_dagrun for name_writefile to None
[2021-09-05 10:47:11,489] {processor.py:170} INFO - Processing /usr/local/airflow/dags/writefile.py took 0.054 seconds
[2021-09-05 10:47:41,733] {processor.py:162} INFO - Started process (PID=797) to work on /usr/local/airflow/dags/writefile.py
[2021-09-05 10:47:41,734] {processor.py:613} INFO - Processing file /usr/local/airflow/dags/writefile.py for tasks to queue
[2021-09-05 10:47:41,735] {logging_mixin.py:109} INFO - [2021-09-05 10:47:41,734] {dagbag.py:496} INFO - Filling up the DagBag from /usr/local/airflow/dags/writefile.py
[2021-09-05 10:47:41,746] {processor.py:623} INFO - DAG(s) dict_keys(['name_writefile']) retrieved from /usr/local/airflow/dags/writefile.py
[2021-09-05 10:47:41,765] {logging_mixin.py:109} INFO - [2021-09-05 10:47:41,765] {dag.py:1833} INFO - Sync 1 DAGs
[2021-09-05 10:47:41,776] {logging_mixin.py:109} INFO - [2021-09-05 10:47:41,776] {dag.py:2306} INFO - Setting next_dagrun for name_writefile to None
[2021-09-05 10:47:41,784] {processor.py:170} INFO - Processing /usr/local/airflow/dags/writefile.py took 0.053 seconds
[2021-09-05 10:48:11,966] {processor.py:162} INFO - Started process (PID=827) to work on /usr/local/airflow/dags/writefile.py
[2021-09-05 10:48:11,967] {processor.py:613} INFO - Processing file /usr/local/airflow/dags/writefile.py for tasks to queue
[2021-09-05 10:48:11,968] {logging_mixin.py:109} INFO - [2021-09-05 10:48:11,967] {dagbag.py:496} INFO - Filling up the DagBag from /usr/local/airflow/dags/writefile.py
[2021-09-05 10:48:11,982] {processor.py:623} INFO - DAG(s) dict_keys(['name_writefile']) retrieved from /usr/local/airflow/dags/writefile.py
[2021-09-05 10:48:12,001] {logging_mixin.py:109} INFO - [2021-09-05 10:48:12,001] {dag.py:1833} INFO - Sync 1 DAGs
[2021-09-05 10:48:12,012] {logging_mixin.py:109} INFO - [2021-09-05 10:48:12,012] {dag.py:2306} INFO - Setting next_dagrun for name_writefile to None
[2021-09-05 10:48:12,018] {processor.py:170} INFO - Processing /usr/local/airflow/dags/writefile.py took 0.056 seconds
[2021-09-05 10:48:42,283] {processor.py:162} INFO - Started process (PID=887) to work on /usr/local/airflow/dags/writefile.py
[2021-09-05 10:48:42,284] {processor.py:613} INFO - Processing file /usr/local/airflow/dags/writefile.py for tasks to queue
[2021-09-05 10:48:42,285] {logging_mixin.py:109} INFO - [2021-09-05 10:48:42,284] {dagbag.py:496} INFO - Filling up the DagBag from /usr/local/airflow/dags/writefile.py
[2021-09-05 10:48:42,294] {processor.py:623} INFO - DAG(s) dict_keys(['name_writefile']) retrieved from /usr/local/airflow/dags/writefile.py
[2021-09-05 10:48:42,307] {logging_mixin.py:109} INFO - [2021-09-05 10:48:42,307] {dag.py:1833} INFO - Sync 1 DAGs
[2021-09-05 10:48:42,315] {logging_mixin.py:109} INFO - [2021-09-05 10:48:42,315] {dag.py:2306} INFO - Setting next_dagrun for name_writefile to None
[2021-09-05 10:48:42,320] {processor.py:170} INFO - Processing /usr/local/airflow/dags/writefile.py took 0.039 seconds
[2021-09-05 10:49:12,519] {processor.py:162} INFO - Started process (PID=926) to work on /usr/local/airflow/dags/writefile.py
[2021-09-05 10:49:12,520] {processor.py:613} INFO - Processing file /usr/local/airflow/dags/writefile.py for tasks to queue
[2021-09-05 10:49:12,520] {logging_mixin.py:109} INFO - [2021-09-05 10:49:12,520] {dagbag.py:496} INFO - Filling up the DagBag from /usr/local/airflow/dags/writefile.py
[2021-09-05 10:49:12,529] {processor.py:623} INFO - DAG(s) dict_keys(['name_writefile']) retrieved from /usr/local/airflow/dags/writefile.py
[2021-09-05 10:49:12,544] {logging_mixin.py:109} INFO - [2021-09-05 10:49:12,544] {dag.py:1833} INFO - Sync 1 DAGs
[2021-09-05 10:49:12,554] {logging_mixin.py:109} INFO - [2021-09-05 10:49:12,554] {dag.py:2306} INFO - Setting next_dagrun for name_writefile to None
[2021-09-05 10:49:12,561] {processor.py:170} INFO - Processing /usr/local/airflow/dags/writefile.py took 0.044 seconds
[2021-09-05 10:49:42,825] {processor.py:162} INFO - Started process (PID=968) to work on /usr/local/airflow/dags/writefile.py
[2021-09-05 10:49:42,826] {processor.py:613} INFO - Processing file /usr/local/airflow/dags/writefile.py for tasks to queue
[2021-09-05 10:49:42,827] {logging_mixin.py:109} INFO - [2021-09-05 10:49:42,826] {dagbag.py:496} INFO - Filling up the DagBag from /usr/local/airflow/dags/writefile.py
[2021-09-05 10:49:42,836] {processor.py:623} INFO - DAG(s) dict_keys(['name_writefile']) retrieved from /usr/local/airflow/dags/writefile.py
[2021-09-05 10:49:42,849] {logging_mixin.py:109} INFO - [2021-09-05 10:49:42,849] {dag.py:1833} INFO - Sync 1 DAGs
[2021-09-05 10:49:42,858] {logging_mixin.py:109} INFO - [2021-09-05 10:49:42,858] {dag.py:2306} INFO - Setting next_dagrun for name_writefile to None
[2021-09-05 10:49:42,863] {processor.py:170} INFO - Processing /usr/local/airflow/dags/writefile.py took 0.041 seconds
[2021-09-05 10:50:13,067] {processor.py:162} INFO - Started process (PID=1009) to work on /usr/local/airflow/dags/writefile.py
[2021-09-05 10:50:13,068] {processor.py:613} INFO - Processing file /usr/local/airflow/dags/writefile.py for tasks to queue
[2021-09-05 10:50:13,069] {logging_mixin.py:109} INFO - [2021-09-05 10:50:13,068] {dagbag.py:496} INFO - Filling up the DagBag from /usr/local/airflow/dags/writefile.py
[2021-09-05 10:50:13,082] {processor.py:623} INFO - DAG(s) dict_keys(['name_writefile']) retrieved from /usr/local/airflow/dags/writefile.py
[2021-09-05 10:50:13,097] {logging_mixin.py:109} INFO - [2021-09-05 10:50:13,097] {dag.py:1833} INFO - Sync 1 DAGs
[2021-09-05 10:50:13,106] {logging_mixin.py:109} INFO - [2021-09-05 10:50:13,106] {dag.py:2306} INFO - Setting next_dagrun for name_writefile to None
[2021-09-05 10:50:13,114] {processor.py:170} INFO - Processing /usr/local/airflow/dags/writefile.py took 0.050 seconds
[2021-09-05 10:50:43,387] {processor.py:162} INFO - Started process (PID=1052) to work on /usr/local/airflow/dags/writefile.py
[2021-09-05 10:50:43,388] {processor.py:613} INFO - Processing file /usr/local/airflow/dags/writefile.py for tasks to queue
[2021-09-05 10:50:43,389] {logging_mixin.py:109} INFO - [2021-09-05 10:50:43,389] {dagbag.py:496} INFO - Filling up the DagBag from /usr/local/airflow/dags/writefile.py
[2021-09-05 10:50:43,403] {processor.py:623} INFO - DAG(s) dict_keys(['name_writefile']) retrieved from /usr/local/airflow/dags/writefile.py
[2021-09-05 10:50:43,424] {logging_mixin.py:109} INFO - [2021-09-05 10:50:43,424] {dag.py:1833} INFO - Sync 1 DAGs
[2021-09-05 10:50:43,439] {logging_mixin.py:109} INFO - [2021-09-05 10:50:43,438] {dag.py:2306} INFO - Setting next_dagrun for name_writefile to None
[2021-09-05 10:50:43,447] {processor.py:170} INFO - Processing /usr/local/airflow/dags/writefile.py took 0.064 seconds
[2021-09-05 10:51:13,716] {processor.py:162} INFO - Started process (PID=1094) to work on /usr/local/airflow/dags/writefile.py
[2021-09-05 10:51:13,718] {processor.py:613} INFO - Processing file /usr/local/airflow/dags/writefile.py for tasks to queue
[2021-09-05 10:51:13,718] {logging_mixin.py:109} INFO - [2021-09-05 10:51:13,718] {dagbag.py:496} INFO - Filling up the DagBag from /usr/local/airflow/dags/writefile.py
[2021-09-05 10:51:13,730] {processor.py:623} INFO - DAG(s) dict_keys(['name_writefile']) retrieved from /usr/local/airflow/dags/writefile.py
[2021-09-05 10:51:13,748] {logging_mixin.py:109} INFO - [2021-09-05 10:51:13,748] {dag.py:1833} INFO - Sync 1 DAGs
[2021-09-05 10:51:13,760] {logging_mixin.py:109} INFO - [2021-09-05 10:51:13,759] {dag.py:2306} INFO - Setting next_dagrun for name_writefile to None
[2021-09-05 10:51:13,767] {processor.py:170} INFO - Processing /usr/local/airflow/dags/writefile.py took 0.053 seconds
[2021-09-05 10:51:43,967] {processor.py:162} INFO - Started process (PID=1133) to work on /usr/local/airflow/dags/writefile.py
[2021-09-05 10:51:43,969] {processor.py:613} INFO - Processing file /usr/local/airflow/dags/writefile.py for tasks to queue
[2021-09-05 10:51:43,969] {logging_mixin.py:109} INFO - [2021-09-05 10:51:43,969] {dagbag.py:496} INFO - Filling up the DagBag from /usr/local/airflow/dags/writefile.py
[2021-09-05 10:51:43,984] {processor.py:623} INFO - DAG(s) dict_keys(['name_writefile']) retrieved from /usr/local/airflow/dags/writefile.py
[2021-09-05 10:51:44,003] {logging_mixin.py:109} INFO - [2021-09-05 10:51:44,002] {dag.py:1833} INFO - Sync 1 DAGs
[2021-09-05 10:51:44,015] {logging_mixin.py:109} INFO - [2021-09-05 10:51:44,015] {dag.py:2306} INFO - Setting next_dagrun for name_writefile to None
[2021-09-05 10:51:44,023] {processor.py:170} INFO - Processing /usr/local/airflow/dags/writefile.py took 0.059 seconds
[2021-09-05 10:52:14,319] {processor.py:162} INFO - Started process (PID=1174) to work on /usr/local/airflow/dags/writefile.py
[2021-09-05 10:52:14,320] {processor.py:613} INFO - Processing file /usr/local/airflow/dags/writefile.py for tasks to queue
[2021-09-05 10:52:14,320] {logging_mixin.py:109} INFO - [2021-09-05 10:52:14,320] {dagbag.py:496} INFO - Filling up the DagBag from /usr/local/airflow/dags/writefile.py
[2021-09-05 10:52:14,330] {processor.py:623} INFO - DAG(s) dict_keys(['name_writefile']) retrieved from /usr/local/airflow/dags/writefile.py
[2021-09-05 10:52:14,345] {logging_mixin.py:109} INFO - [2021-09-05 10:52:14,345] {dag.py:1833} INFO - Sync 1 DAGs
[2021-09-05 10:52:14,355] {logging_mixin.py:109} INFO - [2021-09-05 10:52:14,355] {dag.py:2306} INFO - Setting next_dagrun for name_writefile to None
[2021-09-05 10:52:14,360] {processor.py:170} INFO - Processing /usr/local/airflow/dags/writefile.py took 0.044 seconds
[2021-09-05 10:52:44,633] {processor.py:162} INFO - Started process (PID=1218) to work on /usr/local/airflow/dags/writefile.py
[2021-09-05 10:52:44,634] {processor.py:613} INFO - Processing file /usr/local/airflow/dags/writefile.py for tasks to queue
[2021-09-05 10:52:44,635] {logging_mixin.py:109} INFO - [2021-09-05 10:52:44,635] {dagbag.py:496} INFO - Filling up the DagBag from /usr/local/airflow/dags/writefile.py
[2021-09-05 10:52:44,646] {processor.py:623} INFO - DAG(s) dict_keys(['name_writefile']) retrieved from /usr/local/airflow/dags/writefile.py
[2021-09-05 10:52:44,664] {logging_mixin.py:109} INFO - [2021-09-05 10:52:44,664] {dag.py:1833} INFO - Sync 1 DAGs
[2021-09-05 10:52:44,674] {logging_mixin.py:109} INFO - [2021-09-05 10:52:44,674] {dag.py:2306} INFO - Setting next_dagrun for name_writefile to None
[2021-09-05 10:52:44,681] {processor.py:170} INFO - Processing /usr/local/airflow/dags/writefile.py took 0.050 seconds
[2021-09-05 10:53:14,879] {processor.py:162} INFO - Started process (PID=1257) to work on /usr/local/airflow/dags/writefile.py
[2021-09-05 10:53:14,880] {processor.py:613} INFO - Processing file /usr/local/airflow/dags/writefile.py for tasks to queue
[2021-09-05 10:53:14,880] {logging_mixin.py:109} INFO - [2021-09-05 10:53:14,880] {dagbag.py:496} INFO - Filling up the DagBag from /usr/local/airflow/dags/writefile.py
[2021-09-05 10:53:14,890] {processor.py:623} INFO - DAG(s) dict_keys(['name_writefile']) retrieved from /usr/local/airflow/dags/writefile.py
[2021-09-05 10:53:14,903] {logging_mixin.py:109} INFO - [2021-09-05 10:53:14,903] {dag.py:1833} INFO - Sync 1 DAGs
[2021-09-05 10:53:14,913] {logging_mixin.py:109} INFO - [2021-09-05 10:53:14,913] {dag.py:2306} INFO - Setting next_dagrun for name_writefile to None
[2021-09-05 10:53:14,918] {processor.py:170} INFO - Processing /usr/local/airflow/dags/writefile.py took 0.041 seconds
[2021-09-05 10:53:45,820] {processor.py:162} INFO - Started process (PID=1337) to work on /usr/local/airflow/dags/writefile.py
[2021-09-05 10:53:45,821] {processor.py:613} INFO - Processing file /usr/local/airflow/dags/writefile.py for tasks to queue
[2021-09-05 10:53:45,821] {logging_mixin.py:109} INFO - [2021-09-05 10:53:45,821] {dagbag.py:496} INFO - Filling up the DagBag from /usr/local/airflow/dags/writefile.py
[2021-09-05 10:53:45,834] {processor.py:623} INFO - DAG(s) dict_keys(['name_writefile']) retrieved from /usr/local/airflow/dags/writefile.py
[2021-09-05 10:53:45,853] {logging_mixin.py:109} INFO - [2021-09-05 10:53:45,853] {dag.py:1833} INFO - Sync 1 DAGs
[2021-09-05 10:53:45,865] {logging_mixin.py:109} INFO - [2021-09-05 10:53:45,865] {dag.py:2306} INFO - Setting next_dagrun for name_writefile to None
[2021-09-05 10:53:45,873] {processor.py:170} INFO - Processing /usr/local/airflow/dags/writefile.py took 0.055 seconds
[2021-09-05 10:54:16,251] {processor.py:162} INFO - Started process (PID=1393) to work on /usr/local/airflow/dags/writefile.py
[2021-09-05 10:54:16,252] {processor.py:613} INFO - Processing file /usr/local/airflow/dags/writefile.py for tasks to queue
[2021-09-05 10:54:16,252] {logging_mixin.py:109} INFO - [2021-09-05 10:54:16,252] {dagbag.py:496} INFO - Filling up the DagBag from /usr/local/airflow/dags/writefile.py
[2021-09-05 10:54:16,261] {processor.py:623} INFO - DAG(s) dict_keys(['name_writefile']) retrieved from /usr/local/airflow/dags/writefile.py
[2021-09-05 10:54:16,277] {logging_mixin.py:109} INFO - [2021-09-05 10:54:16,277] {dag.py:1833} INFO - Sync 1 DAGs
[2021-09-05 10:54:16,288] {logging_mixin.py:109} INFO - [2021-09-05 10:54:16,288] {dag.py:2306} INFO - Setting next_dagrun for name_writefile to None
[2021-09-05 10:54:16,293] {processor.py:170} INFO - Processing /usr/local/airflow/dags/writefile.py took 0.044 seconds
[2021-09-05 10:54:46,612] {processor.py:162} INFO - Started process (PID=1450) to work on /usr/local/airflow/dags/writefile.py
[2021-09-05 10:54:46,614] {processor.py:613} INFO - Processing file /usr/local/airflow/dags/writefile.py for tasks to queue
[2021-09-05 10:54:46,615] {logging_mixin.py:109} INFO - [2021-09-05 10:54:46,614] {dagbag.py:496} INFO - Filling up the DagBag from /usr/local/airflow/dags/writefile.py
[2021-09-05 10:54:46,637] {processor.py:623} INFO - DAG(s) dict_keys(['name_writefile']) retrieved from /usr/local/airflow/dags/writefile.py
[2021-09-05 10:54:46,673] {logging_mixin.py:109} INFO - [2021-09-05 10:54:46,673] {dag.py:1833} INFO - Sync 1 DAGs
[2021-09-05 10:54:46,695] {logging_mixin.py:109} INFO - [2021-09-05 10:54:46,695] {dag.py:2306} INFO - Setting next_dagrun for name_writefile to None
[2021-09-05 10:54:46,706] {processor.py:170} INFO - Processing /usr/local/airflow/dags/writefile.py took 0.099 seconds
[2021-09-05 10:55:17,115] {processor.py:162} INFO - Started process (PID=1509) to work on /usr/local/airflow/dags/writefile.py
[2021-09-05 10:55:17,116] {processor.py:613} INFO - Processing file /usr/local/airflow/dags/writefile.py for tasks to queue
[2021-09-05 10:55:17,116] {logging_mixin.py:109} INFO - [2021-09-05 10:55:17,116] {dagbag.py:496} INFO - Filling up the DagBag from /usr/local/airflow/dags/writefile.py
[2021-09-05 10:55:17,129] {processor.py:623} INFO - DAG(s) dict_keys(['name_writefile']) retrieved from /usr/local/airflow/dags/writefile.py
[2021-09-05 10:55:17,148] {logging_mixin.py:109} INFO - [2021-09-05 10:55:17,148] {dag.py:1833} INFO - Sync 1 DAGs
[2021-09-05 10:55:17,159] {logging_mixin.py:109} INFO - [2021-09-05 10:55:17,159] {dag.py:2306} INFO - Setting next_dagrun for name_writefile to None
[2021-09-05 10:55:17,166] {processor.py:170} INFO - Processing /usr/local/airflow/dags/writefile.py took 0.054 seconds
[2021-09-05 10:55:47,547] {processor.py:162} INFO - Started process (PID=1563) to work on /usr/local/airflow/dags/writefile.py
[2021-09-05 10:55:47,548] {processor.py:613} INFO - Processing file /usr/local/airflow/dags/writefile.py for tasks to queue
[2021-09-05 10:55:47,549] {logging_mixin.py:109} INFO - [2021-09-05 10:55:47,549] {dagbag.py:496} INFO - Filling up the DagBag from /usr/local/airflow/dags/writefile.py
[2021-09-05 10:55:47,557] {processor.py:623} INFO - DAG(s) dict_keys(['name_writefile']) retrieved from /usr/local/airflow/dags/writefile.py
[2021-09-05 10:55:47,575] {logging_mixin.py:109} INFO - [2021-09-05 10:55:47,575] {dag.py:1833} INFO - Sync 1 DAGs
[2021-09-05 10:55:47,587] {logging_mixin.py:109} INFO - [2021-09-05 10:55:47,587] {dag.py:2306} INFO - Setting next_dagrun for name_writefile to None
[2021-09-05 10:55:47,594] {processor.py:170} INFO - Processing /usr/local/airflow/dags/writefile.py took 0.049 seconds
[2021-09-05 10:56:17,963] {processor.py:162} INFO - Started process (PID=1621) to work on /usr/local/airflow/dags/writefile.py
[2021-09-05 10:56:17,964] {processor.py:613} INFO - Processing file /usr/local/airflow/dags/writefile.py for tasks to queue
[2021-09-05 10:56:17,964] {logging_mixin.py:109} INFO - [2021-09-05 10:56:17,964] {dagbag.py:496} INFO - Filling up the DagBag from /usr/local/airflow/dags/writefile.py
[2021-09-05 10:56:17,976] {processor.py:623} INFO - DAG(s) dict_keys(['name_writefile']) retrieved from /usr/local/airflow/dags/writefile.py
[2021-09-05 10:56:17,994] {logging_mixin.py:109} INFO - [2021-09-05 10:56:17,993] {dag.py:1833} INFO - Sync 1 DAGs
[2021-09-05 10:56:18,006] {logging_mixin.py:109} INFO - [2021-09-05 10:56:18,006] {dag.py:2306} INFO - Setting next_dagrun for name_writefile to None
[2021-09-05 10:56:18,013] {processor.py:170} INFO - Processing /usr/local/airflow/dags/writefile.py took 0.053 seconds
